Cache size                    : 134217728
Block size                    : 64
Associativity                 : 1
Read only ports               : 0
Write only ports              : 0
Read write ports              : 1
Single ended read ports       : 0
Cache banks (UCA)             : 8
Technology                    : 0.022
Temperature                   : 360
Tag size                      : 42
array type                    : Scratch RAM
Model as memory               : 1
Model as 3D memory       	 : 0
Access mode                   : 0
Data array cell type          : 4
Data array peripheral type    : 0
Tag array cell type           : 0
Tag array peripheral type     : 0
Optimization target           : 2
Design objective (UCA wt)     : 100 20 20 10 10
Design objective (UCA dev)    : 10 1000 1000 1000 1000
Cache model                   : 0
Nuca bank                     : 0
Wire inside mat               : 1
Wire outside mat              : 1
Interconnect projection       : 1
Wire signaling               : 1
Print level                   : 0
ECC overhead                  : 1
Page size                     : 8192
Burst length                  : 8
Internal prefetch width       : 8
Force cache config            : 0
Subarray Driver direction       : 1
iostate                       : READ
dram_ecc                      : NO_ECC
io_type                     : DDR3
dram_dimm                      : UDIMM
IO Area (sq.mm) = inf
IO Timing Margin (ps) = 22.5
IO Votlage Margin (V) = 0.17
IO Dynamic Power (mW) = 1749.24 PHY Power (mW) = 232.752 PHY Wakeup Time (us) = 27.503
IO Termination and Bias Power (mW) = 3785.43

---------- CACTI (version 7.0.3DD Prerelease of Aug, 2012), UniformCache Access Commodity DRAM Model ----------

Cache Parameters:
    Total cache size (bytes): 134217728
    Number of banks: 8
    Associativity: direct mapped
    Block size (bytes): 64
    Read/write Ports: 1
    Read ports: 0
    Write ports: 0
    Technology size (nm): 22

    Access time (ns): 9.35241
    Cycle time (ns):  15.3086
    Precharge Delay (ns): 5.9562
    Activate Energy (nJ): 0.0386537
    Read Energy (nJ): 4.68645
    Write Energy (nJ): 4.58164
    Precharge Energy (nJ): 0.252305
    Leakage Power Closed Page (mW): 2.55967
    Leakage Power Open Page (mW): 2.56079
    Leakage Power I/O (mW): 91.2458
    Refresh power (mW): 0.0610983
    Cache height x width (mm): 4.46514 x 4.18821

    Best Ndwl : 32
    Best Ndbl : 32
    Best Nspd : 16
    Best Ndcm : 1
    Best Ndsam L1 : 2
    Best Ndsam L2 : 1

    Data array, H-tree wire type: Global wires with 30% delay penalty
top 3 best memory configurations are:
Memory    cap: 80 GB num_bobs: 1 bw: 533 (MHz) cost: $731.2 energy: 32.6101 (nJ) 
 {
 (0)  BoB       cap: 80 GB num_channels: 1 bw: 533 (MHz) cost: $731.2 energy: 32.6101 (nJ) 
    ==============
    (0) cap: 80 GB bw: 533 (MHz) cost: $731.2 dpc: 3 energy: 32.6101 (nJ)  DIMM:  RDIMM  low power: F [ 0(4GB) 0(8GB) 1(16GB) 2(32GB) 0(64GB) ]
    ==============

 }

=============================================

