SOC family:tegra210  Machine:NVIDIA Jetson Nano Developer Kit
Online CPUs: 0
cpu0: Online=1 Governor=schedutil MinFreq=614400 MaxFreq=614400 CurrentFreq=614400 IdleStates: WFI=1 c7=1 
cpu1: Online=0 Governor=schedutil MinFreq=614400 MaxFreq=614400 CurrentFreq=614400 IdleStates: WFI=1 c7=1 
cpu2: Online=0 Governor=schedutil MinFreq=614400 MaxFreq=614400 CurrentFreq=614400 IdleStates: WFI=1 c7=1 
cpu3: Online=0 Governor=schedutil MinFreq=614400 MaxFreq=614400 CurrentFreq=614400 IdleStates: WFI=1 c7=1 
GPU MinFreq=76800000 MaxFreq=921600000 CurrentFreq=76800000
EMC MinFreq=204000000 MaxFreq=1600000000 CurrentFreq=1600000000 FreqOverride=0
Fan: PWM=0
NV Power Mode: MAXN
[ts: 1636412584.581742] RAM 1481/3956MB (lfb 198x4MB) SWAP 215/1978MB (cached 7MB) IRAM 0/252kB(lfb 252kB) CPU [56%@614,off,off,off] EMC_FREQ 3%@1600 GR3D_FREQ 0%@76 APE 25 PLL@32C CPU@33.5C PMIC@50C GPU@33C AO@42C thermal@33.5C POM_5V_IN 1934/1934 POM_5V_GPU 41/41 POM_5V_CPU 164/164
[ts: 1636412585.092370] RAM 1481/3956MB (lfb 198x4MB) SWAP 215/1978MB (cached 7MB) IRAM 0/252kB(lfb 252kB) CPU [4%@614,off,off,off] EMC_FREQ 2%@1600 GR3D_FREQ 0%@76 APE 25 PLL@32C CPU@34C PMIC@50C GPU@33C AO@42C thermal@33.25C POM_5V_IN 1934/1934 POM_5V_GPU 82/61 POM_5V_CPU 164/164
[ts: 1636412585.602501] RAM 1481/3956MB (lfb 198x4MB) SWAP 215/1978MB (cached 7MB) IRAM 0/252kB(lfb 252kB) CPU [2%@614,off,off,off] EMC_FREQ 2%@1600 GR3D_FREQ 0%@76 APE 25 PLL@32C CPU@34C PMIC@50C GPU@33.5C AO@42C thermal@33.25C POM_5V_IN 1892/1920 POM_5V_GPU 41/54 POM_5V_CPU 123/150
[ts: 1636412586.112372] RAM 1481/3956MB (lfb 198x4MB) SWAP 215/1978MB (cached 7MB) IRAM 0/252kB(lfb 252kB) CPU [4%@614,off,off,off] EMC_FREQ 2%@1600 GR3D_FREQ 0%@76 APE 25 PLL@32C CPU@34C PMIC@50C GPU@32.5C AO@42.5C thermal@33.5C POM_5V_IN 1892/1913 POM_5V_GPU 41/51 POM_5V_CPU 123/143
[ts: 1636412586.622524] RAM 1481/3956MB (lfb 198x4MB) SWAP 215/1978MB (cached 7MB) IRAM 0/252kB(lfb 252kB) CPU [7%@614,off,off,off] EMC_FREQ 2%@1600 GR3D_FREQ 0%@76 APE 25 PLL@32C CPU@34C PMIC@50C GPU@33C AO@42C thermal@33.5C POM_5V_IN 1892/1908 POM_5V_GPU 41/49 POM_5V_CPU 123/139
[ts: 1636412587.132782] RAM 1481/3956MB (lfb 198x4MB) SWAP 215/1978MB (cached 7MB) IRAM 0/252kB(lfb 252kB) CPU [4%@614,off,off,off] EMC_FREQ 2%@1600 GR3D_FREQ 0%@76 APE 25 PLL@32C CPU@33.5C PMIC@50C GPU@33C AO@42C thermal@33.25C POM_5V_IN 1892/1906 POM_5V_GPU 41/47 POM_5V_CPU 123/136
[ts: 1636412587.643138] RAM 1481/3956MB (lfb 198x4MB) SWAP 215/1978MB (cached 7MB) IRAM 0/252kB(lfb 252kB) CPU [4%@614,off,off,off] EMC_FREQ 2%@1600 GR3D_FREQ 0%@76 APE 25 PLL@32C CPU@34C PMIC@50C GPU@33.5C AO@42.5C thermal@33.25C POM_5V_IN 1892/1904 POM_5V_GPU 41/46 POM_5V_CPU 164/140
[ts: 1636412588.153066] RAM 1481/3956MB (lfb 198x4MB) SWAP 215/1978MB (cached 7MB) IRAM 0/252kB(lfb 252kB) CPU [2%@614,off,off,off] EMC_FREQ 2%@1600 GR3D_FREQ 0%@76 APE 25 PLL@32C CPU@34C PMIC@50C GPU@33C AO@42.5C thermal@33.25C POM_5V_IN 1892/1902 POM_5V_GPU 41/46 POM_5V_CPU 164/143
[ts: 1636412588.663335] RAM 1481/3956MB (lfb 198x4MB) SWAP 215/1978MB (cached 7MB) IRAM 0/252kB(lfb 252kB) CPU [4%@614,off,off,off] EMC_FREQ 2%@1600 GR3D_FREQ 20%@76 APE 25 PLL@32C CPU@33.5C PMIC@50C GPU@33C AO@42.5C thermal@33.25C POM_5V_IN 1934/1906 POM_5V_GPU 41/45 POM_5V_CPU 164/145
[ts: 1636412589.173397] RAM 1481/3956MB (lfb 198x4MB) SWAP 215/1978MB (cached 7MB) IRAM 0/252kB(lfb 252kB) CPU [2%@614,off,off,off] EMC_FREQ 2%@1600 GR3D_FREQ 0%@76 APE 25 PLL@32C CPU@33.5C PMIC@50C GPU@34C AO@42C thermal@33.25C POM_5V_IN 1892/1904 POM_5V_GPU 41/45 POM_5V_CPU 123/143
[ts: 1636412589.683560] RAM 1481/3956MB (lfb 198x4MB) SWAP 215/1978MB (cached 7MB) IRAM 0/252kB(lfb 252kB) CPU [7%@614,off,off,off] EMC_FREQ 2%@1600 GR3D_FREQ 0%@76 APE 25 PLL@32C CPU@34C PMIC@50C GPU@33C AO@42C thermal@33.25C POM_5V_IN 1892/1903 POM_5V_GPU 41/44 POM_5V_CPU 123/141
[ts: 1636412590.195177] RAM 1481/3956MB (lfb 198x4MB) SWAP 215/1978MB (cached 7MB) IRAM 0/252kB(lfb 252kB) CPU [5%@614,off,off,off] EMC_FREQ 2%@1600 GR3D_FREQ 0%@76 APE 25 PLL@32C CPU@34C PMIC@50C GPU@32.5C AO@42C thermal@33.25C POM_5V_IN 1892/1902 POM_5V_GPU 41/44 POM_5V_CPU 123/140
[ts: 1636412590.705481] RAM 1481/3956MB (lfb 198x4MB) SWAP 215/1978MB (cached 7MB) IRAM 0/252kB(lfb 252kB) CPU [2%@614,off,off,off] EMC_FREQ 2%@1600 GR3D_FREQ 0%@76 APE 25 PLL@32C CPU@34C PMIC@50C GPU@33C AO@42C thermal@33.5C POM_5V_IN 1892/1901 POM_5V_GPU 41/44 POM_5V_CPU 123/138
[ts: 1636412591.215694] RAM 1481/3956MB (lfb 198x4MB) SWAP 215/1978MB (cached 7MB) IRAM 0/252kB(lfb 252kB) CPU [5%@614,off,off,off] EMC_FREQ 2%@1600 GR3D_FREQ 0%@76 APE 25 PLL@32C CPU@34C PMIC@50C GPU@32.5C AO@42C thermal@33.5C POM_5V_IN 1892/1901 POM_5V_GPU 41/43 POM_5V_CPU 123/137
[ts: 1636412591.725745] RAM 1481/3956MB (lfb 198x4MB) SWAP 215/1978MB (cached 7MB) IRAM 0/252kB(lfb 252kB) CPU [0%@614,off,off,off] EMC_FREQ 2%@1600 GR3D_FREQ 0%@76 APE 25 PLL@32C CPU@33.5C PMIC@50C GPU@33C AO@42.5C thermal@33.25C POM_5V_IN 1892/1900 POM_5V_GPU 41/43 POM_5V_CPU 123/136
[ts: 1636412592.243231] RAM 1481/3956MB (lfb 198x4MB) SWAP 215/1978MB (cached 7MB) IRAM 0/252kB(lfb 252kB) CPU [7%@614,off,off,off] EMC_FREQ 2%@1600 GR3D_FREQ 0%@76 APE 25 PLL@31.5C CPU@34C PMIC@50C GPU@33C AO@42C thermal@33.25C POM_5V_IN 1934/1902 POM_5V_GPU 41/43 POM_5V_CPU 164/138
[ts: 1636412592.753306] RAM 1481/3956MB (lfb 198x4MB) SWAP 215/1978MB (cached 7MB) IRAM 0/252kB(lfb 252kB) CPU [2%@614,off,off,off] EMC_FREQ 2%@1600 GR3D_FREQ 0%@76 APE 25 PLL@32C CPU@34C PMIC@50C GPU@33C AO@42.5C thermal@33.25C POM_5V_IN 1851/1899 POM_5V_GPU 41/43 POM_5V_CPU 123/137
[ts: 1636412593.264015] RAM 1481/3956MB (lfb 198x4MB) SWAP 215/1978MB (cached 7MB) IRAM 0/252kB(lfb 252kB) CPU [5%@614,off,off,off] EMC_FREQ 2%@1600 GR3D_FREQ 0%@76 APE 25 PLL@31.5C CPU@33.5C PMIC@50C GPU@33C AO@42C thermal@33.25C POM_5V_IN 1892/1899 POM_5V_GPU 41/43 POM_5V_CPU 123/136
[ts: 1636412593.773999] RAM 1481/3956MB (lfb 198x4MB) SWAP 215/1978MB (cached 7MB) IRAM 0/252kB(lfb 252kB) CPU [4%@614,off,off,off] EMC_FREQ 2%@1600 GR3D_FREQ 0%@76 APE 25 PLL@32C CPU@33.5C PMIC@50C GPU@32.5C AO@42C thermal@33.25C POM_5V_IN 1892/1898 POM_5V_GPU 41/43 POM_5V_CPU 123/135
[ts: 1636412594.296133] RAM 1484/3956MB (lfb 198x4MB) SWAP 215/1978MB (cached 7MB) IRAM 0/252kB(lfb 252kB) CPU [52%@614,off,off,off] EMC_FREQ 2%@1600 GR3D_FREQ 0%@76 APE 25 PLL@32C CPU@34C PMIC@50C GPU@33C AO@42C thermal@33.25C POM_5V_IN 2136/1910 POM_5V_GPU 41/43 POM_5V_CPU 328/145
[ts: 1636412594.808577] RAM 1489/3956MB (lfb 198x4MB) SWAP 215/1978MB (cached 7MB) IRAM 0/252kB(lfb 252kB) CPU [100%@614,off,off,off] EMC_FREQ 2%@1600 GR3D_FREQ 0%@76 APE 25 PLL@32C CPU@34C PMIC@50C GPU@33C AO@42C thermal@33C POM_5V_IN 2136/1921 POM_5V_GPU 41/42 POM_5V_CPU 369/156
[ts: 1636412595.323784] RAM 1495/3956MB (lfb 198x4MB) SWAP 215/1978MB (cached 7MB) IRAM 0/252kB(lfb 252kB) CPU [100%@614,off,off,off] EMC_FREQ 2%@1600 GR3D_FREQ 0%@76 APE 25 PLL@32C CPU@34C PMIC@50C GPU@33C AO@42C thermal@33C POM_5V_IN 2136/1931 POM_5V_GPU 41/42 POM_5V_CPU 369/165
[ts: 1636412595.836861] RAM 1502/3956MB (lfb 198x4MB) SWAP 215/1978MB (cached 7MB) IRAM 0/252kB(lfb 252kB) CPU [100%@614,off,off,off] EMC_FREQ 2%@1600 GR3D_FREQ 0%@76 APE 25 PLL@32C CPU@34C PMIC@50C GPU@34C AO@42.5C thermal@33C POM_5V_IN 2095/1938 POM_5V_GPU 0/41 POM_5V_CPU 369/174
[ts: 1636412596.349091] RAM 1509/3956MB (lfb 198x4MB) SWAP 215/1978MB (cached 7MB) IRAM 0/252kB(lfb 252kB) CPU [100%@614,off,off,off] EMC_FREQ 2%@1600 GR3D_FREQ 0%@76 APE 25 PLL@32C CPU@34C PMIC@50C GPU@34C AO@42.5C thermal@34C POM_5V_IN 2095/1944 POM_5V_GPU 0/39 POM_5V_CPU 369/182
[ts: 1636412596.860709] RAM 1513/3956MB (lfb 198x4MB) SWAP 215/1978MB (cached 7MB) IRAM 0/252kB(lfb 252kB) CPU [100%@614,off,off,off] EMC_FREQ 2%@1600 GR3D_FREQ 0%@76 APE 25 PLL@32C CPU@34C PMIC@50C GPU@34C AO@42.5C thermal@34C POM_5V_IN 2095/1950 POM_5V_GPU 0/37 POM_5V_CPU 369/190
[ts: 1636412597.375716] RAM 1517/3956MB (lfb 198x4MB) SWAP 215/1978MB (cached 7MB) IRAM 0/252kB(lfb 252kB) CPU [100%@614,off,off,off] EMC_FREQ 2%@1600 GR3D_FREQ 0%@76 APE 25 PLL@32C CPU@33.5C PMIC@50C GPU@34C AO@42C thermal@34C POM_5V_IN 2054/1954 POM_5V_GPU 0/36 POM_5V_CPU 369/197
[ts: 1636412597.888402] RAM 1518/3956MB (lfb 198x4MB) SWAP 215/1978MB (cached 7MB) IRAM 0/252kB(lfb 252kB) CPU [100%@614,off,off,off] EMC_FREQ 2%@1600 GR3D_FREQ 0%@76 APE 25 PLL@31.5C CPU@34C PMIC@50C GPU@33.5C AO@42.5C thermal@34C POM_5V_IN 2054/1958 POM_5V_GPU 0/34 POM_5V_CPU 328/201
[ts: 1636412598.403760] RAM 1523/3956MB (lfb 198x4MB) SWAP 215/1978MB (cached 7MB) IRAM 0/252kB(lfb 252kB) CPU [100%@614,off,off,off] EMC_FREQ 2%@1600 GR3D_FREQ 0%@76 APE 25 PLL@32C CPU@34C PMIC@50C GPU@34C AO@42C thermal@34C POM_5V_IN 2095/1963 POM_5V_GPU 0/33 POM_5V_CPU 369/207
[ts: 1636412598.916850] RAM 1528/3956MB (lfb 198x4MB) SWAP 215/1978MB (cached 7MB) IRAM 0/252kB(lfb 252kB) CPU [100%@614,off,off,off] EMC_FREQ 2%@1600 GR3D_FREQ 0%@76 APE 25 PLL@32C CPU@34C PMIC@50C GPU@34C AO@43C thermal@34C POM_5V_IN 2095/1967 POM_5V_GPU 0/32 POM_5V_CPU 369/213
[ts: 1636412599.428721] RAM 1543/3956MB (lfb 198x4MB) SWAP 215/1978MB (cached 7MB) IRAM 0/252kB(lfb 252kB) CPU [100%@614,off,off,off] EMC_FREQ 2%@1600 GR3D_FREQ 0%@76 APE 25 PLL@32C CPU@34C PMIC@50C GPU@34C AO@42.5C thermal@34C POM_5V_IN 2054/1970 POM_5V_GPU 0/31 POM_5V_CPU 328/217
[ts: 1636412599.943021] RAM 1559/3956MB (lfb 198x4MB) SWAP 215/1978MB (cached 7MB) IRAM 0/252kB(lfb 252kB) CPU [100%@614,off,off,off] EMC_FREQ 2%@1600 GR3D_FREQ 0%@76 APE 25 PLL@32C CPU@34C PMIC@50C GPU@34C AO@42C thermal@34C POM_5V_IN 2095/1974 POM_5V_GPU 0/30 POM_5V_CPU 369/222
[ts: 1636412600.456765] RAM 1565/3956MB (lfb 198x4MB) SWAP 215/1978MB (cached 7MB) IRAM 0/252kB(lfb 252kB) CPU [100%@614,off,off,off] EMC_FREQ 2%@1600 GR3D_FREQ 0%@76 APE 25 PLL@32C CPU@34C PMIC@50C GPU@34C AO@42.5C thermal@34C POM_5V_IN 2054/1977 POM_5V_GPU 0/29 POM_5V_CPU 369/226
[ts: 1636412600.968676] RAM 1569/3956MB (lfb 198x4MB) SWAP 215/1978MB (cached 7MB) IRAM 0/252kB(lfb 252kB) CPU [100%@614,off,off,off] EMC_FREQ 2%@1600 GR3D_FREQ 0%@76 APE 25 PLL@32C CPU@34C PMIC@50C GPU@34C AO@42.5C thermal@34C POM_5V_IN 2054/1979 POM_5V_GPU 0/28 POM_5V_CPU 369/231
[ts: 1636412601.482981] RAM 1573/3956MB (lfb 198x4MB) SWAP 215/1978MB (cached 7MB) IRAM 0/252kB(lfb 252kB) CPU [100%@614,off,off,off] EMC_FREQ 2%@1600 GR3D_FREQ 0%@76 APE 25 PLL@32C CPU@34.5C PMIC@50C GPU@34C AO@42C thermal@34.25C POM_5V_IN 2136/1984 POM_5V_GPU 0/27 POM_5V_CPU 287/232
[ts: 1636412601.996948] RAM 1576/3956MB (lfb 198x4MB) SWAP 215/1978MB (cached 7MB) IRAM 0/252kB(lfb 252kB) CPU [100%@614,off,off,off] EMC_FREQ 2%@1600 GR3D_FREQ 0%@76 APE 25 PLL@31.5C CPU@33.5C PMIC@50C GPU@33.5C AO@42C thermal@34.25C POM_5V_IN 2095/1987 POM_5V_GPU 0/26 POM_5V_CPU 328/235
[ts: 1636412602.508688] RAM 1582/3956MB (lfb 198x4MB) SWAP 215/1978MB (cached 7MB) IRAM 0/252kB(lfb 252kB) CPU [100%@614,off,off,off] EMC_FREQ 2%@1600 GR3D_FREQ 0%@76 APE 25 PLL@31.5C CPU@34C PMIC@50C GPU@33.5C AO@42C thermal@34.25C POM_5V_IN 2054/1989 POM_5V_GPU 0/26 POM_5V_CPU 328/238
[ts: 1636412603.023708] RAM 1589/3956MB (lfb 198x4MB) SWAP 215/1978MB (cached 7MB) IRAM 0/252kB(lfb 252kB) CPU [100%@614,off,off,off] EMC_FREQ 2%@1600 GR3D_FREQ 0%@76 APE 25 PLL@32C CPU@34C PMIC@50C GPU@32.5C AO@42C thermal@34C POM_5V_IN 2095/1991 POM_5V_GPU 41/26 POM_5V_CPU 328/240
[ts: 1636412603.536779] RAM 1610/3956MB (lfb 198x4MB) SWAP 215/1978MB (cached 7MB) IRAM 0/252kB(lfb 252kB) CPU [100%@614,off,off,off] EMC_FREQ 2%@1600 GR3D_FREQ 0%@76 APE 25 PLL@32C CPU@33.5C PMIC@50C GPU@34C AO@42C thermal@34C POM_5V_IN 2215/1997 POM_5V_GPU 41/26 POM_5V_CPU 410/244
[ts: 1636412604.049023] RAM 1629/3956MB (lfb 198x4MB) SWAP 215/1978MB (cached 7MB) IRAM 0/252kB(lfb 252kB) CPU [100%@614,off,off,off] EMC_FREQ 2%@1600 GR3D_FREQ 0%@76 APE 25 PLL@32C CPU@34C PMIC@50C GPU@33C AO@42C thermal@34C POM_5V_IN 2177/2002 POM_5V_GPU 41/27 POM_5V_CPU 369/248
[ts: 1636412604.559838] RAM 1634/3956MB (lfb 198x4MB) SWAP 215/1978MB (cached 7MB) IRAM 0/252kB(lfb 252kB) CPU [100%@614,off,off,off] EMC_FREQ 2%@1600 GR3D_FREQ 14%@76 APE 25 PLL@32C CPU@33.5C PMIC@50C GPU@33.5C AO@42C thermal@34C POM_5V_IN 2256/2008 POM_5V_GPU 82/28 POM_5V_CPU 369/251
[ts: 1636412605.072576] RAM 1663/3956MB (lfb 198x4MB) SWAP 215/1978MB (cached 7MB) IRAM 0/252kB(lfb 252kB) CPU [98%@614,off,off,off] EMC_FREQ 2%@1600 GR3D_FREQ 15%@76 APE 25 PLL@31.5C CPU@34C PMIC@50C GPU@33C AO@42C thermal@33.5C POM_5V_IN 2136/2011 POM_5V_GPU 82/30 POM_5V_CPU 328/253
[ts: 1636412605.588945] RAM 1728/3956MB (lfb 198x4MB) SWAP 215/1978MB (cached 7MB) IRAM 0/252kB(lfb 252kB) CPU [100%@614,off,off,off] EMC_FREQ 3%@1600 GR3D_FREQ 0%@76 APE 25 PLL@32C CPU@34.5C PMIC@50C GPU@33.5C AO@42C thermal@33.5C POM_5V_IN 2215/2016 POM_5V_GPU 41/30 POM_5V_CPU 369/255
[ts: 1636412606.103801] RAM 1729/3956MB (lfb 198x4MB) SWAP 215/1978MB (cached 7MB) IRAM 0/252kB(lfb 252kB) CPU [100%@614,off,off,off] EMC_FREQ 3%@1600 GR3D_FREQ 0%@76 APE 25 PLL@32C CPU@34C PMIC@50C GPU@33.5C AO@42C thermal@33.5C POM_5V_IN 2215/2021 POM_5V_GPU 41/30 POM_5V_CPU 369/258
[ts: 1636412606.616652] RAM 1801/3956MB (lfb 198x4MB) SWAP 215/1978MB (cached 7MB) IRAM 0/252kB(lfb 252kB) CPU [100%@614,off,off,off] EMC_FREQ 3%@1600 GR3D_FREQ 0%@76 APE 25 PLL@32C CPU@34C PMIC@50C GPU@33C AO@42C thermal@33.5C POM_5V_IN 2256/2026 POM_5V_GPU 41/30 POM_5V_CPU 410/261
[ts: 1636412607.131411] RAM 1804/3956MB (lfb 198x4MB) SWAP 215/1978MB (cached 7MB) IRAM 0/252kB(lfb 252kB) CPU [100%@614,off,off,off] EMC_FREQ 3%@1600 GR3D_FREQ 0%@76 APE 25 PLL@32C CPU@34C PMIC@50C GPU@33.5C AO@42C thermal@33.5C POM_5V_IN 2215/2030 POM_5V_GPU 41/30 POM_5V_CPU 410/265
[ts: 1636412607.645181] RAM 1837/3956MB (lfb 198x4MB) SWAP 215/1978MB (cached 7MB) IRAM 0/252kB(lfb 252kB) CPU [100%@614,off,off,off] EMC_FREQ 3%@1600 GR3D_FREQ 4%@76 APE 25 PLL@32C CPU@34C PMIC@50C GPU@33C AO@42C thermal@33.5C POM_5V_IN 2177/2034 POM_5V_GPU 82/32 POM_5V_CPU 328/266
[ts: 1636412608.156329] RAM 1876/3956MB (lfb 198x4MB) SWAP 215/1978MB (cached 7MB) IRAM 0/252kB(lfb 252kB) CPU [98%@614,off,off,off] EMC_FREQ 3%@1600 GR3D_FREQ 15%@76 APE 25 PLL@32C CPU@34C PMIC@50C GPU@33C AO@42C thermal@33.5C POM_5V_IN 2215/2037 POM_5V_GPU 82/33 POM_5V_CPU 369/268
[ts: 1636412608.671457] RAM 1936/3956MB (lfb 194x4MB) SWAP 215/1978MB (cached 7MB) IRAM 0/252kB(lfb 252kB) CPU [100%@614,off,off,off] EMC_FREQ 3%@1600 GR3D_FREQ 0%@76 APE 25 PLL@32C CPU@34C PMIC@50C GPU@33C AO@42C thermal@33.5C POM_5V_IN 2218/2041 POM_5V_GPU 41/33 POM_5V_CPU 328/269
[ts: 1636412609.187137] RAM 1954/3956MB (lfb 192x4MB) SWAP 215/1978MB (cached 7MB) IRAM 0/252kB(lfb 252kB) CPU [100%@614,off,off,off] EMC_FREQ 3%@1600 GR3D_FREQ 6%@76 APE 25 PLL@32C CPU@34C PMIC@50C GPU@33.5C AO@42C thermal@33.5C POM_5V_IN 2297/2046 POM_5V_GPU 41/33 POM_5V_CPU 410/272
[ts: 1636412609.699548] RAM 1998/3956MB (lfb 190x4MB) SWAP 215/1978MB (cached 7MB) IRAM 0/252kB(lfb 252kB) CPU [100%@614,off,off,off] EMC_FREQ 3%@1600 GR3D_FREQ 0%@76 APE 25 PLL@32C CPU@34C PMIC@50C GPU@33.5C AO@42C thermal@33.5C POM_5V_IN 2215/2050 POM_5V_GPU 41/33 POM_5V_CPU 369/274
[ts: 1636412610.212830] RAM 2038/3956MB (lfb 189x4MB) SWAP 215/1978MB (cached 7MB) IRAM 0/252kB(lfb 252kB) CPU [98%@614,off,off,off] EMC_FREQ 3%@1600 GR3D_FREQ 22%@76 APE 25 PLL@32C CPU@34C PMIC@50C GPU@33C AO@42C thermal@33.5C POM_5V_IN 2218/2053 POM_5V_GPU 82/34 POM_5V_CPU 369/276
[ts: 1636412610.725167] RAM 2090/3956MB (lfb 183x4MB) SWAP 215/1978MB (cached 7MB) IRAM 0/252kB(lfb 252kB) CPU [100%@614,off,off,off] EMC_FREQ 3%@1600 GR3D_FREQ 11%@76 APE 25 PLL@32C CPU@34C PMIC@50C GPU@33C AO@42C thermal@33.5C POM_5V_IN 2218/2056 POM_5V_GPU 82/35 POM_5V_CPU 328/277
[ts: 1636412611.239986] RAM 2149/3956MB (lfb 175x4MB) SWAP 215/1978MB (cached 7MB) IRAM 0/252kB(lfb 252kB) CPU [100%@614,off,off,off] EMC_FREQ 3%@1600 GR3D_FREQ 0%@76 APE 25 PLL@32C CPU@34C PMIC@50C GPU@33C AO@42.5C thermal@33.5C POM_5V_IN 2256/2060 POM_5V_GPU 41/35 POM_5V_CPU 451/280
[ts: 1636412611.752812] RAM 2183/3956MB (lfb 174x4MB) SWAP 215/1978MB (cached 7MB) IRAM 0/252kB(lfb 252kB) CPU [98%@614,off,off,off] EMC_FREQ 3%@1600 GR3D_FREQ 0%@76 APE 25 PLL@32C CPU@34.5C PMIC@50C GPU@33C AO@42C thermal@33.75C POM_5V_IN 2215/2063 POM_5V_GPU 41/35 POM_5V_CPU 328/281
[ts: 1636412612.266015] RAM 2191/3956MB (lfb 174x4MB) SWAP 215/1978MB (cached 7MB) IRAM 0/252kB(lfb 252kB) CPU [100%@614,off,off,off] EMC_FREQ 3%@1600 GR3D_FREQ 9%@76 APE 25 PLL@32C CPU@34.5C PMIC@50C GPU@33C AO@42C thermal@33.75C POM_5V_IN 2215/2066 POM_5V_GPU 41/35 POM_5V_CPU 369/283
[ts: 1636412612.777434] RAM 2237/3956MB (lfb 171x4MB) SWAP 215/1978MB (cached 7MB) IRAM 0/252kB(lfb 252kB) CPU [98%@614,off,off,off] EMC_FREQ 3%@1600 GR3D_FREQ 1%@76 APE 25 PLL@32C CPU@34C PMIC@50C GPU@33C AO@42.5C thermal@33.5C POM_5V_IN 2256/2069 POM_5V_GPU 82/36 POM_5V_CPU 410/285
[ts: 1636412613.290319] RAM 2303/3956MB (lfb 163x4MB) SWAP 215/1978MB (cached 7MB) IRAM 0/252kB(lfb 252kB) CPU [100%@614,off,off,off] EMC_FREQ 3%@1600 GR3D_FREQ 10%@76 APE 25 PLL@32.5C CPU@34C PMIC@50C GPU@33C AO@42.5C thermal@33.5C POM_5V_IN 2256/2072 POM_5V_GPU 82/37 POM_5V_CPU 410/287
[ts: 1636412613.804889] RAM 2325/3956MB (lfb 161x4MB) SWAP 215/1978MB (cached 7MB) IRAM 0/252kB(lfb 252kB) CPU [100%@614,off,off,off] EMC_FREQ 3%@1600 GR3D_FREQ 1%@76 APE 25 PLL@32C CPU@34C PMIC@50C GPU@33C AO@42.5C thermal@33.75C POM_5V_IN 2256/2075 POM_5V_GPU 82/38 POM_5V_CPU 369/289
[ts: 1636412614.320022] RAM 2359/3956MB (lfb 159x4MB) SWAP 215/1978MB (cached 7MB) IRAM 0/252kB(lfb 252kB) CPU [100%@614,off,off,off] EMC_FREQ 3%@1600 GR3D_FREQ 1%@76 APE 25 PLL@32C CPU@34.5C PMIC@50C GPU@33C AO@42C thermal@33.75C POM_5V_IN 2177/2077 POM_5V_GPU 82/38 POM_5V_CPU 369/290
[ts: 1636412614.833238] RAM 2422/3956MB (lfb 153x4MB) SWAP 215/1978MB (cached 7MB) IRAM 0/252kB(lfb 252kB) CPU [98%@614,off,off,off] EMC_FREQ 3%@1600 GR3D_FREQ 0%@76 APE 25 PLL@32C CPU@34.5C PMIC@50C GPU@33C AO@42C thermal@33.75C POM_5V_IN 2215/2079 POM_5V_GPU 41/38 POM_5V_CPU 410/292
[ts: 1636412615.348313] RAM 2469/3956MB (lfb 147x4MB) SWAP 215/1978MB (cached 7MB) IRAM 0/252kB(lfb 252kB) CPU [100%@614,off,off,off] EMC_FREQ 3%@1600 GR3D_FREQ 0%@76 APE 25 PLL@32C CPU@34C PMIC@50C GPU@33C AO@42C thermal@33.75C POM_5V_IN 2256/2082 POM_5V_GPU 41/38 POM_5V_CPU 369/293
[ts: 1636412615.863415] RAM 2512/3956MB (lfb 142x4MB) SWAP 215/1978MB (cached 7MB) IRAM 0/252kB(lfb 252kB) CPU [98%@614,off,off,off] EMC_FREQ 4%@1600 GR3D_FREQ 0%@76 APE 25 PLL@32C CPU@34C PMIC@50C GPU@33C AO@42C thermal@33.75C POM_5V_IN 2215/2084 POM_5V_GPU 41/39 POM_5V_CPU 369/294
[ts: 1636412616.376976] RAM 2537/3956MB (lfb 140x4MB) SWAP 215/1978MB (cached 7MB) IRAM 0/252kB(lfb 252kB) CPU [100%@614,off,off,off] EMC_FREQ 3%@1600 GR3D_FREQ 0%@76 APE 25 PLL@32C CPU@34C PMIC@50C GPU@33C AO@42.5C thermal@33.75C POM_5V_IN 2256/2087 POM_5V_GPU 41/39 POM_5V_CPU 451/297
[ts: 1636412616.891258] RAM 2570/3956MB (lfb 137x4MB) SWAP 215/1978MB (cached 7MB) IRAM 0/252kB(lfb 252kB) CPU [100%@614,off,off,off] EMC_FREQ 3%@1600 GR3D_FREQ 2%@76 APE 25 PLL@32C CPU@34C PMIC@50C GPU@33C AO@42C thermal@33.75C POM_5V_IN 2256/2090 POM_5V_GPU 41/39 POM_5V_CPU 369/298
[ts: 1636412617.403349] RAM 2612/3956MB (lfb 133x4MB) SWAP 215/1978MB (cached 7MB) IRAM 0/252kB(lfb 252kB) CPU [100%@614,off,off,off] EMC_FREQ 3%@1600 GR3D_FREQ 6%@76 APE 25 PLL@32C CPU@34C PMIC@50C GPU@33C AO@42.5C thermal@33.75C POM_5V_IN 2338/2094 POM_5V_GPU 82/39 POM_5V_CPU 328/298
[ts: 1636412617.917006] RAM 2650/3956MB (lfb 128x4MB) SWAP 215/1978MB (cached 7MB) IRAM 0/252kB(lfb 252kB) CPU [98%@614,off,off,off] EMC_FREQ 3%@1600 GR3D_FREQ 0%@76 APE 25 PLL@32C CPU@34.5C PMIC@50C GPU@33C AO@42C thermal@33.75C POM_5V_IN 2218/2095 POM_5V_GPU 41/39 POM_5V_CPU 369/300
[ts: 1636412618.428895] RAM 2703/3956MB (lfb 123x4MB) SWAP 215/1978MB (cached 7MB) IRAM 0/252kB(lfb 252kB) CPU [100%@614,off,off,off] EMC_FREQ 3%@1600 GR3D_FREQ 0%@76 APE 25 PLL@32C CPU@34.5C PMIC@50C GPU@33C AO@42.5C thermal@33.75C POM_5V_IN 2215/2097 POM_5V_GPU 41/39 POM_5V_CPU 410/301
[ts: 1636412618.943279] RAM 2727/3956MB (lfb 121x4MB) SWAP 215/1978MB (cached 7MB) IRAM 0/252kB(lfb 252kB) CPU [100%@614,off,off,off] EMC_FREQ 3%@1600 GR3D_FREQ 0%@76 APE 25 PLL@32C CPU@34.5C PMIC@50C GPU@33C AO@42C thermal@33.75C POM_5V_IN 2215/2099 POM_5V_GPU 41/39 POM_5V_CPU 369/302
[ts: 1636412619.455307] RAM 2756/3956MB (lfb 119x4MB) SWAP 215/1978MB (cached 7MB) IRAM 0/252kB(lfb 252kB) CPU [100%@614,off,off,off] EMC_FREQ 3%@1600 GR3D_FREQ 10%@76 APE 25 PLL@32C CPU@34C PMIC@50C GPU@33C AO@42C thermal@33.5C POM_5V_IN 2218/2101 POM_5V_GPU 82/40 POM_5V_CPU 369/303
[ts: 1636412619.968069] RAM 2799/3956MB (lfb 117x4MB) SWAP 215/1978MB (cached 7MB) IRAM 0/252kB(lfb 252kB) CPU [98%@614,off,off,off] EMC_FREQ 3%@1600 GR3D_FREQ 0%@76 APE 25 PLL@32C CPU@34.5C PMIC@50C GPU@32.5C AO@42C thermal@33.5C POM_5V_IN 2215/2102 POM_5V_GPU 41/40 POM_5V_CPU 369/304
[ts: 1636412620.481048] RAM 2834/3956MB (lfb 114x4MB) SWAP 215/1978MB (cached 7MB) IRAM 0/252kB(lfb 252kB) CPU [100%@614,off,off,off] EMC_FREQ 3%@1600 GR3D_FREQ 22%@76 APE 25 PLL@32C CPU@34C PMIC@50C GPU@33C AO@42C thermal@33.5C POM_5V_IN 2177/2103 POM_5V_GPU 82/41 POM_5V_CPU 328/304
[ts: 1636412620.995635] RAM 2867/3956MB (lfb 111x4MB) SWAP 215/1978MB (cached 7MB) IRAM 0/252kB(lfb 252kB) CPU [100%@614,off,off,off] EMC_FREQ 3%@1600 GR3D_FREQ 5%@76 APE 25 PLL@32C CPU@34C PMIC@50C GPU@33C AO@42.5C thermal@33.5C POM_5V_IN 2256/2105 POM_5V_GPU 82/41 POM_5V_CPU 369/305
[ts: 1636412621.509050] RAM 2913/3956MB (lfb 107x4MB) SWAP 215/1978MB (cached 7MB) IRAM 0/252kB(lfb 252kB) CPU [98%@614,off,off,off] EMC_FREQ 3%@1600 GR3D_FREQ 0%@76 APE 25 PLL@32C CPU@34C PMIC@50C GPU@33C AO@42C thermal@33.5C POM_5V_IN 2297/2108 POM_5V_GPU 82/42 POM_5V_CPU 369/306
[ts: 1636412622.020682] RAM 2953/3956MB (lfb 107x4MB) SWAP 215/1978MB (cached 7MB) IRAM 0/252kB(lfb 252kB) CPU [100%@614,off,off,off] EMC_FREQ 3%@1600 GR3D_FREQ 12%@76 APE 25 PLL@32C CPU@34C PMIC@50C GPU@33C AO@42C thermal@33.75C POM_5V_IN 2215/2109 POM_5V_GPU 82/42 POM_5V_CPU 369/307
[ts: 1636412622.537337] RAM 2960/3956MB (lfb 107x4MB) SWAP 215/1978MB (cached 7MB) IRAM 0/252kB(lfb 252kB) CPU [98%@614,off,off,off] EMC_FREQ 3%@1600 GR3D_FREQ 0%@76 APE 25 PLL@32C CPU@34C PMIC@50C GPU@33C AO@42C thermal@33.75C POM_5V_IN 2215/2111 POM_5V_GPU 41/42 POM_5V_CPU 410/308
[ts: 1636412623.051508] RAM 2960/3956MB (lfb 107x4MB) SWAP 215/1978MB (cached 7MB) IRAM 0/252kB(lfb 252kB) CPU [100%@614,off,off,off] EMC_FREQ 3%@1600 GR3D_FREQ 0%@76 APE 25 PLL@32C CPU@34.5C PMIC@50C GPU@33C AO@42C thermal@33.5C POM_5V_IN 2215/2112 POM_5V_GPU 41/42 POM_5V_CPU 410/310
[ts: 1636412623.565482] RAM 2960/3956MB (lfb 107x4MB) SWAP 215/1978MB (cached 7MB) IRAM 0/252kB(lfb 252kB) CPU [100%@614,off,off,off] EMC_FREQ 3%@1600 GR3D_FREQ 0%@76 APE 25 PLL@32C CPU@34.5C PMIC@50C GPU@33C AO@42.5C thermal@33.5C POM_5V_IN 2218/2114 POM_5V_GPU 41/42 POM_5V_CPU 410/311
[ts: 1636412624.080329] RAM 2960/3956MB (lfb 107x4MB) SWAP 215/1978MB (cached 7MB) IRAM 0/252kB(lfb 252kB) CPU [100%@614,off,off,off] EMC_FREQ 3%@1600 GR3D_FREQ 0%@76 APE 25 PLL@32C CPU@34C PMIC@50C GPU@33C AO@42C thermal@33.75C POM_5V_IN 2218/2115 POM_5V_GPU 41/42 POM_5V_CPU 410/312
[ts: 1636412624.593039] RAM 2960/3956MB (lfb 107x4MB) SWAP 215/1978MB (cached 7MB) IRAM 0/252kB(lfb 252kB) CPU [100%@614,off,off,off] EMC_FREQ 3%@1600 GR3D_FREQ 0%@76 APE 25 PLL@32C CPU@34C PMIC@50C GPU@33C AO@42C thermal@33.75C POM_5V_IN 2218/2116 POM_5V_GPU 41/42 POM_5V_CPU 410/313
[ts: 1636412625.107365] RAM 2960/3956MB (lfb 107x4MB) SWAP 215/1978MB (cached 7MB) IRAM 0/252kB(lfb 252kB) CPU [100%@614,off,off,off] EMC_FREQ 3%@1600 GR3D_FREQ 0%@76 APE 25 PLL@32C CPU@34.5C PMIC@50C GPU@33C AO@42C thermal@33.75C POM_5V_IN 2218/2118 POM_5V_GPU 41/42 POM_5V_CPU 410/315
[ts: 1636412625.620456] RAM 2960/3956MB (lfb 107x4MB) SWAP 215/1978MB (cached 7MB) IRAM 0/252kB(lfb 252kB) CPU [100%@614,off,off,off] EMC_FREQ 3%@1600 GR3D_FREQ 0%@76 APE 25 PLL@32C CPU@34C PMIC@50C GPU@33.5C AO@42C thermal@33.75C POM_5V_IN 2177/2118 POM_5V_GPU 41/42 POM_5V_CPU 369/315
[ts: 1636412626.136167] RAM 2960/3956MB (lfb 107x4MB) SWAP 215/1978MB (cached 7MB) IRAM 0/252kB(lfb 252kB) CPU [100%@614,off,off,off] EMC_FREQ 3%@1600 GR3D_FREQ 0%@76 APE 25 PLL@32C CPU@34C PMIC@50C GPU@33C AO@42C thermal@33.5C POM_5V_IN 2177/2119 POM_5V_GPU 41/42 POM_5V_CPU 369/316
[ts: 1636412626.649352] RAM 2960/3956MB (lfb 107x4MB) SWAP 215/1978MB (cached 7MB) IRAM 0/252kB(lfb 252kB) CPU [100%@614,off,off,off] EMC_FREQ 3%@1600 GR3D_FREQ 0%@76 APE 25 PLL@32C CPU@34C PMIC@50C GPU@34C AO@42C thermal@33.5C POM_5V_IN 2095/2119 POM_5V_GPU 0/41 POM_5V_CPU 369/317
[ts: 1636412627.164477] RAM 2960/3956MB (lfb 107x4MB) SWAP 215/1978MB (cached 7MB) IRAM 0/252kB(lfb 252kB) CPU [100%@614,off,off,off] EMC_FREQ 3%@1600 GR3D_FREQ 0%@76 APE 25 PLL@32C CPU@34C PMIC@50C GPU@34C AO@42C thermal@33.5C POM_5V_IN 2177/2119 POM_5V_GPU 0/41 POM_5V_CPU 328/317
[ts: 1636412627.677002] RAM 2959/3956MB (lfb 107x4MB) SWAP 215/1978MB (cached 7MB) IRAM 0/252kB(lfb 252kB) CPU [100%@614,off,off,off] EMC_FREQ 3%@1600 GR3D_FREQ 0%@76 APE 25 PLL@32C CPU@34C PMIC@50C GPU@34C AO@42C thermal@34C POM_5V_IN 2136/2120 POM_5V_GPU 0/41 POM_5V_CPU 328/317
[ts: 1636412628.191873] RAM 1959/3956MB (lfb 164x4MB) SWAP 215/1978MB (cached 7MB) IRAM 0/252kB(lfb 252kB) CPU [100%@614,off,off,off] EMC_FREQ 3%@1600 GR3D_FREQ 0%@76 APE 25 PLL@32C CPU@34C PMIC@50C GPU@34C AO@42.5C thermal@34C POM_5V_IN 2136/2120 POM_5V_GPU 0/40 POM_5V_CPU 369/317
[ts: 1636412628.702027] RAM 1482/3956MB (lfb 198x4MB) SWAP 215/1978MB (cached 7MB) IRAM 0/252kB(lfb 252kB) CPU [100%@614,off,off,off] EMC_FREQ 3%@1600 GR3D_FREQ 0%@76 APE 25 PLL@32C CPU@34C PMIC@50C GPU@33C AO@42C thermal@34C POM_5V_IN 2297/2122 POM_5V_GPU 82/41 POM_5V_CPU 328/318
[ts: 1636412629.211746] RAM 1482/3956MB (lfb 198x4MB) SWAP 215/1978MB (cached 7MB) IRAM 0/252kB(lfb 252kB) CPU [37%@614,off,off,off] EMC_FREQ 3%@1600 GR3D_FREQ 0%@76 APE 25 PLL@32C CPU@34C PMIC@50C GPU@34C AO@42C thermal@34C POM_5V_IN 1892/2119 POM_5V_GPU 41/41 POM_5V_CPU 123/315
[ts: 1636412629.722262] RAM 1482/3956MB (lfb 198x4MB) SWAP 215/1978MB (cached 7MB) IRAM 0/252kB(lfb 252kB) CPU [0%@614,off,off,off] EMC_FREQ 3%@1600 GR3D_FREQ 0%@76 APE 25 PLL@32C CPU@34C PMIC@50C GPU@34C AO@42C thermal@34C POM_5V_IN 1810/2116 POM_5V_GPU 0/40 POM_5V_CPU 123/313
[ts: 1636412630.232273] RAM 1482/3956MB (lfb 198x4MB) SWAP 215/1978MB (cached 7MB) IRAM 0/252kB(lfb 252kB) CPU [3%@614,off,off,off] EMC_FREQ 3%@1600 GR3D_FREQ 0%@76 APE 25 PLL@32C CPU@34C PMIC@50C GPU@34C AO@42C thermal@34C POM_5V_IN 1810/2112 POM_5V_GPU 0/40 POM_5V_CPU 123/311
