SOC family:tegra210  Machine:NVIDIA Jetson Nano Developer Kit
Online CPUs: 0
cpu0: Online=1 Governor=schedutil MinFreq=1224000 MaxFreq=1224000 CurrentFreq=1224000 IdleStates: WFI=1 c7=1 
cpu1: Online=0 Governor=schedutil MinFreq=1224000 MaxFreq=1224000 CurrentFreq=1224000 IdleStates: WFI=1 c7=1 
cpu2: Online=0 Governor=schedutil MinFreq=1224000 MaxFreq=1224000 CurrentFreq=1224000 IdleStates: WFI=1 c7=1 
cpu3: Online=0 Governor=schedutil MinFreq=1224000 MaxFreq=1224000 CurrentFreq=1224000 IdleStates: WFI=1 c7=1 
GPU MinFreq=76800000 MaxFreq=921600000 CurrentFreq=76800000
EMC MinFreq=204000000 MaxFreq=1600000000 CurrentFreq=1600000000 FreqOverride=0
Fan: PWM=0
NV Power Mode: MAXN
[ts: 1636412437.595557] RAM 1478/3956MB (lfb 197x4MB) SWAP 215/1978MB (cached 7MB) IRAM 0/252kB(lfb 252kB) CPU [33%@1224,off,off,off] EMC_FREQ 3%@1600 GR3D_FREQ 0%@76 APE 25 PLL@32C CPU@34C PMIC@50C GPU@32.5C AO@42C thermal@33.5C POM_5V_IN 1892/1892 POM_5V_GPU 41/41 POM_5V_CPU 164/164
[ts: 1636412438.102845] RAM 1478/3956MB (lfb 197x4MB) SWAP 215/1978MB (cached 7MB) IRAM 0/252kB(lfb 252kB) CPU [10%@1224,off,off,off] EMC_FREQ 3%@1600 GR3D_FREQ 0%@76 APE 25 PLL@32C CPU@33.5C PMIC@50C GPU@32.5C AO@42C thermal@33C POM_5V_IN 1975/1933 POM_5V_GPU 41/41 POM_5V_CPU 164/164
[ts: 1636412438.609798] RAM 1478/3956MB (lfb 197x4MB) SWAP 215/1978MB (cached 7MB) IRAM 0/252kB(lfb 252kB) CPU [5%@1224,off,off,off] EMC_FREQ 2%@1600 GR3D_FREQ 0%@76 APE 25 PLL@31.5C CPU@33.5C PMIC@50C GPU@32.5C AO@42C thermal@33C POM_5V_IN 1892/1919 POM_5V_GPU 41/41 POM_5V_CPU 164/164
[ts: 1636412439.116961] RAM 1478/3956MB (lfb 197x4MB) SWAP 215/1978MB (cached 7MB) IRAM 0/252kB(lfb 252kB) CPU [9%@1224,off,off,off] EMC_FREQ 2%@1600 GR3D_FREQ 0%@76 APE 25 PLL@32C CPU@33.5C PMIC@50C GPU@32.5C AO@42C thermal@33C POM_5V_IN 1892/1912 POM_5V_GPU 41/41 POM_5V_CPU 164/164
[ts: 1636412439.623911] RAM 1478/3956MB (lfb 197x4MB) SWAP 215/1978MB (cached 7MB) IRAM 0/252kB(lfb 252kB) CPU [10%@1224,off,off,off] EMC_FREQ 2%@1600 GR3D_FREQ 0%@76 APE 25 PLL@32C CPU@33.5C PMIC@50C GPU@32.5C AO@42C thermal@33C POM_5V_IN 1892/1908 POM_5V_GPU 41/41 POM_5V_CPU 164/164
[ts: 1636412440.143033] RAM 1478/3956MB (lfb 197x4MB) SWAP 215/1978MB (cached 7MB) IRAM 0/252kB(lfb 252kB) CPU [9%@1224,off,off,off] EMC_FREQ 2%@1600 GR3D_FREQ 0%@76 APE 25 PLL@31.5C CPU@33.5C PMIC@50C GPU@32.5C AO@42.5C thermal@33C POM_5V_IN 1890/1905 POM_5V_GPU 82/47 POM_5V_CPU 205/170
[ts: 1636412440.650178] RAM 1478/3956MB (lfb 197x4MB) SWAP 215/1978MB (cached 7MB) IRAM 0/252kB(lfb 252kB) CPU [9%@1224,off,off,off] EMC_FREQ 2%@1600 GR3D_FREQ 0%@76 APE 25 PLL@31.5C CPU@33.5C PMIC@50C GPU@32.5C AO@42C thermal@33C POM_5V_IN 1892/1903 POM_5V_GPU 41/46 POM_5V_CPU 164/169
[ts: 1636412441.156946] RAM 1478/3956MB (lfb 197x4MB) SWAP 215/1978MB (cached 7MB) IRAM 0/252kB(lfb 252kB) CPU [7%@1224,off,off,off] EMC_FREQ 2%@1600 GR3D_FREQ 0%@76 APE 25 PLL@31.5C CPU@34C PMIC@50C GPU@32.5C AO@42C thermal@33C POM_5V_IN 1892/1902 POM_5V_GPU 41/46 POM_5V_CPU 164/169
[ts: 1636412441.664232] RAM 1478/3956MB (lfb 197x4MB) SWAP 215/1978MB (cached 7MB) IRAM 0/252kB(lfb 252kB) CPU [7%@1224,off,off,off] EMC_FREQ 2%@1600 GR3D_FREQ 0%@76 APE 25 PLL@31.5C CPU@34C PMIC@50C GPU@33C AO@42C thermal@33C POM_5V_IN 1892/1901 POM_5V_GPU 41/45 POM_5V_CPU 164/168
[ts: 1636412442.172220] RAM 1478/3956MB (lfb 197x4MB) SWAP 215/1978MB (cached 7MB) IRAM 0/252kB(lfb 252kB) CPU [9%@1224,off,off,off] EMC_FREQ 2%@1600 GR3D_FREQ 0%@76 APE 25 PLL@31.5C CPU@33.5C PMIC@50C GPU@32.5C AO@42C thermal@33C POM_5V_IN 1892/1900 POM_5V_GPU 41/45 POM_5V_CPU 164/168
[ts: 1636412442.679130] RAM 1478/3956MB (lfb 197x4MB) SWAP 215/1978MB (cached 7MB) IRAM 0/252kB(lfb 252kB) CPU [11%@1224,off,off,off] EMC_FREQ 2%@1600 GR3D_FREQ 0%@76 APE 25 PLL@31.5C CPU@34C PMIC@50C GPU@33C AO@42C thermal@33C POM_5V_IN 1892/1899 POM_5V_GPU 41/44 POM_5V_CPU 164/167
[ts: 1636412443.186726] RAM 1478/3956MB (lfb 197x4MB) SWAP 215/1978MB (cached 7MB) IRAM 0/252kB(lfb 252kB) CPU [7%@1224,off,off,off] EMC_FREQ 2%@1600 GR3D_FREQ 0%@76 APE 25 PLL@31.5C CPU@34C PMIC@50C GPU@33C AO@42C thermal@33C POM_5V_IN 1934/1902 POM_5V_GPU 41/44 POM_5V_CPU 205/170
[ts: 1636412443.693481] RAM 1478/3956MB (lfb 197x4MB) SWAP 215/1978MB (cached 7MB) IRAM 0/252kB(lfb 252kB) CPU [7%@1224,off,off,off] EMC_FREQ 2%@1600 GR3D_FREQ 0%@76 APE 25 PLL@31.5C CPU@33.5C PMIC@50C GPU@33C AO@42C thermal@33.25C POM_5V_IN 1892/1901 POM_5V_GPU 41/44 POM_5V_CPU 164/170
[ts: 1636412444.200627] RAM 1478/3956MB (lfb 197x4MB) SWAP 215/1978MB (cached 7MB) IRAM 0/252kB(lfb 252kB) CPU [12%@1224,off,off,off] EMC_FREQ 2%@1600 GR3D_FREQ 0%@76 APE 25 PLL@32C CPU@33.5C PMIC@50C GPU@33C AO@41.5C thermal@33.25C POM_5V_IN 1892/1900 POM_5V_GPU 41/43 POM_5V_CPU 164/169
[ts: 1636412444.707613] RAM 1478/3956MB (lfb 197x4MB) SWAP 215/1978MB (cached 7MB) IRAM 0/252kB(lfb 252kB) CPU [9%@1224,off,off,off] EMC_FREQ 2%@1600 GR3D_FREQ 0%@76 APE 25 PLL@31.5C CPU@33.5C PMIC@50C GPU@33C AO@42C thermal@33.25C POM_5V_IN 1892/1900 POM_5V_GPU 41/43 POM_5V_CPU 164/169
[ts: 1636412445.214700] RAM 1478/3956MB (lfb 197x4MB) SWAP 215/1978MB (cached 7MB) IRAM 0/252kB(lfb 252kB) CPU [9%@1224,off,off,off] EMC_FREQ 2%@1600 GR3D_FREQ 0%@76 APE 25 PLL@31.5C CPU@33.5C PMIC@50C GPU@33C AO@42C thermal@33.25C POM_5V_IN 1892/1899 POM_5V_GPU 41/43 POM_5V_CPU 164/169
[ts: 1636412445.721702] RAM 1478/3956MB (lfb 197x4MB) SWAP 215/1978MB (cached 7MB) IRAM 0/252kB(lfb 252kB) CPU [7%@1224,off,off,off] EMC_FREQ 2%@1600 GR3D_FREQ 0%@76 APE 25 PLL@31.5C CPU@33.5C PMIC@50C GPU@33C AO@42C thermal@33.25C POM_5V_IN 1892/1899 POM_5V_GPU 41/43 POM_5V_CPU 164/168
[ts: 1636412446.228674] RAM 1478/3956MB (lfb 197x4MB) SWAP 215/1978MB (cached 7MB) IRAM 0/252kB(lfb 252kB) CPU [9%@1224,off,off,off] EMC_FREQ 2%@1600 GR3D_FREQ 0%@76 APE 25 PLL@32C CPU@33.5C PMIC@50C GPU@33C AO@41.5C thermal@33.25C POM_5V_IN 1892/1898 POM_5V_GPU 41/43 POM_5V_CPU 164/168
[ts: 1636412446.735525] RAM 1478/3956MB (lfb 197x4MB) SWAP 215/1978MB (cached 7MB) IRAM 0/252kB(lfb 252kB) CPU [7%@1224,off,off,off] EMC_FREQ 2%@1600 GR3D_FREQ 0%@76 APE 25 PLL@32C CPU@33.5C PMIC@50C GPU@32.5C AO@42C thermal@33.25C POM_5V_IN 1892/1898 POM_5V_GPU 41/43 POM_5V_CPU 164/168
[ts: 1636412447.245300] RAM 1482/3956MB (lfb 197x4MB) SWAP 215/1978MB (cached 7MB) IRAM 0/252kB(lfb 252kB) CPU [36%@1224,off,off,off] EMC_FREQ 2%@1600 GR3D_FREQ 0%@76 APE 25 PLL@32C CPU@34C PMIC@50C GPU@32.5C AO@42C thermal@33.25C POM_5V_IN 2498/1928 POM_5V_GPU 40/43 POM_5V_CPU 573/188
[ts: 1636412447.752712] RAM 1490/3956MB (lfb 197x4MB) SWAP 215/1978MB (cached 7MB) IRAM 0/252kB(lfb 252kB) CPU [82%@1224,off,off,off] EMC_FREQ 2%@1600 GR3D_FREQ 0%@76 APE 25 PLL@32C CPU@34C PMIC@50C GPU@33C AO@42.5C thermal@33.25C POM_5V_IN 2457/1953 POM_5V_GPU 40/42 POM_5V_CPU 532/204
[ts: 1636412448.259743] RAM 1497/3956MB (lfb 197x4MB) SWAP 215/1978MB (cached 7MB) IRAM 0/252kB(lfb 252kB) CPU [78%@1224,off,off,off] EMC_FREQ 2%@1600 GR3D_FREQ 0%@76 APE 25 PLL@32C CPU@34C PMIC@50C GPU@33C AO@42C thermal@33.5C POM_5V_IN 2457/1976 POM_5V_GPU 40/42 POM_5V_CPU 491/217
[ts: 1636412448.767208] RAM 1507/3956MB (lfb 197x4MB) SWAP 215/1978MB (cached 7MB) IRAM 0/252kB(lfb 252kB) CPU [79%@1224,off,off,off] EMC_FREQ 2%@1600 GR3D_FREQ 0%@76 APE 25 PLL@32C CPU@34C PMIC@50C GPU@32.5C AO@42C thermal@33.5C POM_5V_IN 2498/1999 POM_5V_GPU 40/42 POM_5V_CPU 573/233
[ts: 1636412449.274258] RAM 1514/3956MB (lfb 197x4MB) SWAP 215/1978MB (cached 7MB) IRAM 0/252kB(lfb 252kB) CPU [98%@1224,off,off,off] EMC_FREQ 2%@1600 GR3D_FREQ 0%@76 APE 25 PLL@32C CPU@34.5C PMIC@50C GPU@33C AO@42.5C thermal@33.5C POM_5V_IN 2498/2019 POM_5V_GPU 40/42 POM_5V_CPU 737/254
[ts: 1636412449.781688] RAM 1522/3956MB (lfb 197x4MB) SWAP 215/1978MB (cached 7MB) IRAM 0/252kB(lfb 252kB) CPU [100%@1224,off,off,off] EMC_FREQ 2%@1600 GR3D_FREQ 0%@76 APE 25 PLL@32C CPU@34.5C PMIC@50C GPU@34C AO@42.5C thermal@33.5C POM_5V_IN 2498/2039 POM_5V_GPU 40/42 POM_5V_CPU 696/272
[ts: 1636412450.288856] RAM 1541/3956MB (lfb 197x4MB) SWAP 215/1978MB (cached 7MB) IRAM 0/252kB(lfb 252kB) CPU [100%@1224,off,off,off] EMC_FREQ 2%@1600 GR3D_FREQ 0%@76 APE 25 PLL@32C CPU@34.5C PMIC@50C GPU@34C AO@42.5C thermal@34.25C POM_5V_IN 2416/2053 POM_5V_GPU 0/40 POM_5V_CPU 656/286
[ts: 1636412450.795894] RAM 1562/3956MB (lfb 197x4MB) SWAP 215/1978MB (cached 7MB) IRAM 0/252kB(lfb 252kB) CPU [100%@1224,off,off,off] EMC_FREQ 2%@1600 GR3D_FREQ 0%@76 APE 25 PLL@32C CPU@34.5C PMIC@50C GPU@34C AO@42C thermal@34.25C POM_5V_IN 2416/2067 POM_5V_GPU 0/39 POM_5V_CPU 656/300
[ts: 1636412451.303487] RAM 1571/3956MB (lfb 197x4MB) SWAP 215/1978MB (cached 7MB) IRAM 0/252kB(lfb 252kB) CPU [100%@1224,off,off,off] EMC_FREQ 2%@1600 GR3D_FREQ 0%@76 APE 25 PLL@32C CPU@34C PMIC@50C GPU@34C AO@42C thermal@34.25C POM_5V_IN 2420/2079 POM_5V_GPU 0/37 POM_5V_CPU 656/313
[ts: 1636412451.810652] RAM 1578/3956MB (lfb 197x4MB) SWAP 215/1978MB (cached 7MB) IRAM 0/252kB(lfb 252kB) CPU [96%@1224,off,off,off] EMC_FREQ 2%@1600 GR3D_FREQ 0%@76 APE 25 PLL@31.5C CPU@34.5C PMIC@50C GPU@33.5C AO@42C thermal@34.25C POM_5V_IN 2420/2091 POM_5V_GPU 0/36 POM_5V_CPU 615/323
[ts: 1636412452.317919] RAM 1587/3956MB (lfb 197x4MB) SWAP 215/1978MB (cached 7MB) IRAM 0/252kB(lfb 252kB) CPU [88%@1224,off,off,off] EMC_FREQ 2%@1600 GR3D_FREQ 0%@76 APE 25 PLL@32C CPU@34.5C PMIC@50C GPU@34C AO@42.5C thermal@34.25C POM_5V_IN 2416/2102 POM_5V_GPU 0/35 POM_5V_CPU 615/333
[ts: 1636412452.825039] RAM 1620/3956MB (lfb 197x4MB) SWAP 215/1978MB (cached 7MB) IRAM 0/252kB(lfb 252kB) CPU [98%@1224,off,off,off] EMC_FREQ 3%@1600 GR3D_FREQ 0%@76 APE 25 PLL@32C CPU@35C PMIC@50C GPU@33C AO@42.5C thermal@34C POM_5V_IN 2699/2121 POM_5V_GPU 40/35 POM_5V_CPU 817/348
[ts: 1636412453.336552] RAM 1648/3956MB (lfb 197x4MB) SWAP 215/1978MB (cached 7MB) IRAM 0/252kB(lfb 252kB) CPU [100%@1224,off,off,off] EMC_FREQ 3%@1600 GR3D_FREQ 22%@76 APE 25 PLL@32C CPU@35C PMIC@50C GPU@32.5C AO@42C thermal@34C POM_5V_IN 2621/2137 POM_5V_GPU 81/36 POM_5V_CPU 737/361
[ts: 1636412453.844086] RAM 1724/3956MB (lfb 197x4MB) SWAP 215/1978MB (cached 7MB) IRAM 0/252kB(lfb 252kB) CPU [100%@1224,off,off,off] EMC_FREQ 3%@1600 GR3D_FREQ 20%@76 APE 25 PLL@32C CPU@34.5C PMIC@50C GPU@32.5C AO@42.5C thermal@33.75C POM_5V_IN 2658/2152 POM_5V_GPU 81/38 POM_5V_CPU 737/372
[ts: 1636412454.351749] RAM 1828/3956MB (lfb 197x4MB) SWAP 215/1978MB (cached 7MB) IRAM 0/252kB(lfb 252kB) CPU [98%@1224,off,off,off] EMC_FREQ 4%@1600 GR3D_FREQ 14%@76 APE 25 PLL@32C CPU@35C PMIC@50C GPU@33C AO@42.5C thermal@33.75C POM_5V_IN 2699/2168 POM_5V_GPU 81/39 POM_5V_CPU 777/384
[ts: 1636412454.859118] RAM 1896/3956MB (lfb 193x4MB) SWAP 215/1978MB (cached 7MB) IRAM 0/252kB(lfb 252kB) CPU [100%@1224,off,off,off] EMC_FREQ 4%@1600 GR3D_FREQ 18%@76 APE 25 PLL@32C CPU@34.5C PMIC@50C GPU@33C AO@42.5C thermal@33.75C POM_5V_IN 2580/2180 POM_5V_GPU 81/40 POM_5V_CPU 696/393
[ts: 1636412455.366456] RAM 1928/3956MB (lfb 190x4MB) SWAP 215/1978MB (cached 7MB) IRAM 0/252kB(lfb 252kB) CPU [98%@1224,off,off,off] EMC_FREQ 4%@1600 GR3D_FREQ 31%@76 APE 25 PLL@32C CPU@34C PMIC@50C GPU@33C AO@42C thermal@33.75C POM_5V_IN 2539/2190 POM_5V_GPU 81/41 POM_5V_CPU 655/400
[ts: 1636412455.873726] RAM 1952/3956MB (lfb 189x4MB) SWAP 215/1978MB (cached 7MB) IRAM 0/252kB(lfb 252kB) CPU [96%@1224,off,off,off] EMC_FREQ 4%@1600 GR3D_FREQ 0%@76 APE 25 PLL@32C CPU@34.5C PMIC@50C GPU@33C AO@42.5C thermal@33.75C POM_5V_IN 2457/2197 POM_5V_GPU 40/41 POM_5V_CPU 655/407
[ts: 1636412456.381464] RAM 2017/3956MB (lfb 185x4MB) SWAP 215/1978MB (cached 7MB) IRAM 0/252kB(lfb 252kB) CPU [98%@1224,off,off,off] EMC_FREQ 4%@1600 GR3D_FREQ 28%@76 APE 25 PLL@32C CPU@34.5C PMIC@50C GPU@33C AO@42.5C thermal@33.75C POM_5V_IN 2580/2207 POM_5V_GPU 81/42 POM_5V_CPU 696/414
[ts: 1636412456.888824] RAM 2091/3956MB (lfb 177x4MB) SWAP 215/1978MB (cached 7MB) IRAM 0/252kB(lfb 252kB) CPU [100%@1224,off,off,off] EMC_FREQ 4%@1600 GR3D_FREQ 0%@76 APE 25 PLL@32C CPU@34.5C PMIC@50C GPU@33C AO@42.5C thermal@33.75C POM_5V_IN 2580/2217 POM_5V_GPU 81/43 POM_5V_CPU 696/422
[ts: 1636412457.397267] RAM 2152/3956MB (lfb 173x4MB) SWAP 215/1978MB (cached 7MB) IRAM 0/252kB(lfb 252kB) CPU [98%@1224,off,off,off] EMC_FREQ 4%@1600 GR3D_FREQ 27%@76 APE 25 PLL@32C CPU@34.5C PMIC@50C GPU@33C AO@42.5C thermal@33.75C POM_5V_IN 2580/2226 POM_5V_GPU 81/44 POM_5V_CPU 655/427
[ts: 1636412457.905410] RAM 2237/3956MB (lfb 165x4MB) SWAP 215/1978MB (cached 7MB) IRAM 0/252kB(lfb 252kB) CPU [98%@1224,off,off,off] EMC_FREQ 4%@1600 GR3D_FREQ 17%@76 APE 25 PLL@32C CPU@34.5C PMIC@50C GPU@33C AO@42C thermal@33.75C POM_5V_IN 2580/2235 POM_5V_GPU 81/45 POM_5V_CPU 696/434
[ts: 1636412458.412904] RAM 2271/3956MB (lfb 163x4MB) SWAP 215/1978MB (cached 7MB) IRAM 0/252kB(lfb 252kB) CPU [98%@1224,off,off,off] EMC_FREQ 4%@1600 GR3D_FREQ 1%@76 APE 25 PLL@32C CPU@34.5C PMIC@50C GPU@33C AO@42C thermal@33.5C POM_5V_IN 2580/2243 POM_5V_GPU 81/46 POM_5V_CPU 655/439
[ts: 1636412458.920630] RAM 2337/3956MB (lfb 159x4MB) SWAP 215/1978MB (cached 7MB) IRAM 0/252kB(lfb 252kB) CPU [98%@1224,off,off,off] EMC_FREQ 4%@1600 GR3D_FREQ 9%@76 APE 25 PLL@32C CPU@34.5C PMIC@50C GPU@33C AO@42.5C thermal@33.5C POM_5V_IN 2539/2250 POM_5V_GPU 81/47 POM_5V_CPU 655/444
[ts: 1636412459.427921] RAM 2387/3956MB (lfb 155x4MB) SWAP 215/1978MB (cached 7MB) IRAM 0/252kB(lfb 252kB) CPU [98%@1224,off,off,off] EMC_FREQ 4%@1600 GR3D_FREQ 25%@76 APE 25 PLL@32C CPU@34.5C PMIC@50C GPU@33C AO@42.5C thermal@33.75C POM_5V_IN 2498/2255 POM_5V_GPU 81/48 POM_5V_CPU 655/449
[ts: 1636412459.935966] RAM 2473/3956MB (lfb 145x4MB) SWAP 215/1978MB (cached 7MB) IRAM 0/252kB(lfb 252kB) CPU [98%@1224,off,off,off] EMC_FREQ 4%@1600 GR3D_FREQ 25%@76 APE 25 PLL@32C CPU@34.5C PMIC@50C GPU@33C AO@42C thermal@33.75C POM_5V_IN 2539/2262 POM_5V_GPU 81/48 POM_5V_CPU 655/454
[ts: 1636412460.443507] RAM 2530/3956MB (lfb 140x4MB) SWAP 215/1978MB (cached 7MB) IRAM 0/252kB(lfb 252kB) CPU [98%@1224,off,off,off] EMC_FREQ 4%@1600 GR3D_FREQ 23%@76 APE 25 PLL@32.5C CPU@34.5C PMIC@50C GPU@33.5C AO@42.5C thermal@33.75C POM_5V_IN 2658/2270 POM_5V_GPU 81/49 POM_5V_CPU 737/460
[ts: 1636412460.951198] RAM 2596/3956MB (lfb 133x4MB) SWAP 215/1978MB (cached 7MB) IRAM 0/252kB(lfb 252kB) CPU [100%@1224,off,off,off] EMC_FREQ 4%@1600 GR3D_FREQ 13%@76 APE 25 PLL@32C CPU@34.5C PMIC@50C GPU@33C AO@42.5C thermal@33.75C POM_5V_IN 2621/2278 POM_5V_GPU 81/50 POM_5V_CPU 696/465
[ts: 1636412461.458883] RAM 2647/3956MB (lfb 130x4MB) SWAP 215/1978MB (cached 7MB) IRAM 0/252kB(lfb 252kB) CPU [98%@1224,off,off,off] EMC_FREQ 4%@1600 GR3D_FREQ 27%@76 APE 25 PLL@32.5C CPU@34.5C PMIC@50C GPU@33C AO@42C thermal@34C POM_5V_IN 2498/2282 POM_5V_GPU 81/50 POM_5V_CPU 614/468
[ts: 1636412461.966359] RAM 2713/3956MB (lfb 122x4MB) SWAP 215/1978MB (cached 7MB) IRAM 0/252kB(lfb 252kB) CPU [98%@1224,off,off,off] EMC_FREQ 4%@1600 GR3D_FREQ 0%@76 APE 25 PLL@32.5C CPU@35C PMIC@50C GPU@33C AO@42.5C thermal@34C POM_5V_IN 2658/2290 POM_5V_GPU 40/50 POM_5V_CPU 778/474
[ts: 1636412462.475455] RAM 2779/3956MB (lfb 115x4MB) SWAP 215/1978MB (cached 7MB) IRAM 0/252kB(lfb 252kB) CPU [100%@1224,off,off,off] EMC_FREQ 4%@1600 GR3D_FREQ 23%@76 APE 25 PLL@32.5C CPU@35C PMIC@50C GPU@33C AO@42.5C thermal@34C POM_5V_IN 2621/2297 POM_5V_GPU 81/51 POM_5V_CPU 737/479
[ts: 1636412462.986667] RAM 2809/3956MB (lfb 114x4MB) SWAP 215/1978MB (cached 7MB) IRAM 0/252kB(lfb 252kB) CPU [96%@1224,off,off,off] EMC_FREQ 4%@1600 GR3D_FREQ 22%@76 APE 25 PLL@32C CPU@34.5C PMIC@50C GPU@33C AO@42.5C thermal@34C POM_5V_IN 2539/2301 POM_5V_GPU 81/51 POM_5V_CPU 655/483
[ts: 1636412463.493984] RAM 2867/3956MB (lfb 108x4MB) SWAP 215/1978MB (cached 7MB) IRAM 0/252kB(lfb 252kB) CPU [98%@1224,off,off,off] EMC_FREQ 4%@1600 GR3D_FREQ 31%@76 APE 25 PLL@32C CPU@34.5C PMIC@50C GPU@33.5C AO@42.5C thermal@34C POM_5V_IN 2621/2307 POM_5V_GPU 81/52 POM_5V_CPU 696/487
[ts: 1636412464.001476] RAM 2928/3956MB (lfb 107x4MB) SWAP 215/1978MB (cached 7MB) IRAM 0/252kB(lfb 252kB) CPU [100%@1224,off,off,off] EMC_FREQ 4%@1600 GR3D_FREQ 0%@76 APE 25 PLL@32C CPU@34.5C PMIC@50C GPU@33C AO@42.5C thermal@33.75C POM_5V_IN 2621/2313 POM_5V_GPU 81/52 POM_5V_CPU 696/491
[ts: 1636412464.508780] RAM 2954/3956MB (lfb 107x4MB) SWAP 215/1978MB (cached 7MB) IRAM 0/252kB(lfb 252kB) CPU [94%@1224,off,off,off] EMC_FREQ 4%@1600 GR3D_FREQ 0%@76 APE 25 PLL@32C CPU@34.5C PMIC@50C GPU@33C AO@42.5C thermal@33.75C POM_5V_IN 2621/2319 POM_5V_GPU 40/52 POM_5V_CPU 778/496
[ts: 1636412465.016423] RAM 2954/3956MB (lfb 107x4MB) SWAP 215/1978MB (cached 7MB) IRAM 0/252kB(lfb 252kB) CPU [100%@1224,off,off,off] EMC_FREQ 4%@1600 GR3D_FREQ 0%@76 APE 25 PLL@32C CPU@35C PMIC@50C GPU@33C AO@42.5C thermal@33.75C POM_5V_IN 2621/2324 POM_5V_GPU 40/52 POM_5V_CPU 778/501
[ts: 1636412465.523865] RAM 2954/3956MB (lfb 107x4MB) SWAP 215/1978MB (cached 7MB) IRAM 0/252kB(lfb 252kB) CPU [100%@1224,off,off,off] EMC_FREQ 4%@1600 GR3D_FREQ 0%@76 APE 25 PLL@32C CPU@34.5C PMIC@50C GPU@33C AO@42C thermal@33.75C POM_5V_IN 2621/2330 POM_5V_GPU 40/52 POM_5V_CPU 778/506
[ts: 1636412466.031323] RAM 2954/3956MB (lfb 107x4MB) SWAP 215/1978MB (cached 7MB) IRAM 0/252kB(lfb 252kB) CPU [100%@1224,off,off,off] EMC_FREQ 4%@1600 GR3D_FREQ 0%@76 APE 25 PLL@32.5C CPU@34.5C PMIC@50C GPU@34.5C AO@42.5C thermal@34.25C POM_5V_IN 2539/2333 POM_5V_GPU 0/51 POM_5V_CPU 778/511
[ts: 1636412466.538761] RAM 2954/3956MB (lfb 107x4MB) SWAP 215/1978MB (cached 7MB) IRAM 0/252kB(lfb 252kB) CPU [100%@1224,off,off,off] EMC_FREQ 4%@1600 GR3D_FREQ 0%@76 APE 25 PLL@32C CPU@34.5C PMIC@50C GPU@34C AO@42.5C thermal@34.25C POM_5V_IN 2539/2337 POM_5V_GPU 0/50 POM_5V_CPU 778/516
[ts: 1636412467.046378] RAM 2954/3956MB (lfb 107x4MB) SWAP 215/1978MB (cached 7MB) IRAM 0/252kB(lfb 252kB) CPU [100%@1224,off,off,off] EMC_FREQ 4%@1600 GR3D_FREQ 0%@76 APE 25 PLL@32C CPU@34.5C PMIC@50C GPU@34C AO@42.5C thermal@34.25C POM_5V_IN 2457/2339 POM_5V_GPU 0/49 POM_5V_CPU 533/516
[ts: 1636412467.554565] RAM 1886/3956MB (lfb 170x4MB) SWAP 215/1978MB (cached 7MB) IRAM 0/252kB(lfb 252kB) CPU [100%@1224,off,off,off] EMC_FREQ 4%@1600 GR3D_FREQ 0%@76 APE 25 PLL@32.5C CPU@35C PMIC@50C GPU@34.5C AO@42.5C thermal@34.25C POM_5V_IN 2539/2342 POM_5V_GPU 0/48 POM_5V_CPU 737/520
[ts: 1636412468.061674] RAM 1479/3956MB (lfb 197x4MB) SWAP 215/1978MB (cached 7MB) IRAM 0/252kB(lfb 252kB) CPU [76%@1224,off,off,off] EMC_FREQ 5%@1600 GR3D_FREQ 0%@76 APE 25 PLL@32C CPU@34C PMIC@50C GPU@33C AO@42.5C thermal@34.25C POM_5V_IN 1975/2336 POM_5V_GPU 41/48 POM_5V_CPU 205/514
[ts: 1636412468.568674] RAM 1479/3956MB (lfb 197x4MB) SWAP 215/1978MB (cached 7MB) IRAM 0/252kB(lfb 252kB) CPU [2%@1224,off,off,off] EMC_FREQ 4%@1600 GR3D_FREQ 0%@76 APE 25 PLL@32C CPU@33.5C PMIC@50C GPU@33C AO@42C thermal@33.25C POM_5V_IN 1892/2329 POM_5V_GPU 41/48 POM_5V_CPU 123/508
[ts: 1636412469.075447] RAM 1479/3956MB (lfb 197x4MB) SWAP 215/1978MB (cached 7MB) IRAM 0/252kB(lfb 252kB) CPU [2%@1224,off,off,off] EMC_FREQ 4%@1600 GR3D_FREQ 0%@76 APE 25 PLL@32C CPU@34C PMIC@50C GPU@32.5C AO@42C thermal@33.25C POM_5V_IN 1892/2322 POM_5V_GPU 41/48 POM_5V_CPU 164/503
[ts: 1636412469.582561] RAM 1479/3956MB (lfb 197x4MB) SWAP 215/1978MB (cached 7MB) IRAM 0/252kB(lfb 252kB) CPU [3%@1224,off,off,off] EMC_FREQ 3%@1600 GR3D_FREQ 0%@76 APE 25 PLL@32C CPU@33.5C PMIC@50C GPU@34C AO@42C thermal@34C POM_5V_IN 1810/2314 POM_5V_GPU 0/47 POM_5V_CPU 164/497
