SOC family:tegra210  Machine:NVIDIA Jetson Nano Developer Kit
Online CPUs: 0
cpu0: Online=1 Governor=schedutil MinFreq=1132800 MaxFreq=1132800 CurrentFreq=1132800 IdleStates: WFI=1 c7=1 
cpu1: Online=0 Governor=schedutil MinFreq=1132800 MaxFreq=1132800 CurrentFreq=1132800 IdleStates: WFI=1 c7=1 
cpu2: Online=0 Governor=schedutil MinFreq=1132800 MaxFreq=1132800 CurrentFreq=1132800 IdleStates: WFI=1 c7=1 
cpu3: Online=0 Governor=schedutil MinFreq=1132800 MaxFreq=1132800 CurrentFreq=1132800 IdleStates: WFI=1 c7=1 
GPU MinFreq=76800000 MaxFreq=921600000 CurrentFreq=76800000
EMC MinFreq=204000000 MaxFreq=1600000000 CurrentFreq=1600000000 FreqOverride=0
Fan: PWM=0
NV Power Mode: MAXN
[ts: 1636412470.809911] RAM 1479/3956MB (lfb 197x4MB) SWAP 215/1978MB (cached 7MB) IRAM 0/252kB(lfb 252kB) CPU [32%@1132,off,off,off] EMC_FREQ 3%@1600 GR3D_FREQ 0%@76 APE 25 PLL@32C CPU@34C PMIC@50C GPU@33C AO@42C thermal@33.5C POM_5V_IN 1892/1892 POM_5V_GPU 41/41 POM_5V_CPU 164/164
[ts: 1636412471.317585] RAM 1479/3956MB (lfb 197x4MB) SWAP 215/1978MB (cached 7MB) IRAM 0/252kB(lfb 252kB) CPU [5%@1132,off,off,off] EMC_FREQ 3%@1600 GR3D_FREQ 0%@76 APE 25 PLL@32C CPU@33.5C PMIC@50C GPU@32.5C AO@42C thermal@33.5C POM_5V_IN 1892/1892 POM_5V_GPU 41/41 POM_5V_CPU 164/164
[ts: 1636412471.824952] RAM 1479/3956MB (lfb 197x4MB) SWAP 215/1978MB (cached 7MB) IRAM 0/252kB(lfb 252kB) CPU [4%@1132,off,off,off] EMC_FREQ 2%@1600 GR3D_FREQ 0%@76 APE 25 PLL@32C CPU@34C PMIC@50C GPU@33C AO@42C thermal@33.25C POM_5V_IN 1892/1892 POM_5V_GPU 41/41 POM_5V_CPU 123/150
[ts: 1636412472.332483] RAM 1479/3956MB (lfb 197x4MB) SWAP 215/1978MB (cached 7MB) IRAM 0/252kB(lfb 252kB) CPU [2%@1132,off,off,off] EMC_FREQ 2%@1600 GR3D_FREQ 0%@76 APE 25 PLL@32C CPU@34C PMIC@50C GPU@33C AO@42C thermal@33.25C POM_5V_IN 1892/1892 POM_5V_GPU 41/41 POM_5V_CPU 164/153
[ts: 1636412472.840680] RAM 1479/3956MB (lfb 197x4MB) SWAP 215/1978MB (cached 7MB) IRAM 0/252kB(lfb 252kB) CPU [4%@1132,off,off,off] EMC_FREQ 2%@1600 GR3D_FREQ 0%@76 APE 25 PLL@32C CPU@34C PMIC@50C GPU@33C AO@42C thermal@33.5C POM_5V_IN 1934/1900 POM_5V_GPU 41/41 POM_5V_CPU 164/155
[ts: 1636412473.348193] RAM 1479/3956MB (lfb 197x4MB) SWAP 215/1978MB (cached 7MB) IRAM 0/252kB(lfb 252kB) CPU [2%@1132,off,off,off] EMC_FREQ 2%@1600 GR3D_FREQ 0%@76 APE 25 PLL@32C CPU@34C PMIC@50C GPU@34C AO@42C thermal@33.5C POM_5V_IN 1892/1899 POM_5V_GPU 41/41 POM_5V_CPU 164/157
[ts: 1636412473.855512] RAM 1479/3956MB (lfb 197x4MB) SWAP 215/1978MB (cached 7MB) IRAM 0/252kB(lfb 252kB) CPU [7%@1132,off,off,off] EMC_FREQ 2%@1600 GR3D_FREQ 0%@76 APE 25 PLL@32C CPU@34C PMIC@50C GPU@33C AO@42C thermal@33.25C POM_5V_IN 1892/1898 POM_5V_GPU 41/41 POM_5V_CPU 123/152
[ts: 1636412474.362710] RAM 1479/3956MB (lfb 197x4MB) SWAP 215/1978MB (cached 7MB) IRAM 0/252kB(lfb 252kB) CPU [5%@1132,off,off,off] EMC_FREQ 2%@1600 GR3D_FREQ 0%@76 APE 25 PLL@32C CPU@33.5C PMIC@50C GPU@32.5C AO@42C thermal@33.25C POM_5V_IN 1892/1897 POM_5V_GPU 41/41 POM_5V_CPU 123/148
[ts: 1636412474.870207] RAM 1479/3956MB (lfb 197x4MB) SWAP 215/1978MB (cached 7MB) IRAM 0/252kB(lfb 252kB) CPU [2%@1132,off,off,off] EMC_FREQ 2%@1600 GR3D_FREQ 0%@76 APE 25 PLL@32C CPU@34C PMIC@50C GPU@32.5C AO@41.5C thermal@33.25C POM_5V_IN 1892/1896 POM_5V_GPU 41/41 POM_5V_CPU 164/150
[ts: 1636412475.377610] RAM 1479/3956MB (lfb 197x4MB) SWAP 215/1978MB (cached 7MB) IRAM 0/252kB(lfb 252kB) CPU [2%@1132,off,off,off] EMC_FREQ 2%@1600 GR3D_FREQ 0%@76 APE 25 PLL@32C CPU@34C PMIC@50C GPU@33C AO@42C thermal@33.5C POM_5V_IN 1892/1896 POM_5V_GPU 41/41 POM_5V_CPU 123/147
[ts: 1636412475.884848] RAM 1479/3956MB (lfb 197x4MB) SWAP 215/1978MB (cached 7MB) IRAM 0/252kB(lfb 252kB) CPU [4%@1132,off,off,off] EMC_FREQ 2%@1600 GR3D_FREQ 0%@76 APE 25 PLL@32C CPU@33.5C PMIC@50C GPU@32.5C AO@42C thermal@33.5C POM_5V_IN 1892/1895 POM_5V_GPU 41/41 POM_5V_CPU 123/145
[ts: 1636412476.392151] RAM 1479/3956MB (lfb 197x4MB) SWAP 215/1978MB (cached 7MB) IRAM 0/252kB(lfb 252kB) CPU [5%@1132,off,off,off] EMC_FREQ 2%@1600 GR3D_FREQ 4%@76 APE 25 PLL@32C CPU@34C PMIC@50C GPU@33C AO@42C thermal@33.5C POM_5V_IN 1934/1899 POM_5V_GPU 41/41 POM_5V_CPU 164/146
[ts: 1636412476.899445] RAM 1479/3956MB (lfb 197x4MB) SWAP 215/1978MB (cached 7MB) IRAM 0/252kB(lfb 252kB) CPU [3%@1132,off,off,off] EMC_FREQ 2%@1600 GR3D_FREQ 0%@76 APE 25 PLL@31.5C CPU@34C PMIC@50C GPU@33C AO@42C thermal@33.5C POM_5V_IN 1851/1895 POM_5V_GPU 41/41 POM_5V_CPU 123/145
[ts: 1636412477.406652] RAM 1479/3956MB (lfb 197x4MB) SWAP 215/1978MB (cached 7MB) IRAM 0/252kB(lfb 252kB) CPU [2%@1132,off,off,off] EMC_FREQ 2%@1600 GR3D_FREQ 0%@76 APE 25 PLL@31.5C CPU@34C PMIC@50C GPU@33C AO@42C thermal@33.25C POM_5V_IN 1892/1895 POM_5V_GPU 41/41 POM_5V_CPU 164/146
[ts: 1636412477.915015] RAM 1479/3956MB (lfb 197x4MB) SWAP 215/1978MB (cached 7MB) IRAM 0/252kB(lfb 252kB) CPU [7%@1132,off,off,off] EMC_FREQ 2%@1600 GR3D_FREQ 0%@76 APE 25 PLL@32C CPU@34C PMIC@50C GPU@32.5C AO@42C thermal@33.25C POM_5V_IN 1892/1894 POM_5V_GPU 41/41 POM_5V_CPU 123/144
[ts: 1636412478.422119] RAM 1479/3956MB (lfb 197x4MB) SWAP 215/1978MB (cached 7MB) IRAM 0/252kB(lfb 252kB) CPU [5%@1132,off,off,off] EMC_FREQ 2%@1600 GR3D_FREQ 0%@76 APE 25 PLL@32C CPU@34C PMIC@50C GPU@33C AO@42C thermal@33.5C POM_5V_IN 1892/1894 POM_5V_GPU 41/41 POM_5V_CPU 164/146
[ts: 1636412478.930277] RAM 1479/3956MB (lfb 197x4MB) SWAP 215/1978MB (cached 7MB) IRAM 0/252kB(lfb 252kB) CPU [3%@1132,off,off,off] EMC_FREQ 2%@1600 GR3D_FREQ 0%@76 APE 25 PLL@31.5C CPU@34.5C PMIC@50C GPU@33C AO@42C thermal@33.5C POM_5V_IN 1892/1894 POM_5V_GPU 41/41 POM_5V_CPU 123/144
[ts: 1636412479.437620] RAM 1479/3956MB (lfb 197x4MB) SWAP 215/1978MB (cached 7MB) IRAM 0/252kB(lfb 252kB) CPU [2%@1132,off,off,off] EMC_FREQ 2%@1600 GR3D_FREQ 0%@76 APE 25 PLL@31.5C CPU@34C PMIC@50C GPU@33C AO@42C thermal@33.25C POM_5V_IN 1934/1896 POM_5V_GPU 41/41 POM_5V_CPU 164/145
[ts: 1636412479.944643] RAM 1479/3956MB (lfb 197x4MB) SWAP 215/1978MB (cached 7MB) IRAM 0/252kB(lfb 252kB) CPU [5%@1132,off,off,off] EMC_FREQ 2%@1600 GR3D_FREQ 0%@76 APE 25 PLL@31.5C CPU@33.5C PMIC@50C GPU@32.5C AO@42C thermal@33.25C POM_5V_IN 1892/1896 POM_5V_GPU 41/41 POM_5V_CPU 123/144
[ts: 1636412480.454498] RAM 1483/3956MB (lfb 197x4MB) SWAP 215/1978MB (cached 7MB) IRAM 0/252kB(lfb 252kB) CPU [37%@1132,off,off,off] EMC_FREQ 2%@1600 GR3D_FREQ 0%@76 APE 25 PLL@32C CPU@34C PMIC@50C GPU@33C AO@42.5C thermal@33.25C POM_5V_IN 2379/1920 POM_5V_GPU 41/41 POM_5V_CPU 533/164
[ts: 1636412480.962379] RAM 1493/3956MB (lfb 197x4MB) SWAP 215/1978MB (cached 7MB) IRAM 0/252kB(lfb 252kB) CPU [100%@1132,off,off,off] EMC_FREQ 2%@1600 GR3D_FREQ 0%@76 APE 25 PLL@32C CPU@34C PMIC@50C GPU@33C AO@42C thermal@33.5C POM_5V_IN 2420/1944 POM_5V_GPU 41/41 POM_5V_CPU 615/185
[ts: 1636412481.470515] RAM 1506/3956MB (lfb 197x4MB) SWAP 215/1978MB (cached 7MB) IRAM 0/252kB(lfb 252kB) CPU [100%@1132,off,off,off] EMC_FREQ 2%@1600 GR3D_FREQ 0%@76 APE 25 PLL@32C CPU@34.5C PMIC@50C GPU@33C AO@42C thermal@33.5C POM_5V_IN 2420/1966 POM_5V_GPU 41/41 POM_5V_CPU 615/205
[ts: 1636412481.977947] RAM 1513/3956MB (lfb 197x4MB) SWAP 215/1978MB (cached 7MB) IRAM 0/252kB(lfb 252kB) CPU [100%@1132,off,off,off] EMC_FREQ 2%@1600 GR3D_FREQ 0%@76 APE 25 PLL@32C CPU@34.5C PMIC@50C GPU@33C AO@42C thermal@33.5C POM_5V_IN 2379/1983 POM_5V_GPU 41/41 POM_5V_CPU 574/221
[ts: 1636412482.485486] RAM 1516/3956MB (lfb 197x4MB) SWAP 215/1978MB (cached 7MB) IRAM 0/252kB(lfb 252kB) CPU [100%@1132,off,off,off] EMC_FREQ 2%@1600 GR3D_FREQ 0%@76 APE 25 PLL@32C CPU@34.5C PMIC@50C GPU@33C AO@42C thermal@33.5C POM_5V_IN 2338/1998 POM_5V_GPU 41/41 POM_5V_CPU 574/235
[ts: 1636412482.994384] RAM 1523/3956MB (lfb 197x4MB) SWAP 215/1978MB (cached 7MB) IRAM 0/252kB(lfb 252kB) CPU [100%@1132,off,off,off] EMC_FREQ 2%@1600 GR3D_FREQ 0%@76 APE 25 PLL@32.5C CPU@34.5C PMIC@50C GPU@34.5C AO@42C thermal@34.25C POM_5V_IN 2338/2012 POM_5V_GPU 0/39 POM_5V_CPU 574/249
[ts: 1636412483.502384] RAM 1553/3956MB (lfb 197x4MB) SWAP 215/1978MB (cached 7MB) IRAM 0/252kB(lfb 252kB) CPU [100%@1132,off,off,off] EMC_FREQ 2%@1600 GR3D_FREQ 0%@76 APE 25 PLL@31.5C CPU@34C PMIC@50C GPU@33.5C AO@42C thermal@34.25C POM_5V_IN 2338/2024 POM_5V_GPU 0/37 POM_5V_CPU 574/261
[ts: 1636412484.010409] RAM 1564/3956MB (lfb 197x4MB) SWAP 215/1978MB (cached 7MB) IRAM 0/252kB(lfb 252kB) CPU [100%@1132,off,off,off] EMC_FREQ 2%@1600 GR3D_FREQ 0%@76 APE 25 PLL@32C CPU@34C PMIC@50C GPU@34C AO@42C thermal@34.25C POM_5V_IN 2338/2036 POM_5V_GPU 0/36 POM_5V_CPU 574/273
[ts: 1636412484.518396] RAM 1570/3956MB (lfb 197x4MB) SWAP 215/1978MB (cached 7MB) IRAM 0/252kB(lfb 252kB) CPU [100%@1132,off,off,off] EMC_FREQ 2%@1600 GR3D_FREQ 0%@76 APE 25 PLL@32C CPU@34C PMIC@50C GPU@34C AO@42C thermal@34.25C POM_5V_IN 2338/2047 POM_5V_GPU 0/35 POM_5V_CPU 492/281
[ts: 1636412485.026374] RAM 1580/3956MB (lfb 197x4MB) SWAP 215/1978MB (cached 7MB) IRAM 0/252kB(lfb 252kB) CPU [100%@1132,off,off,off] EMC_FREQ 2%@1600 GR3D_FREQ 0%@76 APE 25 PLL@32C CPU@34.5C PMIC@50C GPU@34C AO@42C thermal@34.25C POM_5V_IN 2338/2057 POM_5V_GPU 0/33 POM_5V_CPU 615/292
[ts: 1636412485.534425] RAM 1593/3956MB (lfb 197x4MB) SWAP 215/1978MB (cached 7MB) IRAM 0/252kB(lfb 252kB) CPU [100%@1132,off,off,off] EMC_FREQ 2%@1600 GR3D_FREQ 0%@76 APE 25 PLL@32C CPU@34.5C PMIC@50C GPU@33C AO@42.5C thermal@34.25C POM_5V_IN 2498/2071 POM_5V_GPU 40/34 POM_5V_CPU 655/304
[ts: 1636412486.042156] RAM 1624/3956MB (lfb 197x4MB) SWAP 215/1978MB (cached 7MB) IRAM 0/252kB(lfb 252kB) CPU [100%@1132,off,off,off] EMC_FREQ 3%@1600 GR3D_FREQ 8%@76 APE 25 PLL@32C CPU@34.5C PMIC@50C GPU@33.5C AO@42C thermal@34.25C POM_5V_IN 2457/2084 POM_5V_GPU 81/35 POM_5V_CPU 573/313
[ts: 1636412486.554453] RAM 1672/3956MB (lfb 197x4MB) SWAP 215/1978MB (cached 7MB) IRAM 0/252kB(lfb 252kB) CPU [100%@1132,off,off,off] EMC_FREQ 3%@1600 GR3D_FREQ 47%@76 APE 25 PLL@32C CPU@34C PMIC@50C GPU@33C AO@42C thermal@33.75C POM_5V_IN 2457/2095 POM_5V_GPU 81/37 POM_5V_CPU 573/321
[ts: 1636412487.062141] RAM 1741/3956MB (lfb 197x4MB) SWAP 215/1978MB (cached 7MB) IRAM 0/252kB(lfb 252kB) CPU [100%@1132,off,off,off] EMC_FREQ 3%@1600 GR3D_FREQ 22%@76 APE 25 PLL@32.5C CPU@34.5C PMIC@50C GPU@33.5C AO@42.5C thermal@33.75C POM_5V_IN 2539/2109 POM_5V_GPU 81/38 POM_5V_CPU 614/330
[ts: 1636412487.570428] RAM 1775/3956MB (lfb 197x4MB) SWAP 215/1978MB (cached 7MB) IRAM 0/252kB(lfb 252kB) CPU [98%@1132,off,off,off] EMC_FREQ 3%@1600 GR3D_FREQ 9%@76 APE 25 PLL@32C CPU@34.5C PMIC@50C GPU@33C AO@42C thermal@34C POM_5V_IN 2457/2119 POM_5V_GPU 81/39 POM_5V_CPU 614/338
[ts: 1636412488.079230] RAM 1844/3956MB (lfb 197x4MB) SWAP 215/1978MB (cached 7MB) IRAM 0/252kB(lfb 252kB) CPU [98%@1132,off,off,off] EMC_FREQ 4%@1600 GR3D_FREQ 14%@76 APE 25 PLL@32C CPU@34.5C PMIC@50C GPU@33C AO@42.5C thermal@34C POM_5V_IN 2539/2131 POM_5V_GPU 81/40 POM_5V_CPU 655/347
[ts: 1636412488.588866] RAM 1897/3956MB (lfb 197x4MB) SWAP 215/1978MB (cached 7MB) IRAM 0/252kB(lfb 252kB) CPU [98%@1132,off,off,off] EMC_FREQ 4%@1600 GR3D_FREQ 1%@76 APE 25 PLL@32C CPU@34.5C PMIC@50C GPU@33C AO@42.5C thermal@33.75C POM_5V_IN 2457/2140 POM_5V_GPU 81/41 POM_5V_CPU 614/355
[ts: 1636412489.097294] RAM 1968/3956MB (lfb 191x4MB) SWAP 215/1978MB (cached 7MB) IRAM 0/252kB(lfb 252kB) CPU [100%@1132,off,off,off] EMC_FREQ 4%@1600 GR3D_FREQ 0%@76 APE 25 PLL@32C CPU@34C PMIC@50C GPU@33C AO@42C thermal@33.75C POM_5V_IN 2539/2151 POM_5V_GPU 81/43 POM_5V_CPU 614/362
[ts: 1636412489.606498] RAM 2028/3956MB (lfb 185x4MB) SWAP 215/1978MB (cached 7MB) IRAM 0/252kB(lfb 252kB) CPU [98%@1132,off,off,off] EMC_FREQ 4%@1600 GR3D_FREQ 1%@76 APE 25 PLL@32C CPU@34.5C PMIC@50C GPU@33C AO@42.5C thermal@34.25C POM_5V_IN 2498/2160 POM_5V_GPU 81/44 POM_5V_CPU 573/367
[ts: 1636412490.114520] RAM 2090/3956MB (lfb 178x4MB) SWAP 215/1978MB (cached 7MB) IRAM 0/252kB(lfb 252kB) CPU [98%@1132,off,off,off] EMC_FREQ 4%@1600 GR3D_FREQ 0%@76 APE 25 PLL@32C CPU@34.5C PMIC@50C GPU@33.5C AO@42C thermal@34.25C POM_5V_IN 2621/2172 POM_5V_GPU 81/44 POM_5V_CPU 614/374
[ts: 1636412490.622527] RAM 2136/3956MB (lfb 179x4MB) SWAP 215/1978MB (cached 7MB) IRAM 0/252kB(lfb 252kB) CPU [100%@1132,off,off,off] EMC_FREQ 4%@1600 GR3D_FREQ 27%@76 APE 25 PLL@32C CPU@34C PMIC@50C GPU@33C AO@42.5C thermal@33.5C POM_5V_IN 2457/2179 POM_5V_GPU 81/45 POM_5V_CPU 574/379
[ts: 1636412491.130708] RAM 2205/3956MB (lfb 174x4MB) SWAP 215/1978MB (cached 7MB) IRAM 0/252kB(lfb 252kB) CPU [98%@1132,off,off,off] EMC_FREQ 4%@1600 GR3D_FREQ 0%@76 APE 25 PLL@32C CPU@34C PMIC@50C GPU@33.5C AO@42.5C thermal@33.5C POM_5V_IN 2457/2186 POM_5V_GPU 81/46 POM_5V_CPU 573/383
[ts: 1636412491.639157] RAM 2279/3956MB (lfb 169x4MB) SWAP 215/1978MB (cached 7MB) IRAM 0/252kB(lfb 252kB) CPU [100%@1132,off,off,off] EMC_FREQ 4%@1600 GR3D_FREQ 0%@76 APE 25 PLL@32C CPU@34.5C PMIC@50C GPU@33C AO@42.5C thermal@33.5C POM_5V_IN 2498/2193 POM_5V_GPU 81/47 POM_5V_CPU 614/389
[ts: 1636412492.147302] RAM 2346/3956MB (lfb 162x4MB) SWAP 215/1978MB (cached 7MB) IRAM 0/252kB(lfb 252kB) CPU [98%@1132,off,off,off] EMC_FREQ 4%@1600 GR3D_FREQ 28%@76 APE 25 PLL@32.5C CPU@34.5C PMIC@50C GPU@33C AO@42.5C thermal@33.75C POM_5V_IN 2420/2198 POM_5V_GPU 82/48 POM_5V_CPU 574/393
[ts: 1636412492.655160] RAM 2418/3956MB (lfb 153x4MB) SWAP 215/1978MB (cached 7MB) IRAM 0/252kB(lfb 252kB) CPU [100%@1132,off,off,off] EMC_FREQ 4%@1600 GR3D_FREQ 20%@76 APE 25 PLL@32C CPU@34C PMIC@50C GPU@33.5C AO@42.5C thermal@33.75C POM_5V_IN 2498/2205 POM_5V_GPU 81/49 POM_5V_CPU 573/397
[ts: 1636412493.164587] RAM 2473/3956MB (lfb 147x4MB) SWAP 215/1978MB (cached 7MB) IRAM 0/252kB(lfb 252kB) CPU [98%@1132,off,off,off] EMC_FREQ 4%@1600 GR3D_FREQ 12%@76 APE 25 PLL@32C CPU@34C PMIC@50C GPU@33.5C AO@42.5C thermal@34C POM_5V_IN 2498/2212 POM_5V_GPU 81/49 POM_5V_CPU 614/402
[ts: 1636412493.672338] RAM 2536/3956MB (lfb 141x4MB) SWAP 215/1978MB (cached 7MB) IRAM 0/252kB(lfb 252kB) CPU [100%@1132,off,off,off] EMC_FREQ 4%@1600 GR3D_FREQ 21%@76 APE 25 PLL@32C CPU@34C PMIC@50C GPU@33.5C AO@42.5C thermal@34C POM_5V_IN 2498/2218 POM_5V_GPU 81/50 POM_5V_CPU 614/407
[ts: 1636412494.180760] RAM 2591/3956MB (lfb 136x4MB) SWAP 215/1978MB (cached 7MB) IRAM 0/252kB(lfb 252kB) CPU [98%@1132,off,off,off] EMC_FREQ 4%@1600 GR3D_FREQ 7%@76 APE 25 PLL@32C CPU@34C PMIC@50C GPU@33C AO@42.5C thermal@33.5C POM_5V_IN 2457/2223 POM_5V_GPU 81/51 POM_5V_CPU 573/410
[ts: 1636412494.688827] RAM 2640/3956MB (lfb 134x4MB) SWAP 215/1978MB (cached 7MB) IRAM 0/252kB(lfb 252kB) CPU [97%@1132,off,off,off] EMC_FREQ 4%@1600 GR3D_FREQ 29%@76 APE 25 PLL@32C CPU@34C PMIC@50C GPU@33C AO@42.5C thermal@33.5C POM_5V_IN 2379/2226 POM_5V_GPU 82/51 POM_5V_CPU 533/413
[ts: 1636412495.197540] RAM 2678/3956MB (lfb 132x4MB) SWAP 215/1978MB (cached 7MB) IRAM 0/252kB(lfb 252kB) CPU [100%@1132,off,off,off] EMC_FREQ 4%@1600 GR3D_FREQ 1%@76 APE 25 PLL@32.5C CPU@34.5C PMIC@50C GPU@33C AO@42C thermal@33.75C POM_5V_IN 2498/2232 POM_5V_GPU 81/52 POM_5V_CPU 614/417
[ts: 1636412495.705663] RAM 2746/3956MB (lfb 126x4MB) SWAP 215/1978MB (cached 7MB) IRAM 0/252kB(lfb 252kB) CPU [98%@1132,off,off,off] EMC_FREQ 4%@1600 GR3D_FREQ 18%@76 APE 25 PLL@32.5C CPU@34.5C PMIC@50C GPU@33.5C AO@42.5C thermal@33.75C POM_5V_IN 2420/2236 POM_5V_GPU 82/52 POM_5V_CPU 533/419
[ts: 1636412496.214099] RAM 2823/3956MB (lfb 116x4MB) SWAP 215/1978MB (cached 7MB) IRAM 0/252kB(lfb 252kB) CPU [100%@1132,off,off,off] EMC_FREQ 4%@1600 GR3D_FREQ 0%@76 APE 25 PLL@32C CPU@34C PMIC@50C GPU@33C AO@42.5C thermal@33.75C POM_5V_IN 2539/2241 POM_5V_GPU 40/52 POM_5V_CPU 573/422
[ts: 1636412496.721537] RAM 2897/3956MB (lfb 108x4MB) SWAP 215/1978MB (cached 7MB) IRAM 0/252kB(lfb 252kB) CPU [98%@1132,off,off,off] EMC_FREQ 4%@1600 GR3D_FREQ 0%@76 APE 25 PLL@32C CPU@34C PMIC@50C GPU@33.5C AO@42.5C thermal@33.75C POM_5V_IN 2539/2247 POM_5V_GPU 40/52 POM_5V_CPU 573/425
[ts: 1636412497.230802] RAM 2919/3956MB (lfb 109x4MB) SWAP 215/1978MB (cached 7MB) IRAM 0/252kB(lfb 252kB) CPU [100%@1132,off,off,off] EMC_FREQ 4%@1600 GR3D_FREQ 19%@76 APE 25 PLL@32C CPU@34.5C PMIC@50C GPU@33C AO@42.5C thermal@33.75C POM_5V_IN 2580/2253 POM_5V_GPU 81/52 POM_5V_CPU 614/428
[ts: 1636412497.738603] RAM 2950/3956MB (lfb 107x4MB) SWAP 215/1978MB (cached 7MB) IRAM 0/252kB(lfb 252kB) CPU [96%@1132,off,off,off] EMC_FREQ 4%@1600 GR3D_FREQ 0%@76 APE 25 PLL@32C CPU@34.5C PMIC@50C GPU@33C AO@42.5C thermal@33.75C POM_5V_IN 2498/2258 POM_5V_GPU 40/52 POM_5V_CPU 655/433
[ts: 1636412498.247438] RAM 2950/3956MB (lfb 107x4MB) SWAP 215/1978MB (cached 7MB) IRAM 0/252kB(lfb 252kB) CPU [100%@1132,off,off,off] EMC_FREQ 4%@1600 GR3D_FREQ 0%@76 APE 25 PLL@32C CPU@34.5C PMIC@50C GPU@33C AO@42.5C thermal@33.75C POM_5V_IN 2498/2262 POM_5V_GPU 40/52 POM_5V_CPU 655/437
[ts: 1636412498.758722] RAM 2950/3956MB (lfb 107x4MB) SWAP 215/1978MB (cached 7MB) IRAM 0/252kB(lfb 252kB) CPU [100%@1132,off,off,off] EMC_FREQ 4%@1600 GR3D_FREQ 0%@76 APE 25 PLL@32.5C CPU@34.5C PMIC@50C GPU@33C AO@42.5C thermal@34C POM_5V_IN 2498/2267 POM_5V_GPU 40/52 POM_5V_CPU 655/441
[ts: 1636412499.266586] RAM 2950/3956MB (lfb 107x4MB) SWAP 215/1978MB (cached 7MB) IRAM 0/252kB(lfb 252kB) CPU [100%@1132,off,off,off] EMC_FREQ 4%@1600 GR3D_FREQ 0%@76 APE 25 PLL@32C CPU@34.5C PMIC@50C GPU@33C AO@43C thermal@34C POM_5V_IN 2498/2271 POM_5V_GPU 40/52 POM_5V_CPU 655/444
[ts: 1636412499.774597] RAM 2950/3956MB (lfb 107x4MB) SWAP 215/1978MB (cached 7MB) IRAM 0/252kB(lfb 252kB) CPU [100%@1132,off,off,off] EMC_FREQ 4%@1600 GR3D_FREQ 0%@76 APE 25 PLL@32C CPU@34.5C PMIC@50C GPU@33.5C AO@42.5C thermal@34C POM_5V_IN 2498/2274 POM_5V_GPU 40/51 POM_5V_CPU 655/448
[ts: 1636412500.286731] RAM 2950/3956MB (lfb 107x4MB) SWAP 215/1978MB (cached 7MB) IRAM 0/252kB(lfb 252kB) CPU [100%@1132,off,off,off] EMC_FREQ 4%@1600 GR3D_FREQ 0%@76 APE 25 PLL@32C CPU@34C PMIC@50C GPU@33.5C AO@42.5C thermal@34C POM_5V_IN 2498/2278 POM_5V_GPU 40/51 POM_5V_CPU 532/449
[ts: 1636412500.794591] RAM 2948/3956MB (lfb 107x4MB) SWAP 215/1978MB (cached 7MB) IRAM 0/252kB(lfb 252kB) CPU [100%@1132,off,off,off] EMC_FREQ 4%@1600 GR3D_FREQ 0%@76 APE 25 PLL@32C CPU@34C PMIC@50C GPU@34C AO@42.5C thermal@33.75C POM_5V_IN 2420/2281 POM_5V_GPU 41/51 POM_5V_CPU 492/450
[ts: 1636412501.302374] RAM 1480/3956MB (lfb 197x4MB) SWAP 215/1978MB (cached 7MB) IRAM 0/252kB(lfb 252kB) CPU [100%@1132,off,off,off] EMC_FREQ 4%@1600 GR3D_FREQ 0%@76 APE 25 PLL@32.5C CPU@34.5C PMIC@50C GPU@33.5C AO@42.5C thermal@33.75C POM_5V_IN 2498/2284 POM_5V_GPU 40/51 POM_5V_CPU 532/451
[ts: 1636412501.809871] RAM 1480/3956MB (lfb 197x4MB) SWAP 215/1978MB (cached 7MB) IRAM 0/252kB(lfb 252kB) CPU [36%@1132,off,off,off] EMC_FREQ 4%@1600 GR3D_FREQ 0%@76 APE 25 PLL@32C CPU@33.5C PMIC@50C GPU@33C AO@42C thermal@33.5C POM_5V_IN 1892/2278 POM_5V_GPU 41/51 POM_5V_CPU 123/446
[ts: 1636412502.317153] RAM 1480/3956MB (lfb 197x4MB) SWAP 215/1978MB (cached 7MB) IRAM 0/252kB(lfb 252kB) CPU [3%@1132,off,off,off] EMC_FREQ 4%@1600 GR3D_FREQ 0%@76 APE 25 PLL@32C CPU@34C PMIC@50C GPU@33C AO@42C thermal@33.5C POM_5V_IN 1892/2272 POM_5V_GPU 41/50 POM_5V_CPU 123/441
[ts: 1636412502.824228] RAM 1480/3956MB (lfb 197x4MB) SWAP 215/1978MB (cached 7MB) IRAM 0/252kB(lfb 252kB) CPU [1%@1132,off,off,off] EMC_FREQ 3%@1600 GR3D_FREQ 0%@76 APE 25 PLL@31.5C CPU@33.5C PMIC@50C GPU@33.5C AO@42C thermal@33.5C POM_5V_IN 1851/2265 POM_5V_GPU 41/50 POM_5V_CPU 123/436
