SOC family:tegra210  Machine:NVIDIA Jetson Nano Developer Kit
Online CPUs: 0
cpu0: Online=1 Governor=schedutil MinFreq=614400 MaxFreq=614400 CurrentFreq=614400 IdleStates: WFI=1 c7=1 
cpu1: Online=0 Governor=schedutil MinFreq=614400 MaxFreq=614400 CurrentFreq=614400 IdleStates: WFI=1 c7=1 
cpu2: Online=0 Governor=schedutil MinFreq=614400 MaxFreq=614400 CurrentFreq=614400 IdleStates: WFI=1 c7=1 
cpu3: Online=0 Governor=schedutil MinFreq=614400 MaxFreq=614400 CurrentFreq=614400 IdleStates: WFI=1 c7=1 
GPU MinFreq=76800000 MaxFreq=614400000 CurrentFreq=76800000
EMC MinFreq=204000000 MaxFreq=1600000000 CurrentFreq=1600000000 FreqOverride=0
Fan: PWM=0
NV Power Mode: 5W
[ts: 1636413543.225390] RAM 1455/3956MB (lfb 199x4MB) SWAP 238/1978MB (cached 12MB) IRAM 0/252kB(lfb 252kB) CPU [56%@614,off,off,off] EMC_FREQ 3%@1600 GR3D_FREQ 0%@76 APE 25 PLL@32C CPU@34C PMIC@50C GPU@33.5C AO@42C thermal@33.75C POM_5V_IN 1892/1892 POM_5V_GPU 41/41 POM_5V_CPU 123/123
[ts: 1636413543.734675] RAM 1455/3956MB (lfb 199x4MB) SWAP 238/1978MB (cached 12MB) IRAM 0/252kB(lfb 252kB) CPU [7%@614,off,off,off] EMC_FREQ 2%@1600 GR3D_FREQ 0%@76 APE 25 PLL@32C CPU@33.5C PMIC@50C GPU@33.5C AO@42.5C thermal@33.75C POM_5V_IN 1934/1913 POM_5V_GPU 41/41 POM_5V_CPU 164/143
[ts: 1636413544.244033] RAM 1455/3956MB (lfb 199x4MB) SWAP 238/1978MB (cached 12MB) IRAM 0/252kB(lfb 252kB) CPU [2%@614,off,off,off] EMC_FREQ 2%@1600 GR3D_FREQ 0%@76 APE 25 PLL@32C CPU@34C PMIC@50C GPU@34C AO@42C thermal@33.75C POM_5V_IN 1892/1906 POM_5V_GPU 41/41 POM_5V_CPU 123/136
[ts: 1636413544.754401] RAM 1455/3956MB (lfb 199x4MB) SWAP 238/1978MB (cached 12MB) IRAM 0/252kB(lfb 252kB) CPU [6%@614,off,off,off] EMC_FREQ 2%@1600 GR3D_FREQ 0%@76 APE 25 PLL@32C CPU@34C PMIC@50C GPU@33.5C AO@42C thermal@33.75C POM_5V_IN 1892/1902 POM_5V_GPU 41/41 POM_5V_CPU 123/133
[ts: 1636413545.265902] RAM 1455/3956MB (lfb 199x4MB) SWAP 238/1978MB (cached 12MB) IRAM 0/252kB(lfb 252kB) CPU [0%@614,off,off,off] EMC_FREQ 2%@1600 GR3D_FREQ 0%@76 APE 25 PLL@32C CPU@34C PMIC@50C GPU@33.5C AO@42C thermal@33.75C POM_5V_IN 1892/1900 POM_5V_GPU 41/41 POM_5V_CPU 123/131
[ts: 1636413545.775578] RAM 1455/3956MB (lfb 199x4MB) SWAP 238/1978MB (cached 12MB) IRAM 0/252kB(lfb 252kB) CPU [6%@614,off,off,off] EMC_FREQ 2%@1600 GR3D_FREQ 0%@76 APE 25 PLL@32C CPU@34C PMIC@50C GPU@33.5C AO@42C thermal@33.75C POM_5V_IN 1892/1899 POM_5V_GPU 41/41 POM_5V_CPU 123/129
[ts: 1636413546.286390] RAM 1455/3956MB (lfb 199x4MB) SWAP 238/1978MB (cached 12MB) IRAM 0/252kB(lfb 252kB) CPU [4%@614,off,off,off] EMC_FREQ 2%@1600 GR3D_FREQ 0%@76 APE 25 PLL@32C CPU@34.5C PMIC@50C GPU@33.5C AO@42C thermal@33.75C POM_5V_IN 1892/1898 POM_5V_GPU 41/41 POM_5V_CPU 123/128
[ts: 1636413546.796381] RAM 1455/3956MB (lfb 199x4MB) SWAP 238/1978MB (cached 12MB) IRAM 0/252kB(lfb 252kB) CPU [4%@614,off,off,off] EMC_FREQ 2%@1600 GR3D_FREQ 0%@76 APE 25 PLL@32C CPU@34C PMIC@50C GPU@33C AO@42C thermal@33.75C POM_5V_IN 1892/1897 POM_5V_GPU 41/41 POM_5V_CPU 123/128
[ts: 1636413547.306665] RAM 1455/3956MB (lfb 199x4MB) SWAP 238/1978MB (cached 12MB) IRAM 0/252kB(lfb 252kB) CPU [5%@614,off,off,off] EMC_FREQ 2%@1600 GR3D_FREQ 22%@76 APE 25 PLL@32.5C CPU@34C PMIC@50C GPU@33C AO@42C thermal@33.75C POM_5V_IN 1934/1901 POM_5V_GPU 41/41 POM_5V_CPU 164/132
[ts: 1636413547.816816] RAM 1455/3956MB (lfb 199x4MB) SWAP 238/1978MB (cached 12MB) IRAM 0/252kB(lfb 252kB) CPU [0%@614,off,off,off] EMC_FREQ 2%@1600 GR3D_FREQ 0%@76 APE 25 PLL@32C CPU@33.5C PMIC@50C GPU@33.5C AO@42.5C thermal@33.75C POM_5V_IN 1892/1900 POM_5V_GPU 41/41 POM_5V_CPU 123/131
[ts: 1636413548.326408] RAM 1455/3956MB (lfb 199x4MB) SWAP 238/1978MB (cached 12MB) IRAM 0/252kB(lfb 252kB) CPU [2%@614,off,off,off] EMC_FREQ 2%@1600 GR3D_FREQ 0%@76 APE 25 PLL@32C CPU@34C PMIC@50C GPU@33.5C AO@42C thermal@33.75C POM_5V_IN 1892/1899 POM_5V_GPU 41/41 POM_5V_CPU 123/130
[ts: 1636413548.837010] RAM 1455/3956MB (lfb 199x4MB) SWAP 238/1978MB (cached 12MB) IRAM 0/252kB(lfb 252kB) CPU [4%@614,off,off,off] EMC_FREQ 2%@1600 GR3D_FREQ 0%@76 APE 25 PLL@32C CPU@34C PMIC@50C GPU@33C AO@42C thermal@33.75C POM_5V_IN 1892/1899 POM_5V_GPU 41/41 POM_5V_CPU 123/129
[ts: 1636413549.347126] RAM 1455/3956MB (lfb 199x4MB) SWAP 238/1978MB (cached 12MB) IRAM 0/252kB(lfb 252kB) CPU [7%@614,off,off,off] EMC_FREQ 2%@1600 GR3D_FREQ 0%@76 APE 25 PLL@32C CPU@34C PMIC@50C GPU@33.5C AO@42C thermal@33.75C POM_5V_IN 1892/1898 POM_5V_GPU 41/41 POM_5V_CPU 123/129
[ts: 1636413549.857216] RAM 1455/3956MB (lfb 199x4MB) SWAP 238/1978MB (cached 12MB) IRAM 0/252kB(lfb 252kB) CPU [4%@614,off,off,off] EMC_FREQ 2%@1600 GR3D_FREQ 0%@76 APE 25 PLL@31.5C CPU@34C PMIC@50C GPU@33.5C AO@42C thermal@33.75C POM_5V_IN 1892/1898 POM_5V_GPU 41/41 POM_5V_CPU 123/128
[ts: 1636413550.368482] RAM 1455/3956MB (lfb 199x4MB) SWAP 238/1978MB (cached 12MB) IRAM 0/252kB(lfb 252kB) CPU [2%@614,off,off,off] EMC_FREQ 2%@1600 GR3D_FREQ 0%@76 APE 25 PLL@31.5C CPU@34C PMIC@50C GPU@33.5C AO@42C thermal@33.75C POM_5V_IN 1892/1897 POM_5V_GPU 41/41 POM_5V_CPU 123/128
[ts: 1636413550.886963] RAM 1455/3956MB (lfb 199x4MB) SWAP 238/1978MB (cached 12MB) IRAM 0/252kB(lfb 252kB) CPU [5%@614,off,off,off] EMC_FREQ 2%@1600 GR3D_FREQ 0%@76 APE 25 PLL@32C CPU@34C PMIC@50C GPU@33.5C AO@42C thermal@33.75C POM_5V_IN 1892/1897 POM_5V_GPU 41/41 POM_5V_CPU 123/128
[ts: 1636413551.396825] RAM 1455/3956MB (lfb 199x4MB) SWAP 238/1978MB (cached 12MB) IRAM 0/252kB(lfb 252kB) CPU [2%@614,off,off,off] EMC_FREQ 2%@1600 GR3D_FREQ 0%@76 APE 25 PLL@32C CPU@34C PMIC@50C GPU@33C AO@42C thermal@33.75C POM_5V_IN 1892/1896 POM_5V_GPU 41/41 POM_5V_CPU 123/127
[ts: 1636413551.907382] RAM 1455/3956MB (lfb 199x4MB) SWAP 238/1978MB (cached 12MB) IRAM 0/252kB(lfb 252kB) CPU [4%@614,off,off,off] EMC_FREQ 2%@1600 GR3D_FREQ 0%@76 APE 25 PLL@32C CPU@33.5C PMIC@50C GPU@33C AO@42.5C thermal@33.75C POM_5V_IN 1851/1894 POM_5V_GPU 41/41 POM_5V_CPU 123/127
[ts: 1636413552.417662] RAM 1455/3956MB (lfb 199x4MB) SWAP 238/1978MB (cached 12MB) IRAM 0/252kB(lfb 252kB) CPU [5%@614,off,off,off] EMC_FREQ 2%@1600 GR3D_FREQ 0%@76 APE 25 PLL@32C CPU@34C PMIC@50C GPU@33C AO@42.5C thermal@33.5C POM_5V_IN 1892/1894 POM_5V_GPU 41/41 POM_5V_CPU 123/127
[ts: 1636413552.939078] RAM 1459/3956MB (lfb 199x4MB) SWAP 238/1978MB (cached 12MB) IRAM 0/252kB(lfb 252kB) CPU [53%@614,off,off,off] EMC_FREQ 2%@1600 GR3D_FREQ 0%@76 APE 25 PLL@32C CPU@34.5C PMIC@50C GPU@33C AO@42.5C thermal@33.5C POM_5V_IN 2136/1906 POM_5V_GPU 41/41 POM_5V_CPU 328/137
[ts: 1636413553.451029] RAM 1463/3956MB (lfb 199x4MB) SWAP 238/1978MB (cached 12MB) IRAM 0/252kB(lfb 252kB) CPU [100%@614,off,off,off] EMC_FREQ 2%@1600 GR3D_FREQ 0%@76 APE 25 PLL@32C CPU@34.5C PMIC@50C GPU@33.5C AO@42C thermal@34C POM_5V_IN 2136/1917 POM_5V_GPU 41/41 POM_5V_CPU 369/148
[ts: 1636413553.964824] RAM 1470/3956MB (lfb 199x4MB) SWAP 238/1978MB (cached 12MB) IRAM 0/252kB(lfb 252kB) CPU [100%@614,off,off,off] EMC_FREQ 2%@1600 GR3D_FREQ 0%@76 APE 25 PLL@32C CPU@34C PMIC@50C GPU@33.5C AO@42C thermal@34C POM_5V_IN 2136/1927 POM_5V_GPU 41/41 POM_5V_CPU 369/158
[ts: 1636413554.479008] RAM 1476/3956MB (lfb 199x4MB) SWAP 238/1978MB (cached 12MB) IRAM 0/252kB(lfb 252kB) CPU [100%@614,off,off,off] EMC_FREQ 2%@1600 GR3D_FREQ 0%@76 APE 25 PLL@32C CPU@34C PMIC@50C GPU@33C AO@42.5C thermal@34C POM_5V_IN 2136/1936 POM_5V_GPU 41/41 POM_5V_CPU 369/167
[ts: 1636413554.992828] RAM 1484/3956MB (lfb 199x4MB) SWAP 238/1978MB (cached 12MB) IRAM 0/252kB(lfb 252kB) CPU [100%@614,off,off,off] EMC_FREQ 2%@1600 GR3D_FREQ 0%@76 APE 25 PLL@32C CPU@34C PMIC@50C GPU@33.5C AO@42.5C thermal@33.75C POM_5V_IN 2136/1944 POM_5V_GPU 41/41 POM_5V_CPU 369/175
[ts: 1636413555.508699] RAM 1488/3956MB (lfb 199x4MB) SWAP 238/1978MB (cached 12MB) IRAM 0/252kB(lfb 252kB) CPU [100%@614,off,off,off] EMC_FREQ 2%@1600 GR3D_FREQ 0%@76 APE 25 PLL@32C CPU@34C PMIC@50C GPU@33.5C AO@42.5C thermal@33.75C POM_5V_IN 2136/1952 POM_5V_GPU 41/41 POM_5V_CPU 369/183
[ts: 1636413556.040544] RAM 1491/3956MB (lfb 199x4MB) SWAP 238/1978MB (cached 12MB) IRAM 0/252kB(lfb 252kB) CPU [100%@614,off,off,off] EMC_FREQ 2%@1600 GR3D_FREQ 0%@76 APE 25 PLL@32.5C CPU@34C PMIC@50C GPU@33.5C AO@42.5C thermal@33.75C POM_5V_IN 2136/1959 POM_5V_GPU 82/42 POM_5V_CPU 369/190
[ts: 1636413556.555608] RAM 1493/3956MB (lfb 199x4MB) SWAP 238/1978MB (cached 12MB) IRAM 0/252kB(lfb 252kB) CPU [100%@614,off,off,off] EMC_FREQ 2%@1600 GR3D_FREQ 0%@76 APE 25 PLL@32C CPU@34C PMIC@50C GPU@33.5C AO@42C thermal@33.75C POM_5V_IN 2095/1964 POM_5V_GPU 41/42 POM_5V_CPU 328/195
[ts: 1636413557.068474] RAM 1497/3956MB (lfb 199x4MB) SWAP 238/1978MB (cached 12MB) IRAM 0/252kB(lfb 252kB) CPU [100%@614,off,off,off] EMC_FREQ 2%@1600 GR3D_FREQ 0%@76 APE 25 PLL@32.5C CPU@34C PMIC@50C GPU@33.5C AO@42C thermal@33.75C POM_5V_IN 2136/1970 POM_5V_GPU 41/42 POM_5V_CPU 369/202
[ts: 1636413557.580796] RAM 1503/3956MB (lfb 199x4MB) SWAP 238/1978MB (cached 12MB) IRAM 0/252kB(lfb 252kB) CPU [100%@614,off,off,off] EMC_FREQ 2%@1600 GR3D_FREQ 0%@76 APE 25 PLL@32.5C CPU@34C PMIC@50C GPU@33.5C AO@42C thermal@33.75C POM_5V_IN 2136/1976 POM_5V_GPU 41/42 POM_5V_CPU 369/207
[ts: 1636413558.092713] RAM 1518/3956MB (lfb 199x4MB) SWAP 238/1978MB (cached 12MB) IRAM 0/252kB(lfb 252kB) CPU [100%@614,off,off,off] EMC_FREQ 2%@1600 GR3D_FREQ 0%@76 APE 25 PLL@32C CPU@34C PMIC@50C GPU@33.5C AO@42C thermal@33.75C POM_5V_IN 2136/1981 POM_5V_GPU 41/42 POM_5V_CPU 328/211
[ts: 1636413558.607773] RAM 1533/3956MB (lfb 199x4MB) SWAP 238/1978MB (cached 12MB) IRAM 0/252kB(lfb 252kB) CPU [100%@614,off,off,off] EMC_FREQ 2%@1600 GR3D_FREQ 0%@76 APE 25 PLL@32C CPU@34.5C PMIC@50C GPU@33C AO@42C thermal@33.75C POM_5V_IN 2177/1987 POM_5V_GPU 41/42 POM_5V_CPU 369/216
[ts: 1636413559.122344] RAM 1539/3956MB (lfb 199x4MB) SWAP 238/1978MB (cached 12MB) IRAM 0/252kB(lfb 252kB) CPU [100%@614,off,off,off] EMC_FREQ 2%@1600 GR3D_FREQ 0%@76 APE 25 PLL@32C CPU@34.5C PMIC@50C GPU@33.5C AO@42.5C thermal@33.75C POM_5V_IN 2136/1992 POM_5V_GPU 41/42 POM_5V_CPU 369/221
[ts: 1636413559.634105] RAM 1543/3956MB (lfb 199x4MB) SWAP 238/1978MB (cached 12MB) IRAM 0/252kB(lfb 252kB) CPU [100%@614,off,off,off] EMC_FREQ 2%@1600 GR3D_FREQ 0%@76 APE 25 PLL@32C CPU@34C PMIC@50C GPU@33.5C AO@42C thermal@33.75C POM_5V_IN 2136/1996 POM_5V_GPU 41/42 POM_5V_CPU 369/226
[ts: 1636413560.146348] RAM 1547/3956MB (lfb 199x4MB) SWAP 238/1978MB (cached 12MB) IRAM 0/252kB(lfb 252kB) CPU [100%@614,off,off,off] EMC_FREQ 2%@1600 GR3D_FREQ 0%@76 APE 25 PLL@32C CPU@34C PMIC@50C GPU@33.5C AO@42C thermal@33.75C POM_5V_IN 2218/2003 POM_5V_GPU 41/42 POM_5V_CPU 328/229
[ts: 1636413560.660889] RAM 1551/3956MB (lfb 199x4MB) SWAP 238/1978MB (cached 12MB) IRAM 0/252kB(lfb 252kB) CPU [100%@614,off,off,off] EMC_FREQ 2%@1600 GR3D_FREQ 0%@76 APE 25 PLL@32C CPU@34C PMIC@50C GPU@33C AO@42C thermal@33.75C POM_5V_IN 2136/2007 POM_5V_GPU 41/42 POM_5V_CPU 328/231
[ts: 1636413561.192688] RAM 1557/3956MB (lfb 199x4MB) SWAP 238/1978MB (cached 12MB) IRAM 0/252kB(lfb 252kB) CPU [100%@614,off,off,off] EMC_FREQ 2%@1600 GR3D_FREQ 0%@76 APE 25 PLL@32C CPU@34C PMIC@50C GPU@33.5C AO@42C thermal@33.75C POM_5V_IN 2136/2010 POM_5V_GPU 82/43 POM_5V_CPU 328/234
[ts: 1636413561.704699] RAM 1564/3956MB (lfb 199x4MB) SWAP 238/1978MB (cached 12MB) IRAM 0/252kB(lfb 252kB) CPU [100%@614,off,off,off] EMC_FREQ 2%@1600 GR3D_FREQ 0%@76 APE 25 PLL@32C CPU@34C PMIC@50C GPU@33.5C AO@42C thermal@33.75C POM_5V_IN 2136/2014 POM_5V_GPU 41/43 POM_5V_CPU 328/237
[ts: 1636413562.216989] RAM 1585/3956MB (lfb 199x4MB) SWAP 238/1978MB (cached 12MB) IRAM 0/252kB(lfb 252kB) CPU [100%@614,off,off,off] EMC_FREQ 2%@1600 GR3D_FREQ 0%@76 APE 25 PLL@32.5C CPU@34.5C PMIC@50C GPU@33.5C AO@42C thermal@33.75C POM_5V_IN 2256/2020 POM_5V_GPU 41/43 POM_5V_CPU 410/241
[ts: 1636413562.729032] RAM 1598/3956MB (lfb 199x4MB) SWAP 238/1978MB (cached 12MB) IRAM 0/252kB(lfb 252kB) CPU [100%@614,off,off,off] EMC_FREQ 2%@1600 GR3D_FREQ 1%@76 APE 25 PLL@32C CPU@34.5C PMIC@50C GPU@33C AO@42C thermal@34C POM_5V_IN 2218/2025 POM_5V_GPU 41/43 POM_5V_CPU 369/244
[ts: 1636413563.239767] RAM 1641/3956MB (lfb 199x4MB) SWAP 238/1978MB (cached 12MB) IRAM 0/252kB(lfb 252kB) CPU [100%@614,off,off,off] EMC_FREQ 3%@1600 GR3D_FREQ 12%@76 APE 25 PLL@32C CPU@34.5C PMIC@50C GPU@33.5C AO@42.5C thermal@34C POM_5V_IN 2218/2030 POM_5V_GPU 82/44 POM_5V_CPU 369/248
[ts: 1636413563.755787] RAM 1694/3956MB (lfb 199x4MB) SWAP 238/1978MB (cached 12MB) IRAM 0/252kB(lfb 252kB) CPU [100%@614,off,off,off] EMC_FREQ 3%@1600 GR3D_FREQ 0%@76 APE 25 PLL@32C CPU@34C PMIC@50C GPU@33.5C AO@42.5C thermal@33.5C POM_5V_IN 2218/2034 POM_5V_GPU 41/44 POM_5V_CPU 369/251
[ts: 1636413564.267380] RAM 1694/3956MB (lfb 199x4MB) SWAP 238/1978MB (cached 12MB) IRAM 0/252kB(lfb 252kB) CPU [98%@614,off,off,off] EMC_FREQ 3%@1600 GR3D_FREQ 12%@76 APE 25 PLL@32C CPU@34.5C PMIC@50C GPU@33.5C AO@42.5C thermal@33.5C POM_5V_IN 2218/2039 POM_5V_GPU 82/44 POM_5V_CPU 369/253
[ts: 1636413564.778877] RAM 1747/3956MB (lfb 199x4MB) SWAP 238/1978MB (cached 12MB) IRAM 0/252kB(lfb 252kB) CPU [100%@614,off,off,off] EMC_FREQ 3%@1600 GR3D_FREQ 12%@76 APE 25 PLL@32C CPU@34.5C PMIC@50C GPU@33.5C AO@42.5C thermal@33.75C POM_5V_IN 2215/2043 POM_5V_GPU 82/45 POM_5V_CPU 410/257
[ts: 1636413565.291359] RAM 1756/3956MB (lfb 199x4MB) SWAP 238/1978MB (cached 12MB) IRAM 0/252kB(lfb 252kB) CPU [100%@614,off,off,off] EMC_FREQ 3%@1600 GR3D_FREQ 14%@76 APE 25 PLL@32C CPU@34C PMIC@50C GPU@33.5C AO@42.5C thermal@33.75C POM_5V_IN 2177/2046 POM_5V_GPU 82/46 POM_5V_CPU 328/259
[ts: 1636413565.804789] RAM 1800/3956MB (lfb 199x4MB) SWAP 238/1978MB (cached 12MB) IRAM 0/252kB(lfb 252kB) CPU [100%@614,off,off,off] EMC_FREQ 3%@1600 GR3D_FREQ 0%@76 APE 25 PLL@32C CPU@34C PMIC@50C GPU@33C AO@42C thermal@33.5C POM_5V_IN 2256/2051 POM_5V_GPU 41/46 POM_5V_CPU 410/262
[ts: 1636413566.317077] RAM 1860/3956MB (lfb 196x4MB) SWAP 238/1978MB (cached 12MB) IRAM 0/252kB(lfb 252kB) CPU [98%@614,off,off,off] EMC_FREQ 3%@1600 GR3D_FREQ 0%@76 APE 25 PLL@32C CPU@34C PMIC@50C GPU@33C AO@42C thermal@33.5C POM_5V_IN 2256/2055 POM_5V_GPU 41/46 POM_5V_CPU 369/264
[ts: 1636413566.828397] RAM 1883/3956MB (lfb 194x4MB) SWAP 238/1978MB (cached 12MB) IRAM 0/252kB(lfb 252kB) CPU [100%@614,off,off,off] EMC_FREQ 3%@1600 GR3D_FREQ 5%@76 APE 25 PLL@32C CPU@34.5C PMIC@50C GPU@33C AO@42.5C thermal@33.5C POM_5V_IN 2256/2059 POM_5V_GPU 41/46 POM_5V_CPU 410/267
[ts: 1636413567.340878] RAM 1951/3956MB (lfb 187x4MB) SWAP 238/1978MB (cached 12MB) IRAM 0/252kB(lfb 252kB) CPU [100%@614,off,off,off] EMC_FREQ 3%@1600 GR3D_FREQ 0%@76 APE 25 PLL@32C CPU@34.5C PMIC@50C GPU@33.5C AO@42.5C thermal@34C POM_5V_IN 2256/2063 POM_5V_GPU 41/46 POM_5V_CPU 451/271
[ts: 1636413567.855770] RAM 1981/3956MB (lfb 186x4MB) SWAP 238/1978MB (cached 12MB) IRAM 0/252kB(lfb 252kB) CPU [100%@614,off,off,off] EMC_FREQ 3%@1600 GR3D_FREQ 0%@76 APE 25 PLL@32C CPU@34.5C PMIC@50C GPU@33.5C AO@42.5C thermal@34C POM_5V_IN 2256/2067 POM_5V_GPU 41/46 POM_5V_CPU 410/274
[ts: 1636413568.367253] RAM 2010/3956MB (lfb 185x4MB) SWAP 238/1978MB (cached 12MB) IRAM 0/252kB(lfb 252kB) CPU [98%@614,off,off,off] EMC_FREQ 3%@1600 GR3D_FREQ 10%@76 APE 25 PLL@32C CPU@34.5C PMIC@50C GPU@33.5C AO@42.5C thermal@33.5C POM_5V_IN 2256/2071 POM_5V_GPU 82/46 POM_5V_CPU 369/276
[ts: 1636413568.880723] RAM 2058/3956MB (lfb 182x4MB) SWAP 238/1978MB (cached 12MB) IRAM 0/252kB(lfb 252kB) CPU [100%@614,off,off,off] EMC_FREQ 3%@1600 GR3D_FREQ 0%@76 APE 25 PLL@32C CPU@34.5C PMIC@50C GPU@33C AO@42.5C thermal@33.5C POM_5V_IN 2256/2075 POM_5V_GPU 41/46 POM_5V_CPU 410/278
[ts: 1636413569.392174] RAM 2078/3956MB (lfb 181x4MB) SWAP 238/1978MB (cached 12MB) IRAM 0/252kB(lfb 252kB) CPU [98%@614,off,off,off] EMC_FREQ 3%@1600 GR3D_FREQ 6%@76 APE 25 PLL@32C CPU@34C PMIC@50C GPU@33.5C AO@42.5C thermal@34C POM_5V_IN 2218/2077 POM_5V_GPU 82/47 POM_5V_CPU 369/280
[ts: 1636413569.904803] RAM 2122/3956MB (lfb 178x4MB) SWAP 238/1978MB (cached 12MB) IRAM 0/252kB(lfb 252kB) CPU [100%@614,off,off,off] EMC_FREQ 3%@1600 GR3D_FREQ 0%@76 APE 25 PLL@32C CPU@34.5C PMIC@50C GPU@33.5C AO@42.5C thermal@34C POM_5V_IN 2218/2080 POM_5V_GPU 41/47 POM_5V_CPU 369/282
[ts: 1636413570.418326] RAM 2156/3956MB (lfb 175x4MB) SWAP 238/1978MB (cached 12MB) IRAM 0/252kB(lfb 252kB) CPU [100%@614,off,off,off] EMC_FREQ 3%@1600 GR3D_FREQ 12%@76 APE 25 PLL@32C CPU@34C PMIC@50C GPU@33.5C AO@42.5C thermal@33.75C POM_5V_IN 2177/2082 POM_5V_GPU 82/47 POM_5V_CPU 328/283
[ts: 1636413570.933455] RAM 2176/3956MB (lfb 174x4MB) SWAP 238/1978MB (cached 12MB) IRAM 0/252kB(lfb 252kB) CPU [100%@614,off,off,off] EMC_FREQ 3%@1600 GR3D_FREQ 27%@76 APE 25 PLL@32C CPU@34C PMIC@50C GPU@33.5C AO@42.5C thermal@33.75C POM_5V_IN 2177/2084 POM_5V_GPU 82/48 POM_5V_CPU 328/284
[ts: 1636413571.448001] RAM 2219/3956MB (lfb 169x4MB) SWAP 238/1978MB (cached 12MB) IRAM 0/252kB(lfb 252kB) CPU [98%@614,off,off,off] EMC_FREQ 3%@1600 GR3D_FREQ 0%@76 APE 25 PLL@32C CPU@34C PMIC@50C GPU@33.5C AO@42C thermal@33.75C POM_5V_IN 2177/2085 POM_5V_GPU 82/49 POM_5V_CPU 328/284
[ts: 1636413571.960866] RAM 2255/3956MB (lfb 166x4MB) SWAP 238/1978MB (cached 12MB) IRAM 0/252kB(lfb 252kB) CPU [100%@614,off,off,off] EMC_FREQ 3%@1600 GR3D_FREQ 11%@76 APE 25 PLL@32C CPU@34C PMIC@50C GPU@33.5C AO@42C thermal@33.75C POM_5V_IN 2256/2088 POM_5V_GPU 82/49 POM_5V_CPU 369/286
[ts: 1636413572.472533] RAM 2290/3956MB (lfb 164x4MB) SWAP 238/1978MB (cached 12MB) IRAM 0/252kB(lfb 252kB) CPU [98%@614,off,off,off] EMC_FREQ 3%@1600 GR3D_FREQ 6%@76 APE 25 PLL@32C CPU@34.5C PMIC@50C GPU@33.5C AO@42C thermal@33.75C POM_5V_IN 2218/2090 POM_5V_GPU 82/50 POM_5V_CPU 369/287
[ts: 1636413572.984836] RAM 2346/3956MB (lfb 159x4MB) SWAP 238/1978MB (cached 12MB) IRAM 0/252kB(lfb 252kB) CPU [100%@614,off,off,off] EMC_FREQ 3%@1600 GR3D_FREQ 9%@76 APE 25 PLL@32C CPU@34.5C PMIC@50C GPU@33.5C AO@42.5C thermal@33.75C POM_5V_IN 2256/2093 POM_5V_GPU 41/50 POM_5V_CPU 410/289
[ts: 1636413573.499570] RAM 2377/3956MB (lfb 157x4MB) SWAP 238/1978MB (cached 12MB) IRAM 0/252kB(lfb 252kB) CPU [100%@614,off,off,off] EMC_FREQ 3%@1600 GR3D_FREQ 0%@76 APE 25 PLL@32C CPU@34.5C PMIC@50C GPU@33.5C AO@42.5C thermal@33.75C POM_5V_IN 2215/2095 POM_5V_GPU 41/49 POM_5V_CPU 369/291
[ts: 1636413574.012341] RAM 2417/3956MB (lfb 154x4MB) SWAP 238/1978MB (cached 12MB) IRAM 0/252kB(lfb 252kB) CPU [100%@614,off,off,off] EMC_FREQ 3%@1600 GR3D_FREQ 12%@76 APE 25 PLL@32C CPU@34.5C PMIC@50C GPU@33.5C AO@42.5C thermal@33.75C POM_5V_IN 2177/2097 POM_5V_GPU 82/50 POM_5V_CPU 328/291
[ts: 1636413574.525219] RAM 2460/3956MB (lfb 149x4MB) SWAP 238/1978MB (cached 12MB) IRAM 0/252kB(lfb 252kB) CPU [98%@614,off,off,off] EMC_FREQ 3%@1600 GR3D_FREQ 27%@76 APE 25 PLL@32C CPU@34.5C PMIC@50C GPU@33.5C AO@42.5C thermal@33.75C POM_5V_IN 2177/2098 POM_5V_GPU 82/50 POM_5V_CPU 328/292
[ts: 1636413575.039199] RAM 2513/3956MB (lfb 144x4MB) SWAP 238/1978MB (cached 12MB) IRAM 0/252kB(lfb 252kB) CPU [100%@614,off,off,off] EMC_FREQ 3%@1600 GR3D_FREQ 0%@76 APE 25 PLL@32C CPU@34.5C PMIC@50C GPU@33.5C AO@42.5C thermal@34C POM_5V_IN 2256/2100 POM_5V_GPU 41/50 POM_5V_CPU 451/294
[ts: 1636413575.552250] RAM 2533/3956MB (lfb 142x4MB) SWAP 238/1978MB (cached 12MB) IRAM 0/252kB(lfb 252kB) CPU [100%@614,off,off,off] EMC_FREQ 3%@1600 GR3D_FREQ 1%@76 APE 25 PLL@32C CPU@34.5C PMIC@50C GPU@33.5C AO@42.5C thermal@34C POM_5V_IN 2218/2102 POM_5V_GPU 41/50 POM_5V_CPU 369/295
[ts: 1636413576.064608] RAM 2562/3956MB (lfb 141x4MB) SWAP 238/1978MB (cached 12MB) IRAM 0/252kB(lfb 252kB) CPU [98%@614,off,off,off] EMC_FREQ 3%@1600 GR3D_FREQ 8%@76 APE 25 PLL@32C CPU@34C PMIC@50C GPU@33.5C AO@42.5C thermal@33.75C POM_5V_IN 2218/2104 POM_5V_GPU 82/51 POM_5V_CPU 369/297
[ts: 1636413576.577424] RAM 2619/3956MB (lfb 135x4MB) SWAP 238/1978MB (cached 12MB) IRAM 0/252kB(lfb 252kB) CPU [100%@614,off,off,off] EMC_FREQ 3%@1600 GR3D_FREQ 0%@76 APE 25 PLL@32C CPU@34.5C PMIC@50C GPU@33.5C AO@42.5C thermal@33.75C POM_5V_IN 2256/2106 POM_5V_GPU 41/50 POM_5V_CPU 451/299
[ts: 1636413577.088974] RAM 2661/3956MB (lfb 129x4MB) SWAP 238/1978MB (cached 12MB) IRAM 0/252kB(lfb 252kB) CPU [100%@614,off,off,off] EMC_FREQ 3%@1600 GR3D_FREQ 14%@76 APE 25 PLL@32C CPU@34C PMIC@50C GPU@33.5C AO@42.5C thermal@33.75C POM_5V_IN 2218/2108 POM_5V_GPU 82/51 POM_5V_CPU 328/299
[ts: 1636413577.603933] RAM 2694/3956MB (lfb 126x4MB) SWAP 238/1978MB (cached 12MB) IRAM 0/252kB(lfb 252kB) CPU [100%@614,off,off,off] EMC_FREQ 3%@1600 GR3D_FREQ 20%@76 APE 25 PLL@32C CPU@34.5C PMIC@50C GPU@33.5C AO@42.5C thermal@33.75C POM_5V_IN 2218/2110 POM_5V_GPU 82/51 POM_5V_CPU 369/300
[ts: 1636413578.115490] RAM 2751/3956MB (lfb 119x4MB) SWAP 238/1978MB (cached 12MB) IRAM 0/252kB(lfb 252kB) CPU [100%@614,off,off,off] EMC_FREQ 3%@1600 GR3D_FREQ 12%@76 APE 25 PLL@32C CPU@34.5C PMIC@50C GPU@33.5C AO@42.5C thermal@33.75C POM_5V_IN 2218/2111 POM_5V_GPU 82/52 POM_5V_CPU 369/301
[ts: 1636413578.632243] RAM 2801/3956MB (lfb 111x4MB) SWAP 238/1978MB (cached 12MB) IRAM 0/252kB(lfb 252kB) CPU [100%@614,off,off,off] EMC_FREQ 3%@1600 GR3D_FREQ 0%@76 APE 25 PLL@32.5C CPU@34C PMIC@50C GPU@33C AO@42C thermal@33.75C POM_5V_IN 2215/2113 POM_5V_GPU 41/52 POM_5V_CPU 369/302
[ts: 1636413579.144992] RAM 2809/3956MB (lfb 114x4MB) SWAP 238/1978MB (cached 12MB) IRAM 0/252kB(lfb 252kB) CPU [100%@614,off,off,off] EMC_FREQ 3%@1600 GR3D_FREQ 7%@76 APE 25 PLL@32C CPU@34C PMIC@50C GPU@33.5C AO@42.5C thermal@33.75C POM_5V_IN 2256/2115 POM_5V_GPU 41/51 POM_5V_CPU 369/303
[ts: 1636413579.660092] RAM 2885/3956MB (lfb 106x4MB) SWAP 238/1978MB (cached 12MB) IRAM 0/252kB(lfb 252kB) CPU [98%@614,off,off,off] EMC_FREQ 3%@1600 GR3D_FREQ 0%@76 APE 25 PLL@32C CPU@34C PMIC@50C GPU@33.5C AO@42C thermal@34.25C POM_5V_IN 2218/2116 POM_5V_GPU 41/51 POM_5V_CPU 369/304
[ts: 1636413580.173175] RAM 2892/3956MB (lfb 106x4MB) SWAP 238/1978MB (cached 12MB) IRAM 0/252kB(lfb 252kB) CPU [100%@614,off,off,off] EMC_FREQ 3%@1600 GR3D_FREQ 11%@76 APE 25 PLL@32C CPU@34C PMIC@50C GPU@34C AO@42C thermal@34.25C POM_5V_IN 2215/2117 POM_5V_GPU 41/51 POM_5V_CPU 369/305
[ts: 1636413580.684727] RAM 2923/3956MB (lfb 104x4MB) SWAP 238/1978MB (cached 12MB) IRAM 0/252kB(lfb 252kB) CPU [100%@614,off,off,off] EMC_FREQ 3%@1600 GR3D_FREQ 14%@76 APE 25 PLL@32C CPU@34C PMIC@50C GPU@33.5C AO@42.5C thermal@34C POM_5V_IN 2218/2119 POM_5V_GPU 82/52 POM_5V_CPU 369/306
[ts: 1636413581.200386] RAM 2933/3956MB (lfb 102x4MB) SWAP 238/1978MB (cached 12MB) IRAM 0/252kB(lfb 252kB) CPU [96%@614,off,off,off] EMC_FREQ 3%@1600 GR3D_FREQ 0%@76 APE 25 PLL@32.5C CPU@34.5C PMIC@50C GPU@33.5C AO@42.5C thermal@34C POM_5V_IN 2177/2120 POM_5V_GPU 41/51 POM_5V_CPU 369/307
[ts: 1636413581.713005] RAM 2933/3956MB (lfb 102x4MB) SWAP 238/1978MB (cached 12MB) IRAM 0/252kB(lfb 252kB) CPU [100%@614,off,off,off] EMC_FREQ 3%@1600 GR3D_FREQ 0%@76 APE 25 PLL@32C CPU@34C PMIC@50C GPU@33.5C AO@42.5C thermal@33.75C POM_5V_IN 2177/2120 POM_5V_GPU 41/51 POM_5V_CPU 369/308
[ts: 1636413582.227316] RAM 2933/3956MB (lfb 102x4MB) SWAP 238/1978MB (cached 12MB) IRAM 0/252kB(lfb 252kB) CPU [100%@614,off,off,off] EMC_FREQ 3%@1600 GR3D_FREQ 0%@76 APE 25 PLL@32C CPU@34C PMIC@50C GPU@33.5C AO@42C thermal@33.75C POM_5V_IN 2177/2121 POM_5V_GPU 41/51 POM_5V_CPU 369/308
[ts: 1636413582.741113] RAM 2933/3956MB (lfb 102x4MB) SWAP 238/1978MB (cached 12MB) IRAM 0/252kB(lfb 252kB) CPU [100%@614,off,off,off] EMC_FREQ 3%@1600 GR3D_FREQ 0%@76 APE 25 PLL@32C CPU@34.5C PMIC@50C GPU@33.5C AO@42.5C thermal@33.5C POM_5V_IN 2177/2122 POM_5V_GPU 41/51 POM_5V_CPU 410/310
[ts: 1636413583.255294] RAM 2933/3956MB (lfb 102x4MB) SWAP 238/1978MB (cached 12MB) IRAM 0/252kB(lfb 252kB) CPU [100%@614,off,off,off] EMC_FREQ 3%@1600 GR3D_FREQ 0%@76 APE 25 PLL@32C CPU@34.5C PMIC@50C GPU@33.5C AO@42C thermal@33.5C POM_5V_IN 2218/2123 POM_5V_GPU 41/51 POM_5V_CPU 369/310
[ts: 1636413583.769004] RAM 2933/3956MB (lfb 102x4MB) SWAP 238/1978MB (cached 12MB) IRAM 0/252kB(lfb 252kB) CPU [100%@614,off,off,off] EMC_FREQ 3%@1600 GR3D_FREQ 0%@76 APE 25 PLL@32C CPU@34.5C PMIC@50C GPU@34C AO@42.5C thermal@34.25C POM_5V_IN 2136/2123 POM_5V_GPU 0/50 POM_5V_CPU 410/312
[ts: 1636413584.283568] RAM 2933/3956MB (lfb 102x4MB) SWAP 238/1978MB (cached 12MB) IRAM 0/252kB(lfb 252kB) CPU [100%@614,off,off,off] EMC_FREQ 3%@1600 GR3D_FREQ 0%@76 APE 25 PLL@32C CPU@34.5C PMIC@50C GPU@34C AO@42.5C thermal@34.25C POM_5V_IN 2177/2124 POM_5V_GPU 0/50 POM_5V_CPU 410/313
[ts: 1636413584.797041] RAM 2933/3956MB (lfb 102x4MB) SWAP 238/1978MB (cached 12MB) IRAM 0/252kB(lfb 252kB) CPU [100%@614,off,off,off] EMC_FREQ 3%@1600 GR3D_FREQ 0%@76 APE 25 PLL@32C CPU@34C PMIC@50C GPU@34C AO@43C thermal@34.25C POM_5V_IN 2136/2124 POM_5V_GPU 0/49 POM_5V_CPU 410/314
[ts: 1636413585.311309] RAM 2933/3956MB (lfb 102x4MB) SWAP 238/1978MB (cached 12MB) IRAM 0/252kB(lfb 252kB) CPU [100%@614,off,off,off] EMC_FREQ 3%@1600 GR3D_FREQ 0%@76 APE 25 PLL@32C CPU@34.5C PMIC@50C GPU@34C AO@42C thermal@34C POM_5V_IN 2136/2124 POM_5V_GPU 0/48 POM_5V_CPU 410/315
[ts: 1636413585.826995] RAM 2933/3956MB (lfb 102x4MB) SWAP 238/1978MB (cached 12MB) IRAM 0/252kB(lfb 252kB) CPU [100%@614,off,off,off] EMC_FREQ 3%@1600 GR3D_FREQ 0%@76 APE 25 PLL@32C CPU@33.5C PMIC@50C GPU@34C AO@42C thermal@34C POM_5V_IN 2136/2124 POM_5V_GPU 0/48 POM_5V_CPU 287/315
[ts: 1636413586.341377] RAM 2932/3956MB (lfb 102x4MB) SWAP 238/1978MB (cached 12MB) IRAM 0/252kB(lfb 252kB) CPU [100%@614,off,off,off] EMC_FREQ 3%@1600 GR3D_FREQ 0%@76 APE 25 PLL@32C CPU@34C PMIC@50C GPU@34C AO@42.5C thermal@34C POM_5V_IN 2136/2124 POM_5V_GPU 0/47 POM_5V_CPU 328/315
[ts: 1636413586.855994] RAM 1564/3956MB (lfb 195x4MB) SWAP 238/1978MB (cached 12MB) IRAM 0/252kB(lfb 252kB) CPU [100%@614,off,off,off] EMC_FREQ 3%@1600 GR3D_FREQ 0%@76 APE 25 PLL@32C CPU@34C PMIC@50C GPU@34C AO@42.5C thermal@34C POM_5V_IN 2136/2124 POM_5V_GPU 0/47 POM_5V_CPU 369/316
[ts: 1636413587.366134] RAM 1456/3956MB (lfb 199x4MB) SWAP 238/1978MB (cached 12MB) IRAM 0/252kB(lfb 252kB) CPU [100%@614,off,off,off] EMC_FREQ 4%@1600 GR3D_FREQ 0%@76 APE 25 PLL@32C CPU@34.5C PMIC@50C GPU@33.5C AO@42C thermal@33.75C POM_5V_IN 2297/2126 POM_5V_GPU 41/47 POM_5V_CPU 328/316
[ts: 1636413587.876282] RAM 1456/3956MB (lfb 199x4MB) SWAP 238/1978MB (cached 12MB) IRAM 0/252kB(lfb 252kB) CPU [29%@614,off,off,off] EMC_FREQ 3%@1600 GR3D_FREQ 0%@76 APE 25 PLL@32C CPU@34C PMIC@50C GPU@33.5C AO@42.5C thermal@33.75C POM_5V_IN 1975/2125 POM_5V_GPU 41/47 POM_5V_CPU 205/314
[ts: 1636413588.386388] RAM 1456/3956MB (lfb 199x4MB) SWAP 238/1978MB (cached 12MB) IRAM 0/252kB(lfb 252kB) CPU [2%@614,off,off,off] EMC_FREQ 3%@1600 GR3D_FREQ 0%@76 APE 25 PLL@32C CPU@34C PMIC@50C GPU@33.5C AO@42C thermal@33.75C POM_5V_IN 1892/2122 POM_5V_GPU 41/46 POM_5V_CPU 123/312
[ts: 1636413588.896181] RAM 1456/3956MB (lfb 199x4MB) SWAP 238/1978MB (cached 12MB) IRAM 0/252kB(lfb 252kB) CPU [2%@614,off,off,off] EMC_FREQ 3%@1600 GR3D_FREQ 0%@76 APE 25 PLL@32C CPU@34C PMIC@50C GPU@33.5C AO@42.5C thermal@33.75C POM_5V_IN 1892/2119 POM_5V_GPU 41/46 POM_5V_CPU 164/311
