SOC family:tegra210  Machine:NVIDIA Jetson Nano Developer Kit
Online CPUs: 0
cpu0: Online=1 Governor=schedutil MinFreq=403200 MaxFreq=403200 CurrentFreq=403200 IdleStates: WFI=1 c7=1 
cpu1: Online=0 Governor=schedutil MinFreq=403200 MaxFreq=403200 CurrentFreq=403200 IdleStates: WFI=1 c7=1 
cpu2: Online=0 Governor=schedutil MinFreq=403200 MaxFreq=403200 CurrentFreq=403200 IdleStates: WFI=1 c7=1 
cpu3: Online=0 Governor=schedutil MinFreq=403200 MaxFreq=403200 CurrentFreq=403200 IdleStates: WFI=1 c7=1 
GPU MinFreq=76800000 MaxFreq=921600000 CurrentFreq=76800000
EMC MinFreq=204000000 MaxFreq=1600000000 CurrentFreq=1600000000 FreqOverride=0
Fan: PWM=0
NV Power Mode: MAXN
[ts: 1636412686.303759] RAM 1482/3956MB (lfb 198x4MB) SWAP 215/1978MB (cached 7MB) IRAM 0/252kB(lfb 252kB) CPU [82%@403,off,off,off] EMC_FREQ 2%@1600 GR3D_FREQ 0%@76 APE 25 PLL@32C CPU@34C PMIC@50C GPU@33C AO@42C thermal@33.25C POM_5V_IN 1934/1934 POM_5V_GPU 41/41 POM_5V_CPU 164/164
[ts: 1636412686.818793] RAM 1482/3956MB (lfb 198x4MB) SWAP 215/1978MB (cached 7MB) IRAM 0/252kB(lfb 252kB) CPU [8%@403,off,off,off] EMC_FREQ 2%@1600 GR3D_FREQ 0%@76 APE 25 PLL@31.5C CPU@34C PMIC@50C GPU@33.5C AO@42C thermal@33.5C POM_5V_IN 1892/1913 POM_5V_GPU 41/41 POM_5V_CPU 123/143
[ts: 1636412687.332255] RAM 1482/3956MB (lfb 198x4MB) SWAP 215/1978MB (cached 7MB) IRAM 0/252kB(lfb 252kB) CPU [7%@403,off,off,off] EMC_FREQ 2%@1600 GR3D_FREQ 0%@76 APE 25 PLL@31.5C CPU@33.5C PMIC@50C GPU@32.5C AO@41.5C thermal@33.5C POM_5V_IN 1892/1906 POM_5V_GPU 41/41 POM_5V_CPU 123/136
[ts: 1636412687.846854] RAM 1482/3956MB (lfb 198x4MB) SWAP 215/1978MB (cached 7MB) IRAM 0/252kB(lfb 252kB) CPU [6%@403,off,off,off] EMC_FREQ 2%@1600 GR3D_FREQ 0%@76 APE 25 PLL@31.5C CPU@34C PMIC@50C GPU@33C AO@42C thermal@33.25C POM_5V_IN 1892/1902 POM_5V_GPU 41/41 POM_5V_CPU 123/133
[ts: 1636412688.360529] RAM 1482/3956MB (lfb 198x4MB) SWAP 215/1978MB (cached 7MB) IRAM 0/252kB(lfb 252kB) CPU [7%@403,off,off,off] EMC_FREQ 2%@1600 GR3D_FREQ 0%@76 APE 25 PLL@32C CPU@33.5C PMIC@50C GPU@33C AO@42C thermal@33.25C POM_5V_IN 1892/1900 POM_5V_GPU 41/41 POM_5V_CPU 123/131
[ts: 1636412688.873961] RAM 1482/3956MB (lfb 198x4MB) SWAP 215/1978MB (cached 7MB) IRAM 0/252kB(lfb 252kB) CPU [6%@403,off,off,off] EMC_FREQ 2%@1600 GR3D_FREQ 0%@76 APE 25 PLL@32C CPU@33.5C PMIC@50C GPU@33C AO@42C thermal@33.25C POM_5V_IN 1892/1899 POM_5V_GPU 41/41 POM_5V_CPU 123/129
[ts: 1636412689.387574] RAM 1482/3956MB (lfb 198x4MB) SWAP 215/1978MB (cached 7MB) IRAM 0/252kB(lfb 252kB) CPU [4%@403,off,off,off] EMC_FREQ 2%@1600 GR3D_FREQ 0%@76 APE 25 PLL@32C CPU@33.5C PMIC@50C GPU@32.5C AO@42C thermal@33.25C POM_5V_IN 1892/1898 POM_5V_GPU 41/41 POM_5V_CPU 164/134
[ts: 1636412689.900740] RAM 1482/3956MB (lfb 198x4MB) SWAP 215/1978MB (cached 7MB) IRAM 0/252kB(lfb 252kB) CPU [4%@403,off,off,off] EMC_FREQ 2%@1600 GR3D_FREQ 0%@76 APE 25 PLL@32C CPU@34C PMIC@50C GPU@33C AO@42C thermal@33.25C POM_5V_IN 1851/1892 POM_5V_GPU 41/41 POM_5V_CPU 123/133
[ts: 1636412690.414545] RAM 1482/3956MB (lfb 198x4MB) SWAP 215/1978MB (cached 7MB) IRAM 0/252kB(lfb 252kB) CPU [6%@403,off,off,off] EMC_FREQ 2%@1600 GR3D_FREQ 0%@76 APE 25 PLL@32C CPU@33.5C PMIC@50C GPU@33C AO@42C thermal@33.5C POM_5V_IN 1892/1892 POM_5V_GPU 41/41 POM_5V_CPU 123/132
[ts: 1636412690.927818] RAM 1482/3956MB (lfb 198x4MB) SWAP 215/1978MB (cached 7MB) IRAM 0/252kB(lfb 252kB) CPU [6%@403,off,off,off] EMC_FREQ 2%@1600 GR3D_FREQ 0%@76 APE 25 PLL@32C CPU@34C PMIC@50C GPU@33C AO@42C thermal@33.5C POM_5V_IN 1892/1892 POM_5V_GPU 41/41 POM_5V_CPU 123/131
[ts: 1636412691.441352] RAM 1482/3956MB (lfb 198x4MB) SWAP 215/1978MB (cached 7MB) IRAM 0/252kB(lfb 252kB) CPU [6%@403,off,off,off] EMC_FREQ 2%@1600 GR3D_FREQ 0%@76 APE 25 PLL@32C CPU@33.5C PMIC@50C GPU@32.5C AO@42C thermal@33.25C POM_5V_IN 1892/1892 POM_5V_GPU 41/41 POM_5V_CPU 123/130
[ts: 1636412691.955409] RAM 1482/3956MB (lfb 198x4MB) SWAP 215/1978MB (cached 7MB) IRAM 0/252kB(lfb 252kB) CPU [6%@403,off,off,off] EMC_FREQ 2%@1600 GR3D_FREQ 0%@76 APE 25 PLL@31.5C CPU@34C PMIC@50C GPU@33C AO@42C thermal@33.25C POM_5V_IN 1892/1892 POM_5V_GPU 41/41 POM_5V_CPU 123/129
[ts: 1636412692.469458] RAM 1482/3956MB (lfb 198x4MB) SWAP 215/1978MB (cached 7MB) IRAM 0/252kB(lfb 252kB) CPU [9%@403,off,off,off] EMC_FREQ 2%@1600 GR3D_FREQ 0%@76 APE 25 PLL@31.5C CPU@33.5C PMIC@50C GPU@33C AO@41.5C thermal@33.25C POM_5V_IN 1892/1892 POM_5V_GPU 41/41 POM_5V_CPU 123/129
[ts: 1636412692.984064] RAM 1482/3956MB (lfb 198x4MB) SWAP 215/1978MB (cached 7MB) IRAM 0/252kB(lfb 252kB) CPU [8%@403,off,off,off] EMC_FREQ 2%@1600 GR3D_FREQ 5%@76 APE 25 PLL@31.5C CPU@34C PMIC@50C GPU@33C AO@41.5C thermal@33.25C POM_5V_IN 1934/1895 POM_5V_GPU 41/41 POM_5V_CPU 164/131
[ts: 1636412693.496991] RAM 1482/3956MB (lfb 198x4MB) SWAP 215/1978MB (cached 7MB) IRAM 0/252kB(lfb 252kB) CPU [5%@403,off,off,off] EMC_FREQ 2%@1600 GR3D_FREQ 0%@76 APE 25 PLL@31.5C CPU@34C PMIC@50C GPU@32.5C AO@42C thermal@33.5C POM_5V_IN 1851/1892 POM_5V_GPU 41/41 POM_5V_CPU 123/131
[ts: 1636412694.010321] RAM 1482/3956MB (lfb 198x4MB) SWAP 215/1978MB (cached 7MB) IRAM 0/252kB(lfb 252kB) CPU [8%@403,off,off,off] EMC_FREQ 2%@1600 GR3D_FREQ 0%@76 APE 25 PLL@31.5C CPU@33.5C PMIC@50C GPU@33C AO@42C thermal@33.5C POM_5V_IN 1892/1892 POM_5V_GPU 41/41 POM_5V_CPU 123/130
[ts: 1636412694.523434] RAM 1482/3956MB (lfb 198x4MB) SWAP 215/1978MB (cached 7MB) IRAM 0/252kB(lfb 252kB) CPU [9%@403,off,off,off] EMC_FREQ 2%@1600 GR3D_FREQ 0%@76 APE 25 PLL@31.5C CPU@33.5C PMIC@50C GPU@33C AO@42C thermal@33.25C POM_5V_IN 1892/1892 POM_5V_GPU 41/41 POM_5V_CPU 123/130
[ts: 1636412695.037012] RAM 1482/3956MB (lfb 198x4MB) SWAP 215/1978MB (cached 7MB) IRAM 0/252kB(lfb 252kB) CPU [7%@403,off,off,off] EMC_FREQ 2%@1600 GR3D_FREQ 0%@76 APE 25 PLL@31.5C CPU@33.5C PMIC@50C GPU@33C AO@42C thermal@33.25C POM_5V_IN 1892/1892 POM_5V_GPU 41/41 POM_5V_CPU 123/129
[ts: 1636412695.550317] RAM 1482/3956MB (lfb 198x4MB) SWAP 215/1978MB (cached 7MB) IRAM 0/252kB(lfb 252kB) CPU [7%@403,off,off,off] EMC_FREQ 2%@1600 GR3D_FREQ 0%@76 APE 25 PLL@32C CPU@33.5C PMIC@50C GPU@33C AO@42C thermal@33.5C POM_5V_IN 1892/1892 POM_5V_GPU 41/41 POM_5V_CPU 123/129
[ts: 1636412696.078664] RAM 1485/3956MB (lfb 198x4MB) SWAP 215/1978MB (cached 7MB) IRAM 0/252kB(lfb 252kB) CPU [71%@403,off,off,off] EMC_FREQ 2%@1600 GR3D_FREQ 0%@76 APE 25 PLL@31.5C CPU@33.5C PMIC@50C GPU@33.5C AO@42C thermal@33.5C POM_5V_IN 2013/1898 POM_5V_GPU 41/41 POM_5V_CPU 246/135
[ts: 1636412696.601150] RAM 1487/3956MB (lfb 198x4MB) SWAP 215/1978MB (cached 7MB) IRAM 0/252kB(lfb 252kB) CPU [100%@403,off,off,off] EMC_FREQ 2%@1600 GR3D_FREQ 0%@76 APE 25 PLL@31.5C CPU@34C PMIC@50C GPU@33C AO@42C thermal@33.5C POM_5V_IN 2095/1907 POM_5V_GPU 123/44 POM_5V_CPU 246/140
[ts: 1636412697.118147] RAM 1491/3956MB (lfb 198x4MB) SWAP 215/1978MB (cached 7MB) IRAM 0/252kB(lfb 252kB) CPU [100%@403,off,off,off] EMC_FREQ 2%@1600 GR3D_FREQ 0%@76 APE 25 PLL@31.5C CPU@33.5C PMIC@50C GPU@33C AO@42C thermal@33C POM_5V_IN 2013/1912 POM_5V_GPU 41/44 POM_5V_CPU 246/145
[ts: 1636412697.635826] RAM 1496/3956MB (lfb 198x4MB) SWAP 215/1978MB (cached 7MB) IRAM 0/252kB(lfb 252kB) CPU [100%@403,off,off,off] EMC_FREQ 2%@1600 GR3D_FREQ 0%@76 APE 25 PLL@31.5C CPU@33.5C PMIC@50C GPU@33.5C AO@42C thermal@33C POM_5V_IN 1975/1915 POM_5V_GPU 0/42 POM_5V_CPU 246/149
[ts: 1636412698.153875] RAM 1499/3956MB (lfb 198x4MB) SWAP 215/1978MB (cached 7MB) IRAM 0/252kB(lfb 252kB) CPU [100%@403,off,off,off] EMC_FREQ 2%@1600 GR3D_FREQ 0%@76 APE 25 PLL@32C CPU@33.5C PMIC@50C GPU@34C AO@42C thermal@33.5C POM_5V_IN 1975/1917 POM_5V_GPU 0/41 POM_5V_CPU 246/153
[ts: 1636412698.672640] RAM 1505/3956MB (lfb 198x4MB) SWAP 215/1978MB (cached 7MB) IRAM 0/252kB(lfb 252kB) CPU [100%@403,off,off,off] EMC_FREQ 2%@1600 GR3D_FREQ 0%@76 APE 25 PLL@32C CPU@34C PMIC@50C GPU@34C AO@42C thermal@33.5C POM_5V_IN 1975/1919 POM_5V_GPU 0/39 POM_5V_CPU 246/157
[ts: 1636412699.190220] RAM 1510/3956MB (lfb 198x4MB) SWAP 215/1978MB (cached 7MB) IRAM 0/252kB(lfb 252kB) CPU [100%@403,off,off,off] EMC_FREQ 2%@1600 GR3D_FREQ 0%@76 APE 25 PLL@31.5C CPU@34C PMIC@50C GPU@33.5C AO@42C thermal@34C POM_5V_IN 1975/1921 POM_5V_GPU 0/37 POM_5V_CPU 246/160
[ts: 1636412699.711695] RAM 1512/3956MB (lfb 198x4MB) SWAP 215/1978MB (cached 7MB) IRAM 0/252kB(lfb 252kB) CPU [100%@403,off,off,off] EMC_FREQ 2%@1600 GR3D_FREQ 0%@76 APE 25 PLL@31.5C CPU@34C PMIC@50C GPU@33.5C AO@42C thermal@34C POM_5V_IN 1975/1923 POM_5V_GPU 0/36 POM_5V_CPU 246/164
[ts: 1636412700.230229] RAM 1516/3956MB (lfb 198x4MB) SWAP 215/1978MB (cached 7MB) IRAM 0/252kB(lfb 252kB) CPU [100%@403,off,off,off] EMC_FREQ 2%@1600 GR3D_FREQ 0%@76 APE 25 PLL@32C CPU@34C PMIC@50C GPU@32.5C AO@42C thermal@33.75C POM_5V_IN 2095/1930 POM_5V_GPU 82/38 POM_5V_CPU 246/166
[ts: 1636412700.748247] RAM 1518/3956MB (lfb 198x4MB) SWAP 215/1978MB (cached 7MB) IRAM 0/252kB(lfb 252kB) CPU [100%@403,off,off,off] EMC_FREQ 2%@1600 GR3D_FREQ 0%@76 APE 25 PLL@31.5C CPU@34C PMIC@50C GPU@32.5C AO@42C thermal@33.75C POM_5V_IN 2013/1932 POM_5V_GPU 41/38 POM_5V_CPU 246/169
[ts: 1636412701.266317] RAM 1519/3956MB (lfb 198x4MB) SWAP 215/1978MB (cached 7MB) IRAM 0/252kB(lfb 252kB) CPU [100%@403,off,off,off] EMC_FREQ 2%@1600 GR3D_FREQ 0%@76 APE 25 PLL@32C CPU@33.5C PMIC@50C GPU@34C AO@42C thermal@33.75C POM_5V_IN 1934/1932 POM_5V_GPU 0/36 POM_5V_CPU 246/172
[ts: 1636412701.783885] RAM 1520/3956MB (lfb 198x4MB) SWAP 215/1978MB (cached 7MB) IRAM 0/252kB(lfb 252kB) CPU [100%@403,off,off,off] EMC_FREQ 2%@1600 GR3D_FREQ 0%@76 APE 25 PLL@31.5C CPU@34C PMIC@50C GPU@33.5C AO@42C thermal@33.75C POM_5V_IN 1934/1932 POM_5V_GPU 0/35 POM_5V_CPU 246/174
[ts: 1636412702.303662] RAM 1524/3956MB (lfb 198x4MB) SWAP 215/1978MB (cached 7MB) IRAM 0/252kB(lfb 252kB) CPU [100%@403,off,off,off] EMC_FREQ 2%@1600 GR3D_FREQ 0%@76 APE 25 PLL@32C CPU@33.5C PMIC@50C GPU@34C AO@42C thermal@33.75C POM_5V_IN 1975/1934 POM_5V_GPU 0/34 POM_5V_CPU 246/176
[ts: 1636412702.823627] RAM 1524/3956MB (lfb 198x4MB) SWAP 215/1978MB (cached 7MB) IRAM 0/252kB(lfb 252kB) CPU [100%@403,off,off,off] EMC_FREQ 2%@1600 GR3D_FREQ 0%@76 APE 25 PLL@32C CPU@33.5C PMIC@50C GPU@34C AO@42C thermal@33.75C POM_5V_IN 1975/1935 POM_5V_GPU 0/33 POM_5V_CPU 246/178
[ts: 1636412703.344591] RAM 1530/3956MB (lfb 198x4MB) SWAP 215/1978MB (cached 7MB) IRAM 0/252kB(lfb 252kB) CPU [100%@403,off,off,off] EMC_FREQ 2%@1600 GR3D_FREQ 0%@76 APE 25 PLL@32C CPU@33.5C PMIC@50C GPU@34C AO@42.5C thermal@33.75C POM_5V_IN 1975/1936 POM_5V_GPU 0/32 POM_5V_CPU 246/180
[ts: 1636412703.865059] RAM 1542/3956MB (lfb 198x4MB) SWAP 215/1978MB (cached 7MB) IRAM 0/252kB(lfb 252kB) CPU [100%@403,off,off,off] EMC_FREQ 2%@1600 GR3D_FREQ 0%@76 APE 25 PLL@32C CPU@33.5C PMIC@50C GPU@34C AO@42C thermal@33.5C POM_5V_IN 1975/1937 POM_5V_GPU 0/31 POM_5V_CPU 246/182
[ts: 1636412704.382591] RAM 1551/3956MB (lfb 198x4MB) SWAP 215/1978MB (cached 7MB) IRAM 0/252kB(lfb 252kB) CPU [100%@403,off,off,off] EMC_FREQ 2%@1600 GR3D_FREQ 0%@76 APE 25 PLL@32C CPU@34C PMIC@50C GPU@34C AO@42C thermal@33.5C POM_5V_IN 1975/1938 POM_5V_GPU 0/30 POM_5V_CPU 246/184
[ts: 1636412704.899906] RAM 1560/3956MB (lfb 198x4MB) SWAP 215/1978MB (cached 7MB) IRAM 0/252kB(lfb 252kB) CPU [100%@403,off,off,off] EMC_FREQ 2%@1600 GR3D_FREQ 0%@76 APE 25 PLL@31.5C CPU@34C PMIC@50C GPU@33.5C AO@42C thermal@33.75C POM_5V_IN 1975/1939 POM_5V_GPU 0/29 POM_5V_CPU 246/186
[ts: 1636412705.419679] RAM 1565/3956MB (lfb 198x4MB) SWAP 215/1978MB (cached 7MB) IRAM 0/252kB(lfb 252kB) CPU [100%@403,off,off,off] EMC_FREQ 2%@1600 GR3D_FREQ 0%@76 APE 25 PLL@32C CPU@33.5C PMIC@50C GPU@34C AO@42C thermal@33.75C POM_5V_IN 1975/1940 POM_5V_GPU 0/29 POM_5V_CPU 246/187
[ts: 1636412705.936526] RAM 1567/3956MB (lfb 198x4MB) SWAP 215/1978MB (cached 7MB) IRAM 0/252kB(lfb 252kB) CPU [100%@403,off,off,off] EMC_FREQ 2%@1600 GR3D_FREQ 0%@76 APE 25 PLL@31.5C CPU@33.5C PMIC@50C GPU@33.5C AO@42C thermal@33.75C POM_5V_IN 1975/1941 POM_5V_GPU 0/28 POM_5V_CPU 246/189
[ts: 1636412706.453757] RAM 1570/3956MB (lfb 198x4MB) SWAP 215/1978MB (cached 7MB) IRAM 0/252kB(lfb 252kB) CPU [100%@403,off,off,off] EMC_FREQ 2%@1600 GR3D_FREQ 0%@76 APE 25 PLL@31.5C CPU@34C PMIC@50C GPU@33.5C AO@41.5C thermal@33.75C POM_5V_IN 1975/1942 POM_5V_GPU 0/27 POM_5V_CPU 246/190
[ts: 1636412706.972572] RAM 1573/3956MB (lfb 198x4MB) SWAP 215/1978MB (cached 7MB) IRAM 0/252kB(lfb 252kB) CPU [100%@403,off,off,off] EMC_FREQ 2%@1600 GR3D_FREQ 0%@76 APE 25 PLL@32C CPU@33.5C PMIC@50C GPU@34C AO@42C thermal@34C POM_5V_IN 1975/1943 POM_5V_GPU 0/27 POM_5V_CPU 246/192
[ts: 1636412707.489981] RAM 1576/3956MB (lfb 198x4MB) SWAP 215/1978MB (cached 7MB) IRAM 0/252kB(lfb 252kB) CPU [100%@403,off,off,off] EMC_FREQ 2%@1600 GR3D_FREQ 0%@76 APE 25 PLL@31.5C CPU@34C PMIC@50C GPU@33.5C AO@42C thermal@34C POM_5V_IN 1975/1943 POM_5V_GPU 0/26 POM_5V_CPU 246/193
[ts: 1636412708.007310] RAM 1578/3956MB (lfb 198x4MB) SWAP 215/1978MB (cached 7MB) IRAM 0/252kB(lfb 252kB) CPU [100%@403,off,off,off] EMC_FREQ 2%@1600 GR3D_FREQ 0%@76 APE 25 PLL@31.5C CPU@34C PMIC@50C GPU@33.5C AO@42C thermal@33.75C POM_5V_IN 1975/1944 POM_5V_GPU 0/25 POM_5V_CPU 246/194
[ts: 1636412708.527653] RAM 1583/3956MB (lfb 198x4MB) SWAP 215/1978MB (cached 7MB) IRAM 0/252kB(lfb 252kB) CPU [100%@403,off,off,off] EMC_FREQ 2%@1600 GR3D_FREQ 0%@76 APE 25 PLL@32C CPU@34C PMIC@50C GPU@34C AO@42C thermal@33.75C POM_5V_IN 1975/1945 POM_5V_GPU 0/25 POM_5V_CPU 246/195
[ts: 1636412709.046122] RAM 1586/3956MB (lfb 198x4MB) SWAP 215/1978MB (cached 7MB) IRAM 0/252kB(lfb 252kB) CPU [100%@403,off,off,off] EMC_FREQ 2%@1600 GR3D_FREQ 0%@76 APE 25 PLL@32C CPU@34C PMIC@50C GPU@34C AO@42C thermal@33.75C POM_5V_IN 1975/1946 POM_5V_GPU 0/24 POM_5V_CPU 246/196
[ts: 1636412709.572396] RAM 1591/3956MB (lfb 198x4MB) SWAP 215/1978MB (cached 7MB) IRAM 0/252kB(lfb 252kB) CPU [100%@403,off,off,off] EMC_FREQ 2%@1600 GR3D_FREQ 0%@76 APE 25 PLL@31.5C CPU@33.5C PMIC@50C GPU@32.5C AO@42C thermal@33.75C POM_5V_IN 2016/1947 POM_5V_GPU 41/24 POM_5V_CPU 246/197
[ts: 1636412710.089991] RAM 1601/3956MB (lfb 198x4MB) SWAP 215/1978MB (cached 7MB) IRAM 0/252kB(lfb 252kB) CPU [100%@403,off,off,off] EMC_FREQ 2%@1600 GR3D_FREQ 0%@76 APE 25 PLL@32C CPU@34C PMIC@50C GPU@33C AO@42C thermal@33.75C POM_5V_IN 2136/1951 POM_5V_GPU 41/25 POM_5V_CPU 287/199
[ts: 1636412710.607425] RAM 1618/3956MB (lfb 198x4MB) SWAP 215/1978MB (cached 7MB) IRAM 0/252kB(lfb 252kB) CPU [100%@403,off,off,off] EMC_FREQ 2%@1600 GR3D_FREQ 0%@76 APE 25 PLL@32C CPU@34C PMIC@50C GPU@33C AO@42C thermal@33.5C POM_5V_IN 2136/1955 POM_5V_GPU 41/25 POM_5V_CPU 287/201
[ts: 1636412711.127729] RAM 1622/3956MB (lfb 198x4MB) SWAP 215/1978MB (cached 7MB) IRAM 0/252kB(lfb 252kB) CPU [100%@403,off,off,off] EMC_FREQ 2%@1600 GR3D_FREQ 0%@76 APE 25 PLL@31.5C CPU@34C PMIC@50C GPU@33C AO@42C thermal@33.5C POM_5V_IN 2095/1958 POM_5V_GPU 41/25 POM_5V_CPU 287/203
[ts: 1636412711.648286] RAM 1628/3956MB (lfb 198x4MB) SWAP 215/1978MB (cached 7MB) IRAM 0/252kB(lfb 252kB) CPU [100%@403,off,off,off] EMC_FREQ 2%@1600 GR3D_FREQ 1%@76 APE 25 PLL@32C CPU@33.5C PMIC@50C GPU@33C AO@42C thermal@33.5C POM_5V_IN 2095/1961 POM_5V_GPU 82/27 POM_5V_CPU 246/204
[ts: 1636412712.166045] RAM 1639/3956MB (lfb 198x4MB) SWAP 215/1978MB (cached 7MB) IRAM 0/252kB(lfb 252kB) CPU [100%@403,off,off,off] EMC_FREQ 2%@1600 GR3D_FREQ 0%@76 APE 25 PLL@31.5C CPU@33.5C PMIC@50C GPU@33C AO@42C thermal@33.5C POM_5V_IN 2136/1964 POM_5V_GPU 82/28 POM_5V_CPU 246/205
[ts: 1636412712.683668] RAM 1696/3956MB (lfb 198x4MB) SWAP 215/1978MB (cached 7MB) IRAM 0/252kB(lfb 252kB) CPU [100%@403,off,off,off] EMC_FREQ 2%@1600 GR3D_FREQ 0%@76 APE 25 PLL@32C CPU@33.5C PMIC@50C GPU@32.5C AO@42C thermal@33.25C POM_5V_IN 2095/1966 POM_5V_GPU 41/28 POM_5V_CPU 287/206
[ts: 1636412713.201626] RAM 1700/3956MB (lfb 198x4MB) SWAP 215/1978MB (cached 7MB) IRAM 0/252kB(lfb 252kB) CPU [98%@403,off,off,off] EMC_FREQ 2%@1600 GR3D_FREQ 8%@76 APE 25 PLL@31.5C CPU@33.5C PMIC@50C GPU@33C AO@42C thermal@33.25C POM_5V_IN 2095/1969 POM_5V_GPU 82/29 POM_5V_CPU 246/207
[ts: 1636412713.720443] RAM 1736/3956MB (lfb 198x4MB) SWAP 215/1978MB (cached 7MB) IRAM 0/252kB(lfb 252kB) CPU [100%@403,off,off,off] EMC_FREQ 3%@1600 GR3D_FREQ 4%@76 APE 25 PLL@32C CPU@34C PMIC@50C GPU@33C AO@42C thermal@33C POM_5V_IN 2095/1971 POM_5V_GPU 41/29 POM_5V_CPU 287/208
[ts: 1636412714.239743] RAM 1791/3956MB (lfb 198x4MB) SWAP 215/1978MB (cached 7MB) IRAM 0/252kB(lfb 252kB) CPU [100%@403,off,off,off] EMC_FREQ 3%@1600 GR3D_FREQ 0%@76 APE 25 PLL@31.5C CPU@33.5C PMIC@50C GPU@33C AO@42C thermal@33C POM_5V_IN 2095/1973 POM_5V_GPU 41/29 POM_5V_CPU 246/209
[ts: 1636412714.757255] RAM 1798/3956MB (lfb 198x4MB) SWAP 215/1978MB (cached 7MB) IRAM 0/252kB(lfb 252kB) CPU [100%@403,off,off,off] EMC_FREQ 3%@1600 GR3D_FREQ 8%@76 APE 25 PLL@32C CPU@34C PMIC@50C GPU@33C AO@42C thermal@33.25C POM_5V_IN 2095/1976 POM_5V_GPU 82/30 POM_5V_CPU 246/210
[ts: 1636412715.275703] RAM 1796/3956MB (lfb 198x4MB) SWAP 215/1978MB (cached 7MB) IRAM 0/252kB(lfb 252kB) CPU [100%@403,off,off,off] EMC_FREQ 3%@1600 GR3D_FREQ 8%@76 APE 25 PLL@32C CPU@34C PMIC@50C GPU@32.5C AO@42C thermal@33.25C POM_5V_IN 2095/1978 POM_5V_GPU 82/31 POM_5V_CPU 246/210
[ts: 1636412715.796588] RAM 1851/3956MB (lfb 198x4MB) SWAP 215/1978MB (cached 7MB) IRAM 0/252kB(lfb 252kB) CPU [100%@403,off,off,off] EMC_FREQ 3%@1600 GR3D_FREQ 0%@76 APE 25 PLL@32C CPU@34C PMIC@50C GPU@33C AO@42C thermal@33.25C POM_5V_IN 2095/1980 POM_5V_GPU 41/31 POM_5V_CPU 246/211
[ts: 1636412716.317360] RAM 1874/3956MB (lfb 198x4MB) SWAP 215/1978MB (cached 7MB) IRAM 0/252kB(lfb 252kB) CPU [98%@403,off,off,off] EMC_FREQ 3%@1600 GR3D_FREQ 6%@76 APE 25 PLL@32C CPU@33.5C PMIC@50C GPU@32.5C AO@42C thermal@33.25C POM_5V_IN 2095/1982 POM_5V_GPU 82/32 POM_5V_CPU 246/211
[ts: 1636412716.836998] RAM 1872/3956MB (lfb 198x4MB) SWAP 215/1978MB (cached 7MB) IRAM 0/252kB(lfb 252kB) CPU [100%@403,off,off,off] EMC_FREQ 3%@1600 GR3D_FREQ 9%@76 APE 25 PLL@31.5C CPU@34C PMIC@50C GPU@33C AO@42C thermal@33.5C POM_5V_IN 2054/1983 POM_5V_GPU 82/33 POM_5V_CPU 246/212
[ts: 1636412717.355910] RAM 1900/3956MB (lfb 198x4MB) SWAP 215/1978MB (cached 7MB) IRAM 0/252kB(lfb 252kB) CPU [100%@403,off,off,off] EMC_FREQ 3%@1600 GR3D_FREQ 11%@76 APE 25 PLL@31.5C CPU@33.5C PMIC@50C GPU@32.5C AO@42C thermal@33.5C POM_5V_IN 2095/1985 POM_5V_GPU 82/34 POM_5V_CPU 246/213
[ts: 1636412717.876271] RAM 1949/3956MB (lfb 197x4MB) SWAP 215/1978MB (cached 7MB) IRAM 0/252kB(lfb 252kB) CPU [100%@403,off,off,off] EMC_FREQ 3%@1600 GR3D_FREQ 0%@76 APE 25 PLL@31.5C CPU@34C PMIC@50C GPU@33C AO@41.5C thermal@33.5C POM_5V_IN 2095/1986 POM_5V_GPU 41/34 POM_5V_CPU 287/214
[ts: 1636412718.393952] RAM 1979/3956MB (lfb 192x4MB) SWAP 215/1978MB (cached 7MB) IRAM 0/252kB(lfb 252kB) CPU [100%@403,off,off,off] EMC_FREQ 3%@1600 GR3D_FREQ 0%@76 APE 25 PLL@31.5C CPU@34C PMIC@50C GPU@33C AO@42C thermal@33C POM_5V_IN 2054/1988 POM_5V_GPU 41/34 POM_5V_CPU 246/214
[ts: 1636412718.911721] RAM 1983/3956MB (lfb 192x4MB) SWAP 215/1978MB (cached 7MB) IRAM 0/252kB(lfb 252kB) CPU [100%@403,off,off,off] EMC_FREQ 3%@1600 GR3D_FREQ 0%@76 APE 25 PLL@32C CPU@33.5C PMIC@50C GPU@33C AO@42C thermal@33C POM_5V_IN 2054/1989 POM_5V_GPU 82/35 POM_5V_CPU 246/215
[ts: 1636412719.434400] RAM 1998/3956MB (lfb 192x4MB) SWAP 215/1978MB (cached 7MB) IRAM 0/252kB(lfb 252kB) CPU [98%@403,off,off,off] EMC_FREQ 3%@1600 GR3D_FREQ 8%@76 APE 25 PLL@32C CPU@34C PMIC@50C GPU@33C AO@42C thermal@33C POM_5V_IN 2095/1990 POM_5V_GPU 82/35 POM_5V_CPU 246/215
[ts: 1636412719.952826] RAM 2036/3956MB (lfb 188x4MB) SWAP 215/1978MB (cached 7MB) IRAM 0/252kB(lfb 252kB) CPU [100%@403,off,off,off] EMC_FREQ 3%@1600 GR3D_FREQ 11%@76 APE 25 PLL@31.5C CPU@33.5C PMIC@50C GPU@33C AO@42C thermal@33C POM_5V_IN 2136/1992 POM_5V_GPU 82/36 POM_5V_CPU 246/216
[ts: 1636412720.472569] RAM 2052/3956MB (lfb 187x4MB) SWAP 215/1978MB (cached 7MB) IRAM 0/252kB(lfb 252kB) CPU [100%@403,off,off,off] EMC_FREQ 3%@1600 GR3D_FREQ 7%@76 APE 25 PLL@32C CPU@34C PMIC@50C GPU@32.5C AO@42C thermal@33.25C POM_5V_IN 2095/1994 POM_5V_GPU 82/37 POM_5V_CPU 287/217
[ts: 1636412720.990099] RAM 2082/3956MB (lfb 183x4MB) SWAP 215/1978MB (cached 7MB) IRAM 0/252kB(lfb 252kB) CPU [98%@403,off,off,off] EMC_FREQ 3%@1600 GR3D_FREQ 0%@76 APE 25 PLL@31.5C CPU@33.5C PMIC@50C GPU@33C AO@42C thermal@33.25C POM_5V_IN 2095/1995 POM_5V_GPU 41/37 POM_5V_CPU 246/217
[ts: 1636412721.507772] RAM 2102/3956MB (lfb 183x4MB) SWAP 215/1978MB (cached 7MB) IRAM 0/252kB(lfb 252kB) CPU [100%@403,off,off,off] EMC_FREQ 3%@1600 GR3D_FREQ 9%@76 APE 25 PLL@31.5C CPU@33.5C PMIC@50C GPU@33C AO@42C thermal@33C POM_5V_IN 2054/1996 POM_5V_GPU 82/38 POM_5V_CPU 246/218
[ts: 1636412722.024841] RAM 2112/3956MB (lfb 182x4MB) SWAP 215/1978MB (cached 7MB) IRAM 0/252kB(lfb 252kB) CPU [100%@403,off,off,off] EMC_FREQ 3%@1600 GR3D_FREQ 7%@76 APE 25 PLL@31.5C CPU@33.5C PMIC@50C GPU@32.5C AO@41.5C thermal@33C POM_5V_IN 2095/1998 POM_5V_GPU 82/38 POM_5V_CPU 246/218
[ts: 1636412722.547037] RAM 2175/3956MB (lfb 175x4MB) SWAP 215/1978MB (cached 7MB) IRAM 0/252kB(lfb 252kB) CPU [100%@403,off,off,off] EMC_FREQ 3%@1600 GR3D_FREQ 0%@76 APE 25 PLL@31.5C CPU@33.5C PMIC@50C GPU@32.5C AO@41.5C thermal@33C POM_5V_IN 2095/1999 POM_5V_GPU 41/38 POM_5V_CPU 246/218
[ts: 1636412723.067442] RAM 2181/3956MB (lfb 175x4MB) SWAP 215/1978MB (cached 7MB) IRAM 0/252kB(lfb 252kB) CPU [100%@403,off,off,off] EMC_FREQ 3%@1600 GR3D_FREQ 8%@76 APE 25 PLL@32C CPU@33.5C PMIC@50C GPU@33C AO@42C thermal@33C POM_5V_IN 2095/2000 POM_5V_GPU 82/39 POM_5V_CPU 246/219
[ts: 1636412723.585229] RAM 2226/3956MB (lfb 169x4MB) SWAP 215/1978MB (cached 7MB) IRAM 0/252kB(lfb 252kB) CPU [100%@403,off,off,off] EMC_FREQ 3%@1600 GR3D_FREQ 0%@76 APE 25 PLL@31.5C CPU@33.5C PMIC@50C GPU@33C AO@42C thermal@33.5C POM_5V_IN 2095/2002 POM_5V_GPU 41/39 POM_5V_CPU 246/219
[ts: 1636412724.103946] RAM 2231/3956MB (lfb 169x4MB) SWAP 215/1978MB (cached 7MB) IRAM 0/252kB(lfb 252kB) CPU [100%@403,off,off,off] EMC_FREQ 3%@1600 GR3D_FREQ 8%@76 APE 25 PLL@32C CPU@33.5C PMIC@50C GPU@33C AO@42C thermal@33.5C POM_5V_IN 2095/2003 POM_5V_GPU 82/39 POM_5V_CPU 246/219
[ts: 1636412724.625836] RAM 2251/3956MB (lfb 167x4MB) SWAP 215/1978MB (cached 7MB) IRAM 0/252kB(lfb 252kB) CPU [100%@403,off,off,off] EMC_FREQ 3%@1600 GR3D_FREQ 4%@76 APE 25 PLL@32C CPU@33.5C PMIC@50C GPU@33C AO@42C thermal@33.5C POM_5V_IN 2136/2005 POM_5V_GPU 82/40 POM_5V_CPU 287/220
[ts: 1636412725.144784] RAM 2280/3956MB (lfb 164x4MB) SWAP 215/1978MB (cached 7MB) IRAM 0/252kB(lfb 252kB) CPU [100%@403,off,off,off] EMC_FREQ 3%@1600 GR3D_FREQ 0%@76 APE 25 PLL@32C CPU@34C PMIC@50C GPU@33C AO@42C thermal@33.25C POM_5V_IN 2095/2006 POM_5V_GPU 41/40 POM_5V_CPU 246/221
[ts: 1636412725.666740] RAM 2296/3956MB (lfb 163x4MB) SWAP 215/1978MB (cached 7MB) IRAM 0/252kB(lfb 252kB) CPU [98%@403,off,off,off] EMC_FREQ 3%@1600 GR3D_FREQ 0%@76 APE 25 PLL@32C CPU@34C PMIC@50C GPU@33C AO@42C thermal@33.25C POM_5V_IN 2095/2007 POM_5V_GPU 41/40 POM_5V_CPU 287/222
[ts: 1636412726.185190] RAM 2337/3956MB (lfb 159x4MB) SWAP 215/1978MB (cached 7MB) IRAM 0/252kB(lfb 252kB) CPU [100%@403,off,off,off] EMC_FREQ 3%@1600 GR3D_FREQ 0%@76 APE 25 PLL@32C CPU@33.5C PMIC@50C GPU@33C AO@42C thermal@33.5C POM_5V_IN 2136/2009 POM_5V_GPU 41/40 POM_5V_CPU 246/222
[ts: 1636412726.703084] RAM 2359/3956MB (lfb 157x4MB) SWAP 215/1978MB (cached 7MB) IRAM 0/252kB(lfb 252kB) CPU [100%@403,off,off,off] EMC_FREQ 3%@1600 GR3D_FREQ 0%@76 APE 25 PLL@32C CPU@34C PMIC@50C GPU@33C AO@42C thermal@33.5C POM_5V_IN 2095/2010 POM_5V_GPU 41/40 POM_5V_CPU 287/223
[ts: 1636412727.220750] RAM 2384/3956MB (lfb 155x4MB) SWAP 215/1978MB (cached 7MB) IRAM 0/252kB(lfb 252kB) CPU [100%@403,off,off,off] EMC_FREQ 3%@1600 GR3D_FREQ 0%@76 APE 25 PLL@32C CPU@33.5C PMIC@50C GPU@33C AO@42C thermal@33.5C POM_5V_IN 2095/2011 POM_5V_GPU 41/40 POM_5V_CPU 287/223
[ts: 1636412727.742393] RAM 2405/3956MB (lfb 153x4MB) SWAP 215/1978MB (cached 7MB) IRAM 0/252kB(lfb 252kB) CPU [100%@403,off,off,off] EMC_FREQ 3%@1600 GR3D_FREQ 7%@76 APE 25 PLL@32C CPU@33.5C PMIC@50C GPU@33C AO@42C thermal@33.5C POM_5V_IN 2095/2012 POM_5V_GPU 82/41 POM_5V_CPU 287/224
[ts: 1636412728.259830] RAM 2437/3956MB (lfb 151x4MB) SWAP 215/1978MB (cached 7MB) IRAM 0/252kB(lfb 252kB) CPU [98%@403,off,off,off] EMC_FREQ 3%@1600 GR3D_FREQ 0%@76 APE 25 PLL@32C CPU@34C PMIC@50C GPU@33C AO@42C thermal@33.25C POM_5V_IN 2095/2013 POM_5V_GPU 41/41 POM_5V_CPU 287/225
[ts: 1636412728.779183] RAM 2482/3956MB (lfb 146x4MB) SWAP 215/1978MB (cached 7MB) IRAM 0/252kB(lfb 252kB) CPU [100%@403,off,off,off] EMC_FREQ 3%@1600 GR3D_FREQ 0%@76 APE 25 PLL@31.5C CPU@33.5C PMIC@50C GPU@33C AO@42C thermal@33.25C POM_5V_IN 2095/2014 POM_5V_GPU 41/41 POM_5V_CPU 328/226
[ts: 1636412729.300409] RAM 2497/3956MB (lfb 143x4MB) SWAP 215/1978MB (cached 7MB) IRAM 0/252kB(lfb 252kB) CPU [100%@403,off,off,off] EMC_FREQ 3%@1600 GR3D_FREQ 0%@76 APE 25 PLL@32C CPU@34C PMIC@50C GPU@33C AO@42C thermal@33.25C POM_5V_IN 2136/2015 POM_5V_GPU 41/41 POM_5V_CPU 246/226
[ts: 1636412729.819894] RAM 2516/3956MB (lfb 142x4MB) SWAP 215/1978MB (cached 7MB) IRAM 0/252kB(lfb 252kB) CPU [100%@403,off,off,off] EMC_FREQ 3%@1600 GR3D_FREQ 0%@76 APE 25 PLL@32C CPU@33.5C PMIC@50C GPU@33C AO@42C thermal@33.25C POM_5V_IN 2095/2016 POM_5V_GPU 41/41 POM_5V_CPU 246/227
[ts: 1636412730.343336] RAM 2531/3956MB (lfb 141x4MB) SWAP 215/1978MB (cached 7MB) IRAM 0/252kB(lfb 252kB) CPU [100%@403,off,off,off] EMC_FREQ 3%@1600 GR3D_FREQ 7%@76 APE 25 PLL@32C CPU@34C PMIC@50C GPU@32.5C AO@42C thermal@33C POM_5V_IN 2095/2017 POM_5V_GPU 82/41 POM_5V_CPU 246/227
[ts: 1636412730.866550] RAM 2576/3956MB (lfb 136x4MB) SWAP 215/1978MB (cached 7MB) IRAM 0/252kB(lfb 252kB) CPU [100%@403,off,off,off] EMC_FREQ 3%@1600 GR3D_FREQ 7%@76 APE 25 PLL@32C CPU@34C PMIC@50C GPU@33C AO@42C thermal@33C POM_5V_IN 2095/2018 POM_5V_GPU 82/41 POM_5V_CPU 246/227
[ts: 1636412731.384189] RAM 2585/3956MB (lfb 135x4MB) SWAP 215/1978MB (cached 7MB) IRAM 0/252kB(lfb 252kB) CPU [98%@403,off,off,off] EMC_FREQ 3%@1600 GR3D_FREQ 10%@76 APE 25 PLL@31.5C CPU@33.5C PMIC@50C GPU@33C AO@42C thermal@33.25C POM_5V_IN 2095/2019 POM_5V_GPU 82/42 POM_5V_CPU 246/227
[ts: 1636412731.903896] RAM 2624/3956MB (lfb 131x4MB) SWAP 215/1978MB (cached 7MB) IRAM 0/252kB(lfb 252kB) CPU [100%@403,off,off,off] EMC_FREQ 3%@1600 GR3D_FREQ 18%@76 APE 25 PLL@31.5C CPU@34C PMIC@50C GPU@33C AO@42C thermal@33.25C POM_5V_IN 2095/2020 POM_5V_GPU 82/42 POM_5V_CPU 246/228
[ts: 1636412732.424085] RAM 2694/3956MB (lfb 123x4MB) SWAP 215/1978MB (cached 7MB) IRAM 0/252kB(lfb 252kB) CPU [100%@403,off,off,off] EMC_FREQ 3%@1600 GR3D_FREQ 0%@76 APE 25 PLL@32C CPU@34C PMIC@50C GPU@32.5C AO@42C thermal@33.25C POM_5V_IN 2095/2021 POM_5V_GPU 41/42 POM_5V_CPU 287/228
[ts: 1636412732.944788] RAM 2694/3956MB (lfb 123x4MB) SWAP 215/1978MB (cached 7MB) IRAM 0/252kB(lfb 252kB) CPU [100%@403,off,off,off] EMC_FREQ 3%@1600 GR3D_FREQ 17%@76 APE 25 PLL@32C CPU@34C PMIC@50C GPU@32.5C AO@42C thermal@33.5C POM_5V_IN 2054/2021 POM_5V_GPU 82/43 POM_5V_CPU 246/228
[ts: 1636412733.465819] RAM 2711/3956MB (lfb 125x4MB) SWAP 215/1978MB (cached 7MB) IRAM 0/252kB(lfb 252kB) CPU [100%@403,off,off,off] EMC_FREQ 3%@1600 GR3D_FREQ 0%@76 APE 25 PLL@32C CPU@34C PMIC@50C GPU@32.5C AO@42C thermal@33.5C POM_5V_IN 2095/2022 POM_5V_GPU 41/43 POM_5V_CPU 246/229
[ts: 1636412733.982871] RAM 2775/3956MB (lfb 117x4MB) SWAP 215/1978MB (cached 7MB) IRAM 0/252kB(lfb 252kB) CPU [100%@403,off,off,off] EMC_FREQ 3%@1600 GR3D_FREQ 0%@76 APE 25 PLL@32C CPU@33.5C PMIC@50C GPU@33C AO@42C thermal@33.5C POM_5V_IN 2095/2022 POM_5V_GPU 41/43 POM_5V_CPU 287/229
[ts: 1636412734.503965] RAM 2777/3956MB (lfb 117x4MB) SWAP 215/1978MB (cached 7MB) IRAM 0/252kB(lfb 252kB) CPU [100%@403,off,off,off] EMC_FREQ 3%@1600 GR3D_FREQ 0%@76 APE 25 PLL@31.5C CPU@34C PMIC@50C GPU@33C AO@42C thermal@33.5C POM_5V_IN 2136/2024 POM_5V_GPU 41/43 POM_5V_CPU 246/229
[ts: 1636412735.024267] RAM 2802/3956MB (lfb 116x4MB) SWAP 215/1978MB (cached 7MB) IRAM 0/252kB(lfb 252kB) CPU [100%@403,off,off,off] EMC_FREQ 3%@1600 GR3D_FREQ 0%@76 APE 25 PLL@31.5C CPU@33.5C PMIC@50C GPU@33C AO@42C thermal@33.25C POM_5V_IN 2095/2024 POM_5V_GPU 41/43 POM_5V_CPU 246/230
[ts: 1636412735.546316] RAM 2819/3956MB (lfb 115x4MB) SWAP 215/1978MB (cached 7MB) IRAM 0/252kB(lfb 252kB) CPU [98%@403,off,off,off] EMC_FREQ 3%@1600 GR3D_FREQ 8%@76 APE 25 PLL@32C CPU@34C PMIC@50C GPU@32.5C AO@41.5C thermal@33.25C POM_5V_IN 2095/2025 POM_5V_GPU 82/43 POM_5V_CPU 246/230
[ts: 1636412736.066257] RAM 2837/3956MB (lfb 114x4MB) SWAP 215/1978MB (cached 7MB) IRAM 0/252kB(lfb 252kB) CPU [100%@403,off,off,off] EMC_FREQ 3%@1600 GR3D_FREQ 9%@76 APE 25 PLL@32C CPU@34C PMIC@50C GPU@33C AO@41.5C thermal@33.5C POM_5V_IN 2095/2026 POM_5V_GPU 82/43 POM_5V_CPU 246/230
[ts: 1636412736.583971] RAM 2857/3956MB (lfb 113x4MB) SWAP 215/1978MB (cached 7MB) IRAM 0/252kB(lfb 252kB) CPU [100%@403,off,off,off] EMC_FREQ 3%@1600 GR3D_FREQ 9%@76 APE 25 PLL@31.5C CPU@34C PMIC@50C GPU@33C AO@42C thermal@33.5C POM_5V_IN 2054/2026 POM_5V_GPU 82/44 POM_5V_CPU 246/230
[ts: 1636412737.108154] RAM 2869/3956MB (lfb 113x4MB) SWAP 215/1978MB (cached 7MB) IRAM 0/252kB(lfb 252kB) CPU [100%@403,off,off,off] EMC_FREQ 3%@1600 GR3D_FREQ 9%@76 APE 25 PLL@32C CPU@34C PMIC@50C GPU@33C AO@41.5C thermal@33.25C POM_5V_IN 2095/2027 POM_5V_GPU 82/44 POM_5V_CPU 246/230
[ts: 1636412737.631433] RAM 2898/3956MB (lfb 111x4MB) SWAP 215/1978MB (cached 7MB) IRAM 0/252kB(lfb 252kB) CPU [98%@403,off,off,off] EMC_FREQ 3%@1600 GR3D_FREQ 6%@76 APE 25 PLL@32C CPU@33.5C PMIC@50C GPU@32.5C AO@41.5C thermal@33.25C POM_5V_IN 2095/2028 POM_5V_GPU 41/44 POM_5V_CPU 287/231
[ts: 1636412738.150690] RAM 2946/3956MB (lfb 107x4MB) SWAP 215/1978MB (cached 7MB) IRAM 0/252kB(lfb 252kB) CPU [100%@403,off,off,off] EMC_FREQ 3%@1600 GR3D_FREQ 0%@76 APE 25 PLL@31.5C CPU@34C PMIC@50C GPU@32.5C AO@41.5C thermal@33.5C POM_5V_IN 2095/2028 POM_5V_GPU 41/44 POM_5V_CPU 328/232
[ts: 1636412738.667936] RAM 2948/3956MB (lfb 107x4MB) SWAP 215/1978MB (cached 7MB) IRAM 0/252kB(lfb 252kB) CPU [100%@403,off,off,off] EMC_FREQ 3%@1600 GR3D_FREQ 1%@76 APE 25 PLL@31.5C CPU@33.5C PMIC@50C GPU@33C AO@42C thermal@33.5C POM_5V_IN 2095/2029 POM_5V_GPU 41/44 POM_5V_CPU 246/232
[ts: 1636412739.188028] RAM 2960/3956MB (lfb 107x4MB) SWAP 215/1978MB (cached 7MB) IRAM 0/252kB(lfb 252kB) CPU [98%@403,off,off,off] EMC_FREQ 3%@1600 GR3D_FREQ 0%@76 APE 25 PLL@32C CPU@33.5C PMIC@50C GPU@33C AO@42C thermal@33.5C POM_5V_IN 2095/2029 POM_5V_GPU 41/44 POM_5V_CPU 287/232
[ts: 1636412739.708001] RAM 2960/3956MB (lfb 107x4MB) SWAP 215/1978MB (cached 7MB) IRAM 0/252kB(lfb 252kB) CPU [100%@403,off,off,off] EMC_FREQ 3%@1600 GR3D_FREQ 0%@76 APE 25 PLL@32C CPU@33.5C PMIC@50C GPU@34C AO@42C thermal@33.5C POM_5V_IN 2054/2030 POM_5V_GPU 41/44 POM_5V_CPU 246/232
[ts: 1636412740.228169] RAM 2960/3956MB (lfb 107x4MB) SWAP 215/1978MB (cached 7MB) IRAM 0/252kB(lfb 252kB) CPU [100%@403,off,off,off] EMC_FREQ 2%@1600 GR3D_FREQ 0%@76 APE 25 PLL@32C CPU@34C PMIC@50C GPU@34C AO@42C thermal@33.5C POM_5V_IN 1972/2029 POM_5V_GPU 0/44 POM_5V_CPU 288/233
[ts: 1636412740.748470] RAM 2960/3956MB (lfb 107x4MB) SWAP 215/1978MB (cached 7MB) IRAM 0/252kB(lfb 252kB) CPU [100%@403,off,off,off] EMC_FREQ 2%@1600 GR3D_FREQ 0%@76 APE 25 PLL@32C CPU@33.5C PMIC@50C GPU@34C AO@42C thermal@34C POM_5V_IN 1975/2029 POM_5V_GPU 0/43 POM_5V_CPU 246/233
[ts: 1636412741.270149] RAM 2960/3956MB (lfb 107x4MB) SWAP 215/1978MB (cached 7MB) IRAM 0/252kB(lfb 252kB) CPU [100%@403,off,off,off] EMC_FREQ 2%@1600 GR3D_FREQ 0%@76 APE 25 PLL@32C CPU@34C PMIC@50C GPU@34C AO@42C thermal@34C POM_5V_IN 2013/2028 POM_5V_GPU 0/43 POM_5V_CPU 288/234
[ts: 1636412741.788945] RAM 2960/3956MB (lfb 107x4MB) SWAP 215/1978MB (cached 7MB) IRAM 0/252kB(lfb 252kB) CPU [100%@403,off,off,off] EMC_FREQ 2%@1600 GR3D_FREQ 0%@76 APE 25 PLL@32C CPU@34C PMIC@50C GPU@34C AO@42C thermal@34C POM_5V_IN 2013/2028 POM_5V_GPU 0/42 POM_5V_CPU 288/234
[ts: 1636412742.308921] RAM 2959/3956MB (lfb 107x4MB) SWAP 215/1978MB (cached 7MB) IRAM 0/252kB(lfb 252kB) CPU [100%@403,off,off,off] EMC_FREQ 2%@1600 GR3D_FREQ 0%@76 APE 25 PLL@32C CPU@34C PMIC@50C GPU@34C AO@42C thermal@34C POM_5V_IN 2013/2028 POM_5V_GPU 0/42 POM_5V_CPU 288/235
[ts: 1636412742.828006] RAM 2959/3956MB (lfb 107x4MB) SWAP 215/1978MB (cached 7MB) IRAM 0/252kB(lfb 252kB) CPU [100%@403,off,off,off] EMC_FREQ 2%@1600 GR3D_FREQ 0%@76 APE 25 PLL@31.5C CPU@34C PMIC@50C GPU@33.5C AO@42C thermal@33.75C POM_5V_IN 2016/2028 POM_5V_GPU 0/42 POM_5V_CPU 288/235
[ts: 1636412743.348435] RAM 2960/3956MB (lfb 107x4MB) SWAP 215/1978MB (cached 7MB) IRAM 0/252kB(lfb 252kB) CPU [100%@403,off,off,off] EMC_FREQ 2%@1600 GR3D_FREQ 0%@76 APE 25 PLL@32C CPU@34C PMIC@50C GPU@34C AO@41.5C thermal@33.75C POM_5V_IN 2016/2028 POM_5V_GPU 0/41 POM_5V_CPU 288/236
[ts: 1636412743.866920] RAM 2960/3956MB (lfb 107x4MB) SWAP 215/1978MB (cached 7MB) IRAM 0/252kB(lfb 252kB) CPU [100%@403,off,off,off] EMC_FREQ 2%@1600 GR3D_FREQ 0%@76 APE 25 PLL@32C CPU@33.5C PMIC@50C GPU@34C AO@41.5C thermal@34C POM_5V_IN 1972/2027 POM_5V_GPU 0/41 POM_5V_CPU 246/236
[ts: 1636412744.388030] RAM 2960/3956MB (lfb 107x4MB) SWAP 215/1978MB (cached 7MB) IRAM 0/252kB(lfb 252kB) CPU [100%@403,off,off,off] EMC_FREQ 2%@1600 GR3D_FREQ 0%@76 APE 25 PLL@32C CPU@34C PMIC@50C GPU@34C AO@42C thermal@34C POM_5V_IN 1975/2027 POM_5V_GPU 0/41 POM_5V_CPU 288/236
[ts: 1636412744.908045] RAM 2960/3956MB (lfb 107x4MB) SWAP 215/1978MB (cached 7MB) IRAM 0/252kB(lfb 252kB) CPU [100%@403,off,off,off] EMC_FREQ 2%@1600 GR3D_FREQ 0%@76 APE 25 PLL@32C CPU@33.5C PMIC@50C GPU@34C AO@41.5C thermal@33.75C POM_5V_IN 2013/2027 POM_5V_GPU 0/40 POM_5V_CPU 287/237
[ts: 1636412745.428024] RAM 2960/3956MB (lfb 107x4MB) SWAP 215/1978MB (cached 7MB) IRAM 0/252kB(lfb 252kB) CPU [100%@403,off,off,off] EMC_FREQ 2%@1600 GR3D_FREQ 0%@76 APE 25 PLL@31.5C CPU@33.5C PMIC@50C GPU@33.5C AO@41.5C thermal@33.75C POM_5V_IN 2054/2027 POM_5V_GPU 0/40 POM_5V_CPU 287/237
[ts: 1636412745.949386] RAM 2960/3956MB (lfb 107x4MB) SWAP 215/1978MB (cached 7MB) IRAM 0/252kB(lfb 252kB) CPU [100%@403,off,off,off] EMC_FREQ 2%@1600 GR3D_FREQ 0%@76 APE 25 PLL@32C CPU@34C PMIC@50C GPU@34C AO@42C thermal@34C POM_5V_IN 2013/2027 POM_5V_GPU 0/39 POM_5V_CPU 287/237
[ts: 1636412746.468024] RAM 2960/3956MB (lfb 107x4MB) SWAP 215/1978MB (cached 7MB) IRAM 0/252kB(lfb 252kB) CPU [100%@403,off,off,off] EMC_FREQ 2%@1600 GR3D_FREQ 0%@76 APE 25 PLL@32C CPU@33.5C PMIC@50C GPU@34C AO@42C thermal@34C POM_5V_IN 2054/2027 POM_5V_GPU 0/39 POM_5V_CPU 246/238
[ts: 1636412746.992422] RAM 2960/3956MB (lfb 107x4MB) SWAP 215/1978MB (cached 7MB) IRAM 0/252kB(lfb 252kB) CPU [100%@403,off,off,off] EMC_FREQ 3%@1600 GR3D_FREQ 0%@76 APE 25 PLL@32C CPU@34C PMIC@50C GPU@34C AO@42C thermal@34C POM_5V_IN 2013/2027 POM_5V_GPU 0/39 POM_5V_CPU 205/237
[ts: 1636412747.513721] RAM 2957/3956MB (lfb 107x4MB) SWAP 215/1978MB (cached 7MB) IRAM 0/252kB(lfb 252kB) CPU [100%@403,off,off,off] EMC_FREQ 3%@1600 GR3D_FREQ 0%@76 APE 25 PLL@31.5C CPU@34C PMIC@50C GPU@33.5C AO@42C thermal@33.75C POM_5V_IN 2013/2027 POM_5V_GPU 0/38 POM_5V_CPU 246/237
[ts: 1636412748.032157] RAM 1995/3956MB (lfb 170x4MB) SWAP 215/1978MB (cached 7MB) IRAM 0/252kB(lfb 252kB) CPU [100%@403,off,off,off] EMC_FREQ 3%@1600 GR3D_FREQ 0%@76 APE 25 PLL@31.5C CPU@34C PMIC@50C GPU@33.5C AO@42C thermal@33.75C POM_5V_IN 2016/2027 POM_5V_GPU 0/38 POM_5V_CPU 288/238
[ts: 1636412748.576655] RAM 1484/3956MB (lfb 199x4MB) SWAP 215/1978MB (cached 7MB) IRAM 0/252kB(lfb 252kB) CPU [100%@403,off,off,off] EMC_FREQ 3%@1600 GR3D_FREQ 0%@76 APE 25 PLL@32C CPU@33.5C PMIC@50C GPU@33.5C AO@41.5C thermal@33.5C POM_5V_IN 2013/2027 POM_5V_GPU 41/38 POM_5V_CPU 246/238
[ts: 1636412749.092032] RAM 1483/3956MB (lfb 199x4MB) SWAP 215/1978MB (cached 7MB) IRAM 0/252kB(lfb 252kB) CPU [96%@403,off,off,off] EMC_FREQ 3%@1600 GR3D_FREQ 0%@76 APE 25 PLL@32C CPU@34C PMIC@50C GPU@33C AO@42C thermal@33.5C POM_5V_IN 2054/2027 POM_5V_GPU 41/38 POM_5V_CPU 205/238
[ts: 1636412749.606605] RAM 1483/3956MB (lfb 199x4MB) SWAP 215/1978MB (cached 7MB) IRAM 0/252kB(lfb 252kB) CPU [9%@403,off,off,off] EMC_FREQ 3%@1600 GR3D_FREQ 0%@76 APE 25 PLL@32C CPU@33.5C PMIC@50C GPU@33C AO@42C thermal@33.5C POM_5V_IN 1851/2026 POM_5V_GPU 41/38 POM_5V_CPU 123/237
[ts: 1636412750.121174] RAM 1483/3956MB (lfb 199x4MB) SWAP 215/1978MB (cached 7MB) IRAM 0/252kB(lfb 252kB) CPU [16%@403,off,off,off] EMC_FREQ 3%@1600 GR3D_FREQ 0%@76 APE 25 PLL@32C CPU@33.5C PMIC@50C GPU@33C AO@41.5C thermal@33.5C POM_5V_IN 1892/2024 POM_5V_GPU 41/38 POM_5V_CPU 123/236
[ts: 1636412750.636597] RAM 1483/3956MB (lfb 199x4MB) SWAP 215/1978MB (cached 7MB) IRAM 0/252kB(lfb 252kB) CPU [9%@403,off,off,off] EMC_FREQ 2%@1600 GR3D_FREQ 0%@76 APE 25 PLL@31.5C CPU@34C PMIC@50C GPU@33C AO@41.5C thermal@33.25C POM_5V_IN 1892/2023 POM_5V_GPU 41/38 POM_5V_CPU 123/235
