SOC family:tegra210  Machine:NVIDIA Jetson Nano Developer Kit
Online CPUs: 0
cpu0: Online=1 Governor=schedutil MinFreq=403200 MaxFreq=403200 CurrentFreq=403200 IdleStates: WFI=1 c7=1 
cpu1: Online=0 Governor=schedutil MinFreq=403200 MaxFreq=403200 CurrentFreq=403200 IdleStates: WFI=1 c7=1 
cpu2: Online=0 Governor=schedutil MinFreq=403200 MaxFreq=403200 CurrentFreq=403200 IdleStates: WFI=1 c7=1 
cpu3: Online=0 Governor=schedutil MinFreq=403200 MaxFreq=403200 CurrentFreq=403200 IdleStates: WFI=1 c7=1 
GPU MinFreq=76800000 MaxFreq=614400000 CurrentFreq=76800000
EMC MinFreq=204000000 MaxFreq=1600000000 CurrentFreq=1600000000 FreqOverride=0
Fan: PWM=0
NV Power Mode: 5W
[ts: 1636413644.524436] RAM 1455/3956MB (lfb 199x4MB) SWAP 238/1978MB (cached 12MB) IRAM 0/252kB(lfb 252kB) CPU [86%@403,off,off,off] EMC_FREQ 2%@1600 GR3D_FREQ 0%@76 APE 25 PLL@32C CPU@34.5C PMIC@50C GPU@33.5C AO@42C thermal@33.75C POM_5V_IN 1934/1934 POM_5V_GPU 82/82 POM_5V_CPU 164/164
[ts: 1636413645.039031] RAM 1455/3956MB (lfb 199x4MB) SWAP 238/1978MB (cached 12MB) IRAM 0/252kB(lfb 252kB) CPU [7%@403,off,off,off] EMC_FREQ 2%@1600 GR3D_FREQ 0%@76 APE 25 PLL@32C CPU@34.5C PMIC@50C GPU@33.5C AO@42.5C thermal@33.75C POM_5V_IN 1892/1913 POM_5V_GPU 41/61 POM_5V_CPU 123/143
[ts: 1636413645.552061] RAM 1455/3956MB (lfb 199x4MB) SWAP 238/1978MB (cached 12MB) IRAM 0/252kB(lfb 252kB) CPU [6%@403,off,off,off] EMC_FREQ 2%@1600 GR3D_FREQ 0%@76 APE 25 PLL@32C CPU@34C PMIC@50C GPU@34C AO@42C thermal@33.75C POM_5V_IN 1892/1906 POM_5V_GPU 41/54 POM_5V_CPU 123/136
[ts: 1636413646.065918] RAM 1455/3956MB (lfb 199x4MB) SWAP 238/1978MB (cached 12MB) IRAM 0/252kB(lfb 252kB) CPU [9%@403,off,off,off] EMC_FREQ 2%@1600 GR3D_FREQ 0%@76 APE 25 PLL@32C CPU@34C PMIC@50C GPU@33.5C AO@42C thermal@33.75C POM_5V_IN 1892/1902 POM_5V_GPU 41/51 POM_5V_CPU 123/133
[ts: 1636413646.578940] RAM 1455/3956MB (lfb 199x4MB) SWAP 238/1978MB (cached 12MB) IRAM 0/252kB(lfb 252kB) CPU [4%@403,off,off,off] EMC_FREQ 2%@1600 GR3D_FREQ 0%@76 APE 25 PLL@32C CPU@34C PMIC@50C GPU@33.5C AO@42C thermal@33.75C POM_5V_IN 1892/1900 POM_5V_GPU 41/49 POM_5V_CPU 123/131
[ts: 1636413647.092421] RAM 1455/3956MB (lfb 199x4MB) SWAP 238/1978MB (cached 12MB) IRAM 0/252kB(lfb 252kB) CPU [6%@403,off,off,off] EMC_FREQ 2%@1600 GR3D_FREQ 0%@76 APE 25 PLL@32C CPU@34C PMIC@50C GPU@33.5C AO@42.5C thermal@33.75C POM_5V_IN 1892/1899 POM_5V_GPU 41/47 POM_5V_CPU 123/129
[ts: 1636413647.606271] RAM 1455/3956MB (lfb 199x4MB) SWAP 238/1978MB (cached 12MB) IRAM 0/252kB(lfb 252kB) CPU [8%@403,off,off,off] EMC_FREQ 2%@1600 GR3D_FREQ 0%@76 APE 25 PLL@32C CPU@34C PMIC@50C GPU@33.5C AO@42.5C thermal@33.75C POM_5V_IN 1892/1898 POM_5V_GPU 41/46 POM_5V_CPU 164/134
[ts: 1636413648.119463] RAM 1455/3956MB (lfb 199x4MB) SWAP 238/1978MB (cached 12MB) IRAM 0/252kB(lfb 252kB) CPU [4%@403,off,off,off] EMC_FREQ 2%@1600 GR3D_FREQ 0%@76 APE 25 PLL@32C CPU@34C PMIC@50C GPU@33.5C AO@42C thermal@33.75C POM_5V_IN 1892/1897 POM_5V_GPU 41/46 POM_5V_CPU 123/133
[ts: 1636413648.633886] RAM 1455/3956MB (lfb 199x4MB) SWAP 238/1978MB (cached 12MB) IRAM 0/252kB(lfb 252kB) CPU [8%@403,off,off,off] EMC_FREQ 2%@1600 GR3D_FREQ 0%@76 APE 25 PLL@32C CPU@34C PMIC@50C GPU@33.5C AO@42C thermal@33.75C POM_5V_IN 1892/1896 POM_5V_GPU 41/45 POM_5V_CPU 123/132
[ts: 1636413649.146598] RAM 1455/3956MB (lfb 199x4MB) SWAP 238/1978MB (cached 12MB) IRAM 0/252kB(lfb 252kB) CPU [6%@403,off,off,off] EMC_FREQ 2%@1600 GR3D_FREQ 0%@76 APE 25 PLL@32C CPU@34C PMIC@50C GPU@33.5C AO@42C thermal@34C POM_5V_IN 1892/1896 POM_5V_GPU 41/45 POM_5V_CPU 123/131
[ts: 1636413649.659889] RAM 1455/3956MB (lfb 199x4MB) SWAP 238/1978MB (cached 12MB) IRAM 0/252kB(lfb 252kB) CPU [6%@403,off,off,off] EMC_FREQ 2%@1600 GR3D_FREQ 0%@76 APE 25 PLL@32C CPU@34C PMIC@50C GPU@33.5C AO@42C thermal@34C POM_5V_IN 1892/1895 POM_5V_GPU 41/44 POM_5V_CPU 123/130
[ts: 1636413650.174944] RAM 1455/3956MB (lfb 199x4MB) SWAP 238/1978MB (cached 12MB) IRAM 0/252kB(lfb 252kB) CPU [4%@403,off,off,off] EMC_FREQ 2%@1600 GR3D_FREQ 0%@76 APE 25 PLL@32C CPU@34C PMIC@50C GPU@33C AO@42C thermal@33.5C POM_5V_IN 1892/1895 POM_5V_GPU 41/44 POM_5V_CPU 123/129
[ts: 1636413650.688867] RAM 1455/3956MB (lfb 199x4MB) SWAP 238/1978MB (cached 12MB) IRAM 0/252kB(lfb 252kB) CPU [7%@403,off,off,off] EMC_FREQ 2%@1600 GR3D_FREQ 0%@76 APE 25 PLL@31.5C CPU@34C PMIC@50C GPU@33.5C AO@42C thermal@33.5C POM_5V_IN 1892/1895 POM_5V_GPU 41/44 POM_5V_CPU 123/129
[ts: 1636413651.202248] RAM 1455/3956MB (lfb 199x4MB) SWAP 238/1978MB (cached 12MB) IRAM 0/252kB(lfb 252kB) CPU [8%@403,off,off,off] EMC_FREQ 2%@1600 GR3D_FREQ 18%@76 APE 25 PLL@32C CPU@34C PMIC@50C GPU@33.5C AO@42C thermal@33.75C POM_5V_IN 1934/1898 POM_5V_GPU 41/43 POM_5V_CPU 164/131
[ts: 1636413651.714973] RAM 1455/3956MB (lfb 199x4MB) SWAP 238/1978MB (cached 12MB) IRAM 0/252kB(lfb 252kB) CPU [5%@403,off,off,off] EMC_FREQ 2%@1600 GR3D_FREQ 0%@76 APE 25 PLL@32C CPU@34C PMIC@50C GPU@33.5C AO@42C thermal@33.75C POM_5V_IN 1851/1894 POM_5V_GPU 41/43 POM_5V_CPU 123/131
[ts: 1636413652.228370] RAM 1455/3956MB (lfb 199x4MB) SWAP 238/1978MB (cached 12MB) IRAM 0/252kB(lfb 252kB) CPU [4%@403,off,off,off] EMC_FREQ 2%@1600 GR3D_FREQ 0%@76 APE 25 PLL@32C CPU@34C PMIC@50C GPU@33.5C AO@42C thermal@33.5C POM_5V_IN 1892/1894 POM_5V_GPU 41/43 POM_5V_CPU 123/130
[ts: 1636413652.741450] RAM 1455/3956MB (lfb 199x4MB) SWAP 238/1978MB (cached 12MB) IRAM 0/252kB(lfb 252kB) CPU [6%@403,off,off,off] EMC_FREQ 2%@1600 GR3D_FREQ 0%@76 APE 25 PLL@31.5C CPU@34C PMIC@50C GPU@33C AO@42C thermal@33.5C POM_5V_IN 1892/1894 POM_5V_GPU 41/43 POM_5V_CPU 123/130
[ts: 1636413653.255163] RAM 1455/3956MB (lfb 199x4MB) SWAP 238/1978MB (cached 12MB) IRAM 0/252kB(lfb 252kB) CPU [8%@403,off,off,off] EMC_FREQ 2%@1600 GR3D_FREQ 0%@76 APE 25 PLL@32C CPU@34C PMIC@50C GPU@33C AO@42C thermal@33.5C POM_5V_IN 1892/1894 POM_5V_GPU 41/43 POM_5V_CPU 123/129
[ts: 1636413653.769684] RAM 1455/3956MB (lfb 199x4MB) SWAP 238/1978MB (cached 12MB) IRAM 0/252kB(lfb 252kB) CPU [4%@403,off,off,off] EMC_FREQ 2%@1600 GR3D_FREQ 0%@76 APE 25 PLL@32C CPU@34C PMIC@50C GPU@33.5C AO@42C thermal@33.5C POM_5V_IN 1892/1894 POM_5V_GPU 41/43 POM_5V_CPU 123/129
[ts: 1636413654.305393] RAM 1459/3956MB (lfb 199x4MB) SWAP 238/1978MB (cached 12MB) IRAM 0/252kB(lfb 252kB) CPU [67%@403,off,off,off] EMC_FREQ 2%@1600 GR3D_FREQ 0%@76 APE 25 PLL@31.5C CPU@34C PMIC@50C GPU@33.5C AO@42C thermal@33.75C POM_5V_IN 2013/1900 POM_5V_GPU 41/43 POM_5V_CPU 246/135
[ts: 1636413654.830033] RAM 1461/3956MB (lfb 199x4MB) SWAP 238/1978MB (cached 12MB) IRAM 0/252kB(lfb 252kB) CPU [100%@403,off,off,off] EMC_FREQ 2%@1600 GR3D_FREQ 0%@76 APE 25 PLL@32C CPU@34.5C PMIC@50C GPU@33.5C AO@42C thermal@33.75C POM_5V_IN 2054/1907 POM_5V_GPU 41/42 POM_5V_CPU 246/140
[ts: 1636413655.348178] RAM 1464/3956MB (lfb 199x4MB) SWAP 238/1978MB (cached 12MB) IRAM 0/252kB(lfb 252kB) CPU [100%@403,off,off,off] EMC_FREQ 2%@1600 GR3D_FREQ 0%@76 APE 25 PLL@32C CPU@34.5C PMIC@50C GPU@33.5C AO@42C thermal@33.75C POM_5V_IN 2054/1914 POM_5V_GPU 41/42 POM_5V_CPU 246/145
[ts: 1636413655.866461] RAM 1469/3956MB (lfb 199x4MB) SWAP 238/1978MB (cached 12MB) IRAM 0/252kB(lfb 252kB) CPU [94%@403,off,off,off] EMC_FREQ 2%@1600 GR3D_FREQ 0%@76 APE 25 PLL@32C CPU@34C PMIC@50C GPU@34C AO@42C thermal@34.25C POM_5V_IN 1975/1916 POM_5V_GPU 0/41 POM_5V_CPU 246/149
[ts: 1636413656.385007] RAM 1472/3956MB (lfb 199x4MB) SWAP 238/1978MB (cached 12MB) IRAM 0/252kB(lfb 252kB) CPU [100%@403,off,off,off] EMC_FREQ 2%@1600 GR3D_FREQ 0%@76 APE 25 PLL@32C CPU@34.5C PMIC@50C GPU@34C AO@42C thermal@34.25C POM_5V_IN 1975/1919 POM_5V_GPU 0/39 POM_5V_CPU 246/153
[ts: 1636413656.902287] RAM 1477/3956MB (lfb 199x4MB) SWAP 238/1978MB (cached 12MB) IRAM 0/252kB(lfb 252kB) CPU [100%@403,off,off,off] EMC_FREQ 2%@1600 GR3D_FREQ 0%@76 APE 25 PLL@32C CPU@34.5C PMIC@50C GPU@34C AO@42C thermal@34C POM_5V_IN 1975/1921 POM_5V_GPU 0/37 POM_5V_CPU 246/157
[ts: 1636413657.419613] RAM 1482/3956MB (lfb 199x4MB) SWAP 238/1978MB (cached 12MB) IRAM 0/252kB(lfb 252kB) CPU [100%@403,off,off,off] EMC_FREQ 2%@1600 GR3D_FREQ 0%@76 APE 25 PLL@32C CPU@34C PMIC@50C GPU@34C AO@42C thermal@34C POM_5V_IN 1975/1923 POM_5V_GPU 0/36 POM_5V_CPU 246/160
[ts: 1636413657.939618] RAM 1485/3956MB (lfb 199x4MB) SWAP 238/1978MB (cached 12MB) IRAM 0/252kB(lfb 252kB) CPU [100%@403,off,off,off] EMC_FREQ 2%@1600 GR3D_FREQ 0%@76 APE 25 PLL@32C CPU@34C PMIC@50C GPU@34C AO@42C thermal@34C POM_5V_IN 1975/1925 POM_5V_GPU 0/34 POM_5V_CPU 246/164
[ts: 1636413658.457958] RAM 1489/3956MB (lfb 199x4MB) SWAP 238/1978MB (cached 12MB) IRAM 0/252kB(lfb 252kB) CPU [100%@403,off,off,off] EMC_FREQ 2%@1600 GR3D_FREQ 0%@76 APE 25 PLL@32C CPU@34.5C PMIC@50C GPU@34C AO@42C thermal@34C POM_5V_IN 1975/1927 POM_5V_GPU 0/33 POM_5V_CPU 246/166
[ts: 1636413658.975193] RAM 1491/3956MB (lfb 199x4MB) SWAP 238/1978MB (cached 12MB) IRAM 0/252kB(lfb 252kB) CPU [100%@403,off,off,off] EMC_FREQ 2%@1600 GR3D_FREQ 0%@76 APE 25 PLL@32C CPU@34C PMIC@50C GPU@34C AO@42C thermal@34C POM_5V_IN 1975/1928 POM_5V_GPU 0/32 POM_5V_CPU 246/169
[ts: 1636413659.492497] RAM 1492/3956MB (lfb 199x4MB) SWAP 238/1978MB (cached 12MB) IRAM 0/252kB(lfb 252kB) CPU [100%@403,off,off,off] EMC_FREQ 2%@1600 GR3D_FREQ 0%@76 APE 25 PLL@32C CPU@34C PMIC@50C GPU@34C AO@42C thermal@34C POM_5V_IN 1934/1929 POM_5V_GPU 0/31 POM_5V_CPU 246/172
[ts: 1636413660.019194] RAM 1493/3956MB (lfb 199x4MB) SWAP 238/1978MB (cached 12MB) IRAM 0/252kB(lfb 252kB) CPU [100%@403,off,off,off] EMC_FREQ 2%@1600 GR3D_FREQ 0%@76 APE 25 PLL@32C CPU@34C PMIC@50C GPU@34C AO@42C thermal@34C POM_5V_IN 1934/1929 POM_5V_GPU 0/30 POM_5V_CPU 246/174
[ts: 1636413660.539638] RAM 1499/3956MB (lfb 199x4MB) SWAP 238/1978MB (cached 12MB) IRAM 0/252kB(lfb 252kB) CPU [100%@403,off,off,off] EMC_FREQ 2%@1600 GR3D_FREQ 0%@76 APE 25 PLL@32C CPU@34C PMIC@50C GPU@33.5C AO@42C thermal@34C POM_5V_IN 2054/1933 POM_5V_GPU 41/30 POM_5V_CPU 246/176
[ts: 1636413661.057832] RAM 1500/3956MB (lfb 199x4MB) SWAP 238/1978MB (cached 12MB) IRAM 0/252kB(lfb 252kB) CPU [100%@403,off,off,off] EMC_FREQ 2%@1600 GR3D_FREQ 0%@76 APE 25 PLL@32C CPU@34C PMIC@50C GPU@33.5C AO@42C thermal@33.75C POM_5V_IN 2013/1935 POM_5V_GPU 41/31 POM_5V_CPU 246/178
[ts: 1636413661.576550] RAM 1502/3956MB (lfb 199x4MB) SWAP 238/1978MB (cached 12MB) IRAM 0/252kB(lfb 252kB) CPU [100%@403,off,off,off] EMC_FREQ 2%@1600 GR3D_FREQ 0%@76 APE 25 PLL@31.5C CPU@34C PMIC@50C GPU@33.5C AO@42C thermal@33.75C POM_5V_IN 1975/1936 POM_5V_GPU 0/30 POM_5V_CPU 246/180
[ts: 1636413662.096374] RAM 1516/3956MB (lfb 199x4MB) SWAP 238/1978MB (cached 12MB) IRAM 0/252kB(lfb 252kB) CPU [100%@403,off,off,off] EMC_FREQ 2%@1600 GR3D_FREQ 0%@76 APE 25 PLL@31.5C CPU@34C PMIC@50C GPU@33.5C AO@42C thermal@33.75C POM_5V_IN 1975/1937 POM_5V_GPU 0/29 POM_5V_CPU 246/182
[ts: 1636413662.613188] RAM 1524/3956MB (lfb 199x4MB) SWAP 238/1978MB (cached 12MB) IRAM 0/252kB(lfb 252kB) CPU [100%@403,off,off,off] EMC_FREQ 2%@1600 GR3D_FREQ 0%@76 APE 25 PLL@32C CPU@34C PMIC@50C GPU@34C AO@42.5C thermal@33.75C POM_5V_IN 1975/1938 POM_5V_GPU 0/28 POM_5V_CPU 246/184
[ts: 1636413663.131608] RAM 1535/3956MB (lfb 199x4MB) SWAP 238/1978MB (cached 12MB) IRAM 0/252kB(lfb 252kB) CPU [100%@403,off,off,off] EMC_FREQ 2%@1600 GR3D_FREQ 0%@76 APE 25 PLL@32C CPU@34C PMIC@50C GPU@34C AO@42.5C thermal@33.75C POM_5V_IN 1975/1939 POM_5V_GPU 0/27 POM_5V_CPU 246/186
[ts: 1636413663.651066] RAM 1539/3956MB (lfb 199x4MB) SWAP 238/1978MB (cached 12MB) IRAM 0/252kB(lfb 252kB) CPU [100%@403,off,off,off] EMC_FREQ 2%@1600 GR3D_FREQ 0%@76 APE 25 PLL@32C CPU@34C PMIC@50C GPU@34C AO@42C thermal@34C POM_5V_IN 1975/1940 POM_5V_GPU 0/26 POM_5V_CPU 246/187
[ts: 1636413664.169929] RAM 1542/3956MB (lfb 199x4MB) SWAP 238/1978MB (cached 12MB) IRAM 0/252kB(lfb 252kB) CPU [100%@403,off,off,off] EMC_FREQ 2%@1600 GR3D_FREQ 0%@76 APE 25 PLL@32C CPU@34C PMIC@50C GPU@34C AO@42C thermal@34C POM_5V_IN 1975/1941 POM_5V_GPU 0/26 POM_5V_CPU 246/189
[ts: 1636413664.687607] RAM 1545/3956MB (lfb 199x4MB) SWAP 238/1978MB (cached 12MB) IRAM 0/252kB(lfb 252kB) CPU [100%@403,off,off,off] EMC_FREQ 2%@1600 GR3D_FREQ 0%@76 APE 25 PLL@31.5C CPU@34C PMIC@50C GPU@33.5C AO@42C thermal@34C POM_5V_IN 1975/1942 POM_5V_GPU 0/25 POM_5V_CPU 246/190
[ts: 1636413665.205813] RAM 1548/3956MB (lfb 199x4MB) SWAP 238/1978MB (cached 12MB) IRAM 0/252kB(lfb 252kB) CPU [100%@403,off,off,off] EMC_FREQ 2%@1600 GR3D_FREQ 0%@76 APE 25 PLL@32C CPU@34C PMIC@50C GPU@34C AO@42.5C thermal@34C POM_5V_IN 1975/1943 POM_5V_GPU 0/25 POM_5V_CPU 246/192
[ts: 1636413665.724590] RAM 1550/3956MB (lfb 199x4MB) SWAP 238/1978MB (cached 12MB) IRAM 0/252kB(lfb 252kB) CPU [100%@403,off,off,off] EMC_FREQ 2%@1600 GR3D_FREQ 0%@76 APE 25 PLL@32C CPU@34.5C PMIC@50C GPU@34C AO@42.5C thermal@33.75C POM_5V_IN 1975/1943 POM_5V_GPU 0/24 POM_5V_CPU 246/193
[ts: 1636413666.241924] RAM 1552/3956MB (lfb 199x4MB) SWAP 238/1978MB (cached 12MB) IRAM 0/252kB(lfb 252kB) CPU [100%@403,off,off,off] EMC_FREQ 2%@1600 GR3D_FREQ 0%@76 APE 25 PLL@31.5C CPU@34C PMIC@50C GPU@33.5C AO@42C thermal@33.75C POM_5V_IN 1975/1944 POM_5V_GPU 0/23 POM_5V_CPU 246/194
[ts: 1636413666.759347] RAM 1558/3956MB (lfb 199x4MB) SWAP 238/1978MB (cached 12MB) IRAM 0/252kB(lfb 252kB) CPU [100%@403,off,off,off] EMC_FREQ 2%@1600 GR3D_FREQ 0%@76 APE 25 PLL@32C CPU@34C PMIC@50C GPU@34C AO@42C thermal@34C POM_5V_IN 1975/1945 POM_5V_GPU 0/23 POM_5V_CPU 246/195
[ts: 1636413667.276352] RAM 1560/3956MB (lfb 199x4MB) SWAP 238/1978MB (cached 12MB) IRAM 0/252kB(lfb 252kB) CPU [100%@403,off,off,off] EMC_FREQ 2%@1600 GR3D_FREQ 0%@76 APE 25 PLL@32C CPU@34C PMIC@50C GPU@34C AO@42.5C thermal@34C POM_5V_IN 1975/1946 POM_5V_GPU 0/22 POM_5V_CPU 246/196
[ts: 1636413667.795646] RAM 1564/3956MB (lfb 199x4MB) SWAP 238/1978MB (cached 12MB) IRAM 0/252kB(lfb 252kB) CPU [100%@403,off,off,off] EMC_FREQ 2%@1600 GR3D_FREQ 0%@76 APE 25 PLL@32C CPU@34C PMIC@50C GPU@34C AO@42C thermal@33.75C POM_5V_IN 1975/1946 POM_5V_GPU 0/22 POM_5V_CPU 246/197
[ts: 1636413668.316230] RAM 1571/3956MB (lfb 199x4MB) SWAP 238/1978MB (cached 12MB) IRAM 0/252kB(lfb 252kB) CPU [100%@403,off,off,off] EMC_FREQ 2%@1600 GR3D_FREQ 0%@76 APE 25 PLL@31.5C CPU@34.5C PMIC@50C GPU@33.5C AO@42.5C thermal@33.75C POM_5V_IN 2013/1948 POM_5V_GPU 41/22 POM_5V_CPU 246/198
[ts: 1636413668.832980] RAM 1587/3956MB (lfb 199x4MB) SWAP 238/1978MB (cached 12MB) IRAM 0/252kB(lfb 252kB) CPU [100%@403,off,off,off] EMC_FREQ 2%@1600 GR3D_FREQ 0%@76 APE 25 PLL@32C CPU@34C PMIC@50C GPU@33C AO@42C thermal@33.5C POM_5V_IN 2054/1950 POM_5V_GPU 41/23 POM_5V_CPU 246/199
[ts: 1636413669.352043] RAM 1600/3956MB (lfb 199x4MB) SWAP 238/1978MB (cached 12MB) IRAM 0/252kB(lfb 252kB) CPU [100%@403,off,off,off] EMC_FREQ 2%@1600 GR3D_FREQ 0%@76 APE 25 PLL@32C CPU@34C PMIC@50C GPU@34C AO@42C thermal@33.5C POM_5V_IN 2016/1951 POM_5V_GPU 0/22 POM_5V_CPU 288/201
[ts: 1636413669.868936] RAM 1607/3956MB (lfb 199x4MB) SWAP 238/1978MB (cached 12MB) IRAM 0/252kB(lfb 252kB) CPU [100%@403,off,off,off] EMC_FREQ 2%@1600 GR3D_FREQ 9%@76 APE 25 PLL@32C CPU@34C PMIC@50C GPU@33C AO@42C thermal@33.5C POM_5V_IN 2095/1954 POM_5V_GPU 82/23 POM_5V_CPU 246/202
[ts: 1636413670.388841] RAM 1618/3956MB (lfb 199x4MB) SWAP 238/1978MB (cached 12MB) IRAM 0/252kB(lfb 252kB) CPU [100%@403,off,off,off] EMC_FREQ 2%@1600 GR3D_FREQ 5%@76 APE 25 PLL@32C CPU@34C PMIC@50C GPU@33C AO@42.5C thermal@33.75C POM_5V_IN 2136/1958 POM_5V_GPU 82/24 POM_5V_CPU 287/204
[ts: 1636413670.909915] RAM 1669/3956MB (lfb 199x4MB) SWAP 238/1978MB (cached 12MB) IRAM 0/252kB(lfb 252kB) CPU [100%@403,off,off,off] EMC_FREQ 2%@1600 GR3D_FREQ 0%@76 APE 25 PLL@32C CPU@34C PMIC@50C GPU@33.5C AO@42C thermal@33.75C POM_5V_IN 2095/1960 POM_5V_GPU 41/25 POM_5V_CPU 328/206
[ts: 1636413671.427354] RAM 1673/3956MB (lfb 199x4MB) SWAP 238/1978MB (cached 12MB) IRAM 0/252kB(lfb 252kB) CPU [98%@403,off,off,off] EMC_FREQ 2%@1600 GR3D_FREQ 0%@76 APE 25 PLL@32C CPU@34C PMIC@50C GPU@33.5C AO@42C thermal@33.75C POM_5V_IN 2136/1964 POM_5V_GPU 82/26 POM_5V_CPU 287/208
[ts: 1636413671.946437] RAM 1704/3956MB (lfb 199x4MB) SWAP 238/1978MB (cached 12MB) IRAM 0/252kB(lfb 252kB) CPU [100%@403,off,off,off] EMC_FREQ 2%@1600 GR3D_FREQ 9%@76 APE 25 PLL@32C CPU@34.5C PMIC@50C GPU@33.5C AO@42.5C thermal@33.75C POM_5V_IN 2095/1966 POM_5V_GPU 41/26 POM_5V_CPU 287/209
[ts: 1636413672.464886] RAM 1718/3956MB (lfb 199x4MB) SWAP 238/1978MB (cached 12MB) IRAM 0/252kB(lfb 252kB) CPU [100%@403,off,off,off] EMC_FREQ 2%@1600 GR3D_FREQ 8%@76 APE 25 PLL@32C CPU@34.5C PMIC@50C GPU@33C AO@42C thermal@34C POM_5V_IN 2095/1968 POM_5V_GPU 82/27 POM_5V_CPU 246/210
[ts: 1636413672.987470] RAM 1755/3956MB (lfb 199x4MB) SWAP 238/1978MB (cached 12MB) IRAM 0/252kB(lfb 252kB) CPU [100%@403,off,off,off] EMC_FREQ 3%@1600 GR3D_FREQ 7%@76 APE 25 PLL@32C CPU@34.5C PMIC@50C GPU@33C AO@42C thermal@34C POM_5V_IN 2095/1971 POM_5V_GPU 82/28 POM_5V_CPU 287/211
[ts: 1636413673.505149] RAM 1784/3956MB (lfb 199x4MB) SWAP 238/1978MB (cached 12MB) IRAM 0/252kB(lfb 252kB) CPU [100%@403,off,off,off] EMC_FREQ 3%@1600 GR3D_FREQ 0%@76 APE 25 PLL@32C CPU@34.5C PMIC@50C GPU@33.5C AO@42C thermal@33.5C POM_5V_IN 2095/1973 POM_5V_GPU 41/28 POM_5V_CPU 246/212
[ts: 1636413674.023788] RAM 1796/3956MB (lfb 199x4MB) SWAP 238/1978MB (cached 12MB) IRAM 0/252kB(lfb 252kB) CPU [98%@403,off,off,off] EMC_FREQ 3%@1600 GR3D_FREQ 8%@76 APE 25 PLL@32C CPU@34C PMIC@50C GPU@33C AO@42.5C thermal@33.5C POM_5V_IN 2095/1975 POM_5V_GPU 82/29 POM_5V_CPU 246/212
[ts: 1636413674.548740] RAM 1821/3956MB (lfb 199x4MB) SWAP 238/1978MB (cached 12MB) IRAM 0/252kB(lfb 252kB) CPU [100%@403,off,off,off] EMC_FREQ 3%@1600 GR3D_FREQ 1%@76 APE 25 PLL@32C CPU@34C PMIC@50C GPU@33C AO@42C thermal@33.5C POM_5V_IN 2095/1977 POM_5V_GPU 41/29 POM_5V_CPU 246/213
[ts: 1636413675.068199] RAM 1858/3956MB (lfb 199x4MB) SWAP 238/1978MB (cached 12MB) IRAM 0/252kB(lfb 252kB) CPU [100%@403,off,off,off] EMC_FREQ 3%@1600 GR3D_FREQ 9%@76 APE 25 PLL@32C CPU@34.5C PMIC@50C GPU@33.5C AO@42C thermal@33.5C POM_5V_IN 2095/1979 POM_5V_GPU 82/30 POM_5V_CPU 246/213
[ts: 1636413675.586786] RAM 1858/3956MB (lfb 199x4MB) SWAP 238/1978MB (cached 12MB) IRAM 0/252kB(lfb 252kB) CPU [100%@403,off,off,off] EMC_FREQ 2%@1600 GR3D_FREQ 13%@76 APE 25 PLL@32C CPU@34C PMIC@50C GPU@33.5C AO@42.5C thermal@33.75C POM_5V_IN 2095/1981 POM_5V_GPU 82/31 POM_5V_CPU 246/214
[ts: 1636413676.104276] RAM 1895/3956MB (lfb 197x4MB) SWAP 238/1978MB (cached 12MB) IRAM 0/252kB(lfb 252kB) CPU [100%@403,off,off,off] EMC_FREQ 3%@1600 GR3D_FREQ 7%@76 APE 25 PLL@32C CPU@34C PMIC@50C GPU@33.5C AO@42C thermal@33.75C POM_5V_IN 2095/1983 POM_5V_GPU 82/32 POM_5V_CPU 287/215
[ts: 1636413676.624105] RAM 1915/3956MB (lfb 196x4MB) SWAP 238/1978MB (cached 12MB) IRAM 0/252kB(lfb 252kB) CPU [98%@403,off,off,off] EMC_FREQ 3%@1600 GR3D_FREQ 9%@76 APE 25 PLL@32C CPU@34C PMIC@50C GPU@33.5C AO@42C thermal@33.75C POM_5V_IN 2095/1984 POM_5V_GPU 82/33 POM_5V_CPU 287/216
[ts: 1636413677.145909] RAM 1976/3956MB (lfb 189x4MB) SWAP 238/1978MB (cached 12MB) IRAM 0/252kB(lfb 252kB) CPU [100%@403,off,off,off] EMC_FREQ 3%@1600 GR3D_FREQ 0%@76 APE 25 PLL@32C CPU@34C PMIC@50C GPU@33.5C AO@42.5C thermal@33.75C POM_5V_IN 2095/1986 POM_5V_GPU 41/33 POM_5V_CPU 287/217
[ts: 1636413677.664601] RAM 1962/3956MB (lfb 192x4MB) SWAP 238/1978MB (cached 12MB) IRAM 0/252kB(lfb 252kB) CPU [100%@403,off,off,off] EMC_FREQ 3%@1600 GR3D_FREQ 0%@76 APE 25 PLL@32C CPU@34C PMIC@50C GPU@33.5C AO@42.5C thermal@33.75C POM_5V_IN 2013/1986 POM_5V_GPU 41/33 POM_5V_CPU 246/218
[ts: 1636413678.184293] RAM 2024/3956MB (lfb 186x4MB) SWAP 238/1978MB (cached 12MB) IRAM 0/252kB(lfb 252kB) CPU [100%@403,off,off,off] EMC_FREQ 3%@1600 GR3D_FREQ 0%@76 APE 25 PLL@32C CPU@34.5C PMIC@50C GPU@33C AO@42.5C thermal@33.5C POM_5V_IN 2095/1988 POM_5V_GPU 41/33 POM_5V_CPU 287/219
[ts: 1636413678.701423] RAM 2009/3956MB (lfb 188x4MB) SWAP 238/1978MB (cached 12MB) IRAM 0/252kB(lfb 252kB) CPU [100%@403,off,off,off] EMC_FREQ 3%@1600 GR3D_FREQ 0%@76 APE 25 PLL@32C CPU@34C PMIC@50C GPU@33.5C AO@42.5C thermal@33.5C POM_5V_IN 2013/1988 POM_5V_GPU 82/34 POM_5V_CPU 246/219
[ts: 1636413679.220191] RAM 2035/3956MB (lfb 188x4MB) SWAP 238/1978MB (cached 12MB) IRAM 0/252kB(lfb 252kB) CPU [100%@403,off,off,off] EMC_FREQ 3%@1600 GR3D_FREQ 0%@76 APE 25 PLL@32C CPU@34C PMIC@50C GPU@33C AO@42C thermal@33.75C POM_5V_IN 2095/1990 POM_5V_GPU 41/34 POM_5V_CPU 287/220
[ts: 1636413679.741938] RAM 2060/3956MB (lfb 186x4MB) SWAP 238/1978MB (cached 12MB) IRAM 0/252kB(lfb 252kB) CPU [98%@403,off,off,off] EMC_FREQ 3%@1600 GR3D_FREQ 3%@76 APE 25 PLL@32C CPU@34.5C PMIC@50C GPU@33.5C AO@42C thermal@33.75C POM_5V_IN 2095/1992 POM_5V_GPU 82/35 POM_5V_CPU 246/221
[ts: 1636413680.260629] RAM 2091/3956MB (lfb 183x4MB) SWAP 238/1978MB (cached 12MB) IRAM 0/252kB(lfb 252kB) CPU [100%@403,off,off,off] EMC_FREQ 3%@1600 GR3D_FREQ 9%@76 APE 25 PLL@32C CPU@34C PMIC@50C GPU@33.5C AO@42C thermal@33.75C POM_5V_IN 2095/1993 POM_5V_GPU 82/35 POM_5V_CPU 246/221
[ts: 1636413680.784009] RAM 2136/3956MB (lfb 178x4MB) SWAP 238/1978MB (cached 12MB) IRAM 0/252kB(lfb 252kB) CPU [100%@403,off,off,off] EMC_FREQ 3%@1600 GR3D_FREQ 8%@76 APE 25 PLL@32C CPU@34C PMIC@50C GPU@33.5C AO@42C thermal@33.75C POM_5V_IN 2177/1996 POM_5V_GPU 82/36 POM_5V_CPU 246/221
[ts: 1636413681.303774] RAM 2144/3956MB (lfb 178x4MB) SWAP 238/1978MB (cached 12MB) IRAM 0/252kB(lfb 252kB) CPU [100%@403,off,off,off] EMC_FREQ 3%@1600 GR3D_FREQ 2%@76 APE 25 PLL@32C CPU@34.5C PMIC@50C GPU@33C AO@42.5C thermal@33.5C POM_5V_IN 2054/1996 POM_5V_GPU 82/37 POM_5V_CPU 246/222
[ts: 1636413681.823827] RAM 2163/3956MB (lfb 176x4MB) SWAP 238/1978MB (cached 12MB) IRAM 0/252kB(lfb 252kB) CPU [100%@403,off,off,off] EMC_FREQ 3%@1600 GR3D_FREQ 4%@76 APE 25 PLL@32C CPU@34C PMIC@50C GPU@33.5C AO@42C thermal@33.5C POM_5V_IN 2095/1998 POM_5V_GPU 82/37 POM_5V_CPU 246/222
[ts: 1636413682.342035] RAM 2193/3956MB (lfb 175x4MB) SWAP 238/1978MB (cached 12MB) IRAM 0/252kB(lfb 252kB) CPU [100%@403,off,off,off] EMC_FREQ 3%@1600 GR3D_FREQ 0%@76 APE 25 PLL@32C CPU@34C PMIC@50C GPU@33.5C AO@42.5C thermal@33.75C POM_5V_IN 2095/1999 POM_5V_GPU 41/37 POM_5V_CPU 246/222
[ts: 1636413682.859532] RAM 2255/3956MB (lfb 168x4MB) SWAP 238/1978MB (cached 12MB) IRAM 0/252kB(lfb 252kB) CPU [100%@403,off,off,off] EMC_FREQ 3%@1600 GR3D_FREQ 0%@76 APE 25 PLL@32C CPU@34C PMIC@50C GPU@33.5C AO@42.5C thermal@33.75C POM_5V_IN 2054/2000 POM_5V_GPU 41/37 POM_5V_CPU 246/223
[ts: 1636413683.376280] RAM 2255/3956MB (lfb 168x4MB) SWAP 238/1978MB (cached 12MB) IRAM 0/252kB(lfb 252kB) CPU [98%@403,off,off,off] EMC_FREQ 3%@1600 GR3D_FREQ 10%@76 APE 25 PLL@32C CPU@34C PMIC@50C GPU@33C AO@42.5C thermal@33.5C POM_5V_IN 2095/2001 POM_5V_GPU 82/38 POM_5V_CPU 246/223
[ts: 1636413683.901591] RAM 2253/3956MB (lfb 171x4MB) SWAP 238/1978MB (cached 12MB) IRAM 0/252kB(lfb 252kB) CPU [100%@403,off,off,off] EMC_FREQ 3%@1600 GR3D_FREQ 14%@76 APE 25 PLL@32C CPU@34C PMIC@50C GPU@33.5C AO@42.5C thermal@33.5C POM_5V_IN 2054/2002 POM_5V_GPU 82/38 POM_5V_CPU 246/223
[ts: 1636413684.424591] RAM 2291/3956MB (lfb 167x4MB) SWAP 238/1978MB (cached 12MB) IRAM 0/252kB(lfb 252kB) CPU [100%@403,off,off,off] EMC_FREQ 3%@1600 GR3D_FREQ 0%@76 APE 25 PLL@32C CPU@34C PMIC@50C GPU@33.5C AO@42C thermal@33.5C POM_5V_IN 2095/2003 POM_5V_GPU 41/38 POM_5V_CPU 287/224
[ts: 1636413684.943498] RAM 2331/3956MB (lfb 162x4MB) SWAP 238/1978MB (cached 12MB) IRAM 0/252kB(lfb 252kB) CPU [100%@403,off,off,off] EMC_FREQ 3%@1600 GR3D_FREQ 0%@76 APE 25 PLL@32C CPU@34C PMIC@50C GPU@33.5C AO@42C thermal@33.75C POM_5V_IN 2095/2004 POM_5V_GPU 41/38 POM_5V_CPU 246/224
[ts: 1636413685.463982] RAM 2345/3956MB (lfb 162x4MB) SWAP 238/1978MB (cached 12MB) IRAM 0/252kB(lfb 252kB) CPU [100%@403,off,off,off] EMC_FREQ 3%@1600 GR3D_FREQ 18%@76 APE 25 PLL@32.5C CPU@34C PMIC@50C GPU@33.5C AO@42C thermal@33.75C POM_5V_IN 2095/2005 POM_5V_GPU 82/39 POM_5V_CPU 246/225
[ts: 1636413685.984140] RAM 2412/3956MB (lfb 154x4MB) SWAP 238/1978MB (cached 12MB) IRAM 0/252kB(lfb 252kB) CPU [100%@403,off,off,off] EMC_FREQ 3%@1600 GR3D_FREQ 0%@76 APE 25 PLL@32C CPU@34.5C PMIC@50C GPU@33.5C AO@42.5C thermal@33.75C POM_5V_IN 2095/2006 POM_5V_GPU 41/39 POM_5V_CPU 287/225
[ts: 1636413686.501468] RAM 2412/3956MB (lfb 154x4MB) SWAP 238/1978MB (cached 12MB) IRAM 0/252kB(lfb 252kB) CPU [100%@403,off,off,off] EMC_FREQ 3%@1600 GR3D_FREQ 18%@76 APE 25 PLL@32C CPU@34.5C PMIC@50C GPU@33.5C AO@42.5C thermal@33.75C POM_5V_IN 2054/2007 POM_5V_GPU 82/40 POM_5V_CPU 246/226
[ts: 1636413687.024743] RAM 2419/3956MB (lfb 156x4MB) SWAP 238/1978MB (cached 12MB) IRAM 0/252kB(lfb 252kB) CPU [98%@403,off,off,off] EMC_FREQ 3%@1600 GR3D_FREQ 0%@76 APE 25 PLL@32C CPU@34.5C PMIC@50C GPU@33.5C AO@42.5C thermal@33.75C POM_5V_IN 2136/2008 POM_5V_GPU 41/40 POM_5V_CPU 246/226
[ts: 1636413687.544244] RAM 2445/3956MB (lfb 155x4MB) SWAP 238/1978MB (cached 12MB) IRAM 0/252kB(lfb 252kB) CPU [100%@403,off,off,off] EMC_FREQ 3%@1600 GR3D_FREQ 0%@76 APE 25 PLL@32C CPU@34.5C PMIC@50C GPU@33.5C AO@42C thermal@33.75C POM_5V_IN 2095/2009 POM_5V_GPU 41/40 POM_5V_CPU 287/226
[ts: 1636413688.062204] RAM 2489/3956MB (lfb 150x4MB) SWAP 238/1978MB (cached 12MB) IRAM 0/252kB(lfb 252kB) CPU [100%@403,off,off,off] EMC_FREQ 3%@1600 GR3D_FREQ 0%@76 APE 25 PLL@32C CPU@34.5C PMIC@50C GPU@33.5C AO@42C thermal@34C POM_5V_IN 2095/2010 POM_5V_GPU 41/40 POM_5V_CPU 246/227
[ts: 1636413688.580758] RAM 2504/3956MB (lfb 150x4MB) SWAP 238/1978MB (cached 12MB) IRAM 0/252kB(lfb 252kB) CPU [100%@403,off,off,off] EMC_FREQ 3%@1600 GR3D_FREQ 0%@76 APE 25 PLL@32C CPU@34C PMIC@50C GPU@33.5C AO@42.5C thermal@34C POM_5V_IN 2136/2012 POM_5V_GPU 41/40 POM_5V_CPU 246/227
[ts: 1636413689.100402] RAM 2528/3956MB (lfb 147x4MB) SWAP 238/1978MB (cached 12MB) IRAM 0/252kB(lfb 252kB) CPU [100%@403,off,off,off] EMC_FREQ 3%@1600 GR3D_FREQ 12%@76 APE 25 PLL@32C CPU@34.5C PMIC@50C GPU@33.5C AO@42.5C thermal@33.75C POM_5V_IN 2136/2013 POM_5V_GPU 82/40 POM_5V_CPU 287/228
[ts: 1636413689.618699] RAM 2569/3956MB (lfb 144x4MB) SWAP 238/1978MB (cached 12MB) IRAM 0/252kB(lfb 252kB) CPU [100%@403,off,off,off] EMC_FREQ 3%@1600 GR3D_FREQ 0%@76 APE 25 PLL@32C CPU@34.5C PMIC@50C GPU@33C AO@42.5C thermal@33.75C POM_5V_IN 2095/2014 POM_5V_GPU 41/40 POM_5V_CPU 246/228
[ts: 1636413690.140090] RAM 2592/3956MB (lfb 140x4MB) SWAP 238/1978MB (cached 12MB) IRAM 0/252kB(lfb 252kB) CPU [98%@403,off,off,off] EMC_FREQ 3%@1600 GR3D_FREQ 1%@76 APE 25 PLL@32C CPU@34.5C PMIC@50C GPU@33.5C AO@42C thermal@34C POM_5V_IN 2136/2016 POM_5V_GPU 41/40 POM_5V_CPU 246/228
[ts: 1636413690.658393] RAM 2606/3956MB (lfb 140x4MB) SWAP 238/1978MB (cached 12MB) IRAM 0/252kB(lfb 252kB) CPU [100%@403,off,off,off] EMC_FREQ 3%@1600 GR3D_FREQ 0%@76 APE 25 PLL@32C CPU@34.5C PMIC@50C GPU@33.5C AO@42.5C thermal@34C POM_5V_IN 2054/2016 POM_5V_GPU 82/41 POM_5V_CPU 246/228
[ts: 1636413691.175866] RAM 2652/3956MB (lfb 132x4MB) SWAP 238/1978MB (cached 12MB) IRAM 0/252kB(lfb 252kB) CPU [100%@403,off,off,off] EMC_FREQ 3%@1600 GR3D_FREQ 0%@76 APE 25 PLL@32C CPU@34C PMIC@50C GPU@33.5C AO@42.5C thermal@34C POM_5V_IN 2177/2018 POM_5V_GPU 41/41 POM_5V_CPU 287/229
[ts: 1636413691.701242] RAM 2695/3956MB (lfb 129x4MB) SWAP 238/1978MB (cached 12MB) IRAM 0/252kB(lfb 252kB) CPU [100%@403,off,off,off] EMC_FREQ 3%@1600 GR3D_FREQ 0%@76 APE 25 PLL@32C CPU@34.5C PMIC@50C GPU@33.5C AO@42C thermal@33.75C POM_5V_IN 2095/2019 POM_5V_GPU 41/41 POM_5V_CPU 328/230
[ts: 1636413692.220671] RAM 2695/3956MB (lfb 129x4MB) SWAP 238/1978MB (cached 12MB) IRAM 0/252kB(lfb 252kB) CPU [100%@403,off,off,off] EMC_FREQ 3%@1600 GR3D_FREQ 7%@76 APE 25 PLL@32C CPU@34.5C PMIC@50C GPU@33.5C AO@42C thermal@33.75C POM_5V_IN 2095/2019 POM_5V_GPU 82/41 POM_5V_CPU 246/230
[ts: 1636413692.740880] RAM 2762/3956MB (lfb 121x4MB) SWAP 238/1978MB (cached 12MB) IRAM 0/252kB(lfb 252kB) CPU [100%@403,off,off,off] EMC_FREQ 3%@1600 GR3D_FREQ 0%@76 APE 25 PLL@32C CPU@34C PMIC@50C GPU@33.5C AO@42.5C thermal@33.75C POM_5V_IN 2095/2020 POM_5V_GPU 41/41 POM_5V_CPU 246/230
[ts: 1636413693.260989] RAM 2766/3956MB (lfb 121x4MB) SWAP 238/1978MB (cached 12MB) IRAM 0/252kB(lfb 252kB) CPU [100%@403,off,off,off] EMC_FREQ 3%@1600 GR3D_FREQ 0%@76 APE 25 PLL@32C CPU@34C PMIC@50C GPU@33C AO@42.5C thermal@33.75C POM_5V_IN 2136/2021 POM_5V_GPU 41/41 POM_5V_CPU 287/231
[ts: 1636413693.783620] RAM 2808/3956MB (lfb 116x4MB) SWAP 238/1978MB (cached 12MB) IRAM 0/252kB(lfb 252kB) CPU [100%@403,off,off,off] EMC_FREQ 3%@1600 GR3D_FREQ 5%@76 APE 25 PLL@31.5C CPU@34.5C PMIC@50C GPU@33C AO@42.5C thermal@33.75C POM_5V_IN 2095/2022 POM_5V_GPU 41/41 POM_5V_CPU 287/231
[ts: 1636413694.301763] RAM 2808/3956MB (lfb 116x4MB) SWAP 238/1978MB (cached 12MB) IRAM 0/252kB(lfb 252kB) CPU [98%@403,off,off,off] EMC_FREQ 3%@1600 GR3D_FREQ 11%@76 APE 25 PLL@31.5C CPU@34.5C PMIC@50C GPU@33.5C AO@42C thermal@33.75C POM_5V_IN 2095/2023 POM_5V_GPU 82/41 POM_5V_CPU 246/232
[ts: 1636413694.823976] RAM 2849/3956MB (lfb 110x4MB) SWAP 238/1978MB (cached 12MB) IRAM 0/252kB(lfb 252kB) CPU [100%@403,off,off,off] EMC_FREQ 3%@1600 GR3D_FREQ 0%@76 APE 25 PLL@32C CPU@34.5C PMIC@50C GPU@33.5C AO@42.5C thermal@34C POM_5V_IN 2177/2024 POM_5V_GPU 41/41 POM_5V_CPU 287/232
[ts: 1636413695.347171] RAM 2871/3956MB (lfb 110x4MB) SWAP 238/1978MB (cached 12MB) IRAM 0/252kB(lfb 252kB) CPU [100%@403,off,off,off] EMC_FREQ 3%@1600 GR3D_FREQ 8%@76 APE 25 PLL@31.5C CPU@34.5C PMIC@50C GPU@33.5C AO@42.5C thermal@34C POM_5V_IN 2095/2025 POM_5V_GPU 82/42 POM_5V_CPU 246/232
[ts: 1636413695.868082] RAM 2904/3956MB (lfb 106x4MB) SWAP 238/1978MB (cached 12MB) IRAM 0/252kB(lfb 252kB) CPU [100%@403,off,off,off] EMC_FREQ 3%@1600 GR3D_FREQ 0%@76 APE 25 PLL@32C CPU@34.5C PMIC@50C GPU@33.5C AO@42C thermal@34C POM_5V_IN 2095/2026 POM_5V_GPU 41/42 POM_5V_CPU 246/232
[ts: 1636413696.388029] RAM 2915/3956MB (lfb 105x4MB) SWAP 238/1978MB (cached 12MB) IRAM 0/252kB(lfb 252kB) CPU [100%@403,off,off,off] EMC_FREQ 3%@1600 GR3D_FREQ 0%@76 APE 25 PLL@32C CPU@34.5C PMIC@50C GPU@33.5C AO@42.5C thermal@34C POM_5V_IN 2095/2027 POM_5V_GPU 41/42 POM_5V_CPU 246/233
[ts: 1636413696.908953] RAM 2930/3956MB (lfb 104x4MB) SWAP 238/1978MB (cached 12MB) IRAM 0/252kB(lfb 252kB) CPU [98%@403,off,off,off] EMC_FREQ 3%@1600 GR3D_FREQ 22%@76 APE 25 PLL@32C CPU@34.5C PMIC@50C GPU@33.5C AO@42C thermal@33.5C POM_5V_IN 2095/2027 POM_5V_GPU 82/42 POM_5V_CPU 246/233
[ts: 1636413697.428945] RAM 2935/3956MB (lfb 103x4MB) SWAP 238/1978MB (cached 12MB) IRAM 0/252kB(lfb 252kB) CPU [100%@403,off,off,off] EMC_FREQ 3%@1600 GR3D_FREQ 0%@76 APE 25 PLL@32C CPU@34.5C PMIC@50C GPU@33.5C AO@42C thermal@33.5C POM_5V_IN 2054/2027 POM_5V_GPU 41/42 POM_5V_CPU 287/233
[ts: 1636413697.949102] RAM 2935/3956MB (lfb 103x4MB) SWAP 238/1978MB (cached 12MB) IRAM 0/252kB(lfb 252kB) CPU [100%@403,off,off,off] EMC_FREQ 3%@1600 GR3D_FREQ 0%@76 APE 25 PLL@32C CPU@34C PMIC@50C GPU@33C AO@42C thermal@33.75C POM_5V_IN 2095/2028 POM_5V_GPU 41/42 POM_5V_CPU 287/234
[ts: 1636413698.466876] RAM 2935/3956MB (lfb 103x4MB) SWAP 238/1978MB (cached 12MB) IRAM 0/252kB(lfb 252kB) CPU [100%@403,off,off,off] EMC_FREQ 2%@1600 GR3D_FREQ 0%@76 APE 25 PLL@32C CPU@34.5C PMIC@50C GPU@34C AO@42C thermal@33.75C POM_5V_IN 2016/2028 POM_5V_GPU 0/42 POM_5V_CPU 288/234
[ts: 1636413698.984399] RAM 2935/3956MB (lfb 103x4MB) SWAP 238/1978MB (cached 12MB) IRAM 0/252kB(lfb 252kB) CPU [100%@403,off,off,off] EMC_FREQ 2%@1600 GR3D_FREQ 0%@76 APE 25 PLL@32C CPU@34C PMIC@50C GPU@34C AO@42.5C thermal@33.75C POM_5V_IN 1972/2027 POM_5V_GPU 0/41 POM_5V_CPU 288/235
[ts: 1636413699.502885] RAM 2935/3956MB (lfb 103x4MB) SWAP 238/1978MB (cached 12MB) IRAM 0/252kB(lfb 252kB) CPU [100%@403,off,off,off] EMC_FREQ 2%@1600 GR3D_FREQ 0%@76 APE 25 PLL@32C CPU@34.5C PMIC@50C GPU@34C AO@42C thermal@34.25C POM_5V_IN 2013/2027 POM_5V_GPU 0/41 POM_5V_CPU 288/235
[ts: 1636413700.023969] RAM 2935/3956MB (lfb 103x4MB) SWAP 238/1978MB (cached 12MB) IRAM 0/252kB(lfb 252kB) CPU [100%@403,off,off,off] EMC_FREQ 2%@1600 GR3D_FREQ 0%@76 APE 25 PLL@32C CPU@34.5C PMIC@50C GPU@34C AO@42.5C thermal@34.25C POM_5V_IN 2013/2027 POM_5V_GPU 0/41 POM_5V_CPU 288/236
[ts: 1636413700.544763] RAM 2935/3956MB (lfb 103x4MB) SWAP 238/1978MB (cached 12MB) IRAM 0/252kB(lfb 252kB) CPU [100%@403,off,off,off] EMC_FREQ 2%@1600 GR3D_FREQ 0%@76 APE 25 PLL@32C CPU@34.5C PMIC@50C GPU@34C AO@42C thermal@34C POM_5V_IN 1975/2027 POM_5V_GPU 0/40 POM_5V_CPU 288/236
[ts: 1636413701.062307] RAM 2935/3956MB (lfb 103x4MB) SWAP 238/1978MB (cached 12MB) IRAM 0/252kB(lfb 252kB) CPU [100%@403,off,off,off] EMC_FREQ 2%@1600 GR3D_FREQ 0%@76 APE 25 PLL@32C CPU@34.5C PMIC@50C GPU@34C AO@42.5C thermal@34C POM_5V_IN 2013/2027 POM_5V_GPU 0/40 POM_5V_CPU 287/237
[ts: 1636413701.582859] RAM 2935/3956MB (lfb 103x4MB) SWAP 238/1978MB (cached 12MB) IRAM 0/252kB(lfb 252kB) CPU [100%@403,off,off,off] EMC_FREQ 2%@1600 GR3D_FREQ 0%@76 APE 25 PLL@32C CPU@34C PMIC@50C GPU@34C AO@42C thermal@34C POM_5V_IN 2016/2026 POM_5V_GPU 0/39 POM_5V_CPU 288/237
[ts: 1636413702.102589] RAM 2935/3956MB (lfb 103x4MB) SWAP 238/1978MB (cached 12MB) IRAM 0/252kB(lfb 252kB) CPU [100%@403,off,off,off] EMC_FREQ 2%@1600 GR3D_FREQ 0%@76 APE 25 PLL@32C CPU@34.5C PMIC@50C GPU@34C AO@42C thermal@34C POM_5V_IN 1975/2026 POM_5V_GPU 0/39 POM_5V_CPU 246/237
[ts: 1636413702.620020] RAM 2935/3956MB (lfb 103x4MB) SWAP 238/1978MB (cached 12MB) IRAM 0/252kB(lfb 252kB) CPU [100%@403,off,off,off] EMC_FREQ 2%@1600 GR3D_FREQ 0%@76 APE 25 PLL@32C CPU@34C PMIC@50C GPU@34C AO@42.5C thermal@34C POM_5V_IN 2016/2026 POM_5V_GPU 0/39 POM_5V_CPU 288/238
[ts: 1636413703.141108] RAM 2935/3956MB (lfb 103x4MB) SWAP 238/1978MB (cached 12MB) IRAM 0/252kB(lfb 252kB) CPU [100%@403,off,off,off] EMC_FREQ 2%@1600 GR3D_FREQ 0%@76 APE 25 PLL@32C CPU@34.5C PMIC@50C GPU@34C AO@42C thermal@34C POM_5V_IN 2013/2026 POM_5V_GPU 0/38 POM_5V_CPU 288/238
[ts: 1636413703.659969] RAM 2935/3956MB (lfb 103x4MB) SWAP 238/1978MB (cached 12MB) IRAM 0/252kB(lfb 252kB) CPU [100%@403,off,off,off] EMC_FREQ 2%@1600 GR3D_FREQ 0%@76 APE 25 PLL@32C CPU@34.5C PMIC@50C GPU@34C AO@42.5C thermal@34.25C POM_5V_IN 2016/2026 POM_5V_GPU 0/38 POM_5V_CPU 288/238
[ts: 1636413704.180062] RAM 2935/3956MB (lfb 103x4MB) SWAP 238/1978MB (cached 12MB) IRAM 0/252kB(lfb 252kB) CPU [100%@403,off,off,off] EMC_FREQ 2%@1600 GR3D_FREQ 0%@76 APE 25 PLL@32C CPU@34C PMIC@50C GPU@34C AO@42.5C thermal@34.25C POM_5V_IN 2054/2026 POM_5V_GPU 0/38 POM_5V_CPU 246/239
[ts: 1636413704.698373] RAM 2935/3956MB (lfb 103x4MB) SWAP 238/1978MB (cached 12MB) IRAM 0/252kB(lfb 252kB) CPU [100%@403,off,off,off] EMC_FREQ 3%@1600 GR3D_FREQ 0%@76 APE 25 PLL@32C CPU@34.5C PMIC@50C GPU@34C AO@42.5C thermal@34.25C POM_5V_IN 2054/2026 POM_5V_GPU 0/37 POM_5V_CPU 246/239
[ts: 1636413705.218804] RAM 2934/3956MB (lfb 103x4MB) SWAP 238/1978MB (cached 12MB) IRAM 0/252kB(lfb 252kB) CPU [100%@403,off,off,off] EMC_FREQ 3%@1600 GR3D_FREQ 0%@76 APE 25 PLL@32C CPU@34.5C PMIC@50C GPU@34C AO@42C thermal@34.25C POM_5V_IN 2013/2026 POM_5V_GPU 0/37 POM_5V_CPU 246/239
[ts: 1636413705.739750] RAM 2346/3956MB (lfb 117x4MB) SWAP 238/1978MB (cached 12MB) IRAM 0/252kB(lfb 252kB) CPU [100%@403,off,off,off] EMC_FREQ 3%@1600 GR3D_FREQ 0%@76 APE 25 PLL@32C CPU@34C PMIC@50C GPU@34C AO@42C thermal@34.25C POM_5V_IN 2013/2026 POM_5V_GPU 0/37 POM_5V_CPU 288/239
[ts: 1636413706.269029] RAM 1458/3956MB (lfb 199x4MB) SWAP 238/1978MB (cached 12MB) IRAM 0/252kB(lfb 252kB) CPU [100%@403,off,off,off] EMC_FREQ 3%@1600 GR3D_FREQ 0%@76 APE 25 PLL@32C CPU@34.5C PMIC@50C GPU@33.5C AO@42C thermal@34C POM_5V_IN 2013/2026 POM_5V_GPU 41/37 POM_5V_CPU 246/239
[ts: 1636413706.788614] RAM 1456/3956MB (lfb 199x4MB) SWAP 238/1978MB (cached 12MB) IRAM 0/252kB(lfb 252kB) CPU [100%@403,off,off,off] EMC_FREQ 3%@1600 GR3D_FREQ 0%@76 APE 25 PLL@32C CPU@34.5C PMIC@50C GPU@33.5C AO@42.5C thermal@34C POM_5V_IN 2177/2027 POM_5V_GPU 41/37 POM_5V_CPU 246/239
[ts: 1636413707.301991] RAM 1456/3956MB (lfb 199x4MB) SWAP 238/1978MB (cached 12MB) IRAM 0/252kB(lfb 252kB) CPU [22%@403,off,off,off] EMC_FREQ 3%@1600 GR3D_FREQ 0%@76 APE 25 PLL@31.5C CPU@34C PMIC@50C GPU@33.5C AO@42C thermal@33.75C POM_5V_IN 1892/2026 POM_5V_GPU 41/37 POM_5V_CPU 123/238
[ts: 1636413707.815525] RAM 1456/3956MB (lfb 199x4MB) SWAP 238/1978MB (cached 12MB) IRAM 0/252kB(lfb 252kB) CPU [5%@403,off,off,off] EMC_FREQ 3%@1600 GR3D_FREQ 0%@76 APE 25 PLL@31.5C CPU@34C PMIC@50C GPU@33C AO@42.5C thermal@33.75C POM_5V_IN 1892/2025 POM_5V_GPU 41/37 POM_5V_CPU 123/237
[ts: 1636413708.328654] RAM 1456/3956MB (lfb 199x4MB) SWAP 238/1978MB (cached 12MB) IRAM 0/252kB(lfb 252kB) CPU [4%@403,off,off,off] EMC_FREQ 3%@1600 GR3D_FREQ 0%@76 APE 25 PLL@32C CPU@34C PMIC@50C GPU@33C AO@42C thermal@33.5C POM_5V_IN 1892/2024 POM_5V_GPU 41/37 POM_5V_CPU 123/236
