SOC family:tegra210  Machine:NVIDIA Jetson Nano Developer Kit
Online CPUs: 0
cpu0: Online=1 Governor=schedutil MinFreq=204000 MaxFreq=204000 CurrentFreq=204000 IdleStates: WFI=1 c7=1 
cpu1: Online=0 Governor=schedutil MinFreq=204000 MaxFreq=204000 CurrentFreq=204000 IdleStates: WFI=1 c7=1 
cpu2: Online=0 Governor=schedutil MinFreq=204000 MaxFreq=204000 CurrentFreq=204000 IdleStates: WFI=1 c7=1 
cpu3: Online=0 Governor=schedutil MinFreq=204000 MaxFreq=204000 CurrentFreq=204000 IdleStates: WFI=1 c7=1 
GPU MinFreq=76800000 MaxFreq=614400000 CurrentFreq=76800000
EMC MinFreq=204000000 MaxFreq=1600000000 CurrentFreq=1600000000 FreqOverride=0
Fan: PWM=0
NV Power Mode: 5W
[ts: 1636413795.007824] RAM 1454/3956MB (lfb 199x4MB) SWAP 238/1978MB (cached 12MB) IRAM 0/252kB(lfb 252kB) CPU [100%@204,off,off,off] EMC_FREQ 2%@1600 GR3D_FREQ 24%@76 APE 25 PLL@31.5C CPU@34C PMIC@50C GPU@33C AO@42C thermal@33.25C POM_5V_IN 1975/1975 POM_5V_GPU 82/82 POM_5V_CPU 164/164
[ts: 1636413795.181247] RAM 1456/3956MB (lfb 199x4MB) SWAP 238/1978MB (cached 12MB) IRAM 0/252kB(lfb 252kB) CPU [77%@204,off,off,off] EMC_FREQ 2%@1600 GR3D_FREQ 0%@76 APE 25 PLL@32C CPU@34C PMIC@50C GPU@33C AO@42C thermal@33.25C POM_5V_IN 1934/1954 POM_5V_GPU 82/82 POM_5V_CPU 123/143
[ts: 1636413795.704880] RAM 1456/3956MB (lfb 199x4MB) SWAP 238/1978MB (cached 12MB) IRAM 0/252kB(lfb 252kB) CPU [10%@204,off,off,off] EMC_FREQ 2%@1600 GR3D_FREQ 0%@76 APE 25 PLL@32C CPU@34C PMIC@50C GPU@33C AO@42C thermal@33.25C POM_5V_IN 1892/1933 POM_5V_GPU 41/68 POM_5V_CPU 123/136
[ts: 1636413796.227734] RAM 1456/3956MB (lfb 199x4MB) SWAP 238/1978MB (cached 12MB) IRAM 0/252kB(lfb 252kB) CPU [12%@204,off,off,off] EMC_FREQ 2%@1600 GR3D_FREQ 0%@76 APE 25 PLL@32C CPU@34C PMIC@50C GPU@33C AO@42C thermal@33.25C POM_5V_IN 1851/1913 POM_5V_GPU 41/61 POM_5V_CPU 123/133
[ts: 1636413796.751678] RAM 1456/3956MB (lfb 199x4MB) SWAP 238/1978MB (cached 12MB) IRAM 0/252kB(lfb 252kB) CPU [18%@204,off,off,off] EMC_FREQ 2%@1600 GR3D_FREQ 0%@76 APE 25 PLL@32C CPU@34C PMIC@50C GPU@33C AO@42C thermal@33.5C POM_5V_IN 1851/1900 POM_5V_GPU 41/57 POM_5V_CPU 123/131
[ts: 1636413797.275556] RAM 1456/3956MB (lfb 199x4MB) SWAP 238/1978MB (cached 12MB) IRAM 0/252kB(lfb 252kB) CPU [11%@204,off,off,off] EMC_FREQ 2%@1600 GR3D_FREQ 0%@76 APE 25 PLL@32C CPU@34C PMIC@50C GPU@33C AO@42C thermal@33.5C POM_5V_IN 1851/1892 POM_5V_GPU 41/54 POM_5V_CPU 123/129
[ts: 1636413797.798119] RAM 1456/3956MB (lfb 199x4MB) SWAP 238/1978MB (cached 12MB) IRAM 0/252kB(lfb 252kB) CPU [15%@204,off,off,off] EMC_FREQ 2%@1600 GR3D_FREQ 0%@76 APE 25 PLL@32C CPU@34C PMIC@50C GPU@33C AO@42.5C thermal@33.25C POM_5V_IN 1892/1892 POM_5V_GPU 41/52 POM_5V_CPU 123/128
[ts: 1636413798.323495] RAM 1456/3956MB (lfb 199x4MB) SWAP 238/1978MB (cached 12MB) IRAM 0/252kB(lfb 252kB) CPU [14%@204,off,off,off] EMC_FREQ 2%@1600 GR3D_FREQ 0%@76 APE 25 PLL@32C CPU@34C PMIC@50C GPU@33.5C AO@42C thermal@33.25C POM_5V_IN 1892/1892 POM_5V_GPU 41/51 POM_5V_CPU 123/128
[ts: 1636413798.847466] RAM 1456/3956MB (lfb 199x4MB) SWAP 238/1978MB (cached 12MB) IRAM 0/252kB(lfb 252kB) CPU [12%@204,off,off,off] EMC_FREQ 2%@1600 GR3D_FREQ 0%@76 APE 25 PLL@32C CPU@33.5C PMIC@50C GPU@33C AO@42C thermal@33.5C POM_5V_IN 1892/1892 POM_5V_GPU 41/50 POM_5V_CPU 123/127
[ts: 1636413799.392322] RAM 1456/3956MB (lfb 199x4MB) SWAP 238/1978MB (cached 12MB) IRAM 0/252kB(lfb 252kB) CPU [16%@204,off,off,off] EMC_FREQ 2%@1600 GR3D_FREQ 0%@76 APE 25 PLL@32C CPU@34C PMIC@50C GPU@33C AO@42C thermal@33.5C POM_5V_IN 1892/1892 POM_5V_GPU 82/53 POM_5V_CPU 123/127
[ts: 1636413799.916920] RAM 1456/3956MB (lfb 199x4MB) SWAP 238/1978MB (cached 12MB) IRAM 0/252kB(lfb 252kB) CPU [11%@204,off,off,off] EMC_FREQ 2%@1600 GR3D_FREQ 0%@76 APE 25 PLL@32C CPU@34C PMIC@50C GPU@33.5C AO@42C thermal@33.5C POM_5V_IN 1851/1888 POM_5V_GPU 41/52 POM_5V_CPU 123/126
[ts: 1636413800.440998] RAM 1456/3956MB (lfb 199x4MB) SWAP 238/1978MB (cached 12MB) IRAM 0/252kB(lfb 252kB) CPU [12%@204,off,off,off] EMC_FREQ 2%@1600 GR3D_FREQ 0%@76 APE 25 PLL@32C CPU@33.5C PMIC@50C GPU@33.5C AO@42C thermal@33.5C POM_5V_IN 1851/1885 POM_5V_GPU 41/51 POM_5V_CPU 123/126
[ts: 1636413800.964829] RAM 1456/3956MB (lfb 199x4MB) SWAP 238/1978MB (cached 12MB) IRAM 0/252kB(lfb 252kB) CPU [15%@204,off,off,off] EMC_FREQ 2%@1600 GR3D_FREQ 0%@76 APE 25 PLL@32C CPU@34C PMIC@50C GPU@33C AO@42C thermal@33.5C POM_5V_IN 1851/1882 POM_5V_GPU 41/50 POM_5V_CPU 123/126
[ts: 1636413801.491635] RAM 1456/3956MB (lfb 199x4MB) SWAP 238/1978MB (cached 12MB) IRAM 0/252kB(lfb 252kB) CPU [13%@204,off,off,off] EMC_FREQ 2%@1600 GR3D_FREQ 0%@76 APE 25 PLL@32C CPU@34C PMIC@50C GPU@33C AO@42C thermal@33.5C POM_5V_IN 1851/1880 POM_5V_GPU 41/49 POM_5V_CPU 123/125
[ts: 1636413802.014811] RAM 1456/3956MB (lfb 199x4MB) SWAP 238/1978MB (cached 12MB) IRAM 0/252kB(lfb 252kB) CPU [13%@204,off,off,off] EMC_FREQ 2%@1600 GR3D_FREQ 0%@76 APE 25 PLL@32C CPU@34C PMIC@50C GPU@33C AO@42C thermal@33.5C POM_5V_IN 1892/1881 POM_5V_GPU 41/49 POM_5V_CPU 123/125
[ts: 1636413802.538477] RAM 1456/3956MB (lfb 199x4MB) SWAP 238/1978MB (cached 12MB) IRAM 0/252kB(lfb 252kB) CPU [12%@204,off,off,off] EMC_FREQ 2%@1600 GR3D_FREQ 0%@76 APE 25 PLL@32C CPU@34C PMIC@50C GPU@33C AO@42C thermal@33.75C POM_5V_IN 1892/1881 POM_5V_GPU 41/48 POM_5V_CPU 123/125
[ts: 1636413803.062189] RAM 1456/3956MB (lfb 199x4MB) SWAP 238/1978MB (cached 12MB) IRAM 0/252kB(lfb 252kB) CPU [10%@204,off,off,off] EMC_FREQ 2%@1600 GR3D_FREQ 0%@76 APE 25 PLL@32C CPU@34C PMIC@50C GPU@33C AO@42C thermal@33.75C POM_5V_IN 1851/1880 POM_5V_GPU 41/48 POM_5V_CPU 123/125
[ts: 1636413803.586330] RAM 1456/3956MB (lfb 199x4MB) SWAP 238/1978MB (cached 12MB) IRAM 0/252kB(lfb 252kB) CPU [11%@204,off,off,off] EMC_FREQ 2%@1600 GR3D_FREQ 0%@76 APE 25 PLL@32C CPU@33.5C PMIC@50C GPU@34C AO@42C thermal@33.75C POM_5V_IN 1810/1876 POM_5V_GPU 0/45 POM_5V_CPU 123/125
[ts: 1636413804.120237] RAM 1457/3956MB (lfb 199x4MB) SWAP 238/1978MB (cached 12MB) IRAM 0/252kB(lfb 252kB) CPU [26%@204,off,off,off] EMC_FREQ 2%@1600 GR3D_FREQ 0%@76 APE 25 PLL@32C CPU@34C PMIC@50C GPU@34C AO@42C thermal@33.75C POM_5V_IN 1851/1874 POM_5V_GPU 0/43 POM_5V_CPU 164/127
[ts: 1636413804.682620] RAM 1458/3956MB (lfb 199x4MB) SWAP 238/1978MB (cached 12MB) IRAM 0/252kB(lfb 252kB) CPU [100%@204,off,off,off] EMC_FREQ 2%@1600 GR3D_FREQ 0%@76 APE 25 PLL@32C CPU@33.5C PMIC@50C GPU@34C AO@42C thermal@34C POM_5V_IN 1851/1873 POM_5V_GPU 0/41 POM_5V_CPU 164/129
[ts: 1636413805.233123] RAM 1459/3956MB (lfb 199x4MB) SWAP 238/1978MB (cached 12MB) IRAM 0/252kB(lfb 252kB) CPU [100%@204,off,off,off] EMC_FREQ 2%@1600 GR3D_FREQ 2%@76 APE 25 PLL@32C CPU@34C PMIC@50C GPU@33.5C AO@42C thermal@34C POM_5V_IN 1975/1878 POM_5V_GPU 82/42 POM_5V_CPU 164/130
[ts: 1636413805.766889] RAM 1460/3956MB (lfb 199x4MB) SWAP 238/1978MB (cached 12MB) IRAM 0/252kB(lfb 252kB) CPU [100%@204,off,off,off] EMC_FREQ 2%@1600 GR3D_FREQ 16%@76 APE 25 PLL@32C CPU@33.5C PMIC@50C GPU@33.5C AO@42C thermal@33.5C POM_5V_IN 2095/1888 POM_5V_GPU 123/46 POM_5V_CPU 164/132
[ts: 1636413806.304401] RAM 1462/3956MB (lfb 199x4MB) SWAP 238/1978MB (cached 12MB) IRAM 0/252kB(lfb 252kB) CPU [100%@204,off,off,off] EMC_FREQ 2%@1600 GR3D_FREQ 0%@76 APE 25 PLL@32C CPU@33.5C PMIC@50C GPU@34C AO@42C thermal@33.5C POM_5V_IN 1892/1888 POM_5V_GPU 0/44 POM_5V_CPU 164/133
[ts: 1636413806.843273] RAM 1464/3956MB (lfb 199x4MB) SWAP 238/1978MB (cached 12MB) IRAM 0/252kB(lfb 252kB) CPU [100%@204,off,off,off] EMC_FREQ 2%@1600 GR3D_FREQ 0%@76 APE 25 PLL@32C CPU@34C PMIC@50C GPU@34C AO@42C thermal@34C POM_5V_IN 1851/1886 POM_5V_GPU 0/42 POM_5V_CPU 164/134
[ts: 1636413807.377680] RAM 1467/3956MB (lfb 199x4MB) SWAP 238/1978MB (cached 12MB) IRAM 0/252kB(lfb 252kB) CPU [100%@204,off,off,off] EMC_FREQ 2%@1600 GR3D_FREQ 0%@76 APE 25 PLL@32C CPU@34C PMIC@50C GPU@34C AO@42C thermal@34C POM_5V_IN 1851/1885 POM_5V_GPU 0/41 POM_5V_CPU 164/136
[ts: 1636413807.911343] RAM 1469/3956MB (lfb 199x4MB) SWAP 238/1978MB (cached 12MB) IRAM 0/252kB(lfb 252kB) CPU [100%@204,off,off,off] EMC_FREQ 2%@1600 GR3D_FREQ 0%@76 APE 25 PLL@32C CPU@34C PMIC@50C GPU@34C AO@42C thermal@33.75C POM_5V_IN 1851/1884 POM_5V_GPU 0/39 POM_5V_CPU 164/137
[ts: 1636413808.447857] RAM 1470/3956MB (lfb 199x4MB) SWAP 238/1978MB (cached 12MB) IRAM 0/252kB(lfb 252kB) CPU [100%@204,off,off,off] EMC_FREQ 2%@1600 GR3D_FREQ 0%@76 APE 25 PLL@32C CPU@34C PMIC@50C GPU@34C AO@42C thermal@33.75C POM_5V_IN 1851/1882 POM_5V_GPU 0/37 POM_5V_CPU 164/138
[ts: 1636413808.986651] RAM 1472/3956MB (lfb 199x4MB) SWAP 238/1978MB (cached 12MB) IRAM 0/252kB(lfb 252kB) CPU [100%@204,off,off,off] EMC_FREQ 2%@1600 GR3D_FREQ 0%@76 APE 25 PLL@31.5C CPU@33.5C PMIC@50C GPU@33.5C AO@42C thermal@34C POM_5V_IN 1851/1881 POM_5V_GPU 0/36 POM_5V_CPU 164/139
[ts: 1636413809.525737] RAM 1475/3956MB (lfb 199x4MB) SWAP 238/1978MB (cached 12MB) IRAM 0/252kB(lfb 252kB) CPU [100%@204,off,off,off] EMC_FREQ 2%@1600 GR3D_FREQ 0%@76 APE 25 PLL@32C CPU@34C PMIC@50C GPU@34C AO@42C thermal@34C POM_5V_IN 1851/1880 POM_5V_GPU 0/35 POM_5V_CPU 164/139
[ts: 1636413810.059161] RAM 1477/3956MB (lfb 199x4MB) SWAP 238/1978MB (cached 12MB) IRAM 0/252kB(lfb 252kB) CPU [100%@204,off,off,off] EMC_FREQ 2%@1600 GR3D_FREQ 0%@76 APE 25 PLL@32C CPU@34C PMIC@50C GPU@34C AO@42.5C thermal@34C POM_5V_IN 1851/1879 POM_5V_GPU 0/34 POM_5V_CPU 164/140
[ts: 1636413810.597706] RAM 1481/3956MB (lfb 199x4MB) SWAP 238/1978MB (cached 12MB) IRAM 0/252kB(lfb 252kB) CPU [100%@204,off,off,off] EMC_FREQ 2%@1600 GR3D_FREQ 0%@76 APE 25 PLL@31.5C CPU@34C PMIC@50C GPU@33.5C AO@42C thermal@34C POM_5V_IN 1851/1878 POM_5V_GPU 0/33 POM_5V_CPU 164/141
[ts: 1636413811.134678] RAM 1483/3956MB (lfb 199x4MB) SWAP 238/1978MB (cached 12MB) IRAM 0/252kB(lfb 252kB) CPU [100%@204,off,off,off] EMC_FREQ 2%@1600 GR3D_FREQ 0%@76 APE 25 PLL@32C CPU@34C PMIC@50C GPU@34C AO@42C thermal@33.75C POM_5V_IN 1851/1877 POM_5V_GPU 0/32 POM_5V_CPU 164/142
[ts: 1636413811.671109] RAM 1484/3956MB (lfb 199x4MB) SWAP 238/1978MB (cached 12MB) IRAM 0/252kB(lfb 252kB) CPU [100%@204,off,off,off] EMC_FREQ 2%@1600 GR3D_FREQ 0%@76 APE 25 PLL@32C CPU@34C PMIC@50C GPU@33.5C AO@42C thermal@33.75C POM_5V_IN 1934/1879 POM_5V_GPU 0/31 POM_5V_CPU 164/142
[ts: 1636413812.209962] RAM 1485/3956MB (lfb 199x4MB) SWAP 238/1978MB (cached 12MB) IRAM 0/252kB(lfb 252kB) CPU [100%@204,off,off,off] EMC_FREQ 2%@1600 GR3D_FREQ 0%@76 APE 25 PLL@32C CPU@34C PMIC@50C GPU@34C AO@42C thermal@34C POM_5V_IN 1851/1878 POM_5V_GPU 0/30 POM_5V_CPU 164/143
[ts: 1636413812.743192] RAM 1486/3956MB (lfb 199x4MB) SWAP 238/1978MB (cached 12MB) IRAM 0/252kB(lfb 252kB) CPU [100%@204,off,off,off] EMC_FREQ 2%@1600 GR3D_FREQ 0%@76 APE 25 PLL@32C CPU@34C PMIC@50C GPU@34C AO@42C thermal@34C POM_5V_IN 1851/1878 POM_5V_GPU 0/29 POM_5V_CPU 164/144
[ts: 1636413813.281490] RAM 1488/3956MB (lfb 199x4MB) SWAP 238/1978MB (cached 12MB) IRAM 0/252kB(lfb 252kB) CPU [100%@204,off,off,off] EMC_FREQ 2%@1600 GR3D_FREQ 0%@76 APE 25 PLL@32C CPU@33.5C PMIC@50C GPU@34C AO@42C thermal@34C POM_5V_IN 1851/1877 POM_5V_GPU 0/28 POM_5V_CPU 164/144
[ts: 1636413813.815366] RAM 1490/3956MB (lfb 199x4MB) SWAP 238/1978MB (cached 12MB) IRAM 0/252kB(lfb 252kB) CPU [100%@204,off,off,off] EMC_FREQ 2%@1600 GR3D_FREQ 0%@76 APE 25 PLL@32C CPU@34C PMIC@50C GPU@34C AO@42C thermal@33.75C POM_5V_IN 1851/1876 POM_5V_GPU 0/27 POM_5V_CPU 164/145
[ts: 1636413814.352120] RAM 1490/3956MB (lfb 199x4MB) SWAP 238/1978MB (cached 12MB) IRAM 0/252kB(lfb 252kB) CPU [100%@204,off,off,off] EMC_FREQ 2%@1600 GR3D_FREQ 0%@76 APE 25 PLL@32C CPU@34C PMIC@50C GPU@34C AO@42.5C thermal@33.75C POM_5V_IN 1851/1875 POM_5V_GPU 0/26 POM_5V_CPU 164/145
[ts: 1636413814.892361] RAM 1492/3956MB (lfb 199x4MB) SWAP 238/1978MB (cached 12MB) IRAM 0/252kB(lfb 252kB) CPU [100%@204,off,off,off] EMC_FREQ 2%@1600 GR3D_FREQ 0%@76 APE 25 PLL@31.5C CPU@34C PMIC@50C GPU@33.5C AO@42C thermal@34C POM_5V_IN 1851/1875 POM_5V_GPU 0/26 POM_5V_CPU 164/146
[ts: 1636413815.427364] RAM 1492/3956MB (lfb 199x4MB) SWAP 238/1978MB (cached 12MB) IRAM 0/252kB(lfb 252kB) CPU [100%@204,off,off,off] EMC_FREQ 2%@1600 GR3D_FREQ 0%@76 APE 25 PLL@32C CPU@34C PMIC@50C GPU@34C AO@42C thermal@34C POM_5V_IN 1851/1874 POM_5V_GPU 0/25 POM_5V_CPU 164/146
[ts: 1636413815.963175] RAM 1493/3956MB (lfb 199x4MB) SWAP 238/1978MB (cached 12MB) IRAM 0/252kB(lfb 252kB) CPU [100%@204,off,off,off] EMC_FREQ 2%@1600 GR3D_FREQ 0%@76 APE 25 PLL@31.5C CPU@34C PMIC@50C GPU@33.5C AO@42.5C thermal@33.75C POM_5V_IN 1851/1874 POM_5V_GPU 0/25 POM_5V_CPU 164/147
[ts: 1636413816.506439] RAM 1493/3956MB (lfb 199x4MB) SWAP 238/1978MB (cached 12MB) IRAM 0/252kB(lfb 252kB) CPU [100%@204,off,off,off] EMC_FREQ 2%@1600 GR3D_FREQ 0%@76 APE 25 PLL@31.5C CPU@34C PMIC@50C GPU@33.5C AO@42C thermal@33.75C POM_5V_IN 1851/1873 POM_5V_GPU 0/24 POM_5V_CPU 164/147
[ts: 1636413817.040689] RAM 1493/3956MB (lfb 199x4MB) SWAP 238/1978MB (cached 12MB) IRAM 0/252kB(lfb 252kB) CPU [100%@204,off,off,off] EMC_FREQ 2%@1600 GR3D_FREQ 0%@76 APE 25 PLL@31.5C CPU@33.5C PMIC@50C GPU@33.5C AO@42C thermal@34C POM_5V_IN 1851/1872 POM_5V_GPU 0/23 POM_5V_CPU 164/147
[ts: 1636413817.577957] RAM 1497/3956MB (lfb 199x4MB) SWAP 238/1978MB (cached 12MB) IRAM 0/252kB(lfb 252kB) CPU [100%@204,off,off,off] EMC_FREQ 2%@1600 GR3D_FREQ 0%@76 APE 25 PLL@31.5C CPU@34C PMIC@50C GPU@33.5C AO@42C thermal@34C POM_5V_IN 1851/1872 POM_5V_GPU 0/23 POM_5V_CPU 164/148
[ts: 1636413818.114590] RAM 1498/3956MB (lfb 199x4MB) SWAP 238/1978MB (cached 12MB) IRAM 0/252kB(lfb 252kB) CPU [100%@204,off,off,off] EMC_FREQ 2%@1600 GR3D_FREQ 0%@76 APE 25 PLL@31.5C CPU@34C PMIC@50C GPU@33.5C AO@42C thermal@33.75C POM_5V_IN 1851/1872 POM_5V_GPU 0/22 POM_5V_CPU 164/148
[ts: 1636413818.650506] RAM 1498/3956MB (lfb 199x4MB) SWAP 238/1978MB (cached 12MB) IRAM 0/252kB(lfb 252kB) CPU [100%@204,off,off,off] EMC_FREQ 2%@1600 GR3D_FREQ 0%@76 APE 25 PLL@31.5C CPU@34C PMIC@50C GPU@33.5C AO@42C thermal@33.75C POM_5V_IN 1851/1871 POM_5V_GPU 0/22 POM_5V_CPU 164/148
[ts: 1636413819.184371] RAM 1498/3956MB (lfb 199x4MB) SWAP 238/1978MB (cached 12MB) IRAM 0/252kB(lfb 252kB) CPU [100%@204,off,off,off] EMC_FREQ 2%@1600 GR3D_FREQ 0%@76 APE 25 PLL@31.5C CPU@34C PMIC@50C GPU@33.5C AO@42C thermal@33.75C POM_5V_IN 1851/1871 POM_5V_GPU 0/21 POM_5V_CPU 164/149
[ts: 1636413819.725693] RAM 1500/3956MB (lfb 199x4MB) SWAP 238/1978MB (cached 12MB) IRAM 0/252kB(lfb 252kB) CPU [100%@204,off,off,off] EMC_FREQ 2%@1600 GR3D_FREQ 0%@76 APE 25 PLL@31.5C CPU@33.5C PMIC@50C GPU@33.5C AO@42C thermal@33.75C POM_5V_IN 1892/1871 POM_5V_GPU 0/21 POM_5V_CPU 164/149
[ts: 1636413820.261693] RAM 1506/3956MB (lfb 199x4MB) SWAP 238/1978MB (cached 12MB) IRAM 0/252kB(lfb 252kB) CPU [100%@204,off,off,off] EMC_FREQ 2%@1600 GR3D_FREQ 0%@76 APE 25 PLL@31.5C CPU@34C PMIC@50C GPU@33.5C AO@42C thermal@33.75C POM_5V_IN 1851/1871 POM_5V_GPU 0/20 POM_5V_CPU 164/149
[ts: 1636413820.797701] RAM 1513/3956MB (lfb 199x4MB) SWAP 238/1978MB (cached 12MB) IRAM 0/252kB(lfb 252kB) CPU [100%@204,off,off,off] EMC_FREQ 2%@1600 GR3D_FREQ 0%@76 APE 25 PLL@31.5C CPU@34C PMIC@50C GPU@33.5C AO@42C thermal@33.75C POM_5V_IN 1851/1870 POM_5V_GPU 0/20 POM_5V_CPU 164/150
[ts: 1636413821.334641] RAM 1516/3956MB (lfb 199x4MB) SWAP 238/1978MB (cached 12MB) IRAM 0/252kB(lfb 252kB) CPU [100%@204,off,off,off] EMC_FREQ 2%@1600 GR3D_FREQ 0%@76 APE 25 PLL@31.5C CPU@34C PMIC@50C GPU@33.5C AO@42C thermal@33.75C POM_5V_IN 1851/1870 POM_5V_GPU 0/20 POM_5V_CPU 164/150
[ts: 1636413821.874414] RAM 1520/3956MB (lfb 199x4MB) SWAP 238/1978MB (cached 12MB) IRAM 0/252kB(lfb 252kB) CPU [100%@204,off,off,off] EMC_FREQ 2%@1600 GR3D_FREQ 0%@76 APE 25 PLL@32C CPU@34C PMIC@50C GPU@34C AO@42C thermal@33.75C POM_5V_IN 1892/1870 POM_5V_GPU 0/19 POM_5V_CPU 164/150
[ts: 1636413822.409787] RAM 1528/3956MB (lfb 199x4MB) SWAP 238/1978MB (cached 12MB) IRAM 0/252kB(lfb 252kB) CPU [100%@204,off,off,off] EMC_FREQ 2%@1600 GR3D_FREQ 0%@76 APE 25 PLL@31.5C CPU@34C PMIC@50C GPU@33.5C AO@42C thermal@33.75C POM_5V_IN 1892/1871 POM_5V_GPU 0/19 POM_5V_CPU 164/150
[ts: 1636413822.945677] RAM 1532/3956MB (lfb 199x4MB) SWAP 238/1978MB (cached 12MB) IRAM 0/252kB(lfb 252kB) CPU [100%@204,off,off,off] EMC_FREQ 2%@1600 GR3D_FREQ 0%@76 APE 25 PLL@32C CPU@33.5C PMIC@50C GPU@34C AO@42.5C thermal@33.75C POM_5V_IN 1851/1870 POM_5V_GPU 0/18 POM_5V_CPU 164/151
[ts: 1636413823.481738] RAM 1535/3956MB (lfb 199x4MB) SWAP 238/1978MB (cached 12MB) IRAM 0/252kB(lfb 252kB) CPU [100%@204,off,off,off] EMC_FREQ 2%@1600 GR3D_FREQ 0%@76 APE 25 PLL@31.5C CPU@34C PMIC@50C GPU@33.5C AO@42C thermal@33.75C POM_5V_IN 1851/1870 POM_5V_GPU 0/18 POM_5V_CPU 164/151
[ts: 1636413824.018537] RAM 1537/3956MB (lfb 199x4MB) SWAP 238/1978MB (cached 12MB) IRAM 0/252kB(lfb 252kB) CPU [100%@204,off,off,off] EMC_FREQ 2%@1600 GR3D_FREQ 0%@76 APE 25 PLL@32C CPU@34C PMIC@50C GPU@34C AO@42C thermal@33.75C POM_5V_IN 1851/1870 POM_5V_GPU 0/18 POM_5V_CPU 164/151
[ts: 1636413824.557998] RAM 1538/3956MB (lfb 199x4MB) SWAP 238/1978MB (cached 12MB) IRAM 0/252kB(lfb 252kB) CPU [100%@204,off,off,off] EMC_FREQ 2%@1600 GR3D_FREQ 0%@76 APE 25 PLL@32C CPU@34C PMIC@50C GPU@34C AO@42C thermal@34C POM_5V_IN 1851/1869 POM_5V_GPU 0/17 POM_5V_CPU 164/151
[ts: 1636413825.095144] RAM 1540/3956MB (lfb 199x4MB) SWAP 238/1978MB (cached 12MB) IRAM 0/252kB(lfb 252kB) CPU [100%@204,off,off,off] EMC_FREQ 2%@1600 GR3D_FREQ 0%@76 APE 25 PLL@31.5C CPU@34C PMIC@50C GPU@33.5C AO@42C thermal@34C POM_5V_IN 1851/1869 POM_5V_GPU 0/17 POM_5V_CPU 164/151
[ts: 1636413825.629473] RAM 1541/3956MB (lfb 199x4MB) SWAP 238/1978MB (cached 12MB) IRAM 0/252kB(lfb 252kB) CPU [100%@204,off,off,off] EMC_FREQ 2%@1600 GR3D_FREQ 0%@76 APE 25 PLL@31.5C CPU@34C PMIC@50C GPU@33.5C AO@42C thermal@33.75C POM_5V_IN 1851/1869 POM_5V_GPU 0/17 POM_5V_CPU 164/152
[ts: 1636413826.167965] RAM 1542/3956MB (lfb 199x4MB) SWAP 238/1978MB (cached 12MB) IRAM 0/252kB(lfb 252kB) CPU [100%@204,off,off,off] EMC_FREQ 2%@1600 GR3D_FREQ 0%@76 APE 25 PLL@31.5C CPU@34C PMIC@50C GPU@33.5C AO@42C thermal@33.75C POM_5V_IN 1851/1868 POM_5V_GPU 0/17 POM_5V_CPU 164/152
[ts: 1636413826.702346] RAM 1544/3956MB (lfb 199x4MB) SWAP 238/1978MB (cached 12MB) IRAM 0/252kB(lfb 252kB) CPU [100%@204,off,off,off] EMC_FREQ 2%@1600 GR3D_FREQ 0%@76 APE 25 PLL@32C CPU@34C PMIC@50C GPU@34C AO@42C thermal@33.75C POM_5V_IN 1851/1868 POM_5V_GPU 0/16 POM_5V_CPU 164/152
[ts: 1636413827.236345] RAM 1546/3956MB (lfb 199x4MB) SWAP 238/1978MB (cached 12MB) IRAM 0/252kB(lfb 252kB) CPU [100%@204,off,off,off] EMC_FREQ 2%@1600 GR3D_FREQ 0%@76 APE 25 PLL@32C CPU@34C PMIC@50C GPU@34C AO@42C thermal@34C POM_5V_IN 1851/1868 POM_5V_GPU 0/16 POM_5V_CPU 164/152
[ts: 1636413827.772161] RAM 1547/3956MB (lfb 199x4MB) SWAP 238/1978MB (cached 12MB) IRAM 0/252kB(lfb 252kB) CPU [100%@204,off,off,off] EMC_FREQ 2%@1600 GR3D_FREQ 0%@76 APE 25 PLL@32C CPU@34C PMIC@50C GPU@34C AO@42C thermal@34C POM_5V_IN 1851/1867 POM_5V_GPU 0/16 POM_5V_CPU 164/152
[ts: 1636413828.314482] RAM 1548/3956MB (lfb 199x4MB) SWAP 238/1978MB (cached 12MB) IRAM 0/252kB(lfb 252kB) CPU [100%@204,off,off,off] EMC_FREQ 2%@1600 GR3D_FREQ 0%@76 APE 25 PLL@32C CPU@33.5C PMIC@50C GPU@34C AO@42C thermal@33.5C POM_5V_IN 1851/1867 POM_5V_GPU 0/16 POM_5V_CPU 164/153
[ts: 1636413828.850522] RAM 1550/3956MB (lfb 199x4MB) SWAP 238/1978MB (cached 12MB) IRAM 0/252kB(lfb 252kB) CPU [100%@204,off,off,off] EMC_FREQ 2%@1600 GR3D_FREQ 0%@76 APE 25 PLL@31.5C CPU@34C PMIC@50C GPU@33.5C AO@42C thermal@33.5C POM_5V_IN 1851/1867 POM_5V_GPU 0/15 POM_5V_CPU 164/153
[ts: 1636413829.381711] RAM 1551/3956MB (lfb 199x4MB) SWAP 238/1978MB (cached 12MB) IRAM 0/252kB(lfb 252kB) CPU [100%@204,off,off,off] EMC_FREQ 2%@1600 GR3D_FREQ 0%@76 APE 25 PLL@32C CPU@34C PMIC@50C GPU@34C AO@42C thermal@34C POM_5V_IN 1851/1867 POM_5V_GPU 0/15 POM_5V_CPU 164/153
[ts: 1636413829.920246] RAM 1552/3956MB (lfb 199x4MB) SWAP 238/1978MB (cached 12MB) IRAM 0/252kB(lfb 252kB) CPU [100%@204,off,off,off] EMC_FREQ 2%@1600 GR3D_FREQ 0%@76 APE 25 PLL@32C CPU@34C PMIC@50C GPU@34C AO@42C thermal@34C POM_5V_IN 1851/1866 POM_5V_GPU 0/15 POM_5V_CPU 164/153
[ts: 1636413830.457788] RAM 1553/3956MB (lfb 199x4MB) SWAP 238/1978MB (cached 12MB) IRAM 0/252kB(lfb 252kB) CPU [100%@204,off,off,off] EMC_FREQ 2%@1600 GR3D_FREQ 0%@76 APE 25 PLL@31.5C CPU@34C PMIC@50C GPU@33.5C AO@42C thermal@33.75C POM_5V_IN 1851/1866 POM_5V_GPU 0/15 POM_5V_CPU 164/153
[ts: 1636413830.993483] RAM 1557/3956MB (lfb 199x4MB) SWAP 238/1978MB (cached 12MB) IRAM 0/252kB(lfb 252kB) CPU [100%@204,off,off,off] EMC_FREQ 2%@1600 GR3D_FREQ 0%@76 APE 25 PLL@32C CPU@34C PMIC@50C GPU@34C AO@42C thermal@33.75C POM_5V_IN 1851/1866 POM_5V_GPU 0/14 POM_5V_CPU 164/153
[ts: 1636413831.534043] RAM 1557/3956MB (lfb 199x4MB) SWAP 238/1978MB (cached 12MB) IRAM 0/252kB(lfb 252kB) CPU [100%@204,off,off,off] EMC_FREQ 2%@1600 GR3D_FREQ 0%@76 APE 25 PLL@32C CPU@34C PMIC@50C GPU@34C AO@41.5C thermal@33.75C POM_5V_IN 1851/1866 POM_5V_GPU 0/14 POM_5V_CPU 164/154
[ts: 1636413832.070367] RAM 1560/3956MB (lfb 199x4MB) SWAP 238/1978MB (cached 12MB) IRAM 0/252kB(lfb 252kB) CPU [100%@204,off,off,off] EMC_FREQ 2%@1600 GR3D_FREQ 0%@76 APE 25 PLL@31.5C CPU@33.5C PMIC@50C GPU@33.5C AO@42C thermal@33.75C POM_5V_IN 1851/1866 POM_5V_GPU 0/14 POM_5V_CPU 164/154
[ts: 1636413832.610026] RAM 1562/3956MB (lfb 199x4MB) SWAP 238/1978MB (cached 12MB) IRAM 0/252kB(lfb 252kB) CPU [100%@204,off,off,off] EMC_FREQ 2%@1600 GR3D_FREQ 0%@76 APE 25 PLL@32C CPU@34C PMIC@50C GPU@34C AO@42C thermal@33.75C POM_5V_IN 1851/1865 POM_5V_GPU 0/14 POM_5V_CPU 164/154
[ts: 1636413833.141449] RAM 1565/3956MB (lfb 199x4MB) SWAP 238/1978MB (cached 12MB) IRAM 0/252kB(lfb 252kB) CPU [100%@204,off,off,off] EMC_FREQ 2%@1600 GR3D_FREQ 0%@76 APE 25 PLL@31.5C CPU@34C PMIC@50C GPU@33.5C AO@42C thermal@33.75C POM_5V_IN 1934/1866 POM_5V_GPU 41/14 POM_5V_CPU 164/154
[ts: 1636413833.679121] RAM 1569/3956MB (lfb 199x4MB) SWAP 238/1978MB (cached 12MB) IRAM 0/252kB(lfb 252kB) CPU [100%@204,off,off,off] EMC_FREQ 2%@1600 GR3D_FREQ 0%@76 APE 25 PLL@31.5C CPU@34C PMIC@50C GPU@33.5C AO@42C thermal@33.75C POM_5V_IN 1892/1867 POM_5V_GPU 0/14 POM_5V_CPU 164/154
[ts: 1636413834.218513] RAM 1574/3956MB (lfb 199x4MB) SWAP 238/1978MB (cached 12MB) IRAM 0/252kB(lfb 252kB) CPU [100%@204,off,off,off] EMC_FREQ 2%@1600 GR3D_FREQ 0%@76 APE 25 PLL@32C CPU@33.5C PMIC@50C GPU@34C AO@42C thermal@33.75C POM_5V_IN 1851/1866 POM_5V_GPU 0/14 POM_5V_CPU 164/154
[ts: 1636413834.755058] RAM 1585/3956MB (lfb 199x4MB) SWAP 238/1978MB (cached 12MB) IRAM 0/252kB(lfb 252kB) CPU [100%@204,off,off,off] EMC_FREQ 2%@1600 GR3D_FREQ 0%@76 APE 25 PLL@32C CPU@34C PMIC@50C GPU@34C AO@42C thermal@33.5C POM_5V_IN 1851/1866 POM_5V_GPU 0/14 POM_5V_CPU 164/154
[ts: 1636413835.289442] RAM 1585/3956MB (lfb 199x4MB) SWAP 238/1978MB (cached 12MB) IRAM 0/252kB(lfb 252kB) CPU [100%@204,off,off,off] EMC_FREQ 2%@1600 GR3D_FREQ 0%@76 APE 25 PLL@31.5C CPU@33.5C PMIC@50C GPU@33.5C AO@42C thermal@33.5C POM_5V_IN 1851/1866 POM_5V_GPU 0/13 POM_5V_CPU 164/154
[ts: 1636413835.826102] RAM 1587/3956MB (lfb 199x4MB) SWAP 238/1978MB (cached 12MB) IRAM 0/252kB(lfb 252kB) CPU [100%@204,off,off,off] EMC_FREQ 2%@1600 GR3D_FREQ 0%@76 APE 25 PLL@31.5C CPU@34C PMIC@50C GPU@33.5C AO@42C thermal@33.75C POM_5V_IN 1851/1866 POM_5V_GPU 0/13 POM_5V_CPU 164/155
[ts: 1636413836.362069] RAM 1587/3956MB (lfb 199x4MB) SWAP 238/1978MB (cached 12MB) IRAM 0/252kB(lfb 252kB) CPU [100%@204,off,off,off] EMC_FREQ 2%@1600 GR3D_FREQ 0%@76 APE 25 PLL@31.5C CPU@34C PMIC@50C GPU@33.5C AO@42C thermal@33.75C POM_5V_IN 1851/1866 POM_5V_GPU 0/13 POM_5V_CPU 164/155
[ts: 1636413836.901356] RAM 1587/3956MB (lfb 199x4MB) SWAP 238/1978MB (cached 12MB) IRAM 0/252kB(lfb 252kB) CPU [100%@204,off,off,off] EMC_FREQ 2%@1600 GR3D_FREQ 0%@76 APE 25 PLL@31.5C CPU@34C PMIC@50C GPU@33C AO@41.5C thermal@33.5C POM_5V_IN 1975/1867 POM_5V_GPU 82/14 POM_5V_CPU 164/155
[ts: 1636413837.448120] RAM 1588/3956MB (lfb 199x4MB) SWAP 238/1978MB (cached 12MB) IRAM 0/252kB(lfb 252kB) CPU [100%@204,off,off,off] EMC_FREQ 2%@1600 GR3D_FREQ 4%@76 APE 25 PLL@32C CPU@34C PMIC@50C GPU@33C AO@42C thermal@33.5C POM_5V_IN 1975/1868 POM_5V_GPU 82/15 POM_5V_CPU 164/155
[ts: 1636413837.984171] RAM 1613/3956MB (lfb 199x4MB) SWAP 238/1978MB (cached 12MB) IRAM 0/252kB(lfb 252kB) CPU [100%@204,off,off,off] EMC_FREQ 2%@1600 GR3D_FREQ 0%@76 APE 25 PLL@31.5C CPU@34C PMIC@50C GPU@33.5C AO@42C thermal@33.75C POM_5V_IN 2013/1870 POM_5V_GPU 82/16 POM_5V_CPU 164/155
[ts: 1636413838.528739] RAM 1623/3956MB (lfb 199x4MB) SWAP 238/1978MB (cached 12MB) IRAM 0/252kB(lfb 252kB) CPU [100%@204,off,off,off] EMC_FREQ 2%@1600 GR3D_FREQ 1%@76 APE 25 PLL@31.5C CPU@34C PMIC@50C GPU@33.5C AO@42C thermal@33.75C POM_5V_IN 2013/1872 POM_5V_GPU 82/16 POM_5V_CPU 164/155
[ts: 1636413839.068057] RAM 1645/3956MB (lfb 199x4MB) SWAP 238/1978MB (cached 12MB) IRAM 0/252kB(lfb 252kB) CPU [100%@204,off,off,off] EMC_FREQ 2%@1600 GR3D_FREQ 0%@76 APE 25 PLL@31.5C CPU@34C PMIC@50C GPU@33.5C AO@42C thermal@33.75C POM_5V_IN 1934/1872 POM_5V_GPU 41/17 POM_5V_CPU 164/155
[ts: 1636413839.606295] RAM 1645/3956MB (lfb 199x4MB) SWAP 238/1978MB (cached 12MB) IRAM 0/252kB(lfb 252kB) CPU [100%@204,off,off,off] EMC_FREQ 2%@1600 GR3D_FREQ 0%@76 APE 25 PLL@31.5C CPU@34C PMIC@50C GPU@33C AO@42C thermal@33.75C POM_5V_IN 1934/1873 POM_5V_GPU 41/17 POM_5V_CPU 164/155
[ts: 1636413840.166739] RAM 1697/3956MB (lfb 199x4MB) SWAP 238/1978MB (cached 12MB) IRAM 0/252kB(lfb 252kB) CPU [100%@204,off,off,off] EMC_FREQ 2%@1600 GR3D_FREQ 0%@76 APE 25 PLL@31.5C CPU@33.5C PMIC@50C GPU@33C AO@42C thermal@33.75C POM_5V_IN 1975/1874 POM_5V_GPU 41/17 POM_5V_CPU 164/155
[ts: 1636413840.702468] RAM 1706/3956MB (lfb 199x4MB) SWAP 238/1978MB (cached 12MB) IRAM 0/252kB(lfb 252kB) CPU [100%@204,off,off,off] EMC_FREQ 2%@1600 GR3D_FREQ 0%@76 APE 25 PLL@32C CPU@34C PMIC@50C GPU@33C AO@42C thermal@33.25C POM_5V_IN 1975/1876 POM_5V_GPU 41/17 POM_5V_CPU 205/156
[ts: 1636413841.243943] RAM 1706/3956MB (lfb 199x4MB) SWAP 238/1978MB (cached 12MB) IRAM 0/252kB(lfb 252kB) CPU [92%@204,off,off,off] EMC_FREQ 2%@1600 GR3D_FREQ 39%@76 APE 25 PLL@32C CPU@33.5C PMIC@50C GPU@33C AO@42C thermal@33.25C POM_5V_IN 2016/1877 POM_5V_GPU 82/18 POM_5V_CPU 164/156
[ts: 1636413841.800722] RAM 1706/3956MB (lfb 199x4MB) SWAP 238/1978MB (cached 12MB) IRAM 0/252kB(lfb 252kB) CPU [94%@204,off,off,off] EMC_FREQ 2%@1600 GR3D_FREQ 53%@76 APE 25 PLL@31.5C CPU@34C PMIC@50C GPU@33C AO@42C thermal@33.5C POM_5V_IN 1975/1878 POM_5V_GPU 82/19 POM_5V_CPU 123/156
[ts: 1636413842.337064] RAM 1720/3956MB (lfb 199x4MB) SWAP 238/1978MB (cached 12MB) IRAM 0/252kB(lfb 252kB) CPU [98%@204,off,off,off] EMC_FREQ 2%@1600 GR3D_FREQ 0%@76 APE 25 PLL@31.5C CPU@34C PMIC@50C GPU@33C AO@42C thermal@33.5C POM_5V_IN 1975/1879 POM_5V_GPU 41/19 POM_5V_CPU 164/156
[ts: 1636413842.872527] RAM 1736/3956MB (lfb 199x4MB) SWAP 238/1978MB (cached 12MB) IRAM 0/252kB(lfb 252kB) CPU [100%@204,off,off,off] EMC_FREQ 2%@1600 GR3D_FREQ 0%@76 APE 25 PLL@31.5C CPU@34C PMIC@50C GPU@33.5C AO@42C thermal@33.5C POM_5V_IN 1975/1880 POM_5V_GPU 41/19 POM_5V_CPU 164/156
[ts: 1636413843.411129] RAM 1751/3956MB (lfb 199x4MB) SWAP 238/1978MB (cached 12MB) IRAM 0/252kB(lfb 252kB) CPU [100%@204,off,off,off] EMC_FREQ 2%@1600 GR3D_FREQ 0%@76 APE 25 PLL@31.5C CPU@34C PMIC@50C GPU@33C AO@42C thermal@33.5C POM_5V_IN 1975/1881 POM_5V_GPU 41/20 POM_5V_CPU 164/156
[ts: 1636413843.956193] RAM 1757/3956MB (lfb 199x4MB) SWAP 238/1978MB (cached 12MB) IRAM 0/252kB(lfb 252kB) CPU [100%@204,off,off,off] EMC_FREQ 2%@1600 GR3D_FREQ 2%@76 APE 25 PLL@31.5C CPU@34C PMIC@50C GPU@33.5C AO@42C thermal@33.5C POM_5V_IN 1975/1882 POM_5V_GPU 41/20 POM_5V_CPU 164/156
[ts: 1636413844.494315] RAM 1771/3956MB (lfb 199x4MB) SWAP 238/1978MB (cached 12MB) IRAM 0/252kB(lfb 252kB) CPU [98%@204,off,off,off] EMC_FREQ 2%@1600 GR3D_FREQ 2%@76 APE 25 PLL@31.5C CPU@34C PMIC@50C GPU@33C AO@42C thermal@33.5C POM_5V_IN 1975/1883 POM_5V_GPU 41/20 POM_5V_CPU 164/156
[ts: 1636413845.036186] RAM 1792/3956MB (lfb 199x4MB) SWAP 238/1978MB (cached 12MB) IRAM 0/252kB(lfb 252kB) CPU [100%@204,off,off,off] EMC_FREQ 2%@1600 GR3D_FREQ 0%@76 APE 25 PLL@31.5C CPU@34C PMIC@50C GPU@33C AO@42C thermal@33.5C POM_5V_IN 1934/1884 POM_5V_GPU 41/20 POM_5V_CPU 164/156
[ts: 1636413845.577046] RAM 1805/3956MB (lfb 199x4MB) SWAP 238/1978MB (cached 12MB) IRAM 0/252kB(lfb 252kB) CPU [100%@204,off,off,off] EMC_FREQ 2%@1600 GR3D_FREQ 0%@76 APE 25 PLL@31.5C CPU@34C PMIC@50C GPU@33.5C AO@42C thermal@33.5C POM_5V_IN 1975/1885 POM_5V_GPU 41/20 POM_5V_CPU 164/156
[ts: 1636413846.121476] RAM 1808/3956MB (lfb 199x4MB) SWAP 238/1978MB (cached 12MB) IRAM 0/252kB(lfb 252kB) CPU [100%@204,off,off,off] EMC_FREQ 2%@1600 GR3D_FREQ 0%@76 APE 25 PLL@31.5C CPU@34C PMIC@50C GPU@33C AO@42C thermal@33.5C POM_5V_IN 1975/1886 POM_5V_GPU 41/21 POM_5V_CPU 164/156
[ts: 1636413846.664477] RAM 1822/3956MB (lfb 199x4MB) SWAP 238/1978MB (cached 12MB) IRAM 0/252kB(lfb 252kB) CPU [100%@204,off,off,off] EMC_FREQ 2%@1600 GR3D_FREQ 3%@76 APE 25 PLL@31.5C CPU@34C PMIC@50C GPU@33.5C AO@41.5C thermal@33.5C POM_5V_IN 1975/1887 POM_5V_GPU 82/21 POM_5V_CPU 164/156
[ts: 1636413847.214843] RAM 1836/3956MB (lfb 199x4MB) SWAP 238/1978MB (cached 12MB) IRAM 0/252kB(lfb 252kB) CPU [100%@204,off,off,off] EMC_FREQ 2%@1600 GR3D_FREQ 4%@76 APE 25 PLL@31.5C CPU@34C PMIC@50C GPU@33.5C AO@42C thermal@33.75C POM_5V_IN 1975/1888 POM_5V_GPU 82/22 POM_5V_CPU 164/156
[ts: 1636413847.779765] RAM 1868/3956MB (lfb 199x4MB) SWAP 238/1978MB (cached 12MB) IRAM 0/252kB(lfb 252kB) CPU [100%@204,off,off,off] EMC_FREQ 2%@1600 GR3D_FREQ 0%@76 APE 25 PLL@31.5C CPU@34C PMIC@50C GPU@33C AO@42C thermal@33.75C POM_5V_IN 1975/1888 POM_5V_GPU 41/22 POM_5V_CPU 164/157
[ts: 1636413848.318833] RAM 1871/3956MB (lfb 199x4MB) SWAP 238/1978MB (cached 12MB) IRAM 0/252kB(lfb 252kB) CPU [100%@204,off,off,off] EMC_FREQ 2%@1600 GR3D_FREQ 0%@76 APE 25 PLL@31.5C CPU@34C PMIC@50C GPU@33.5C AO@42C thermal@33.5C POM_5V_IN 1975/1889 POM_5V_GPU 41/22 POM_5V_CPU 164/157
[ts: 1636413848.858169] RAM 1881/3956MB (lfb 199x4MB) SWAP 238/1978MB (cached 12MB) IRAM 0/252kB(lfb 252kB) CPU [100%@204,off,off,off] EMC_FREQ 2%@1600 GR3D_FREQ 0%@76 APE 25 PLL@31.5C CPU@33.5C PMIC@50C GPU@33.5C AO@41.5C thermal@33.5C POM_5V_IN 1975/1890 POM_5V_GPU 41/22 POM_5V_CPU 164/157
[ts: 1636413849.397920] RAM 1905/3956MB (lfb 196x4MB) SWAP 238/1978MB (cached 12MB) IRAM 0/252kB(lfb 252kB) CPU [100%@204,off,off,off] EMC_FREQ 2%@1600 GR3D_FREQ 0%@76 APE 25 PLL@32C CPU@34C PMIC@50C GPU@33C AO@42C thermal@33.5C POM_5V_IN 1975/1891 POM_5V_GPU 41/23 POM_5V_CPU 164/157
[ts: 1636413849.945096] RAM 1909/3956MB (lfb 196x4MB) SWAP 238/1978MB (cached 12MB) IRAM 0/252kB(lfb 252kB) CPU [100%@204,off,off,off] EMC_FREQ 2%@1600 GR3D_FREQ 4%@76 APE 25 PLL@32C CPU@34C PMIC@50C GPU@33.5C AO@42C thermal@33.5C POM_5V_IN 1975/1892 POM_5V_GPU 82/23 POM_5V_CPU 164/157
[ts: 1636413850.485991] RAM 1913/3956MB (lfb 195x4MB) SWAP 238/1978MB (cached 12MB) IRAM 0/252kB(lfb 252kB) CPU [100%@204,off,off,off] EMC_FREQ 2%@1600 GR3D_FREQ 6%@76 APE 25 PLL@31.5C CPU@33.5C PMIC@50C GPU@33.5C AO@41.5C thermal@33.5C POM_5V_IN 1975/1893 POM_5V_GPU 82/24 POM_5V_CPU 164/157
[ts: 1636413851.020289] RAM 1961/3956MB (lfb 189x4MB) SWAP 238/1978MB (cached 12MB) IRAM 0/252kB(lfb 252kB) CPU [100%@204,off,off,off] EMC_FREQ 2%@1600 GR3D_FREQ 0%@76 APE 25 PLL@31.5C CPU@34C PMIC@50C GPU@33C AO@42C thermal@33.5C POM_5V_IN 1934/1893 POM_5V_GPU 41/24 POM_5V_CPU 164/157
[ts: 1636413851.568265] RAM 1975/3956MB (lfb 189x4MB) SWAP 238/1978MB (cached 12MB) IRAM 0/252kB(lfb 252kB) CPU [100%@204,off,off,off] EMC_FREQ 2%@1600 GR3D_FREQ 0%@76 APE 25 PLL@31.5C CPU@34C PMIC@50C GPU@33C AO@41.5C thermal@33.75C POM_5V_IN 1975/1894 POM_5V_GPU 41/24 POM_5V_CPU 164/157
[ts: 1636413852.119578] RAM 1975/3956MB (lfb 189x4MB) SWAP 238/1978MB (cached 12MB) IRAM 0/252kB(lfb 252kB) CPU [86%@204,off,off,off] EMC_FREQ 2%@1600 GR3D_FREQ 49%@76 APE 25 PLL@31.5C CPU@34C PMIC@50C GPU@33C AO@42C thermal@33.75C POM_5V_IN 1975/1894 POM_5V_GPU 82/25 POM_5V_CPU 123/157
[ts: 1636413852.671261] RAM 1975/3956MB (lfb 189x4MB) SWAP 238/1978MB (cached 12MB) IRAM 0/252kB(lfb 252kB) CPU [78%@204,off,off,off] EMC_FREQ 2%@1600 GR3D_FREQ 49%@76 APE 25 PLL@31.5C CPU@34C PMIC@50C GPU@33.5C AO@42C thermal@33.5C POM_5V_IN 1975/1895 POM_5V_GPU 82/25 POM_5V_CPU 123/156
[ts: 1636413853.214447] RAM 1975/3956MB (lfb 189x4MB) SWAP 238/1978MB (cached 12MB) IRAM 0/252kB(lfb 252kB) CPU [98%@204,off,off,off] EMC_FREQ 2%@1600 GR3D_FREQ 0%@76 APE 25 PLL@31.5C CPU@34C PMIC@50C GPU@33.5C AO@42C thermal@33.5C POM_5V_IN 1934/1895 POM_5V_GPU 41/25 POM_5V_CPU 164/156
[ts: 1636413853.754157] RAM 1986/3956MB (lfb 188x4MB) SWAP 238/1978MB (cached 12MB) IRAM 0/252kB(lfb 252kB) CPU [100%@204,off,off,off] EMC_FREQ 2%@1600 GR3D_FREQ 0%@76 APE 25 PLL@31.5C CPU@34C PMIC@50C GPU@33C AO@42C thermal@33.5C POM_5V_IN 2054/1897 POM_5V_GPU 82/26 POM_5V_CPU 164/156
[ts: 1636413854.293366] RAM 1997/3956MB (lfb 188x4MB) SWAP 238/1978MB (cached 12MB) IRAM 0/252kB(lfb 252kB) CPU [100%@204,off,off,off] EMC_FREQ 2%@1600 GR3D_FREQ 0%@76 APE 25 PLL@31.5C CPU@34C PMIC@50C GPU@33.5C AO@42C thermal@33.5C POM_5V_IN 2013/1898 POM_5V_GPU 82/26 POM_5V_CPU 164/157
[ts: 1636413854.830201] RAM 2012/3956MB (lfb 187x4MB) SWAP 238/1978MB (cached 12MB) IRAM 0/252kB(lfb 252kB) CPU [100%@204,off,off,off] EMC_FREQ 2%@1600 GR3D_FREQ 0%@76 APE 25 PLL@31.5C CPU@34C PMIC@50C GPU@33C AO@42C thermal@33.25C POM_5V_IN 1975/1899 POM_5V_GPU 41/26 POM_5V_CPU 164/157
[ts: 1636413855.365054] RAM 2024/3956MB (lfb 187x4MB) SWAP 238/1978MB (cached 12MB) IRAM 0/252kB(lfb 252kB) CPU [100%@204,off,off,off] EMC_FREQ 2%@1600 GR3D_FREQ 0%@76 APE 25 PLL@31.5C CPU@34C PMIC@50C GPU@33.5C AO@42C thermal@33.25C POM_5V_IN 1934/1899 POM_5V_GPU 41/26 POM_5V_CPU 164/157
[ts: 1636413855.903413] RAM 2031/3956MB (lfb 186x4MB) SWAP 238/1978MB (cached 12MB) IRAM 0/252kB(lfb 252kB) CPU [100%@204,off,off,off] EMC_FREQ 2%@1600 GR3D_FREQ 0%@76 APE 25 PLL@32C CPU@34C PMIC@50C GPU@33C AO@42C thermal@33.5C POM_5V_IN 1975/1900 POM_5V_GPU 41/27 POM_5V_CPU 164/157
[ts: 1636413856.437423] RAM 2043/3956MB (lfb 186x4MB) SWAP 238/1978MB (cached 12MB) IRAM 0/252kB(lfb 252kB) CPU [98%@204,off,off,off] EMC_FREQ 2%@1600 GR3D_FREQ 6%@76 APE 25 PLL@31.5C CPU@34C PMIC@50C GPU@33C AO@42C thermal@33.5C POM_5V_IN 1975/1900 POM_5V_GPU 82/27 POM_5V_CPU 164/157
[ts: 1636413856.977825] RAM 2083/3956MB (lfb 182x4MB) SWAP 238/1978MB (cached 12MB) IRAM 0/252kB(lfb 252kB) CPU [100%@204,off,off,off] EMC_FREQ 2%@1600 GR3D_FREQ 0%@76 APE 25 PLL@32C CPU@34C PMIC@50C GPU@33C AO@42C thermal@33.5C POM_5V_IN 1975/1901 POM_5V_GPU 41/27 POM_5V_CPU 164/157
[ts: 1636413857.520443] RAM 2083/3956MB (lfb 182x4MB) SWAP 238/1978MB (cached 12MB) IRAM 0/252kB(lfb 252kB) CPU [100%@204,off,off,off] EMC_FREQ 2%@1600 GR3D_FREQ 3%@76 APE 25 PLL@31.5C CPU@33.5C PMIC@50C GPU@33C AO@42C thermal@33.5C POM_5V_IN 1975/1901 POM_5V_GPU 82/28 POM_5V_CPU 164/157
[ts: 1636413858.055365] RAM 2086/3956MB (lfb 182x4MB) SWAP 238/1978MB (cached 12MB) IRAM 0/252kB(lfb 252kB) CPU [100%@204,off,off,off] EMC_FREQ 2%@1600 GR3D_FREQ 0%@76 APE 25 PLL@31.5C CPU@34C PMIC@50C GPU@33.5C AO@42C thermal@33.5C POM_5V_IN 1975/1902 POM_5V_GPU 41/28 POM_5V_CPU 164/157
[ts: 1636413858.591550] RAM 2106/3956MB (lfb 179x4MB) SWAP 238/1978MB (cached 12MB) IRAM 0/252kB(lfb 252kB) CPU [100%@204,off,off,off] EMC_FREQ 2%@1600 GR3D_FREQ 0%@76 APE 25 PLL@31.5C CPU@33.5C PMIC@50C GPU@33C AO@42C thermal@33.5C POM_5V_IN 2016/1903 POM_5V_GPU 41/28 POM_5V_CPU 164/157
[ts: 1636413859.133227] RAM 2116/3956MB (lfb 179x4MB) SWAP 238/1978MB (cached 12MB) IRAM 0/252kB(lfb 252kB) CPU [100%@204,off,off,off] EMC_FREQ 2%@1600 GR3D_FREQ 3%@76 APE 25 PLL@31.5C CPU@34C PMIC@50C GPU@33C AO@42C thermal@33.5C POM_5V_IN 1975/1904 POM_5V_GPU 82/28 POM_5V_CPU 164/157
[ts: 1636413859.672341] RAM 2163/3956MB (lfb 174x4MB) SWAP 238/1978MB (cached 12MB) IRAM 0/252kB(lfb 252kB) CPU [100%@204,off,off,off] EMC_FREQ 2%@1600 GR3D_FREQ 0%@76 APE 25 PLL@31.5C CPU@34C PMIC@50C GPU@33.5C AO@42C thermal@33.5C POM_5V_IN 2016/1905 POM_5V_GPU 41/28 POM_5V_CPU 164/157
[ts: 1636413860.212684] RAM 2163/3956MB (lfb 174x4MB) SWAP 238/1978MB (cached 12MB) IRAM 0/252kB(lfb 252kB) CPU [100%@204,off,off,off] EMC_FREQ 2%@1600 GR3D_FREQ 2%@76 APE 25 PLL@31.5C CPU@33.5C PMIC@50C GPU@33C AO@42C thermal@33.5C POM_5V_IN 2013/1905 POM_5V_GPU 82/29 POM_5V_CPU 164/157
[ts: 1636413860.754723] RAM 2174/3956MB (lfb 172x4MB) SWAP 238/1978MB (cached 12MB) IRAM 0/252kB(lfb 252kB) CPU [100%@204,off,off,off] EMC_FREQ 2%@1600 GR3D_FREQ 0%@76 APE 25 PLL@31.5C CPU@34C PMIC@50C GPU@33C AO@42C thermal@33.5C POM_5V_IN 2013/1906 POM_5V_GPU 41/29 POM_5V_CPU 164/157
[ts: 1636413861.301749] RAM 2182/3956MB (lfb 172x4MB) SWAP 238/1978MB (cached 12MB) IRAM 0/252kB(lfb 252kB) CPU [100%@204,off,off,off] EMC_FREQ 2%@1600 GR3D_FREQ 4%@76 APE 25 PLL@31.5C CPU@33.5C PMIC@50C GPU@33C AO@42C thermal@33.5C POM_5V_IN 1975/1907 POM_5V_GPU 82/29 POM_5V_CPU 164/157
[ts: 1636413861.843540] RAM 2191/3956MB (lfb 171x4MB) SWAP 238/1978MB (cached 12MB) IRAM 0/252kB(lfb 252kB) CPU [100%@204,off,off,off] EMC_FREQ 2%@1600 GR3D_FREQ 5%@76 APE 25 PLL@31.5C CPU@34C PMIC@50C GPU@33C AO@41.5C thermal@33.5C POM_5V_IN 1975/1907 POM_5V_GPU 82/30 POM_5V_CPU 164/157
[ts: 1636413862.379827] RAM 2210/3956MB (lfb 169x4MB) SWAP 238/1978MB (cached 12MB) IRAM 0/252kB(lfb 252kB) CPU [100%@204,off,off,off] EMC_FREQ 2%@1600 GR3D_FREQ 0%@76 APE 25 PLL@32C CPU@33.5C PMIC@50C GPU@33C AO@42C thermal@33.5C POM_5V_IN 1975/1908 POM_5V_GPU 41/30 POM_5V_CPU 164/157
[ts: 1636413862.917209] RAM 2223/3956MB (lfb 167x4MB) SWAP 238/1978MB (cached 12MB) IRAM 0/252kB(lfb 252kB) CPU [98%@204,off,off,off] EMC_FREQ 2%@1600 GR3D_FREQ 0%@76 APE 25 PLL@31.5C CPU@33.5C PMIC@50C GPU@33C AO@41.5C thermal@33.5C POM_5V_IN 2016/1909 POM_5V_GPU 41/30 POM_5V_CPU 164/157
[ts: 1636413863.453104] RAM 2271/3956MB (lfb 161x4MB) SWAP 238/1978MB (cached 12MB) IRAM 0/252kB(lfb 252kB) CPU [100%@204,off,off,off] EMC_FREQ 2%@1600 GR3D_FREQ 0%@76 APE 25 PLL@31.5C CPU@34C PMIC@50C GPU@33C AO@42C thermal@33.5C POM_5V_IN 1975/1909 POM_5V_GPU 41/30 POM_5V_CPU 164/157
[ts: 1636413863.994208] RAM 2283/3956MB (lfb 161x4MB) SWAP 238/1978MB (cached 12MB) IRAM 0/252kB(lfb 252kB) CPU [100%@204,off,off,off] EMC_FREQ 2%@1600 GR3D_FREQ 0%@76 APE 25 PLL@31.5C CPU@34C PMIC@50C GPU@33C AO@42C thermal@33.5C POM_5V_IN 1975/1910 POM_5V_GPU 41/30 POM_5V_CPU 164/158
[ts: 1636413864.536523] RAM 2283/3956MB (lfb 161x4MB) SWAP 238/1978MB (cached 12MB) IRAM 0/252kB(lfb 252kB) CPU [100%@204,off,off,off] EMC_FREQ 2%@1600 GR3D_FREQ 4%@76 APE 25 PLL@32C CPU@34C PMIC@50C GPU@33C AO@42C thermal@33.5C POM_5V_IN 1975/1910 POM_5V_GPU 82/30 POM_5V_CPU 164/158
[ts: 1636413865.088851] RAM 2269/3956MB (lfb 165x4MB) SWAP 238/1978MB (cached 12MB) IRAM 0/252kB(lfb 252kB) CPU [100%@204,off,off,off] EMC_FREQ 2%@1600 GR3D_FREQ 7%@76 APE 25 PLL@32C CPU@33.5C PMIC@50C GPU@33C AO@42C thermal@33.5C POM_5V_IN 1975/1911 POM_5V_GPU 82/31 POM_5V_CPU 164/158
[ts: 1636413865.634184] RAM 2282/3956MB (lfb 164x4MB) SWAP 238/1978MB (cached 12MB) IRAM 0/252kB(lfb 252kB) CPU [100%@204,off,off,off] EMC_FREQ 2%@1600 GR3D_FREQ 6%@76 APE 25 PLL@31.5C CPU@33.5C PMIC@50C GPU@33.5C AO@41.5C thermal@33.5C POM_5V_IN 1975/1911 POM_5V_GPU 82/31 POM_5V_CPU 164/158
[ts: 1636413866.171991] RAM 2315/3956MB (lfb 159x4MB) SWAP 238/1978MB (cached 12MB) IRAM 0/252kB(lfb 252kB) CPU [100%@204,off,off,off] EMC_FREQ 2%@1600 GR3D_FREQ 0%@76 APE 25 PLL@31.5C CPU@33.5C PMIC@50C GPU@33C AO@42C thermal@33.25C POM_5V_IN 1975/1912 POM_5V_GPU 41/31 POM_5V_CPU 164/158
[ts: 1636413866.706634] RAM 2334/3956MB (lfb 159x4MB) SWAP 238/1978MB (cached 12MB) IRAM 0/252kB(lfb 252kB) CPU [100%@204,off,off,off] EMC_FREQ 2%@1600 GR3D_FREQ 0%@76 APE 25 PLL@31.5C CPU@34C PMIC@50C GPU@33C AO@42C thermal@33.25C POM_5V_IN 1975/1912 POM_5V_GPU 41/31 POM_5V_CPU 164/158
[ts: 1636413867.254717] RAM 2334/3956MB (lfb 159x4MB) SWAP 238/1978MB (cached 12MB) IRAM 0/252kB(lfb 252kB) CPU [100%@204,off,off,off] EMC_FREQ 2%@1600 GR3D_FREQ 4%@76 APE 25 PLL@32C CPU@34C PMIC@50C GPU@33C AO@42C thermal@33.5C POM_5V_IN 1975/1913 POM_5V_GPU 82/32 POM_5V_CPU 164/158
[ts: 1636413867.794113] RAM 2344/3956MB (lfb 157x4MB) SWAP 238/1978MB (cached 12MB) IRAM 0/252kB(lfb 252kB) CPU [100%@204,off,off,off] EMC_FREQ 2%@1600 GR3D_FREQ 0%@76 APE 25 PLL@31.5C CPU@34C PMIC@50C GPU@33C AO@42C thermal@33.5C POM_5V_IN 1975/1913 POM_5V_GPU 41/32 POM_5V_CPU 164/158
[ts: 1636413868.339929] RAM 2349/3956MB (lfb 157x4MB) SWAP 238/1978MB (cached 12MB) IRAM 0/252kB(lfb 252kB) CPU [100%@204,off,off,off] EMC_FREQ 2%@1600 GR3D_FREQ 8%@76 APE 25 PLL@31.5C CPU@34C PMIC@50C GPU@33C AO@42C thermal@33.25C POM_5V_IN 1975/1914 POM_5V_GPU 82/32 POM_5V_CPU 164/158
[ts: 1636413868.876402] RAM 2382/3956MB (lfb 153x4MB) SWAP 238/1978MB (cached 12MB) IRAM 0/252kB(lfb 252kB) CPU [100%@204,off,off,off] EMC_FREQ 2%@1600 GR3D_FREQ 0%@76 APE 25 PLL@31.5C CPU@34C PMIC@50C GPU@33C AO@42C thermal@33.25C POM_5V_IN 1975/1914 POM_5V_GPU 41/32 POM_5V_CPU 164/158
[ts: 1636413869.430045] RAM 2382/3956MB (lfb 153x4MB) SWAP 238/1978MB (cached 12MB) IRAM 0/252kB(lfb 252kB) CPU [100%@204,off,off,off] EMC_FREQ 2%@1600 GR3D_FREQ 9%@76 APE 25 PLL@31.5C CPU@34C PMIC@50C GPU@33.5C AO@42C thermal@33.5C POM_5V_IN 1975/1914 POM_5V_GPU 82/33 POM_5V_CPU 164/158
[ts: 1636413869.965410] RAM 2399/3956MB (lfb 151x4MB) SWAP 238/1978MB (cached 12MB) IRAM 0/252kB(lfb 252kB) CPU [100%@204,off,off,off] EMC_FREQ 2%@1600 GR3D_FREQ 0%@76 APE 25 PLL@31.5C CPU@34C PMIC@50C GPU@33C AO@42C thermal@33.5C POM_5V_IN 2016/1915 POM_5V_GPU 41/33 POM_5V_CPU 164/158
[ts: 1636413870.503047] RAM 2433/3956MB (lfb 148x4MB) SWAP 238/1978MB (cached 12MB) IRAM 0/252kB(lfb 252kB) CPU [100%@204,off,off,off] EMC_FREQ 2%@1600 GR3D_FREQ 0%@76 APE 25 PLL@31.5C CPU@34C PMIC@50C GPU@33C AO@42C thermal@33.5C POM_5V_IN 1975/1916 POM_5V_GPU 41/33 POM_5V_CPU 164/158
[ts: 1636413871.045081] RAM 2433/3956MB (lfb 148x4MB) SWAP 238/1978MB (cached 12MB) IRAM 0/252kB(lfb 252kB) CPU [100%@204,off,off,off] EMC_FREQ 2%@1600 GR3D_FREQ 4%@76 APE 25 PLL@31.5C CPU@34C PMIC@50C GPU@33.5C AO@42C thermal@33.5C POM_5V_IN 2016/1916 POM_5V_GPU 82/33 POM_5V_CPU 164/158
[ts: 1636413871.589744] RAM 2434/3956MB (lfb 148x4MB) SWAP 238/1978MB (cached 12MB) IRAM 0/252kB(lfb 252kB) CPU [100%@204,off,off,off] EMC_FREQ 2%@1600 GR3D_FREQ 3%@76 APE 25 PLL@31.5C CPU@34C PMIC@50C GPU@33C AO@42C thermal@33.75C POM_5V_IN 1975/1917 POM_5V_GPU 82/33 POM_5V_CPU 164/158
[ts: 1636413872.137871] RAM 2449/3956MB (lfb 147x4MB) SWAP 238/1978MB (cached 12MB) IRAM 0/252kB(lfb 252kB) CPU [100%@204,off,off,off] EMC_FREQ 2%@1600 GR3D_FREQ 3%@76 APE 25 PLL@31.5C CPU@34C PMIC@50C GPU@33.5C AO@42C thermal@33.75C POM_5V_IN 1975/1917 POM_5V_GPU 82/34 POM_5V_CPU 164/158
[ts: 1636413872.672422] RAM 2459/3956MB (lfb 147x4MB) SWAP 238/1978MB (cached 12MB) IRAM 0/252kB(lfb 252kB) CPU [100%@204,off,off,off] EMC_FREQ 2%@1600 GR3D_FREQ 0%@76 APE 25 PLL@31.5C CPU@34C PMIC@50C GPU@33C AO@41.5C thermal@33.5C POM_5V_IN 1975/1917 POM_5V_GPU 41/34 POM_5V_CPU 164/158
[ts: 1636413873.220983] RAM 2477/3956MB (lfb 146x4MB) SWAP 238/1978MB (cached 12MB) IRAM 0/252kB(lfb 252kB) CPU [100%@204,off,off,off] EMC_FREQ 2%@1600 GR3D_FREQ 5%@76 APE 25 PLL@32C CPU@34C PMIC@50C GPU@33C AO@42C thermal@33.5C POM_5V_IN 1975/1918 POM_5V_GPU 41/34 POM_5V_CPU 164/158
[ts: 1636413873.758302] RAM 2503/3956MB (lfb 141x4MB) SWAP 238/1978MB (cached 12MB) IRAM 0/252kB(lfb 252kB) CPU [100%@204,off,off,off] EMC_FREQ 2%@1600 GR3D_FREQ 0%@76 APE 25 PLL@32C CPU@34C PMIC@50C GPU@33C AO@42C thermal@33.5C POM_5V_IN 1975/1918 POM_5V_GPU 41/34 POM_5V_CPU 164/158
[ts: 1636413874.293442] RAM 2525/3956MB (lfb 141x4MB) SWAP 238/1978MB (cached 12MB) IRAM 0/252kB(lfb 252kB) CPU [100%@204,off,off,off] EMC_FREQ 2%@1600 GR3D_FREQ 0%@76 APE 25 PLL@32C CPU@33.5C PMIC@50C GPU@33C AO@41.5C thermal@33.5C POM_5V_IN 1975/1919 POM_5V_GPU 41/34 POM_5V_CPU 164/158
[ts: 1636413874.838904] RAM 2525/3956MB (lfb 141x4MB) SWAP 238/1978MB (cached 12MB) IRAM 0/252kB(lfb 252kB) CPU [98%@204,off,off,off] EMC_FREQ 2%@1600 GR3D_FREQ 4%@76 APE 25 PLL@32C CPU@34C PMIC@50C GPU@33C AO@42C thermal@33.5C POM_5V_IN 1975/1919 POM_5V_GPU 82/34 POM_5V_CPU 164/158
[ts: 1636413875.382091] RAM 2526/3956MB (lfb 141x4MB) SWAP 238/1978MB (cached 12MB) IRAM 0/252kB(lfb 252kB) CPU [100%@204,off,off,off] EMC_FREQ 2%@1600 GR3D_FREQ 0%@76 APE 25 PLL@32C CPU@34.5C PMIC@50C GPU@33C AO@41.5C thermal@33.75C POM_5V_IN 1975/1919 POM_5V_GPU 41/34 POM_5V_CPU 164/158
[ts: 1636413875.934158] RAM 2532/3956MB (lfb 141x4MB) SWAP 238/1978MB (cached 12MB) IRAM 0/252kB(lfb 252kB) CPU [100%@204,off,off,off] EMC_FREQ 2%@1600 GR3D_FREQ 4%@76 APE 25 PLL@31.5C CPU@34C PMIC@50C GPU@33.5C AO@42C thermal@33.75C POM_5V_IN 1975/1920 POM_5V_GPU 82/35 POM_5V_CPU 164/158
[ts: 1636413876.470846] RAM 2562/3956MB (lfb 138x4MB) SWAP 238/1978MB (cached 12MB) IRAM 0/252kB(lfb 252kB) CPU [100%@204,off,off,off] EMC_FREQ 2%@1600 GR3D_FREQ 0%@76 APE 25 PLL@31.5C CPU@34C PMIC@50C GPU@33C AO@42C thermal@33.5C POM_5V_IN 1975/1920 POM_5V_GPU 41/35 POM_5V_CPU 164/158
[ts: 1636413877.010838] RAM 2577/3956MB (lfb 135x4MB) SWAP 238/1978MB (cached 12MB) IRAM 0/252kB(lfb 252kB) CPU [100%@204,off,off,off] EMC_FREQ 2%@1600 GR3D_FREQ 0%@76 APE 25 PLL@32C CPU@34C PMIC@50C GPU@33C AO@42C thermal@33.5C POM_5V_IN 2016/1921 POM_5V_GPU 41/35 POM_5V_CPU 164/158
[ts: 1636413877.556302] RAM 2585/3956MB (lfb 135x4MB) SWAP 238/1978MB (cached 12MB) IRAM 0/252kB(lfb 252kB) CPU [100%@204,off,off,off] EMC_FREQ 2%@1600 GR3D_FREQ 3%@76 APE 25 PLL@31.5C CPU@34C PMIC@50C GPU@33.5C AO@41.5C thermal@33.5C POM_5V_IN 1975/1921 POM_5V_GPU 82/35 POM_5V_CPU 164/158
[ts: 1636413878.094450] RAM 2598/3956MB (lfb 134x4MB) SWAP 238/1978MB (cached 12MB) IRAM 0/252kB(lfb 252kB) CPU [100%@204,off,off,off] EMC_FREQ 2%@1600 GR3D_FREQ 0%@76 APE 25 PLL@31.5C CPU@34C PMIC@50C GPU@33C AO@42C thermal@33.5C POM_5V_IN 1934/1921 POM_5V_GPU 41/35 POM_5V_CPU 164/159
[ts: 1636413878.645019] RAM 2598/3956MB (lfb 134x4MB) SWAP 238/1978MB (cached 12MB) IRAM 0/252kB(lfb 252kB) CPU [100%@204,off,off,off] EMC_FREQ 2%@1600 GR3D_FREQ 4%@76 APE 25 PLL@31.5C CPU@34C PMIC@50C GPU@33.5C AO@42C thermal@33.75C POM_5V_IN 1975/1921 POM_5V_GPU 82/35 POM_5V_CPU 164/159
[ts: 1636413879.182719] RAM 2598/3956MB (lfb 134x4MB) SWAP 238/1978MB (cached 12MB) IRAM 0/252kB(lfb 252kB) CPU [100%@204,off,off,off] EMC_FREQ 2%@1600 GR3D_FREQ 0%@76 APE 25 PLL@32C CPU@34.5C PMIC@50C GPU@33C AO@42C thermal@33.75C POM_5V_IN 1892/1921 POM_5V_GPU 41/35 POM_5V_CPU 164/159
[ts: 1636413879.720792] RAM 2614/3956MB (lfb 133x4MB) SWAP 238/1978MB (cached 12MB) IRAM 0/252kB(lfb 252kB) CPU [100%@204,off,off,off] EMC_FREQ 2%@1600 GR3D_FREQ 0%@76 APE 25 PLL@32C CPU@34.5C PMIC@50C GPU@33C AO@42C thermal@33.5C POM_5V_IN 1975/1922 POM_5V_GPU 41/35 POM_5V_CPU 164/159
[ts: 1636413880.262554] RAM 2647/3956MB (lfb 127x4MB) SWAP 238/1978MB (cached 12MB) IRAM 0/252kB(lfb 252kB) CPU [100%@204,off,off,off] EMC_FREQ 2%@1600 GR3D_FREQ 0%@76 APE 25 PLL@32C CPU@34C PMIC@50C GPU@33C AO@42C thermal@33.5C POM_5V_IN 1975/1922 POM_5V_GPU 41/35 POM_5V_CPU 164/159
[ts: 1636413880.799375] RAM 2672/3956MB (lfb 127x4MB) SWAP 238/1978MB (cached 12MB) IRAM 0/252kB(lfb 252kB) CPU [100%@204,off,off,off] EMC_FREQ 2%@1600 GR3D_FREQ 0%@76 APE 25 PLL@32C CPU@34C PMIC@50C GPU@33C AO@41.5C thermal@33.5C POM_5V_IN 1975/1922 POM_5V_GPU 41/35 POM_5V_CPU 164/159
[ts: 1636413881.348399] RAM 2672/3956MB (lfb 127x4MB) SWAP 238/1978MB (cached 12MB) IRAM 0/252kB(lfb 252kB) CPU [100%@204,off,off,off] EMC_FREQ 2%@1600 GR3D_FREQ 4%@76 APE 25 PLL@31.5C CPU@33.5C PMIC@50C GPU@33C AO@42C thermal@33.5C POM_5V_IN 1975/1923 POM_5V_GPU 82/36 POM_5V_CPU 164/159
[ts: 1636413881.888501] RAM 2672/3956MB (lfb 127x4MB) SWAP 238/1978MB (cached 12MB) IRAM 0/252kB(lfb 252kB) CPU [100%@204,off,off,off] EMC_FREQ 2%@1600 GR3D_FREQ 0%@76 APE 25 PLL@32C CPU@34C PMIC@50C GPU@33C AO@42C thermal@33.5C POM_5V_IN 1892/1922 POM_5V_GPU 41/36 POM_5V_CPU 164/159
[ts: 1636413882.426769] RAM 2705/3956MB (lfb 119x4MB) SWAP 238/1978MB (cached 12MB) IRAM 0/252kB(lfb 252kB) CPU [100%@204,off,off,off] EMC_FREQ 2%@1600 GR3D_FREQ 0%@76 APE 25 PLL@32C CPU@34C PMIC@50C GPU@33C AO@41.5C thermal@33.5C POM_5V_IN 2016/1923 POM_5V_GPU 41/36 POM_5V_CPU 164/159
[ts: 1636413882.966727] RAM 2727/3956MB (lfb 119x4MB) SWAP 238/1978MB (cached 12MB) IRAM 0/252kB(lfb 252kB) CPU [100%@204,off,off,off] EMC_FREQ 2%@1600 GR3D_FREQ 0%@76 APE 25 PLL@31.5C CPU@34C PMIC@50C GPU@33C AO@42C thermal@33.5C POM_5V_IN 1975/1923 POM_5V_GPU 41/36 POM_5V_CPU 164/159
[ts: 1636413883.515284] RAM 2727/3956MB (lfb 119x4MB) SWAP 238/1978MB (cached 12MB) IRAM 0/252kB(lfb 252kB) CPU [100%@204,off,off,off] EMC_FREQ 2%@1600 GR3D_FREQ 4%@76 APE 25 PLL@31.5C CPU@33.5C PMIC@50C GPU@33C AO@42C thermal@33.5C POM_5V_IN 2016/1924 POM_5V_GPU 82/36 POM_5V_CPU 164/159
[ts: 1636413884.055683] RAM 2727/3956MB (lfb 119x4MB) SWAP 238/1978MB (cached 12MB) IRAM 0/252kB(lfb 252kB) CPU [100%@204,off,off,off] EMC_FREQ 2%@1600 GR3D_FREQ 0%@76 APE 25 PLL@32C CPU@34C PMIC@50C GPU@33C AO@42C thermal@33.25C POM_5V_IN 1975/1924 POM_5V_GPU 41/36 POM_5V_CPU 164/159
[ts: 1636413884.598663] RAM 2733/3956MB (lfb 119x4MB) SWAP 238/1978MB (cached 12MB) IRAM 0/252kB(lfb 252kB) CPU [100%@204,off,off,off] EMC_FREQ 2%@1600 GR3D_FREQ 8%@76 APE 25 PLL@31.5C CPU@33.5C PMIC@50C GPU@33C AO@42C thermal@33.25C POM_5V_IN 1975/1924 POM_5V_GPU 82/36 POM_5V_CPU 164/159
[ts: 1636413885.137780] RAM 2766/3956MB (lfb 115x4MB) SWAP 238/1978MB (cached 12MB) IRAM 0/252kB(lfb 252kB) CPU [100%@204,off,off,off] EMC_FREQ 2%@1600 GR3D_FREQ 0%@76 APE 25 PLL@31.5C CPU@33.5C PMIC@50C GPU@33C AO@42C thermal@33.5C POM_5V_IN 1975/1925 POM_5V_GPU 41/36 POM_5V_CPU 164/159
[ts: 1636413885.690534] RAM 2770/3956MB (lfb 115x4MB) SWAP 238/1978MB (cached 12MB) IRAM 0/252kB(lfb 252kB) CPU [100%@204,off,off,off] EMC_FREQ 2%@1600 GR3D_FREQ 4%@76 APE 25 PLL@32C CPU@34C PMIC@50C GPU@33C AO@41.5C thermal@33.5C POM_5V_IN 1975/1925 POM_5V_GPU 82/37 POM_5V_CPU 164/159
[ts: 1636413886.230411] RAM 2783/3956MB (lfb 113x4MB) SWAP 238/1978MB (cached 12MB) IRAM 0/252kB(lfb 252kB) CPU [100%@204,off,off,off] EMC_FREQ 2%@1600 GR3D_FREQ 0%@76 APE 25 PLL@31.5C CPU@34C PMIC@50C GPU@33C AO@42C thermal@33.5C POM_5V_IN 2016/1926 POM_5V_GPU 41/37 POM_5V_CPU 164/159
[ts: 1636413886.768363] RAM 2800/3956MB (lfb 112x4MB) SWAP 238/1978MB (cached 12MB) IRAM 0/252kB(lfb 252kB) CPU [100%@204,off,off,off] EMC_FREQ 2%@1600 GR3D_FREQ 0%@76 APE 25 PLL@31C CPU@34C PMIC@50C GPU@33C AO@42C thermal@33.5C POM_5V_IN 1934/1926 POM_5V_GPU 41/37 POM_5V_CPU 164/159
[ts: 1636413887.319938] RAM 2800/3956MB (lfb 112x4MB) SWAP 238/1978MB (cached 12MB) IRAM 0/252kB(lfb 252kB) CPU [100%@204,off,off,off] EMC_FREQ 2%@1600 GR3D_FREQ 4%@76 APE 25 PLL@31.5C CPU@34C PMIC@50C GPU@33C AO@42C thermal@33.25C POM_5V_IN 1975/1926 POM_5V_GPU 82/37 POM_5V_CPU 164/159
[ts: 1636413887.855896] RAM 2800/3956MB (lfb 112x4MB) SWAP 238/1978MB (cached 12MB) IRAM 0/252kB(lfb 252kB) CPU [100%@204,off,off,off] EMC_FREQ 2%@1600 GR3D_FREQ 0%@76 APE 25 PLL@31.5C CPU@34C PMIC@50C GPU@33C AO@41.5C thermal@33.25C POM_5V_IN 1892/1926 POM_5V_GPU 41/37 POM_5V_CPU 164/159
[ts: 1636413888.398225] RAM 2803/3956MB (lfb 112x4MB) SWAP 238/1978MB (cached 12MB) IRAM 0/252kB(lfb 252kB) CPU [98%@204,off,off,off] EMC_FREQ 2%@1600 GR3D_FREQ 6%@76 APE 25 PLL@31.5C CPU@34C PMIC@50C GPU@33C AO@41.5C thermal@33.5C POM_5V_IN 1975/1926 POM_5V_GPU 82/37 POM_5V_CPU 164/159
[ts: 1636413888.936515] RAM 2821/3956MB (lfb 111x4MB) SWAP 238/1978MB (cached 12MB) IRAM 0/252kB(lfb 252kB) CPU [100%@204,off,off,off] EMC_FREQ 2%@1600 GR3D_FREQ 0%@76 APE 25 PLL@31.5C CPU@34C PMIC@50C GPU@33C AO@42C thermal@33.5C POM_5V_IN 1975/1926 POM_5V_GPU 41/37 POM_5V_CPU 164/159
[ts: 1636413889.472528] RAM 2842/3956MB (lfb 109x4MB) SWAP 238/1978MB (cached 12MB) IRAM 0/252kB(lfb 252kB) CPU [100%@204,off,off,off] EMC_FREQ 2%@1600 GR3D_FREQ 0%@76 APE 25 PLL@31.5C CPU@34C PMIC@50C GPU@33C AO@42C thermal@33.5C POM_5V_IN 1934/1926 POM_5V_GPU 41/37 POM_5V_CPU 164/159
[ts: 1636413890.011728] RAM 2846/3956MB (lfb 109x4MB) SWAP 238/1978MB (cached 12MB) IRAM 0/252kB(lfb 252kB) CPU [100%@204,off,off,off] EMC_FREQ 2%@1600 GR3D_FREQ 5%@76 APE 25 PLL@32C CPU@34C PMIC@50C GPU@33C AO@42C thermal@33.5C POM_5V_IN 1975/1927 POM_5V_GPU 82/38 POM_5V_CPU 164/159
[ts: 1636413890.547740] RAM 2882/3956MB (lfb 105x4MB) SWAP 238/1978MB (cached 12MB) IRAM 0/252kB(lfb 252kB) CPU [100%@204,off,off,off] EMC_FREQ 2%@1600 GR3D_FREQ 0%@76 APE 25 PLL@31.5C CPU@34C PMIC@50C GPU@33.5C AO@42C thermal@33.5C POM_5V_IN 1934/1927 POM_5V_GPU 41/38 POM_5V_CPU 164/159
[ts: 1636413891.098591] RAM 2882/3956MB (lfb 105x4MB) SWAP 238/1978MB (cached 12MB) IRAM 0/252kB(lfb 252kB) CPU [100%@204,off,off,off] EMC_FREQ 2%@1600 GR3D_FREQ 4%@76 APE 25 PLL@32C CPU@34C PMIC@50C GPU@33C AO@41.5C thermal@33.5C POM_5V_IN 1975/1927 POM_5V_GPU 82/38 POM_5V_CPU 164/159
[ts: 1636413891.637200] RAM 2882/3956MB (lfb 105x4MB) SWAP 238/1978MB (cached 12MB) IRAM 0/252kB(lfb 252kB) CPU [100%@204,off,off,off] EMC_FREQ 2%@1600 GR3D_FREQ 0%@76 APE 25 PLL@32C CPU@34C PMIC@50C GPU@33C AO@42C thermal@33.5C POM_5V_IN 1934/1927 POM_5V_GPU 41/38 POM_5V_CPU 164/159
[ts: 1636413892.172471] RAM 2917/3956MB (lfb 102x4MB) SWAP 238/1978MB (cached 12MB) IRAM 0/252kB(lfb 252kB) CPU [100%@204,off,off,off] EMC_FREQ 2%@1600 GR3D_FREQ 0%@76 APE 25 PLL@32C CPU@34C PMIC@50C GPU@33C AO@41.5C thermal@33.5C POM_5V_IN 1975/1927 POM_5V_GPU 41/38 POM_5V_CPU 164/159
[ts: 1636413892.714271] RAM 2936/3956MB (lfb 102x4MB) SWAP 238/1978MB (cached 12MB) IRAM 0/252kB(lfb 252kB) CPU [100%@204,off,off,off] EMC_FREQ 2%@1600 GR3D_FREQ 0%@76 APE 25 PLL@31.5C CPU@34C PMIC@50C GPU@33C AO@41.5C thermal@33.5C POM_5V_IN 1975/1927 POM_5V_GPU 41/38 POM_5V_CPU 164/159
[ts: 1636413893.259709] RAM 2936/3956MB (lfb 102x4MB) SWAP 238/1978MB (cached 12MB) IRAM 0/252kB(lfb 252kB) CPU [100%@204,off,off,off] EMC_FREQ 2%@1600 GR3D_FREQ 4%@76 APE 25 PLL@31.5C CPU@34C PMIC@50C GPU@33C AO@42.5C thermal@33.25C POM_5V_IN 1975/1928 POM_5V_GPU 82/38 POM_5V_CPU 164/159
[ts: 1636413893.798292] RAM 2936/3956MB (lfb 102x4MB) SWAP 238/1978MB (cached 12MB) IRAM 0/252kB(lfb 252kB) CPU [100%@204,off,off,off] EMC_FREQ 2%@1600 GR3D_FREQ 0%@76 APE 25 PLL@31.5C CPU@34C PMIC@50C GPU@33C AO@42C thermal@33.25C POM_5V_IN 1892/1927 POM_5V_GPU 41/38 POM_5V_CPU 164/159
[ts: 1636413894.343624] RAM 2936/3956MB (lfb 102x4MB) SWAP 238/1978MB (cached 12MB) IRAM 0/252kB(lfb 252kB) CPU [100%@204,off,off,off] EMC_FREQ 2%@1600 GR3D_FREQ 0%@76 APE 25 PLL@31.5C CPU@34C PMIC@50C GPU@33.5C AO@41.5C thermal@33.5C POM_5V_IN 1934/1927 POM_5V_GPU 41/38 POM_5V_CPU 164/159
[ts: 1636413894.879252] RAM 2936/3956MB (lfb 102x4MB) SWAP 238/1978MB (cached 12MB) IRAM 0/252kB(lfb 252kB) CPU [100%@204,off,off,off] EMC_FREQ 2%@1600 GR3D_FREQ 0%@76 APE 25 PLL@31.5C CPU@34C PMIC@50C GPU@33.5C AO@42C thermal@33.5C POM_5V_IN 1934/1927 POM_5V_GPU 0/38 POM_5V_CPU 164/159
[ts: 1636413895.417780] RAM 2936/3956MB (lfb 102x4MB) SWAP 238/1978MB (cached 12MB) IRAM 0/252kB(lfb 252kB) CPU [100%@204,off,off,off] EMC_FREQ 2%@1600 GR3D_FREQ 0%@76 APE 25 PLL@31.5C CPU@33.5C PMIC@50C GPU@33.5C AO@41.5C thermal@34C POM_5V_IN 1851/1927 POM_5V_GPU 0/38 POM_5V_CPU 164/159
[ts: 1636413895.958769] RAM 2936/3956MB (lfb 102x4MB) SWAP 238/1978MB (cached 12MB) IRAM 0/252kB(lfb 252kB) CPU [100%@204,off,off,off] EMC_FREQ 2%@1600 GR3D_FREQ 0%@76 APE 25 PLL@31.5C CPU@33.5C PMIC@50C GPU@33.5C AO@42C thermal@34C POM_5V_IN 1851/1927 POM_5V_GPU 0/37 POM_5V_CPU 164/159
[ts: 1636413896.495631] RAM 2936/3956MB (lfb 102x4MB) SWAP 238/1978MB (cached 12MB) IRAM 0/252kB(lfb 252kB) CPU [100%@204,off,off,off] EMC_FREQ 2%@1600 GR3D_FREQ 0%@76 APE 25 PLL@31.5C CPU@34C PMIC@50C GPU@33.5C AO@42C thermal@33.75C POM_5V_IN 1892/1926 POM_5V_GPU 0/37 POM_5V_CPU 164/159
[ts: 1636413897.034523] RAM 2936/3956MB (lfb 102x4MB) SWAP 238/1978MB (cached 12MB) IRAM 0/252kB(lfb 252kB) CPU [100%@204,off,off,off] EMC_FREQ 2%@1600 GR3D_FREQ 0%@76 APE 25 PLL@32C CPU@34C PMIC@50C GPU@34C AO@41.5C thermal@33.75C POM_5V_IN 1851/1926 POM_5V_GPU 0/37 POM_5V_CPU 164/159
[ts: 1636413897.572707] RAM 2937/3956MB (lfb 102x4MB) SWAP 238/1978MB (cached 12MB) IRAM 0/252kB(lfb 252kB) CPU [100%@204,off,off,off] EMC_FREQ 2%@1600 GR3D_FREQ 0%@76 APE 25 PLL@31.5C CPU@33.5C PMIC@50C GPU@33.5C AO@41.5C thermal@33.75C POM_5V_IN 1892/1926 POM_5V_GPU 0/37 POM_5V_CPU 164/159
[ts: 1636413898.114394] RAM 2937/3956MB (lfb 102x4MB) SWAP 238/1978MB (cached 12MB) IRAM 0/252kB(lfb 252kB) CPU [100%@204,off,off,off] EMC_FREQ 2%@1600 GR3D_FREQ 0%@76 APE 25 PLL@31.5C CPU@33.5C PMIC@50C GPU@33.5C AO@41.5C thermal@33.75C POM_5V_IN 1892/1926 POM_5V_GPU 0/37 POM_5V_CPU 164/159
[ts: 1636413898.654708] RAM 2937/3956MB (lfb 102x4MB) SWAP 238/1978MB (cached 12MB) IRAM 0/252kB(lfb 252kB) CPU [100%@204,off,off,off] EMC_FREQ 2%@1600 GR3D_FREQ 0%@76 APE 25 PLL@31.5C CPU@34C PMIC@50C GPU@33.5C AO@41.5C thermal@34C POM_5V_IN 1892/1926 POM_5V_GPU 0/36 POM_5V_CPU 164/159
[ts: 1636413899.198396] RAM 2937/3956MB (lfb 102x4MB) SWAP 238/1978MB (cached 12MB) IRAM 0/252kB(lfb 252kB) CPU [100%@204,off,off,off] EMC_FREQ 2%@1600 GR3D_FREQ 0%@76 APE 25 PLL@31.5C CPU@34C PMIC@50C GPU@33.5C AO@42C thermal@34C POM_5V_IN 1851/1925 POM_5V_GPU 0/36 POM_5V_CPU 164/160
[ts: 1636413899.732196] RAM 2937/3956MB (lfb 102x4MB) SWAP 238/1978MB (cached 12MB) IRAM 0/252kB(lfb 252kB) CPU [100%@204,off,off,off] EMC_FREQ 2%@1600 GR3D_FREQ 0%@76 APE 25 PLL@31.5C CPU@34C PMIC@50C GPU@33.5C AO@42C thermal@33.75C POM_5V_IN 1892/1925 POM_5V_GPU 0/36 POM_5V_CPU 164/160
[ts: 1636413900.278379] RAM 2937/3956MB (lfb 102x4MB) SWAP 238/1978MB (cached 12MB) IRAM 0/252kB(lfb 252kB) CPU [100%@204,off,off,off] EMC_FREQ 2%@1600 GR3D_FREQ 0%@76 APE 25 PLL@31.5C CPU@33.5C PMIC@50C GPU@33C AO@41.5C thermal@33.75C POM_5V_IN 2016/1925 POM_5V_GPU 82/36 POM_5V_CPU 164/160
[ts: 1636413900.813421] RAM 2937/3956MB (lfb 102x4MB) SWAP 238/1978MB (cached 12MB) IRAM 0/252kB(lfb 252kB) CPU [100%@204,off,off,off] EMC_FREQ 2%@1600 GR3D_FREQ 0%@76 APE 25 PLL@31.5C CPU@34C PMIC@50C GPU@33.5C AO@42C thermal@33.25C POM_5V_IN 1892/1925 POM_5V_GPU 0/36 POM_5V_CPU 164/160
[ts: 1636413901.363269] RAM 2937/3956MB (lfb 102x4MB) SWAP 238/1978MB (cached 12MB) IRAM 0/252kB(lfb 252kB) CPU [100%@204,off,off,off] EMC_FREQ 2%@1600 GR3D_FREQ 0%@76 APE 25 PLL@31.5C CPU@34C PMIC@50C GPU@33.5C AO@41.5C thermal@33.25C POM_5V_IN 1892/1925 POM_5V_GPU 0/36 POM_5V_CPU 164/160
[ts: 1636413901.900503] RAM 2937/3956MB (lfb 102x4MB) SWAP 238/1978MB (cached 12MB) IRAM 0/252kB(lfb 252kB) CPU [100%@204,off,off,off] EMC_FREQ 2%@1600 GR3D_FREQ 0%@76 APE 25 PLL@31.5C CPU@34C PMIC@50C GPU@33.5C AO@41.5C thermal@33.5C POM_5V_IN 1892/1925 POM_5V_GPU 0/36 POM_5V_CPU 164/160
[ts: 1636413902.436816] RAM 2937/3956MB (lfb 102x4MB) SWAP 238/1978MB (cached 12MB) IRAM 0/252kB(lfb 252kB) CPU [100%@204,off,off,off] EMC_FREQ 2%@1600 GR3D_FREQ 0%@76 APE 25 PLL@31.5C CPU@34C PMIC@50C GPU@33.5C AO@42C thermal@33.5C POM_5V_IN 1851/1925 POM_5V_GPU 0/36 POM_5V_CPU 164/160
[ts: 1636413902.982193] RAM 2937/3956MB (lfb 102x4MB) SWAP 238/1978MB (cached 12MB) IRAM 0/252kB(lfb 252kB) CPU [100%@204,off,off,off] EMC_FREQ 2%@1600 GR3D_FREQ 0%@76 APE 25 PLL@31.5C CPU@34C PMIC@50C GPU@33.5C AO@41C thermal@33.75C POM_5V_IN 1892/1924 POM_5V_GPU 0/35 POM_5V_CPU 164/160
[ts: 1636413903.519374] RAM 2937/3956MB (lfb 102x4MB) SWAP 238/1978MB (cached 12MB) IRAM 0/252kB(lfb 252kB) CPU [100%@204,off,off,off] EMC_FREQ 2%@1600 GR3D_FREQ 0%@76 APE 25 PLL@31.5C CPU@34C PMIC@50C GPU@33.5C AO@42C thermal@33.75C POM_5V_IN 1851/1924 POM_5V_GPU 0/35 POM_5V_CPU 164/160
[ts: 1636413904.058599] RAM 2937/3956MB (lfb 102x4MB) SWAP 238/1978MB (cached 12MB) IRAM 0/252kB(lfb 252kB) CPU [100%@204,off,off,off] EMC_FREQ 2%@1600 GR3D_FREQ 0%@76 APE 25 PLL@31.5C CPU@34C PMIC@50C GPU@33.5C AO@42C thermal@33.75C POM_5V_IN 1892/1924 POM_5V_GPU 0/35 POM_5V_CPU 164/160
[ts: 1636413904.598371] RAM 2937/3956MB (lfb 102x4MB) SWAP 238/1978MB (cached 12MB) IRAM 0/252kB(lfb 252kB) CPU [100%@204,off,off,off] EMC_FREQ 2%@1600 GR3D_FREQ 0%@76 APE 25 PLL@31.5C CPU@34C PMIC@50C GPU@33.5C AO@42C thermal@33.75C POM_5V_IN 1851/1924 POM_5V_GPU 0/35 POM_5V_CPU 164/160
[ts: 1636413905.135284] RAM 2937/3956MB (lfb 102x4MB) SWAP 238/1978MB (cached 12MB) IRAM 0/252kB(lfb 252kB) CPU [100%@204,off,off,off] EMC_FREQ 2%@1600 GR3D_FREQ 0%@76 APE 25 PLL@32C CPU@34C PMIC@50C GPU@34C AO@41.5C thermal@33.75C POM_5V_IN 1892/1923 POM_5V_GPU 0/35 POM_5V_CPU 164/160
[ts: 1636413905.672490] RAM 2936/3956MB (lfb 102x4MB) SWAP 238/1978MB (cached 12MB) IRAM 0/252kB(lfb 252kB) CPU [100%@204,off,off,off] EMC_FREQ 2%@1600 GR3D_FREQ 0%@76 APE 25 PLL@31.5C CPU@34C PMIC@50C GPU@33.5C AO@42C thermal@34C POM_5V_IN 1851/1923 POM_5V_GPU 0/35 POM_5V_CPU 164/160
[ts: 1636413906.211896] RAM 2936/3956MB (lfb 102x4MB) SWAP 238/1978MB (cached 12MB) IRAM 0/252kB(lfb 252kB) CPU [100%@204,off,off,off] EMC_FREQ 2%@1600 GR3D_FREQ 0%@76 APE 25 PLL@31.5C CPU@34C PMIC@50C GPU@33.5C AO@41.5C thermal@34C POM_5V_IN 1892/1923 POM_5V_GPU 0/34 POM_5V_CPU 164/160
[ts: 1636413906.747896] RAM 2936/3956MB (lfb 102x4MB) SWAP 238/1978MB (cached 12MB) IRAM 0/252kB(lfb 252kB) CPU [100%@204,off,off,off] EMC_FREQ 2%@1600 GR3D_FREQ 0%@76 APE 25 PLL@31.5C CPU@34C PMIC@50C GPU@33.5C AO@41.5C thermal@33.75C POM_5V_IN 1851/1923 POM_5V_GPU 0/34 POM_5V_CPU 164/160
[ts: 1636413907.291450] RAM 2936/3956MB (lfb 102x4MB) SWAP 238/1978MB (cached 12MB) IRAM 0/252kB(lfb 252kB) CPU [100%@204,off,off,off] EMC_FREQ 2%@1600 GR3D_FREQ 0%@76 APE 25 PLL@31.5C CPU@34C PMIC@50C GPU@33.5C AO@42C thermal@33.75C POM_5V_IN 1851/1922 POM_5V_GPU 0/34 POM_5V_CPU 164/160
[ts: 1636413907.830673] RAM 2936/3956MB (lfb 102x4MB) SWAP 238/1978MB (cached 12MB) IRAM 0/252kB(lfb 252kB) CPU [100%@204,off,off,off] EMC_FREQ 2%@1600 GR3D_FREQ 0%@76 APE 25 PLL@31.5C CPU@33.5C PMIC@50C GPU@33.5C AO@42C thermal@33.75C POM_5V_IN 1892/1922 POM_5V_GPU 0/34 POM_5V_CPU 164/160
[ts: 1636413908.363824] RAM 2936/3956MB (lfb 102x4MB) SWAP 238/1978MB (cached 12MB) IRAM 0/252kB(lfb 252kB) CPU [100%@204,off,off,off] EMC_FREQ 2%@1600 GR3D_FREQ 0%@76 APE 25 PLL@31.5C CPU@34C PMIC@50C GPU@33.5C AO@42C thermal@33.75C POM_5V_IN 1851/1922 POM_5V_GPU 0/34 POM_5V_CPU 164/160
[ts: 1636413908.916174] RAM 2936/3956MB (lfb 102x4MB) SWAP 238/1978MB (cached 12MB) IRAM 0/252kB(lfb 252kB) CPU [100%@204,off,off,off] EMC_FREQ 2%@1600 GR3D_FREQ 0%@76 APE 25 PLL@31.5C CPU@34C PMIC@50C GPU@33.5C AO@42C thermal@33.75C POM_5V_IN 1892/1922 POM_5V_GPU 0/34 POM_5V_CPU 164/160
[ts: 1636413909.452502] RAM 2936/3956MB (lfb 102x4MB) SWAP 238/1978MB (cached 12MB) IRAM 0/252kB(lfb 252kB) CPU [100%@204,off,off,off] EMC_FREQ 2%@1600 GR3D_FREQ 0%@76 APE 25 PLL@31.5C CPU@34C PMIC@50C GPU@33.5C AO@42C thermal@33.75C POM_5V_IN 1851/1921 POM_5V_GPU 0/33 POM_5V_CPU 164/160
[ts: 1636413909.995419] RAM 2936/3956MB (lfb 102x4MB) SWAP 238/1978MB (cached 12MB) IRAM 0/252kB(lfb 252kB) CPU [100%@204,off,off,off] EMC_FREQ 2%@1600 GR3D_FREQ 0%@76 APE 25 PLL@31.5C CPU@33.5C PMIC@50C GPU@33.5C AO@42C thermal@33.5C POM_5V_IN 1892/1921 POM_5V_GPU 0/33 POM_5V_CPU 123/160
[ts: 1636413910.529867] RAM 2936/3956MB (lfb 102x4MB) SWAP 238/1978MB (cached 12MB) IRAM 0/252kB(lfb 252kB) CPU [100%@204,off,off,off] EMC_FREQ 2%@1600 GR3D_FREQ 0%@76 APE 25 PLL@31.5C CPU@33.5C PMIC@50C GPU@33.5C AO@42C thermal@33.5C POM_5V_IN 1892/1921 POM_5V_GPU 0/33 POM_5V_CPU 164/160
[ts: 1636413911.074189] RAM 2936/3956MB (lfb 102x4MB) SWAP 238/1978MB (cached 12MB) IRAM 0/252kB(lfb 252kB) CPU [100%@204,off,off,off] EMC_FREQ 2%@1600 GR3D_FREQ 0%@76 APE 25 PLL@31.5C CPU@34C PMIC@50C GPU@33.5C AO@42C thermal@33.5C POM_5V_IN 1892/1921 POM_5V_GPU 0/33 POM_5V_CPU 164/160
[ts: 1636413911.622971] RAM 2935/3956MB (lfb 102x4MB) SWAP 238/1978MB (cached 12MB) IRAM 0/252kB(lfb 252kB) CPU [100%@204,off,off,off] EMC_FREQ 2%@1600 GR3D_FREQ 0%@76 APE 25 PLL@31.5C CPU@33.5C PMIC@50C GPU@33.5C AO@42C thermal@33.5C POM_5V_IN 1892/1921 POM_5V_GPU 0/33 POM_5V_CPU 164/160
[ts: 1636413912.209808] RAM 2933/3956MB (lfb 102x4MB) SWAP 238/1978MB (cached 12MB) IRAM 0/252kB(lfb 252kB) CPU [100%@204,off,off,off] EMC_FREQ 2%@1600 GR3D_FREQ 0%@76 APE 25 PLL@31.5C CPU@33.5C PMIC@50C GPU@32.5C AO@41.5C thermal@33.75C POM_5V_IN 1851/1920 POM_5V_GPU 0/33 POM_5V_CPU 164/160
[ts: 1636413912.746690] RAM 2718/3956MB (lfb 102x4MB) SWAP 238/1978MB (cached 12MB) IRAM 0/252kB(lfb 252kB) CPU [100%@204,off,off,off] EMC_FREQ 2%@1600 GR3D_FREQ 0%@76 APE 25 PLL@31.5C CPU@34C PMIC@50C GPU@33C AO@41.5C thermal@33.75C POM_5V_IN 1934/1920 POM_5V_GPU 41/33 POM_5V_CPU 164/160
[ts: 1636413913.281283] RAM 2042/3956MB (lfb 149x4MB) SWAP 238/1978MB (cached 12MB) IRAM 0/252kB(lfb 252kB) CPU [100%@204,off,off,off] EMC_FREQ 2%@1600 GR3D_FREQ 0%@76 APE 25 PLL@31.5C CPU@34C PMIC@50C GPU@33.5C AO@41.5C thermal@33.25C POM_5V_IN 1934/1920 POM_5V_GPU 0/33 POM_5V_CPU 164/160
[ts: 1636413913.825995] RAM 1507/3956MB (lfb 199x4MB) SWAP 238/1978MB (cached 12MB) IRAM 0/252kB(lfb 252kB) CPU [100%@204,off,off,off] EMC_FREQ 2%@1600 GR3D_FREQ 0%@76 APE 25 PLL@31.5C CPU@34C PMIC@50C GPU@33.5C AO@42C thermal@33.25C POM_5V_IN 1892/1920 POM_5V_GPU 0/32 POM_5V_CPU 164/160
[ts: 1636413914.348191] RAM 1456/3956MB (lfb 199x4MB) SWAP 238/1978MB (cached 12MB) IRAM 0/252kB(lfb 252kB) CPU [98%@204,off,off,off] EMC_FREQ 2%@1600 GR3D_FREQ 0%@76 APE 25 PLL@31.5C CPU@34C PMIC@50C GPU@33C AO@41.5C thermal@33.25C POM_5V_IN 2016/1921 POM_5V_GPU 41/32 POM_5V_CPU 164/160
[ts: 1636413914.871594] RAM 1456/3956MB (lfb 199x4MB) SWAP 238/1978MB (cached 12MB) IRAM 0/252kB(lfb 252kB) CPU [100%@204,off,off,off] EMC_FREQ 3%@1600 GR3D_FREQ 0%@76 APE 25 PLL@32C CPU@33.5C PMIC@50C GPU@33C AO@42C thermal@33.25C POM_5V_IN 2016/1921 POM_5V_GPU 41/32 POM_5V_CPU 164/160
[ts: 1636413915.398529] RAM 1456/3956MB (lfb 199x4MB) SWAP 238/1978MB (cached 12MB) IRAM 0/252kB(lfb 252kB) CPU [33%@204,off,off,off] EMC_FREQ 3%@1600 GR3D_FREQ 0%@76 APE 25 PLL@31.5C CPU@34C PMIC@50C GPU@33.5C AO@41.5C thermal@33.5C POM_5V_IN 1851/1921 POM_5V_GPU 41/32 POM_5V_CPU 123/160
[ts: 1636413915.922746] RAM 1456/3956MB (lfb 199x4MB) SWAP 238/1978MB (cached 12MB) IRAM 0/252kB(lfb 252kB) CPU [18%@204,off,off,off] EMC_FREQ 2%@1600 GR3D_FREQ 0%@76 APE 25 PLL@32C CPU@33.5C PMIC@50C GPU@34C AO@42C thermal@33.5C POM_5V_IN 1810/1920 POM_5V_GPU 0/32 POM_5V_CPU 123/160
