SOC family:tegra210  Machine:NVIDIA Jetson Nano Developer Kit
Online CPUs: 0
cpu0: Online=1 Governor=schedutil MinFreq=1326000 MaxFreq=1326000 CurrentFreq=1326000 IdleStates: WFI=1 c7=1 
cpu1: Online=0 Governor=schedutil MinFreq=1326000 MaxFreq=1326000 CurrentFreq=1326000 IdleStates: WFI=1 c7=1 
cpu2: Online=0 Governor=schedutil MinFreq=1326000 MaxFreq=1326000 CurrentFreq=1326000 IdleStates: WFI=1 c7=1 
cpu3: Online=0 Governor=schedutil MinFreq=1326000 MaxFreq=1326000 CurrentFreq=1326000 IdleStates: WFI=1 c7=1 
GPU MinFreq=76800000 MaxFreq=921600000 CurrentFreq=76800000
EMC MinFreq=204000000 MaxFreq=1600000000 CurrentFreq=1600000000 FreqOverride=0
Fan: PWM=0
NV Power Mode: MAXN
[ts: 1636412405.942776] RAM 1483/3956MB (lfb 197x4MB) SWAP 206/1978MB (cached 5MB) IRAM 0/252kB(lfb 252kB) CPU [28%@1326,off,off,off] EMC_FREQ 3%@1600 GR3D_FREQ 0%@76 APE 25 PLL@31.5C CPU@33.5C PMIC@50C GPU@33C AO@42C thermal@33.75C POM_5V_IN 1892/1892 POM_5V_GPU 41/41 POM_5V_CPU 164/164
[ts: 1636412406.450940] RAM 1483/3956MB (lfb 197x4MB) SWAP 206/1978MB (cached 5MB) IRAM 0/252kB(lfb 252kB) CPU [5%@1326,off,off,off] EMC_FREQ 3%@1600 GR3D_FREQ 0%@76 APE 25 PLL@32C CPU@34C PMIC@50C GPU@33C AO@42C thermal@33.75C POM_5V_IN 1892/1892 POM_5V_GPU 41/41 POM_5V_CPU 164/164
[ts: 1636412406.957779] RAM 1483/3956MB (lfb 197x4MB) SWAP 206/1978MB (cached 5MB) IRAM 0/252kB(lfb 252kB) CPU [3%@1326,off,off,off] EMC_FREQ 3%@1600 GR3D_FREQ 0%@76 APE 25 PLL@31.5C CPU@33.5C PMIC@50C GPU@33C AO@42C thermal@33.5C POM_5V_IN 1892/1892 POM_5V_GPU 41/41 POM_5V_CPU 164/164
[ts: 1636412407.464805] RAM 1483/3956MB (lfb 197x4MB) SWAP 206/1978MB (cached 5MB) IRAM 0/252kB(lfb 252kB) CPU [4%@1326,off,off,off] EMC_FREQ 2%@1600 GR3D_FREQ 0%@76 APE 25 PLL@31.5C CPU@33.5C PMIC@50C GPU@33C AO@42C thermal@33.5C POM_5V_IN 2054/1932 POM_5V_GPU 41/41 POM_5V_CPU 164/164
[ts: 1636412407.971633] RAM 1483/3956MB (lfb 197x4MB) SWAP 206/1978MB (cached 5MB) IRAM 0/252kB(lfb 252kB) CPU [5%@1326,off,off,off] EMC_FREQ 2%@1600 GR3D_FREQ 0%@76 APE 25 PLL@32C CPU@33.5C PMIC@50C GPU@33C AO@42C thermal@33.25C POM_5V_IN 1934/1932 POM_5V_GPU 41/41 POM_5V_CPU 164/164
[ts: 1636412408.478431] RAM 1483/3956MB (lfb 197x4MB) SWAP 206/1978MB (cached 5MB) IRAM 0/252kB(lfb 252kB) CPU [2%@1326,off,off,off] EMC_FREQ 2%@1600 GR3D_FREQ 0%@76 APE 25 PLL@31.5C CPU@33.5C PMIC@50C GPU@33C AO@42C thermal@33.25C POM_5V_IN 1892/1926 POM_5V_GPU 41/41 POM_5V_CPU 164/164
[ts: 1636412408.985340] RAM 1483/3956MB (lfb 197x4MB) SWAP 206/1978MB (cached 5MB) IRAM 0/252kB(lfb 252kB) CPU [2%@1326,off,off,off] EMC_FREQ 2%@1600 GR3D_FREQ 0%@76 APE 25 PLL@31.5C CPU@33.5C PMIC@50C GPU@33C AO@42C thermal@33.25C POM_5V_IN 1892/1921 POM_5V_GPU 41/41 POM_5V_CPU 164/164
[ts: 1636412409.492169] RAM 1483/3956MB (lfb 197x4MB) SWAP 206/1978MB (cached 5MB) IRAM 0/252kB(lfb 252kB) CPU [2%@1326,off,off,off] EMC_FREQ 2%@1600 GR3D_FREQ 0%@76 APE 25 PLL@32C CPU@33.5C PMIC@50C GPU@33C AO@41.5C thermal@33.25C POM_5V_IN 1892/1917 POM_5V_GPU 41/41 POM_5V_CPU 164/164
[ts: 1636412409.999358] RAM 1483/3956MB (lfb 197x4MB) SWAP 206/1978MB (cached 5MB) IRAM 0/252kB(lfb 252kB) CPU [3%@1326,off,off,off] EMC_FREQ 2%@1600 GR3D_FREQ 0%@76 APE 25 PLL@31.5C CPU@33.5C PMIC@50C GPU@33C AO@42C thermal@33.5C POM_5V_IN 1892/1914 POM_5V_GPU 41/41 POM_5V_CPU 164/164
[ts: 1636412410.506231] RAM 1483/3956MB (lfb 197x4MB) SWAP 206/1978MB (cached 5MB) IRAM 0/252kB(lfb 252kB) CPU [3%@1326,off,off,off] EMC_FREQ 2%@1600 GR3D_FREQ 0%@76 APE 25 PLL@31.5C CPU@33.5C PMIC@50C GPU@32.5C AO@42C thermal@33.5C POM_5V_IN 1892/1912 POM_5V_GPU 41/41 POM_5V_CPU 164/164
[ts: 1636412411.012981] RAM 1483/3956MB (lfb 197x4MB) SWAP 206/1978MB (cached 5MB) IRAM 0/252kB(lfb 252kB) CPU [4%@1326,off,off,off] EMC_FREQ 2%@1600 GR3D_FREQ 0%@76 APE 25 PLL@31.5C CPU@33.5C PMIC@50C GPU@33C AO@42C thermal@33.5C POM_5V_IN 1892/1910 POM_5V_GPU 41/41 POM_5V_CPU 164/164
[ts: 1636412411.520749] RAM 1483/3956MB (lfb 197x4MB) SWAP 206/1978MB (cached 5MB) IRAM 0/252kB(lfb 252kB) CPU [3%@1326,off,off,off] EMC_FREQ 2%@1600 GR3D_FREQ 0%@76 APE 25 PLL@32C CPU@33.5C PMIC@50C GPU@33C AO@42C thermal@33.25C POM_5V_IN 1892/1909 POM_5V_GPU 41/41 POM_5V_CPU 164/164
[ts: 1636412412.027539] RAM 1483/3956MB (lfb 197x4MB) SWAP 206/1978MB (cached 5MB) IRAM 0/252kB(lfb 252kB) CPU [0%@1326,off,off,off] EMC_FREQ 2%@1600 GR3D_FREQ 0%@76 APE 25 PLL@31.5C CPU@33.5C PMIC@50C GPU@33C AO@42C thermal@33.25C POM_5V_IN 1892/1907 POM_5V_GPU 41/41 POM_5V_CPU 164/164
[ts: 1636412412.534541] RAM 1483/3956MB (lfb 197x4MB) SWAP 206/1978MB (cached 5MB) IRAM 0/252kB(lfb 252kB) CPU [4%@1326,off,off,off] EMC_FREQ 2%@1600 GR3D_FREQ 0%@76 APE 25 PLL@31.5C CPU@33.5C PMIC@50C GPU@32.5C AO@42C thermal@33.5C POM_5V_IN 1892/1906 POM_5V_GPU 41/41 POM_5V_CPU 164/164
[ts: 1636412413.041357] RAM 1483/3956MB (lfb 197x4MB) SWAP 206/1978MB (cached 5MB) IRAM 0/252kB(lfb 252kB) CPU [2%@1326,off,off,off] EMC_FREQ 2%@1600 GR3D_FREQ 0%@76 APE 25 PLL@31.5C CPU@33.5C PMIC@50C GPU@32.5C AO@42C thermal@33.5C POM_5V_IN 1892/1905 POM_5V_GPU 41/41 POM_5V_CPU 164/164
[ts: 1636412413.548286] RAM 1483/3956MB (lfb 197x4MB) SWAP 206/1978MB (cached 5MB) IRAM 0/252kB(lfb 252kB) CPU [5%@1326,off,off,off] EMC_FREQ 2%@1600 GR3D_FREQ 0%@76 APE 25 PLL@31.5C CPU@33.5C PMIC@50C GPU@32.5C AO@42C thermal@33.25C POM_5V_IN 1892/1904 POM_5V_GPU 41/41 POM_5V_CPU 164/164
[ts: 1636412414.055404] RAM 1483/3956MB (lfb 197x4MB) SWAP 206/1978MB (cached 5MB) IRAM 0/252kB(lfb 252kB) CPU [0%@1326,off,off,off] EMC_FREQ 2%@1600 GR3D_FREQ 0%@76 APE 25 PLL@31.5C CPU@33.5C PMIC@50C GPU@33C AO@42C thermal@33.25C POM_5V_IN 1892/1904 POM_5V_GPU 41/41 POM_5V_CPU 164/164
[ts: 1636412414.562318] RAM 1483/3956MB (lfb 197x4MB) SWAP 206/1978MB (cached 5MB) IRAM 0/252kB(lfb 252kB) CPU [3%@1326,off,off,off] EMC_FREQ 2%@1600 GR3D_FREQ 25%@76 APE 25 PLL@31.5C CPU@33.5C PMIC@50C GPU@32.5C AO@42C thermal@33C POM_5V_IN 1975/1907 POM_5V_GPU 41/41 POM_5V_CPU 205/166
[ts: 1636412415.069202] RAM 1483/3956MB (lfb 197x4MB) SWAP 206/1978MB (cached 5MB) IRAM 0/252kB(lfb 252kB) CPU [0%@1326,off,off,off] EMC_FREQ 2%@1600 GR3D_FREQ 0%@76 APE 25 PLL@32C CPU@33.5C PMIC@50C GPU@32.5C AO@42C thermal@33C POM_5V_IN 1892/1907 POM_5V_GPU 41/41 POM_5V_CPU 164/166
[ts: 1636412415.576296] RAM 1487/3956MB (lfb 197x4MB) SWAP 206/1978MB (cached 5MB) IRAM 0/252kB(lfb 252kB) CPU [36%@1326,off,off,off] EMC_FREQ 2%@1600 GR3D_FREQ 0%@76 APE 25 PLL@32C CPU@34.5C PMIC@50C GPU@32.5C AO@42C thermal@33.5C POM_5V_IN 2539/1938 POM_5V_GPU 40/40 POM_5V_CPU 696/192
[ts: 1636412416.083418] RAM 1498/3956MB (lfb 197x4MB) SWAP 206/1978MB (cached 5MB) IRAM 0/252kB(lfb 252kB) CPU [100%@1326,off,off,off] EMC_FREQ 2%@1600 GR3D_FREQ 0%@76 APE 25 PLL@32C CPU@34.5C PMIC@50C GPU@33C AO@42C thermal@33.5C POM_5V_IN 2621/1971 POM_5V_GPU 40/40 POM_5V_CPU 778/220
[ts: 1636412416.591410] RAM 1511/3956MB (lfb 197x4MB) SWAP 206/1978MB (cached 5MB) IRAM 0/252kB(lfb 252kB) CPU [100%@1326,off,off,off] EMC_FREQ 2%@1600 GR3D_FREQ 0%@76 APE 25 PLL@32C CPU@34.5C PMIC@50C GPU@33C AO@42C thermal@33.5C POM_5V_IN 2580/1998 POM_5V_GPU 40/40 POM_5V_CPU 696/242
[ts: 1636412417.098633] RAM 1519/3956MB (lfb 197x4MB) SWAP 206/1978MB (cached 5MB) IRAM 0/252kB(lfb 252kB) CPU [100%@1326,off,off,off] EMC_FREQ 2%@1600 GR3D_FREQ 0%@76 APE 25 PLL@32C CPU@34.5C PMIC@50C GPU@33C AO@42C thermal@34C POM_5V_IN 2621/2025 POM_5V_GPU 40/40 POM_5V_CPU 819/267
[ts: 1636412417.605459] RAM 1525/3956MB (lfb 197x4MB) SWAP 206/1978MB (cached 5MB) IRAM 0/252kB(lfb 252kB) CPU [100%@1326,off,off,off] EMC_FREQ 2%@1600 GR3D_FREQ 0%@76 APE 25 PLL@32C CPU@35C PMIC@50C GPU@33C AO@42.5C thermal@34C POM_5V_IN 2658/2052 POM_5V_GPU 40/40 POM_5V_CPU 778/288
[ts: 1636412418.117213] RAM 1548/3956MB (lfb 197x4MB) SWAP 205/1978MB (cached 7MB) IRAM 0/252kB(lfb 252kB) CPU [100%@1326,off,off,off] EMC_FREQ 2%@1600 GR3D_FREQ 0%@76 APE 25 PLL@31.5C CPU@34.5C PMIC@50C GPU@33C AO@42C thermal@34.25C POM_5V_IN 2621/2075 POM_5V_GPU 40/40 POM_5V_CPU 778/308
[ts: 1636412418.628326] RAM 1568/3956MB (lfb 197x4MB) SWAP 205/1978MB (cached 7MB) IRAM 0/252kB(lfb 252kB) CPU [94%@1326,off,off,off] EMC_FREQ 2%@1600 GR3D_FREQ 0%@76 APE 25 PLL@31.5C CPU@34.5C PMIC@50C GPU@33C AO@42C thermal@34.25C POM_5V_IN 2580/2094 POM_5V_GPU 40/40 POM_5V_CPU 778/326
[ts: 1636412419.135536] RAM 1576/3956MB (lfb 197x4MB) SWAP 205/1978MB (cached 7MB) IRAM 0/252kB(lfb 252kB) CPU [100%@1326,off,off,off] EMC_FREQ 2%@1600 GR3D_FREQ 0%@76 APE 25 PLL@31.5C CPU@34C PMIC@50C GPU@33C AO@42C thermal@33.5C POM_5V_IN 2580/2112 POM_5V_GPU 40/40 POM_5V_CPU 696/339
[ts: 1636412419.642566] RAM 1586/3956MB (lfb 197x4MB) SWAP 205/1978MB (cached 7MB) IRAM 0/252kB(lfb 252kB) CPU [100%@1326,off,off,off] EMC_FREQ 2%@1600 GR3D_FREQ 0%@76 APE 25 PLL@32C CPU@35C PMIC@50C GPU@33.5C AO@42C thermal@33.5C POM_5V_IN 2621/2130 POM_5V_GPU 40/40 POM_5V_CPU 819/356
[ts: 1636412420.149987] RAM 1607/3956MB (lfb 197x4MB) SWAP 205/1978MB (cached 7MB) IRAM 0/252kB(lfb 252kB) CPU [100%@1326,off,off,off] EMC_FREQ 3%@1600 GR3D_FREQ 0%@76 APE 25 PLL@32C CPU@34.5C PMIC@50C GPU@33C AO@42.5C thermal@33.75C POM_5V_IN 2740/2151 POM_5V_GPU 40/40 POM_5V_CPU 858/374
[ts: 1636412420.657302] RAM 1634/3956MB (lfb 197x4MB) SWAP 205/1978MB (cached 7MB) IRAM 0/252kB(lfb 252kB) CPU [98%@1326,off,off,off] EMC_FREQ 3%@1600 GR3D_FREQ 1%@76 APE 25 PLL@32C CPU@34.5C PMIC@50C GPU@32.5C AO@42.5C thermal@33.75C POM_5V_IN 2699/2169 POM_5V_GPU 81/42 POM_5V_CPU 817/389
[ts: 1636412421.168565] RAM 1703/3956MB (lfb 197x4MB) SWAP 205/1978MB (cached 7MB) IRAM 0/252kB(lfb 252kB) CPU [98%@1326,off,off,off] EMC_FREQ 3%@1600 GR3D_FREQ 27%@76 APE 25 PLL@32C CPU@34.5C PMIC@50C GPU@33C AO@42.5C thermal@34C POM_5V_IN 2658/2185 POM_5V_GPU 81/43 POM_5V_CPU 777/401
[ts: 1636412421.676470] RAM 1781/3956MB (lfb 197x4MB) SWAP 205/1978MB (cached 7MB) IRAM 0/252kB(lfb 252kB) CPU [98%@1326,off,off,off] EMC_FREQ 4%@1600 GR3D_FREQ 0%@76 APE 25 PLL@32C CPU@34.5C PMIC@50C GPU@33C AO@42.5C thermal@34C POM_5V_IN 2699/2201 POM_5V_GPU 81/44 POM_5V_CPU 777/413
[ts: 1636412422.183882] RAM 1848/3956MB (lfb 197x4MB) SWAP 205/1978MB (cached 7MB) IRAM 0/252kB(lfb 252kB) CPU [98%@1326,off,off,off] EMC_FREQ 4%@1600 GR3D_FREQ 0%@76 APE 25 PLL@32C CPU@34.5C PMIC@50C GPU@32.5C AO@42.5C thermal@34C POM_5V_IN 2740/2217 POM_5V_GPU 40/44 POM_5V_CPU 777/424
[ts: 1636412422.691717] RAM 1880/3956MB (lfb 197x4MB) SWAP 205/1978MB (cached 7MB) IRAM 0/252kB(lfb 252kB) CPU [98%@1326,off,off,off] EMC_FREQ 4%@1600 GR3D_FREQ 1%@76 APE 25 PLL@32C CPU@34.5C PMIC@50C GPU@32.5C AO@42C thermal@34.25C POM_5V_IN 2699/2232 POM_5V_GPU 81/45 POM_5V_CPU 817/435
[ts: 1636412423.198766] RAM 1960/3956MB (lfb 190x4MB) SWAP 205/1978MB (cached 7MB) IRAM 0/252kB(lfb 252kB) CPU [98%@1326,off,off,off] EMC_FREQ 4%@1600 GR3D_FREQ 0%@76 APE 25 PLL@32.5C CPU@34.5C PMIC@50C GPU@33C AO@42C thermal@34.25C POM_5V_IN 2699/2245 POM_5V_GPU 40/45 POM_5V_CPU 777/445
[ts: 1636412423.705873] RAM 2011/3956MB (lfb 186x4MB) SWAP 205/1978MB (cached 7MB) IRAM 0/252kB(lfb 252kB) CPU [98%@1326,off,off,off] EMC_FREQ 4%@1600 GR3D_FREQ 1%@76 APE 25 PLL@32C CPU@34.5C PMIC@50C GPU@32.5C AO@42.5C thermal@34C POM_5V_IN 2699/2258 POM_5V_GPU 81/46 POM_5V_CPU 817/455
[ts: 1636412424.213032] RAM 2081/3956MB (lfb 180x4MB) SWAP 205/1978MB (cached 7MB) IRAM 0/252kB(lfb 252kB) CPU [98%@1326,off,off,off] EMC_FREQ 4%@1600 GR3D_FREQ 14%@76 APE 25 PLL@32C CPU@34.5C PMIC@50C GPU@33C AO@42C thermal@34C POM_5V_IN 2699/2269 POM_5V_GPU 81/47 POM_5V_CPU 777/464
[ts: 1636412424.720244] RAM 2171/3956MB (lfb 172x4MB) SWAP 205/1978MB (cached 7MB) IRAM 0/252kB(lfb 252kB) CPU [98%@1326,off,off,off] EMC_FREQ 4%@1600 GR3D_FREQ 1%@76 APE 25 PLL@32C CPU@34.5C PMIC@50C GPU@33C AO@42.5C thermal@34C POM_5V_IN 2740/2282 POM_5V_GPU 81/48 POM_5V_CPU 817/473
[ts: 1636412425.227570] RAM 2237/3956MB (lfb 166x4MB) SWAP 205/1978MB (cached 7MB) IRAM 0/252kB(lfb 252kB) CPU [98%@1326,off,off,off] EMC_FREQ 4%@1600 GR3D_FREQ 27%@76 APE 25 PLL@32C CPU@34.5C PMIC@50C GPU@33C AO@42.5C thermal@34C POM_5V_IN 2658/2291 POM_5V_GPU 81/48 POM_5V_CPU 777/481
[ts: 1636412425.735166] RAM 2296/3956MB (lfb 160x4MB) SWAP 205/1978MB (cached 7MB) IRAM 0/252kB(lfb 252kB) CPU [97%@1326,off,off,off] EMC_FREQ 4%@1600 GR3D_FREQ 15%@76 APE 25 PLL@32C CPU@35C PMIC@50C GPU@33C AO@42C thermal@33.5C POM_5V_IN 2621/2300 POM_5V_GPU 81/49 POM_5V_CPU 778/489
[ts: 1636412426.242096] RAM 2405/3956MB (lfb 148x4MB) SWAP 205/1978MB (cached 7MB) IRAM 0/252kB(lfb 252kB) CPU [100%@1326,off,off,off] EMC_FREQ 5%@1600 GR3D_FREQ 0%@76 APE 25 PLL@32C CPU@34.5C PMIC@50C GPU@33C AO@42.5C thermal@33.5C POM_5V_IN 2821/2312 POM_5V_GPU 40/49 POM_5V_CPU 899/499
[ts: 1636412426.753811] RAM 2430/3956MB (lfb 146x4MB) SWAP 205/1978MB (cached 7MB) IRAM 0/252kB(lfb 252kB) CPU [96%@1326,off,off,off] EMC_FREQ 5%@1600 GR3D_FREQ 4%@76 APE 25 PLL@32C CPU@34.5C PMIC@50C GPU@33C AO@42C thermal@33.75C POM_5V_IN 2658/2321 POM_5V_GPU 81/50 POM_5V_CPU 777/505
[ts: 1636412427.261890] RAM 2489/3956MB (lfb 140x4MB) SWAP 205/1978MB (cached 7MB) IRAM 0/252kB(lfb 252kB) CPU [100%@1326,off,off,off] EMC_FREQ 5%@1600 GR3D_FREQ 15%@76 APE 25 PLL@32.5C CPU@34.5C PMIC@50C GPU@33C AO@42C thermal@33.75C POM_5V_IN 2621/2328 POM_5V_GPU 81/50 POM_5V_CPU 737/511
[ts: 1636412427.769359] RAM 2541/3956MB (lfb 136x4MB) SWAP 205/1978MB (cached 7MB) IRAM 0/252kB(lfb 252kB) CPU [98%@1326,off,off,off] EMC_FREQ 4%@1600 GR3D_FREQ 8%@76 APE 25 PLL@32C CPU@35C PMIC@50C GPU@33.5C AO@42.5C thermal@33.75C POM_5V_IN 2658/2335 POM_5V_GPU 81/51 POM_5V_CPU 777/517
[ts: 1636412428.277099] RAM 2611/3956MB (lfb 130x4MB) SWAP 205/1978MB (cached 7MB) IRAM 0/252kB(lfb 252kB) CPU [100%@1326,off,off,off] EMC_FREQ 4%@1600 GR3D_FREQ 0%@76 APE 25 PLL@32C CPU@34.5C PMIC@50C GPU@33C AO@42C thermal@33.75C POM_5V_IN 2621/2341 POM_5V_GPU 81/52 POM_5V_CPU 778/522
[ts: 1636412428.784360] RAM 2675/3956MB (lfb 121x4MB) SWAP 205/1978MB (cached 7MB) IRAM 0/252kB(lfb 252kB) CPU [98%@1326,off,off,off] EMC_FREQ 4%@1600 GR3D_FREQ 1%@76 APE 25 PLL@32.5C CPU@34.5C PMIC@50C GPU@33C AO@42C thermal@33.75C POM_5V_IN 2740/2350 POM_5V_GPU 40/52 POM_5V_CPU 777/528
[ts: 1636412429.291737] RAM 2749/3956MB (lfb 115x4MB) SWAP 205/1978MB (cached 7MB) IRAM 0/252kB(lfb 252kB) CPU [98%@1326,off,off,off] EMC_FREQ 4%@1600 GR3D_FREQ 0%@76 APE 25 PLL@32.5C CPU@35.5C PMIC@50C GPU@33C AO@42C thermal@33.75C POM_5V_IN 2862/2361 POM_5V_GPU 40/51 POM_5V_CPU 981/538
[ts: 1636412429.798989] RAM 2812/3956MB (lfb 109x4MB) SWAP 205/1978MB (cached 7MB) IRAM 0/252kB(lfb 252kB) CPU [98%@1326,off,off,off] EMC_FREQ 5%@1600 GR3D_FREQ 28%@76 APE 25 PLL@32C CPU@35C PMIC@50C GPU@33C AO@42C thermal@33.75C POM_5V_IN 2580/2366 POM_5V_GPU 81/52 POM_5V_CPU 737/542
[ts: 1636412430.306124] RAM 2873/3956MB (lfb 107x4MB) SWAP 205/1978MB (cached 7MB) IRAM 0/252kB(lfb 252kB) CPU [100%@1326,off,off,off] EMC_FREQ 5%@1600 GR3D_FREQ 24%@76 APE 25 PLL@32.5C CPU@34.5C PMIC@50C GPU@33C AO@42.5C thermal@33.75C POM_5V_IN 2699/2372 POM_5V_GPU 81/52 POM_5V_CPU 817/547
[ts: 1636412430.813448] RAM 2968/3956MB (lfb 107x4MB) SWAP 205/1978MB (cached 7MB) IRAM 0/252kB(lfb 252kB) CPU [98%@1326,off,off,off] EMC_FREQ 5%@1600 GR3D_FREQ 0%@76 APE 25 PLL@32C CPU@35.5C PMIC@50C GPU@33C AO@42.5C thermal@33.75C POM_5V_IN 2858/2382 POM_5V_GPU 40/52 POM_5V_CPU 1020/557
[ts: 1636412431.329356] RAM 2962/3956MB (lfb 107x4MB) SWAP 215/1978MB (cached 7MB) IRAM 0/252kB(lfb 252kB) CPU [92%@1326,off,off,off] EMC_FREQ 5%@1600 GR3D_FREQ 0%@76 APE 25 PLL@32.5C CPU@35C PMIC@50C GPU@33C AO@42.5C thermal@34C POM_5V_IN 2699/2388 POM_5V_GPU 40/52 POM_5V_CPU 817/562
[ts: 1636412431.837796] RAM 2961/3956MB (lfb 107x4MB) SWAP 215/1978MB (cached 7MB) IRAM 0/252kB(lfb 252kB) CPU [100%@1326,off,off,off] EMC_FREQ 4%@1600 GR3D_FREQ 0%@76 APE 25 PLL@32.5C CPU@35C PMIC@50C GPU@33C AO@42.5C thermal@34C POM_5V_IN 2740/2395 POM_5V_GPU 40/52 POM_5V_CPU 858/568
[ts: 1636412432.345007] RAM 2961/3956MB (lfb 107x4MB) SWAP 215/1978MB (cached 7MB) IRAM 0/252kB(lfb 252kB) CPU [100%@1326,off,off,off] EMC_FREQ 4%@1600 GR3D_FREQ 0%@76 APE 25 PLL@32C CPU@35C PMIC@50C GPU@34C AO@42C thermal@34.5C POM_5V_IN 2658/2400 POM_5V_GPU 0/51 POM_5V_CPU 899/574
[ts: 1636412432.852210] RAM 2961/3956MB (lfb 107x4MB) SWAP 215/1978MB (cached 7MB) IRAM 0/252kB(lfb 252kB) CPU [100%@1326,off,off,off] EMC_FREQ 4%@1600 GR3D_FREQ 0%@76 APE 25 PLL@32C CPU@35C PMIC@50C GPU@34C AO@42C thermal@34.5C POM_5V_IN 2658/2405 POM_5V_GPU 0/50 POM_5V_CPU 858/579
[ts: 1636412433.359458] RAM 2961/3956MB (lfb 107x4MB) SWAP 215/1978MB (cached 7MB) IRAM 0/252kB(lfb 252kB) CPU [100%@1326,off,off,off] EMC_FREQ 4%@1600 GR3D_FREQ 0%@76 APE 25 PLL@32C CPU@34.5C PMIC@50C GPU@34C AO@42.5C thermal@34.5C POM_5V_IN 2662/2409 POM_5V_GPU 0/49 POM_5V_CPU 860/584
[ts: 1636412433.867310] RAM 2962/3956MB (lfb 107x4MB) SWAP 215/1978MB (cached 7MB) IRAM 0/252kB(lfb 252kB) CPU [100%@1326,off,off,off] EMC_FREQ 4%@1600 GR3D_FREQ 0%@76 APE 25 PLL@32C CPU@34C PMIC@50C GPU@34C AO@42C thermal@34.75C POM_5V_IN 2457/2410 POM_5V_GPU 0/48 POM_5V_CPU 573/584
[ts: 1636412434.376362] RAM 1513/3956MB (lfb 197x4MB) SWAP 215/1978MB (cached 7MB) IRAM 0/252kB(lfb 252kB) CPU [100%@1326,off,off,off] EMC_FREQ 4%@1600 GR3D_FREQ 0%@76 APE 25 PLL@32C CPU@35C PMIC@50C GPU@34C AO@42C thermal@34.75C POM_5V_IN 2699/2415 POM_5V_GPU 0/47 POM_5V_CPU 899/589
[ts: 1636412434.883441] RAM 1478/3956MB (lfb 197x4MB) SWAP 215/1978MB (cached 7MB) IRAM 0/252kB(lfb 252kB) CPU [59%@1326,off,off,off] EMC_FREQ 5%@1600 GR3D_FREQ 0%@76 APE 25 PLL@32C CPU@34C PMIC@50C GPU@33C AO@42C thermal@33.75C POM_5V_IN 1934/2407 POM_5V_GPU 41/47 POM_5V_CPU 164/582
[ts: 1636412435.390204] RAM 1478/3956MB (lfb 197x4MB) SWAP 215/1978MB (cached 7MB) IRAM 0/252kB(lfb 252kB) CPU [5%@1326,off,off,off] EMC_FREQ 4%@1600 GR3D_FREQ 0%@76 APE 25 PLL@32C CPU@34C PMIC@50C GPU@32.5C AO@42C thermal@33.75C POM_5V_IN 1892/2398 POM_5V_GPU 41/47 POM_5V_CPU 164/575
[ts: 1636412435.896897] RAM 1478/3956MB (lfb 197x4MB) SWAP 215/1978MB (cached 7MB) IRAM 0/252kB(lfb 252kB) CPU [5%@1326,off,off,off] EMC_FREQ 4%@1600 GR3D_FREQ 0%@76 APE 25 PLL@31.5C CPU@34C PMIC@50C GPU@32.5C AO@42C thermal@33.25C POM_5V_IN 1892/2390 POM_5V_GPU 41/47 POM_5V_CPU 164/568
[ts: 1636412436.403583] RAM 1478/3956MB (lfb 197x4MB) SWAP 215/1978MB (cached 7MB) IRAM 0/252kB(lfb 252kB) CPU [3%@1326,off,off,off] EMC_FREQ 3%@1600 GR3D_FREQ 0%@76 APE 25 PLL@32C CPU@34C PMIC@50C GPU@32.5C AO@42C thermal@33.25C POM_5V_IN 1892/2382 POM_5V_GPU 41/47 POM_5V_CPU 164/561
