SOC family:tegra210  Machine:NVIDIA Jetson Nano Developer Kit
Online CPUs: 0
cpu0: Online=1 Governor=schedutil MinFreq=921600 MaxFreq=921600 CurrentFreq=921600 IdleStates: WFI=1 c7=1 
cpu1: Online=0 Governor=schedutil MinFreq=921600 MaxFreq=921600 CurrentFreq=921600 IdleStates: WFI=1 c7=1 
cpu2: Online=0 Governor=schedutil MinFreq=921600 MaxFreq=921600 CurrentFreq=921600 IdleStates: WFI=1 c7=1 
cpu3: Online=0 Governor=schedutil MinFreq=921600 MaxFreq=921600 CurrentFreq=921600 IdleStates: WFI=1 c7=1 
GPU MinFreq=76800000 MaxFreq=921600000 CurrentFreq=76800000
EMC MinFreq=204000000 MaxFreq=1600000000 CurrentFreq=1600000000 FreqOverride=0
Fan: PWM=0
NV Power Mode: MAXN
[ts: 1636412504.402645] RAM 1480/3956MB (lfb 197x4MB) SWAP 215/1978MB (cached 7MB) IRAM 0/252kB(lfb 252kB) CPU [38%@921,off,off,off] EMC_FREQ 3%@1600 GR3D_FREQ 0%@76 APE 25 PLL@32C CPU@34C PMIC@50C GPU@33C AO@42C thermal@33.75C POM_5V_IN 1892/1892 POM_5V_GPU 41/41 POM_5V_CPU 123/123
[ts: 1636412504.910888] RAM 1480/3956MB (lfb 197x4MB) SWAP 215/1978MB (cached 7MB) IRAM 0/252kB(lfb 252kB) CPU [2%@921,off,off,off] EMC_FREQ 3%@1600 GR3D_FREQ 0%@76 APE 25 PLL@32C CPU@34C PMIC@50C GPU@33C AO@42C thermal@33.75C POM_5V_IN 1892/1892 POM_5V_GPU 41/41 POM_5V_CPU 123/123
[ts: 1636412505.419309] RAM 1480/3956MB (lfb 197x4MB) SWAP 215/1978MB (cached 7MB) IRAM 0/252kB(lfb 252kB) CPU [4%@921,off,off,off] EMC_FREQ 2%@1600 GR3D_FREQ 0%@76 APE 25 PLL@32C CPU@34C PMIC@50C GPU@33C AO@42C thermal@33.5C POM_5V_IN 1892/1892 POM_5V_GPU 41/41 POM_5V_CPU 123/123
[ts: 1636412505.927305] RAM 1480/3956MB (lfb 197x4MB) SWAP 215/1978MB (cached 7MB) IRAM 0/252kB(lfb 252kB) CPU [2%@921,off,off,off] EMC_FREQ 2%@1600 GR3D_FREQ 0%@76 APE 25 PLL@32C CPU@34C PMIC@50C GPU@33C AO@42C thermal@33.5C POM_5V_IN 1892/1892 POM_5V_GPU 41/41 POM_5V_CPU 123/123
[ts: 1636412506.435414] RAM 1480/3956MB (lfb 197x4MB) SWAP 215/1978MB (cached 7MB) IRAM 0/252kB(lfb 252kB) CPU [2%@921,off,off,off] EMC_FREQ 2%@1600 GR3D_FREQ 0%@76 APE 25 PLL@32C CPU@33.5C PMIC@50C GPU@33C AO@42C thermal@33.5C POM_5V_IN 1892/1892 POM_5V_GPU 41/41 POM_5V_CPU 164/131
[ts: 1636412506.943356] RAM 1480/3956MB (lfb 197x4MB) SWAP 215/1978MB (cached 7MB) IRAM 0/252kB(lfb 252kB) CPU [5%@921,off,off,off] EMC_FREQ 2%@1600 GR3D_FREQ 5%@76 APE 25 PLL@32C CPU@34C PMIC@50C GPU@33C AO@42.5C thermal@33.5C POM_5V_IN 1934/1899 POM_5V_GPU 41/41 POM_5V_CPU 164/136
[ts: 1636412507.451379] RAM 1480/3956MB (lfb 197x4MB) SWAP 215/1978MB (cached 7MB) IRAM 0/252kB(lfb 252kB) CPU [2%@921,off,off,off] EMC_FREQ 2%@1600 GR3D_FREQ 0%@76 APE 25 PLL@32C CPU@34C PMIC@50C GPU@33C AO@42.5C thermal@33.5C POM_5V_IN 1892/1898 POM_5V_GPU 41/41 POM_5V_CPU 123/134
[ts: 1636412507.959141] RAM 1480/3956MB (lfb 197x4MB) SWAP 215/1978MB (cached 7MB) IRAM 0/252kB(lfb 252kB) CPU [2%@921,off,off,off] EMC_FREQ 2%@1600 GR3D_FREQ 0%@76 APE 25 PLL@32C CPU@33.5C PMIC@50C GPU@33C AO@42C thermal@33.5C POM_5V_IN 1892/1897 POM_5V_GPU 41/41 POM_5V_CPU 123/133
[ts: 1636412508.468316] RAM 1480/3956MB (lfb 197x4MB) SWAP 215/1978MB (cached 7MB) IRAM 0/252kB(lfb 252kB) CPU [7%@921,off,off,off] EMC_FREQ 2%@1600 GR3D_FREQ 0%@76 APE 25 PLL@32C CPU@33.5C PMIC@50C GPU@33C AO@42C thermal@33.5C POM_5V_IN 1892/1896 POM_5V_GPU 41/41 POM_5V_CPU 164/136
[ts: 1636412508.976689] RAM 1480/3956MB (lfb 197x4MB) SWAP 215/1978MB (cached 7MB) IRAM 0/252kB(lfb 252kB) CPU [3%@921,off,off,off] EMC_FREQ 2%@1600 GR3D_FREQ 0%@76 APE 25 PLL@32C CPU@34C PMIC@50C GPU@33C AO@42C thermal@33.25C POM_5V_IN 1892/1896 POM_5V_GPU 41/41 POM_5V_CPU 123/135
[ts: 1636412509.484712] RAM 1480/3956MB (lfb 197x4MB) SWAP 215/1978MB (cached 7MB) IRAM 0/252kB(lfb 252kB) CPU [2%@921,off,off,off] EMC_FREQ 2%@1600 GR3D_FREQ 0%@76 APE 25 PLL@32C CPU@33.5C PMIC@50C GPU@33C AO@42C thermal@33.25C POM_5V_IN 1892/1895 POM_5V_GPU 41/41 POM_5V_CPU 123/134
[ts: 1636412509.992593] RAM 1480/3956MB (lfb 197x4MB) SWAP 215/1978MB (cached 7MB) IRAM 0/252kB(lfb 252kB) CPU [3%@921,off,off,off] EMC_FREQ 2%@1600 GR3D_FREQ 0%@76 APE 25 PLL@32C CPU@33.5C PMIC@50C GPU@33C AO@42C thermal@33.5C POM_5V_IN 1892/1895 POM_5V_GPU 41/41 POM_5V_CPU 164/136
[ts: 1636412510.506887] RAM 1480/3956MB (lfb 197x4MB) SWAP 215/1978MB (cached 7MB) IRAM 0/252kB(lfb 252kB) CPU [5%@921,off,off,off] EMC_FREQ 2%@1600 GR3D_FREQ 0%@76 APE 25 PLL@32C CPU@34C PMIC@50C GPU@33C AO@42C thermal@33.5C POM_5V_IN 1892/1895 POM_5V_GPU 41/41 POM_5V_CPU 164/138
[ts: 1636412511.014993] RAM 1480/3956MB (lfb 197x4MB) SWAP 215/1978MB (cached 7MB) IRAM 0/252kB(lfb 252kB) CPU [0%@921,off,off,off] EMC_FREQ 2%@1600 GR3D_FREQ 0%@76 APE 25 PLL@32C CPU@33.5C PMIC@50C GPU@33C AO@42.5C thermal@33.5C POM_5V_IN 1892/1895 POM_5V_GPU 41/41 POM_5V_CPU 164/140
[ts: 1636412511.523221] RAM 1480/3956MB (lfb 197x4MB) SWAP 215/1978MB (cached 7MB) IRAM 0/252kB(lfb 252kB) CPU [4%@921,off,off,off] EMC_FREQ 2%@1600 GR3D_FREQ 0%@76 APE 25 PLL@32C CPU@33.5C PMIC@50C GPU@33C AO@42C thermal@33.5C POM_5V_IN 1892/1894 POM_5V_GPU 41/41 POM_5V_CPU 164/142
[ts: 1636412512.031421] RAM 1480/3956MB (lfb 197x4MB) SWAP 215/1978MB (cached 7MB) IRAM 0/252kB(lfb 252kB) CPU [5%@921,off,off,off] EMC_FREQ 2%@1600 GR3D_FREQ 0%@76 APE 25 PLL@32C CPU@33.5C PMIC@50C GPU@33C AO@42C thermal@33.25C POM_5V_IN 1892/1894 POM_5V_GPU 41/41 POM_5V_CPU 123/140
[ts: 1636412512.539393] RAM 1480/3956MB (lfb 197x4MB) SWAP 215/1978MB (cached 7MB) IRAM 0/252kB(lfb 252kB) CPU [4%@921,off,off,off] EMC_FREQ 2%@1600 GR3D_FREQ 0%@76 APE 25 PLL@32C CPU@33.5C PMIC@50C GPU@33C AO@42C thermal@33.25C POM_5V_IN 1892/1894 POM_5V_GPU 41/41 POM_5V_CPU 164/142
[ts: 1636412513.047583] RAM 1480/3956MB (lfb 197x4MB) SWAP 215/1978MB (cached 7MB) IRAM 0/252kB(lfb 252kB) CPU [5%@921,off,off,off] EMC_FREQ 2%@1600 GR3D_FREQ 0%@76 APE 25 PLL@32C CPU@33.5C PMIC@50C GPU@33C AO@42C thermal@33C POM_5V_IN 1892/1894 POM_5V_GPU 41/41 POM_5V_CPU 164/143
[ts: 1636412513.556446] RAM 1480/3956MB (lfb 197x4MB) SWAP 215/1978MB (cached 7MB) IRAM 0/252kB(lfb 252kB) CPU [2%@921,off,off,off] EMC_FREQ 2%@1600 GR3D_FREQ 0%@76 APE 25 PLL@32C CPU@33.5C PMIC@50C GPU@33C AO@42C thermal@33C POM_5V_IN 1934/1896 POM_5V_GPU 41/41 POM_5V_CPU 164/144
[ts: 1636412514.071003] RAM 1484/3956MB (lfb 197x4MB) SWAP 215/1978MB (cached 7MB) IRAM 0/252kB(lfb 252kB) CPU [42%@921,off,off,off] EMC_FREQ 2%@1600 GR3D_FREQ 0%@76 APE 25 PLL@32C CPU@34C PMIC@50C GPU@33C AO@42C thermal@33C POM_5V_IN 2256/1914 POM_5V_GPU 41/41 POM_5V_CPU 451/159
[ts: 1636412514.579337] RAM 1492/3956MB (lfb 197x4MB) SWAP 215/1978MB (cached 7MB) IRAM 0/252kB(lfb 252kB) CPU [100%@921,off,off,off] EMC_FREQ 2%@1600 GR3D_FREQ 0%@76 APE 25 PLL@32C CPU@34C PMIC@50C GPU@33C AO@42C thermal@34C POM_5V_IN 2297/1932 POM_5V_GPU 41/41 POM_5V_CPU 492/175
[ts: 1636412515.091222] RAM 1501/3956MB (lfb 197x4MB) SWAP 215/1978MB (cached 7MB) IRAM 0/252kB(lfb 252kB) CPU [100%@921,off,off,off] EMC_FREQ 2%@1600 GR3D_FREQ 0%@76 APE 25 PLL@32C CPU@34C PMIC@50C GPU@33C AO@42C thermal@34C POM_5V_IN 2297/1949 POM_5V_GPU 41/41 POM_5V_CPU 492/190
[ts: 1636412515.602580] RAM 1509/3956MB (lfb 197x4MB) SWAP 215/1978MB (cached 7MB) IRAM 0/252kB(lfb 252kB) CPU [100%@921,off,off,off] EMC_FREQ 2%@1600 GR3D_FREQ 0%@76 APE 25 PLL@32C CPU@34C PMIC@50C GPU@33C AO@42C thermal@33.5C POM_5V_IN 2297/1964 POM_5V_GPU 41/41 POM_5V_CPU 492/203
[ts: 1636412516.111120] RAM 1516/3956MB (lfb 197x4MB) SWAP 215/1978MB (cached 7MB) IRAM 0/252kB(lfb 252kB) CPU [100%@921,off,off,off] EMC_FREQ 2%@1600 GR3D_FREQ 0%@76 APE 25 PLL@32C CPU@34C PMIC@50C GPU@33C AO@42.5C thermal@33.5C POM_5V_IN 2297/1978 POM_5V_GPU 41/41 POM_5V_CPU 533/216
[ts: 1636412516.623213] RAM 1521/3956MB (lfb 197x4MB) SWAP 215/1978MB (cached 7MB) IRAM 0/252kB(lfb 252kB) CPU [100%@921,off,off,off] EMC_FREQ 2%@1600 GR3D_FREQ 0%@76 APE 25 PLL@32C CPU@34C PMIC@50C GPU@33.5C AO@42C thermal@33.5C POM_5V_IN 2338/1992 POM_5V_GPU 41/41 POM_5V_CPU 492/227
[ts: 1636412517.131388] RAM 1525/3956MB (lfb 197x4MB) SWAP 215/1978MB (cached 7MB) IRAM 0/252kB(lfb 252kB) CPU [100%@921,off,off,off] EMC_FREQ 2%@1600 GR3D_FREQ 0%@76 APE 25 PLL@32C CPU@34C PMIC@50C GPU@33.5C AO@42C thermal@33.5C POM_5V_IN 2297/2004 POM_5V_GPU 41/41 POM_5V_CPU 492/238
[ts: 1636412517.643201] RAM 1550/3956MB (lfb 197x4MB) SWAP 215/1978MB (cached 7MB) IRAM 0/252kB(lfb 252kB) CPU [100%@921,off,off,off] EMC_FREQ 2%@1600 GR3D_FREQ 0%@76 APE 25 PLL@32C CPU@34C PMIC@50C GPU@33C AO@42.5C thermal@33.5C POM_5V_IN 2297/2015 POM_5V_GPU 41/41 POM_5V_CPU 492/247
[ts: 1636412518.154659] RAM 1563/3956MB (lfb 197x4MB) SWAP 215/1978MB (cached 7MB) IRAM 0/252kB(lfb 252kB) CPU [100%@921,off,off,off] EMC_FREQ 2%@1600 GR3D_FREQ 0%@76 APE 25 PLL@32C CPU@34C PMIC@50C GPU@33.5C AO@42C thermal@33.5C POM_5V_IN 2297/2025 POM_5V_GPU 41/41 POM_5V_CPU 492/256
[ts: 1636412518.664770] RAM 1569/3956MB (lfb 197x4MB) SWAP 215/1978MB (cached 7MB) IRAM 0/252kB(lfb 252kB) CPU [100%@921,off,off,off] EMC_FREQ 2%@1600 GR3D_FREQ 0%@76 APE 25 PLL@32C CPU@34C PMIC@50C GPU@33C AO@42.5C thermal@33.5C POM_5V_IN 2256/2033 POM_5V_GPU 41/41 POM_5V_CPU 492/264
[ts: 1636412519.175146] RAM 1574/3956MB (lfb 197x4MB) SWAP 215/1978MB (cached 7MB) IRAM 0/252kB(lfb 252kB) CPU [100%@921,off,off,off] EMC_FREQ 2%@1600 GR3D_FREQ 0%@76 APE 25 PLL@32C CPU@34C PMIC@50C GPU@33C AO@42.5C thermal@33.5C POM_5V_IN 2256/2040 POM_5V_GPU 41/41 POM_5V_CPU 492/271
[ts: 1636412519.684404] RAM 1583/3956MB (lfb 197x4MB) SWAP 215/1978MB (cached 7MB) IRAM 0/252kB(lfb 252kB) CPU [100%@921,off,off,off] EMC_FREQ 2%@1600 GR3D_FREQ 0%@76 APE 25 PLL@32C CPU@34C PMIC@50C GPU@33.5C AO@42C thermal@33.5C POM_5V_IN 2297/2048 POM_5V_GPU 41/41 POM_5V_CPU 492/279
[ts: 1636412520.195158] RAM 1598/3956MB (lfb 197x4MB) SWAP 215/1978MB (cached 7MB) IRAM 0/252kB(lfb 252kB) CPU [100%@921,off,off,off] EMC_FREQ 2%@1600 GR3D_FREQ 0%@76 APE 25 PLL@32.5C CPU@34.5C PMIC@50C GPU@33.5C AO@43C thermal@33.5C POM_5V_IN 2457/2061 POM_5V_GPU 82/42 POM_5V_CPU 532/286
[ts: 1636412520.707313] RAM 1610/3956MB (lfb 197x4MB) SWAP 215/1978MB (cached 7MB) IRAM 0/252kB(lfb 252kB) CPU [100%@921,off,off,off] EMC_FREQ 3%@1600 GR3D_FREQ 0%@76 APE 25 PLL@32C CPU@34.5C PMIC@50C GPU@33.5C AO@42.5C thermal@33.5C POM_5V_IN 2338/2069 POM_5V_GPU 41/42 POM_5V_CPU 533/294
[ts: 1636412521.218680] RAM 1647/3956MB (lfb 197x4MB) SWAP 215/1978MB (cached 7MB) IRAM 0/252kB(lfb 252kB) CPU [98%@921,off,off,off] EMC_FREQ 3%@1600 GR3D_FREQ 15%@76 APE 25 PLL@32.5C CPU@34.5C PMIC@50C GPU@33.5C AO@42.5C thermal@34C POM_5V_IN 2457/2081 POM_5V_GPU 81/43 POM_5V_CPU 532/301
[ts: 1636412521.726951] RAM 1687/3956MB (lfb 197x4MB) SWAP 215/1978MB (cached 7MB) IRAM 0/252kB(lfb 252kB) CPU [100%@921,off,off,off] EMC_FREQ 3%@1600 GR3D_FREQ 22%@76 APE 25 PLL@32C CPU@34C PMIC@50C GPU@33.5C AO@42.5C thermal@34C POM_5V_IN 2338/2088 POM_5V_GPU 82/44 POM_5V_CPU 492/306
[ts: 1636412522.239358] RAM 1788/3956MB (lfb 197x4MB) SWAP 215/1978MB (cached 7MB) IRAM 0/252kB(lfb 252kB) CPU [98%@921,off,off,off] EMC_FREQ 3%@1600 GR3D_FREQ 0%@76 APE 25 PLL@32.5C CPU@34C PMIC@50C GPU@33.5C AO@42.5C thermal@33.75C POM_5V_IN 2420/2097 POM_5V_GPU 41/44 POM_5V_CPU 492/312
[ts: 1636412522.747699] RAM 1829/3956MB (lfb 197x4MB) SWAP 215/1978MB (cached 7MB) IRAM 0/252kB(lfb 252kB) CPU [100%@921,off,off,off] EMC_FREQ 3%@1600 GR3D_FREQ 20%@76 APE 25 PLL@32C CPU@34.5C PMIC@50C GPU@33C AO@42.5C thermal@33.75C POM_5V_IN 2338/2104 POM_5V_GPU 82/45 POM_5V_CPU 492/316
[ts: 1636412523.259344] RAM 1854/3956MB (lfb 197x4MB) SWAP 215/1978MB (cached 7MB) IRAM 0/252kB(lfb 252kB) CPU [100%@921,off,off,off] EMC_FREQ 3%@1600 GR3D_FREQ 0%@76 APE 25 PLL@32C CPU@34C PMIC@50C GPU@33.5C AO@42.5C thermal@33.75C POM_5V_IN 2256/2108 POM_5V_GPU 82/46 POM_5V_CPU 451/320
[ts: 1636412523.770625] RAM 1914/3956MB (lfb 195x4MB) SWAP 215/1978MB (cached 7MB) IRAM 0/252kB(lfb 252kB) CPU [100%@921,off,off,off] EMC_FREQ 4%@1600 GR3D_FREQ 11%@76 APE 25 PLL@32.5C CPU@34C PMIC@50C GPU@33.5C AO@42.5C thermal@33.75C POM_5V_IN 2379/2115 POM_5V_GPU 82/47 POM_5V_CPU 492/324
[ts: 1636412524.280883] RAM 1994/3956MB (lfb 185x4MB) SWAP 215/1978MB (cached 7MB) IRAM 0/252kB(lfb 252kB) CPU [98%@921,off,off,off] EMC_FREQ 4%@1600 GR3D_FREQ 0%@76 APE 25 PLL@32C CPU@34.5C PMIC@50C GPU@33.5C AO@42.5C thermal@34C POM_5V_IN 2498/2124 POM_5V_GPU 40/47 POM_5V_CPU 532/329
[ts: 1636412524.791317] RAM 2022/3956MB (lfb 184x4MB) SWAP 215/1978MB (cached 7MB) IRAM 0/252kB(lfb 252kB) CPU [100%@921,off,off,off] EMC_FREQ 4%@1600 GR3D_FREQ 24%@76 APE 25 PLL@32C CPU@34.5C PMIC@50C GPU@33.5C AO@42.5C thermal@34C POM_5V_IN 2338/2130 POM_5V_GPU 82/47 POM_5V_CPU 492/333
[ts: 1636412525.300466] RAM 2070/3956MB (lfb 181x4MB) SWAP 215/1978MB (cached 7MB) IRAM 0/252kB(lfb 252kB) CPU [98%@921,off,off,off] EMC_FREQ 4%@1600 GR3D_FREQ 24%@76 APE 25 PLL@32C CPU@34.5C PMIC@50C GPU@33.5C AO@42.5C thermal@34C POM_5V_IN 2338/2135 POM_5V_GPU 82/48 POM_5V_CPU 492/337
[ts: 1636412525.809710] RAM 2115/3956MB (lfb 178x4MB) SWAP 215/1978MB (cached 7MB) IRAM 0/252kB(lfb 252kB) CPU [100%@921,off,off,off] EMC_FREQ 4%@1600 GR3D_FREQ 5%@76 APE 25 PLL@32C CPU@34.5C PMIC@50C GPU@33.5C AO@42.5C thermal@34C POM_5V_IN 2379/2140 POM_5V_GPU 82/49 POM_5V_CPU 533/342
[ts: 1636412526.319253] RAM 2192/3956MB (lfb 171x4MB) SWAP 215/1978MB (cached 7MB) IRAM 0/252kB(lfb 252kB) CPU [98%@921,off,off,off] EMC_FREQ 4%@1600 GR3D_FREQ 0%@76 APE 25 PLL@32C CPU@34.5C PMIC@50C GPU@33.5C AO@42.5C thermal@34C POM_5V_IN 2416/2146 POM_5V_GPU 41/49 POM_5V_CPU 574/347
[ts: 1636412526.828218] RAM 2226/3956MB (lfb 169x4MB) SWAP 215/1978MB (cached 7MB) IRAM 0/252kB(lfb 252kB) CPU [100%@921,off,off,off] EMC_FREQ 4%@1600 GR3D_FREQ 16%@76 APE 25 PLL@32C CPU@34C PMIC@50C GPU@33C AO@42.5C thermal@34C POM_5V_IN 2379/2152 POM_5V_GPU 82/50 POM_5V_CPU 492/350
[ts: 1636412527.337226] RAM 2268/3956MB (lfb 165x4MB) SWAP 215/1978MB (cached 7MB) IRAM 0/252kB(lfb 252kB) CPU [100%@921,off,off,off] EMC_FREQ 4%@1600 GR3D_FREQ 20%@76 APE 25 PLL@32C CPU@34.5C PMIC@50C GPU@33.5C AO@42.5C thermal@34C POM_5V_IN 2379/2157 POM_5V_GPU 82/50 POM_5V_CPU 492/353
[ts: 1636412527.847574] RAM 2333/3956MB (lfb 158x4MB) SWAP 215/1978MB (cached 7MB) IRAM 0/252kB(lfb 252kB) CPU [98%@921,off,off,off] EMC_FREQ 4%@1600 GR3D_FREQ 18%@76 APE 25 PLL@32.5C CPU@34C PMIC@50C GPU@33.5C AO@42.5C thermal@34C POM_5V_IN 2420/2162 POM_5V_GPU 82/51 POM_5V_CPU 492/356
[ts: 1636412528.356784] RAM 2396/3956MB (lfb 152x4MB) SWAP 215/1978MB (cached 7MB) IRAM 0/252kB(lfb 252kB) CPU [100%@921,off,off,off] EMC_FREQ 4%@1600 GR3D_FREQ 20%@76 APE 25 PLL@32C CPU@34C PMIC@50C GPU@33C AO@42.5C thermal@34C POM_5V_IN 2338/2166 POM_5V_GPU 82/52 POM_5V_CPU 492/359
[ts: 1636412528.867355] RAM 2429/3956MB (lfb 150x4MB) SWAP 215/1978MB (cached 7MB) IRAM 0/252kB(lfb 252kB) CPU [98%@921,off,off,off] EMC_FREQ 4%@1600 GR3D_FREQ 16%@76 APE 25 PLL@32C CPU@34C PMIC@50C GPU@33C AO@42.5C thermal@33.5C POM_5V_IN 2420/2171 POM_5V_GPU 82/52 POM_5V_CPU 533/363
[ts: 1636412529.376345] RAM 2498/3956MB (lfb 142x4MB) SWAP 215/1978MB (cached 7MB) IRAM 0/252kB(lfb 252kB) CPU [100%@921,off,off,off] EMC_FREQ 4%@1600 GR3D_FREQ 18%@76 APE 25 PLL@32C CPU@34C PMIC@50C GPU@33C AO@42.5C thermal@33.5C POM_5V_IN 2338/2174 POM_5V_GPU 82/53 POM_5V_CPU 492/365
[ts: 1636412529.887340] RAM 2548/3956MB (lfb 139x4MB) SWAP 215/1978MB (cached 7MB) IRAM 0/252kB(lfb 252kB) CPU [100%@921,off,off,off] EMC_FREQ 4%@1600 GR3D_FREQ 0%@76 APE 25 PLL@32C CPU@34C PMIC@50C GPU@33.5C AO@42.5C thermal@33.5C POM_5V_IN 2379/2178 POM_5V_GPU 41/53 POM_5V_CPU 533/368
[ts: 1636412530.398266] RAM 2598/3956MB (lfb 133x4MB) SWAP 215/1978MB (cached 7MB) IRAM 0/252kB(lfb 252kB) CPU [98%@921,off,off,off] EMC_FREQ 4%@1600 GR3D_FREQ 18%@76 APE 25 PLL@32.5C CPU@34C PMIC@50C GPU@33C AO@42.5C thermal@33.5C POM_5V_IN 2416/2183 POM_5V_GPU 82/53 POM_5V_CPU 492/371
[ts: 1636412530.907412] RAM 2654/3956MB (lfb 128x4MB) SWAP 215/1978MB (cached 7MB) IRAM 0/252kB(lfb 252kB) CPU [100%@921,off,off,off] EMC_FREQ 4%@1600 GR3D_FREQ 0%@76 APE 25 PLL@32C CPU@34C PMIC@50C GPU@33.5C AO@42.5C thermal@33.5C POM_5V_IN 2379/2187 POM_5V_GPU 41/53 POM_5V_CPU 492/373
[ts: 1636412531.419418] RAM 2701/3956MB (lfb 123x4MB) SWAP 215/1978MB (cached 7MB) IRAM 0/252kB(lfb 252kB) CPU [98%@921,off,off,off] EMC_FREQ 4%@1600 GR3D_FREQ 0%@76 APE 25 PLL@32C CPU@34C PMIC@50C GPU@33C AO@42.5C thermal@33.5C POM_5V_IN 2379/2190 POM_5V_GPU 41/53 POM_5V_CPU 492/375
[ts: 1636412531.928309] RAM 2741/3956MB (lfb 120x4MB) SWAP 215/1978MB (cached 7MB) IRAM 0/252kB(lfb 252kB) CPU [100%@921,off,off,off] EMC_FREQ 4%@1600 GR3D_FREQ 7%@76 APE 25 PLL@32C CPU@34.5C PMIC@50C GPU@33.5C AO@42.5C thermal@33.5C POM_5V_IN 2498/2196 POM_5V_GPU 81/53 POM_5V_CPU 573/379
[ts: 1636412532.439270] RAM 2798/3956MB (lfb 113x4MB) SWAP 215/1978MB (cached 7MB) IRAM 0/252kB(lfb 252kB) CPU [100%@921,off,off,off] EMC_FREQ 4%@1600 GR3D_FREQ 0%@76 APE 25 PLL@32C CPU@34C PMIC@50C GPU@33.5C AO@42.5C thermal@34C POM_5V_IN 2297/2198 POM_5V_GPU 82/54 POM_5V_CPU 451/380
[ts: 1636412532.948224] RAM 2854/3956MB (lfb 108x4MB) SWAP 215/1978MB (cached 7MB) IRAM 0/252kB(lfb 252kB) CPU [98%@921,off,off,off] EMC_FREQ 4%@1600 GR3D_FREQ 0%@76 APE 25 PLL@32.5C CPU@34C PMIC@50C GPU@33.5C AO@42.5C thermal@34C POM_5V_IN 2457/2202 POM_5V_GPU 40/53 POM_5V_CPU 573/384
[ts: 1636412533.457143] RAM 2926/3956MB (lfb 107x4MB) SWAP 215/1978MB (cached 7MB) IRAM 0/252kB(lfb 252kB) CPU [100%@921,off,off,off] EMC_FREQ 4%@1600 GR3D_FREQ 33%@76 APE 25 PLL@32.5C CPU@34.5C PMIC@50C GPU@33.5C AO@42C thermal@33.75C POM_5V_IN 2338/2204 POM_5V_GPU 82/54 POM_5V_CPU 451/385
[ts: 1636412533.967460] RAM 2954/3956MB (lfb 107x4MB) SWAP 215/1978MB (cached 7MB) IRAM 0/252kB(lfb 252kB) CPU [96%@921,off,off,off] EMC_FREQ 4%@1600 GR3D_FREQ 2%@76 APE 25 PLL@32C CPU@34C PMIC@50C GPU@33.5C AO@42.5C thermal@33.75C POM_5V_IN 2379/2207 POM_5V_GPU 82/54 POM_5V_CPU 451/386
[ts: 1636412534.479528] RAM 2954/3956MB (lfb 107x4MB) SWAP 215/1978MB (cached 7MB) IRAM 0/252kB(lfb 252kB) CPU [100%@921,off,off,off] EMC_FREQ 4%@1600 GR3D_FREQ 0%@76 APE 25 PLL@32.5C CPU@34.5C PMIC@50C GPU@33C AO@42.5C thermal@34C POM_5V_IN 2379/2210 POM_5V_GPU 41/54 POM_5V_CPU 533/388
[ts: 1636412534.991439] RAM 2954/3956MB (lfb 107x4MB) SWAP 215/1978MB (cached 7MB) IRAM 0/252kB(lfb 252kB) CPU [100%@921,off,off,off] EMC_FREQ 4%@1600 GR3D_FREQ 0%@76 APE 25 PLL@32.5C CPU@34.5C PMIC@50C GPU@34.5C AO@42.5C thermal@34C POM_5V_IN 2297/2212 POM_5V_GPU 0/53 POM_5V_CPU 533/391
[ts: 1636412535.502911] RAM 2954/3956MB (lfb 107x4MB) SWAP 215/1978MB (cached 7MB) IRAM 0/252kB(lfb 252kB) CPU [100%@921,off,off,off] EMC_FREQ 4%@1600 GR3D_FREQ 0%@76 APE 25 PLL@32.5C CPU@34.5C PMIC@50C GPU@34.5C AO@42.5C thermal@34.5C POM_5V_IN 2338/2214 POM_5V_GPU 0/52 POM_5V_CPU 574/394
[ts: 1636412536.014426] RAM 2954/3956MB (lfb 107x4MB) SWAP 215/1978MB (cached 7MB) IRAM 0/252kB(lfb 252kB) CPU [100%@921,off,off,off] EMC_FREQ 3%@1600 GR3D_FREQ 0%@76 APE 25 PLL@32.5C CPU@34.5C PMIC@50C GPU@34.5C AO@42.5C thermal@34.5C POM_5V_IN 2297/2215 POM_5V_GPU 0/52 POM_5V_CPU 533/396
[ts: 1636412536.523436] RAM 2954/3956MB (lfb 107x4MB) SWAP 215/1978MB (cached 7MB) IRAM 0/252kB(lfb 252kB) CPU [100%@921,off,off,off] EMC_FREQ 3%@1600 GR3D_FREQ 0%@76 APE 25 PLL@32C CPU@34.5C PMIC@50C GPU@34C AO@42.5C thermal@34.25C POM_5V_IN 2338/2217 POM_5V_GPU 0/51 POM_5V_CPU 574/399
[ts: 1636412537.034847] RAM 2954/3956MB (lfb 107x4MB) SWAP 215/1978MB (cached 7MB) IRAM 0/252kB(lfb 252kB) CPU [100%@921,off,off,off] EMC_FREQ 3%@1600 GR3D_FREQ 0%@76 APE 25 PLL@32.5C CPU@34.5C PMIC@50C GPU@34.5C AO@42C thermal@34.25C POM_5V_IN 2338/2219 POM_5V_GPU 0/50 POM_5V_CPU 574/401
[ts: 1636412537.544049] RAM 2954/3956MB (lfb 107x4MB) SWAP 215/1978MB (cached 7MB) IRAM 0/252kB(lfb 252kB) CPU [100%@921,off,off,off] EMC_FREQ 4%@1600 GR3D_FREQ 0%@76 APE 25 PLL@32.5C CPU@34C PMIC@50C GPU@34.5C AO@42.5C thermal@34.25C POM_5V_IN 2256/2219 POM_5V_GPU 0/49 POM_5V_CPU 410/401
[ts: 1636412538.055323] RAM 1607/3956MB (lfb 197x4MB) SWAP 215/1978MB (cached 7MB) IRAM 0/252kB(lfb 252kB) CPU [100%@921,off,off,off] EMC_FREQ 4%@1600 GR3D_FREQ 0%@76 APE 25 PLL@32C CPU@34C PMIC@50C GPU@34C AO@42.5C thermal@34.5C POM_5V_IN 2297/2220 POM_5V_GPU 0/48 POM_5V_CPU 533/403
[ts: 1636412538.563392] RAM 1481/3956MB (lfb 198x4MB) SWAP 215/1978MB (cached 7MB) IRAM 0/252kB(lfb 252kB) CPU [86%@921,off,off,off] EMC_FREQ 4%@1600 GR3D_FREQ 0%@76 APE 25 PLL@32.5C CPU@34C PMIC@50C GPU@33.5C AO@42C thermal@34.5C POM_5V_IN 2054/2218 POM_5V_GPU 41/48 POM_5V_CPU 205/400
[ts: 1636412539.072417] RAM 1481/3956MB (lfb 198x4MB) SWAP 215/1978MB (cached 7MB) IRAM 0/252kB(lfb 252kB) CPU [2%@921,off,off,off] EMC_FREQ 4%@1600 GR3D_FREQ 0%@76 APE 25 PLL@32C CPU@34C PMIC@50C GPU@33C AO@42C thermal@34C POM_5V_IN 1892/2213 POM_5V_GPU 41/48 POM_5V_CPU 123/396
[ts: 1636412539.580511] RAM 1481/3956MB (lfb 198x4MB) SWAP 215/1978MB (cached 7MB) IRAM 0/252kB(lfb 252kB) CPU [2%@921,off,off,off] EMC_FREQ 3%@1600 GR3D_FREQ 0%@76 APE 25 PLL@32C CPU@34C PMIC@50C GPU@33.5C AO@42C thermal@34C POM_5V_IN 1892/2209 POM_5V_GPU 41/48 POM_5V_CPU 123/392
[ts: 1636412540.088130] RAM 1481/3956MB (lfb 198x4MB) SWAP 215/1978MB (cached 7MB) IRAM 0/252kB(lfb 252kB) CPU [2%@921,off,off,off] EMC_FREQ 3%@1600 GR3D_FREQ 0%@76 APE 25 PLL@32C CPU@34C PMIC@50C GPU@34C AO@42.5C thermal@33.75C POM_5V_IN 1892/2204 POM_5V_GPU 41/48 POM_5V_CPU 164/389
