SOC family:tegra210  Machine:NVIDIA Jetson Nano Developer Kit
Online CPUs: 0
cpu0: Online=1 Governor=schedutil MinFreq=518400 MaxFreq=518400 CurrentFreq=518400 IdleStates: WFI=1 c7=1 
cpu1: Online=0 Governor=schedutil MinFreq=518400 MaxFreq=518400 CurrentFreq=518400 IdleStates: WFI=1 c7=1 
cpu2: Online=0 Governor=schedutil MinFreq=518400 MaxFreq=518400 CurrentFreq=518400 IdleStates: WFI=1 c7=1 
cpu3: Online=0 Governor=schedutil MinFreq=518400 MaxFreq=518400 CurrentFreq=518400 IdleStates: WFI=1 c7=1 
GPU MinFreq=76800000 MaxFreq=921600000 CurrentFreq=76800000
EMC MinFreq=204000000 MaxFreq=1600000000 CurrentFreq=1600000000 FreqOverride=0
Fan: PWM=0
NV Power Mode: MAXN
[ts: 1636412632.093914] RAM 1481/3956MB (lfb 198x4MB) SWAP 215/1978MB (cached 7MB) IRAM 0/252kB(lfb 252kB) CPU [66%@518,off,off,off] EMC_FREQ 2%@1600 GR3D_FREQ 0%@76 APE 25 PLL@32C CPU@34C PMIC@50C GPU@33C AO@42C thermal@33.25C POM_5V_IN 1892/1892 POM_5V_GPU 41/41 POM_5V_CPU 123/123
[ts: 1636412632.605931] RAM 1481/3956MB (lfb 198x4MB) SWAP 215/1978MB (cached 7MB) IRAM 0/252kB(lfb 252kB) CPU [2%@518,off,off,off] EMC_FREQ 2%@1600 GR3D_FREQ 0%@76 APE 25 PLL@31.5C CPU@34C PMIC@50C GPU@33C AO@42C thermal@33.25C POM_5V_IN 1892/1892 POM_5V_GPU 41/41 POM_5V_CPU 123/123
[ts: 1636412633.117656] RAM 1481/3956MB (lfb 198x4MB) SWAP 215/1978MB (cached 7MB) IRAM 0/252kB(lfb 252kB) CPU [6%@518,off,off,off] EMC_FREQ 2%@1600 GR3D_FREQ 0%@76 APE 25 PLL@32C CPU@34C PMIC@50C GPU@32.5C AO@42C thermal@33.25C POM_5V_IN 1892/1892 POM_5V_GPU 41/41 POM_5V_CPU 123/123
[ts: 1636412633.628480] RAM 1481/3956MB (lfb 198x4MB) SWAP 215/1978MB (cached 7MB) IRAM 0/252kB(lfb 252kB) CPU [4%@518,off,off,off] EMC_FREQ 2%@1600 GR3D_FREQ 0%@76 APE 25 PLL@31.5C CPU@34C PMIC@50C GPU@33C AO@42C thermal@33.25C POM_5V_IN 1892/1892 POM_5V_GPU 41/41 POM_5V_CPU 123/123
[ts: 1636412634.139457] RAM 1481/3956MB (lfb 198x4MB) SWAP 215/1978MB (cached 7MB) IRAM 0/252kB(lfb 252kB) CPU [2%@518,off,off,off] EMC_FREQ 2%@1600 GR3D_FREQ 0%@76 APE 25 PLL@31.5C CPU@34C PMIC@50C GPU@33C AO@42C thermal@33.5C POM_5V_IN 1892/1892 POM_5V_GPU 41/41 POM_5V_CPU 164/131
[ts: 1636412634.650988] RAM 1481/3956MB (lfb 198x4MB) SWAP 215/1978MB (cached 7MB) IRAM 0/252kB(lfb 252kB) CPU [7%@518,off,off,off] EMC_FREQ 2%@1600 GR3D_FREQ 0%@76 APE 25 PLL@31.5C CPU@33.5C PMIC@50C GPU@33C AO@42C thermal@33.5C POM_5V_IN 1892/1892 POM_5V_GPU 41/41 POM_5V_CPU 164/136
[ts: 1636412635.162991] RAM 1481/3956MB (lfb 198x4MB) SWAP 215/1978MB (cached 7MB) IRAM 0/252kB(lfb 252kB) CPU [6%@518,off,off,off] EMC_FREQ 2%@1600 GR3D_FREQ 0%@76 APE 25 PLL@32C CPU@34C PMIC@50C GPU@33C AO@42C thermal@33.25C POM_5V_IN 1892/1892 POM_5V_GPU 41/41 POM_5V_CPU 123/134
[ts: 1636412635.674335] RAM 1481/3956MB (lfb 198x4MB) SWAP 215/1978MB (cached 7MB) IRAM 0/252kB(lfb 252kB) CPU [2%@518,off,off,off] EMC_FREQ 2%@1600 GR3D_FREQ 0%@76 APE 25 PLL@32C CPU@34C PMIC@50C GPU@32.5C AO@42C thermal@33.25C POM_5V_IN 1892/1892 POM_5V_GPU 41/41 POM_5V_CPU 123/133
[ts: 1636412636.186847] RAM 1481/3956MB (lfb 198x4MB) SWAP 215/1978MB (cached 7MB) IRAM 0/252kB(lfb 252kB) CPU [7%@518,off,off,off] EMC_FREQ 2%@1600 GR3D_FREQ 0%@76 APE 25 PLL@31.5C CPU@34C PMIC@50C GPU@33C AO@42C thermal@33.25C POM_5V_IN 1892/1892 POM_5V_GPU 41/41 POM_5V_CPU 123/132
[ts: 1636412636.698366] RAM 1481/3956MB (lfb 198x4MB) SWAP 215/1978MB (cached 7MB) IRAM 0/252kB(lfb 252kB) CPU [7%@518,off,off,off] EMC_FREQ 2%@1600 GR3D_FREQ 0%@76 APE 25 PLL@31.5C CPU@34C PMIC@50C GPU@33C AO@41.5C thermal@33.25C POM_5V_IN 1892/1892 POM_5V_GPU 41/41 POM_5V_CPU 123/131
[ts: 1636412637.209154] RAM 1481/3956MB (lfb 198x4MB) SWAP 215/1978MB (cached 7MB) IRAM 0/252kB(lfb 252kB) CPU [2%@518,off,off,off] EMC_FREQ 2%@1600 GR3D_FREQ 21%@76 APE 25 PLL@31.5C CPU@34C PMIC@50C GPU@33C AO@42C thermal@33.25C POM_5V_IN 1934/1895 POM_5V_GPU 41/41 POM_5V_CPU 164/134
[ts: 1636412637.720340] RAM 1481/3956MB (lfb 198x4MB) SWAP 215/1978MB (cached 7MB) IRAM 0/252kB(lfb 252kB) CPU [4%@518,off,off,off] EMC_FREQ 2%@1600 GR3D_FREQ 0%@76 APE 25 PLL@32C CPU@34C PMIC@50C GPU@33C AO@42C thermal@33.5C POM_5V_IN 1892/1895 POM_5V_GPU 41/41 POM_5V_CPU 164/136
[ts: 1636412638.231506] RAM 1481/3956MB (lfb 198x4MB) SWAP 215/1978MB (cached 7MB) IRAM 0/252kB(lfb 252kB) CPU [8%@518,off,off,off] EMC_FREQ 2%@1600 GR3D_FREQ 0%@76 APE 25 PLL@32C CPU@34C PMIC@50C GPU@33C AO@42C thermal@33.5C POM_5V_IN 1892/1895 POM_5V_GPU 41/41 POM_5V_CPU 123/135
[ts: 1636412638.742619] RAM 1481/3956MB (lfb 198x4MB) SWAP 215/1978MB (cached 7MB) IRAM 0/252kB(lfb 252kB) CPU [4%@518,off,off,off] EMC_FREQ 2%@1600 GR3D_FREQ 0%@76 APE 25 PLL@32C CPU@34C PMIC@50C GPU@33C AO@42C thermal@33.5C POM_5V_IN 1892/1895 POM_5V_GPU 41/41 POM_5V_CPU 123/134
[ts: 1636412639.253885] RAM 1481/3956MB (lfb 198x4MB) SWAP 215/1978MB (cached 7MB) IRAM 0/252kB(lfb 252kB) CPU [6%@518,off,off,off] EMC_FREQ 2%@1600 GR3D_FREQ 0%@76 APE 25 PLL@31.5C CPU@34C PMIC@50C GPU@33C AO@42C thermal@33.5C POM_5V_IN 1892/1894 POM_5V_GPU 41/41 POM_5V_CPU 123/133
[ts: 1636412639.764887] RAM 1481/3956MB (lfb 198x4MB) SWAP 215/1978MB (cached 7MB) IRAM 0/252kB(lfb 252kB) CPU [4%@518,off,off,off] EMC_FREQ 2%@1600 GR3D_FREQ 0%@76 APE 25 PLL@32C CPU@34C PMIC@50C GPU@33C AO@42C thermal@33.5C POM_5V_IN 1892/1894 POM_5V_GPU 41/41 POM_5V_CPU 123/133
[ts: 1636412640.275874] RAM 1481/3956MB (lfb 198x4MB) SWAP 215/1978MB (cached 7MB) IRAM 0/252kB(lfb 252kB) CPU [12%@518,off,off,off] EMC_FREQ 2%@1600 GR3D_FREQ 0%@76 APE 25 PLL@32C CPU@33.5C PMIC@50C GPU@32.5C AO@42C thermal@33.5C POM_5V_IN 1892/1894 POM_5V_GPU 41/41 POM_5V_CPU 164/135
[ts: 1636412640.801410] RAM 1481/3956MB (lfb 198x4MB) SWAP 215/1978MB (cached 7MB) IRAM 0/252kB(lfb 252kB) CPU [5%@518,off,off,off] EMC_FREQ 2%@1600 GR3D_FREQ 0%@76 APE 25 PLL@31.5C CPU@34C PMIC@50C GPU@33C AO@42C thermal@33.25C POM_5V_IN 1934/1896 POM_5V_GPU 82/43 POM_5V_CPU 164/136
[ts: 1636412641.314056] RAM 1481/3956MB (lfb 198x4MB) SWAP 215/1978MB (cached 7MB) IRAM 0/252kB(lfb 252kB) CPU [4%@518,off,off,off] EMC_FREQ 2%@1600 GR3D_FREQ 0%@76 APE 25 PLL@32C CPU@33.5C PMIC@50C GPU@32.5C AO@41.5C thermal@33.25C POM_5V_IN 1892/1896 POM_5V_GPU 41/43 POM_5V_CPU 123/135
[ts: 1636412641.836927] RAM 1485/3956MB (lfb 198x4MB) SWAP 215/1978MB (cached 7MB) IRAM 0/252kB(lfb 252kB) CPU [60%@518,off,off,off] EMC_FREQ 2%@1600 GR3D_FREQ 0%@76 APE 25 PLL@32C CPU@34C PMIC@50C GPU@33C AO@42.5C thermal@33.5C POM_5V_IN 2095/1906 POM_5V_GPU 41/43 POM_5V_CPU 287/143
[ts: 1636412642.353126] RAM 1488/3956MB (lfb 198x4MB) SWAP 215/1978MB (cached 7MB) IRAM 0/252kB(lfb 252kB) CPU [100%@518,off,off,off] EMC_FREQ 2%@1600 GR3D_FREQ 0%@76 APE 25 PLL@32C CPU@34C PMIC@50C GPU@33C AO@42C thermal@33.5C POM_5V_IN 2095/1915 POM_5V_GPU 41/42 POM_5V_CPU 287/150
[ts: 1636412642.866836] RAM 1495/3956MB (lfb 198x4MB) SWAP 215/1978MB (cached 7MB) IRAM 0/252kB(lfb 252kB) CPU [100%@518,off,off,off] EMC_FREQ 2%@1600 GR3D_FREQ 0%@76 APE 25 PLL@32C CPU@34C PMIC@50C GPU@33C AO@42C thermal@33.5C POM_5V_IN 2095/1923 POM_5V_GPU 41/42 POM_5V_CPU 287/156
[ts: 1636412643.381677] RAM 1499/3956MB (lfb 198x4MB) SWAP 215/1978MB (cached 7MB) IRAM 0/252kB(lfb 252kB) CPU [100%@518,off,off,off] EMC_FREQ 2%@1600 GR3D_FREQ 0%@76 APE 25 PLL@32C CPU@34C PMIC@50C GPU@33C AO@42C thermal@33.5C POM_5V_IN 2095/1930 POM_5V_GPU 41/42 POM_5V_CPU 287/162
[ts: 1636412643.914054] RAM 1505/3956MB (lfb 198x4MB) SWAP 215/1978MB (cached 7MB) IRAM 0/252kB(lfb 252kB) CPU [100%@518,off,off,off] EMC_FREQ 2%@1600 GR3D_FREQ 0%@76 APE 25 PLL@32C CPU@34C PMIC@50C GPU@32.5C AO@42C thermal@33.5C POM_5V_IN 2095/1937 POM_5V_GPU 41/42 POM_5V_CPU 287/167
[ts: 1636412644.428279] RAM 1510/3956MB (lfb 198x4MB) SWAP 215/1978MB (cached 7MB) IRAM 0/252kB(lfb 252kB) CPU [100%@518,off,off,off] EMC_FREQ 2%@1600 GR3D_FREQ 0%@76 APE 25 PLL@32C CPU@33.5C PMIC@50C GPU@33C AO@42C thermal@33.5C POM_5V_IN 2136/1945 POM_5V_GPU 41/42 POM_5V_CPU 287/172
[ts: 1636412644.942458] RAM 1514/3956MB (lfb 198x4MB) SWAP 215/1978MB (cached 7MB) IRAM 0/252kB(lfb 252kB) CPU [100%@518,off,off,off] EMC_FREQ 2%@1600 GR3D_FREQ 0%@76 APE 25 PLL@32C CPU@34C PMIC@50C GPU@33C AO@42C thermal@33.5C POM_5V_IN 2095/1951 POM_5V_GPU 41/42 POM_5V_CPU 287/176
[ts: 1636412645.457136] RAM 1518/3956MB (lfb 198x4MB) SWAP 215/1978MB (cached 7MB) IRAM 0/252kB(lfb 252kB) CPU [100%@518,off,off,off] EMC_FREQ 2%@1600 GR3D_FREQ 0%@76 APE 25 PLL@32C CPU@34C PMIC@50C GPU@33.5C AO@42C thermal@33C POM_5V_IN 2095/1956 POM_5V_GPU 41/42 POM_5V_CPU 328/182
[ts: 1636412645.972973] RAM 1519/3956MB (lfb 198x4MB) SWAP 215/1978MB (cached 7MB) IRAM 0/252kB(lfb 252kB) CPU [100%@518,off,off,off] EMC_FREQ 2%@1600 GR3D_FREQ 0%@76 APE 25 PLL@32C CPU@34C PMIC@50C GPU@33.5C AO@42C thermal@33C POM_5V_IN 2054/1960 POM_5V_GPU 41/42 POM_5V_CPU 287/185
[ts: 1636412646.490382] RAM 1523/3956MB (lfb 198x4MB) SWAP 215/1978MB (cached 7MB) IRAM 0/252kB(lfb 252kB) CPU [100%@518,off,off,off] EMC_FREQ 2%@1600 GR3D_FREQ 0%@76 APE 25 PLL@31.5C CPU@34C PMIC@50C GPU@33C AO@42C thermal@33.5C POM_5V_IN 2136/1966 POM_5V_GPU 41/42 POM_5V_CPU 328/190
[ts: 1636412647.005007] RAM 1524/3956MB (lfb 198x4MB) SWAP 215/1978MB (cached 7MB) IRAM 0/252kB(lfb 252kB) CPU [100%@518,off,off,off] EMC_FREQ 2%@1600 GR3D_FREQ 0%@76 APE 25 PLL@32C CPU@34C PMIC@50C GPU@34C AO@42C thermal@33.5C POM_5V_IN 2013/1967 POM_5V_GPU 0/41 POM_5V_CPU 328/195
[ts: 1636412647.520035] RAM 1533/3956MB (lfb 198x4MB) SWAP 215/1978MB (cached 7MB) IRAM 0/252kB(lfb 252kB) CPU [100%@518,off,off,off] EMC_FREQ 2%@1600 GR3D_FREQ 0%@76 APE 25 PLL@32C CPU@34C PMIC@50C GPU@34C AO@42C thermal@33.75C POM_5V_IN 2013/1969 POM_5V_GPU 0/39 POM_5V_CPU 288/198
[ts: 1636412648.034988] RAM 1545/3956MB (lfb 198x4MB) SWAP 215/1978MB (cached 7MB) IRAM 0/252kB(lfb 252kB) CPU [100%@518,off,off,off] EMC_FREQ 2%@1600 GR3D_FREQ 0%@76 APE 25 PLL@32C CPU@34.5C PMIC@50C GPU@34C AO@42C thermal@33.75C POM_5V_IN 2095/1973 POM_5V_GPU 0/38 POM_5V_CPU 287/201
[ts: 1636412648.549471] RAM 1559/3956MB (lfb 198x4MB) SWAP 215/1978MB (cached 7MB) IRAM 0/252kB(lfb 252kB) CPU [100%@518,off,off,off] EMC_FREQ 2%@1600 GR3D_FREQ 0%@76 APE 25 PLL@32C CPU@34C PMIC@50C GPU@34C AO@42C thermal@34C POM_5V_IN 2054/1975 POM_5V_GPU 0/37 POM_5V_CPU 287/203
[ts: 1636412649.064476] RAM 1564/3956MB (lfb 198x4MB) SWAP 215/1978MB (cached 7MB) IRAM 0/252kB(lfb 252kB) CPU [100%@518,off,off,off] EMC_FREQ 2%@1600 GR3D_FREQ 0%@76 APE 25 PLL@32C CPU@34C PMIC@50C GPU@34C AO@42C thermal@34C POM_5V_IN 2013/1976 POM_5V_GPU 0/36 POM_5V_CPU 287/206
[ts: 1636412649.580291] RAM 1568/3956MB (lfb 198x4MB) SWAP 215/1978MB (cached 7MB) IRAM 0/252kB(lfb 252kB) CPU [100%@518,off,off,off] EMC_FREQ 2%@1600 GR3D_FREQ 0%@76 APE 25 PLL@31.5C CPU@34C PMIC@50C GPU@33.5C AO@42C thermal@34C POM_5V_IN 2013/1977 POM_5V_GPU 0/35 POM_5V_CPU 287/208
[ts: 1636412650.094535] RAM 1572/3956MB (lfb 198x4MB) SWAP 215/1978MB (cached 7MB) IRAM 0/252kB(lfb 252kB) CPU [100%@518,off,off,off] EMC_FREQ 2%@1600 GR3D_FREQ 0%@76 APE 25 PLL@31.5C CPU@34C PMIC@50C GPU@33.5C AO@42C thermal@34C POM_5V_IN 2013/1978 POM_5V_GPU 0/34 POM_5V_CPU 287/210
[ts: 1636412650.611259] RAM 1575/3956MB (lfb 198x4MB) SWAP 215/1978MB (cached 7MB) IRAM 0/252kB(lfb 252kB) CPU [100%@518,off,off,off] EMC_FREQ 2%@1600 GR3D_FREQ 0%@76 APE 25 PLL@32C CPU@34C PMIC@50C GPU@34C AO@42C thermal@34C POM_5V_IN 2013/1979 POM_5V_GPU 0/33 POM_5V_CPU 287/212
[ts: 1636412651.126247] RAM 1578/3956MB (lfb 198x4MB) SWAP 215/1978MB (cached 7MB) IRAM 0/252kB(lfb 252kB) CPU [100%@518,off,off,off] EMC_FREQ 2%@1600 GR3D_FREQ 0%@76 APE 25 PLL@32C CPU@34C PMIC@50C GPU@34C AO@42C thermal@33.75C POM_5V_IN 2013/1980 POM_5V_GPU 0/32 POM_5V_CPU 287/214
[ts: 1636412651.643983] RAM 1583/3956MB (lfb 198x4MB) SWAP 215/1978MB (cached 7MB) IRAM 0/252kB(lfb 252kB) CPU [100%@518,off,off,off] EMC_FREQ 2%@1600 GR3D_FREQ 0%@76 APE 25 PLL@32C CPU@33.5C PMIC@50C GPU@34C AO@42C thermal@33.75C POM_5V_IN 2013/1981 POM_5V_GPU 0/31 POM_5V_CPU 287/216
[ts: 1636412652.158529] RAM 1589/3956MB (lfb 198x4MB) SWAP 215/1978MB (cached 7MB) IRAM 0/252kB(lfb 252kB) CPU [100%@518,off,off,off] EMC_FREQ 2%@1600 GR3D_FREQ 0%@76 APE 25 PLL@31.5C CPU@33.5C PMIC@50C GPU@33.5C AO@42C thermal@34C POM_5V_IN 2013/1982 POM_5V_GPU 0/30 POM_5V_CPU 287/218
[ts: 1636412652.673438] RAM 1600/3956MB (lfb 198x4MB) SWAP 215/1978MB (cached 7MB) IRAM 0/252kB(lfb 252kB) CPU [100%@518,off,off,off] EMC_FREQ 2%@1600 GR3D_FREQ 0%@76 APE 25 PLL@32C CPU@34C PMIC@50C GPU@33C AO@42C thermal@34C POM_5V_IN 2136/1985 POM_5V_GPU 41/31 POM_5V_CPU 328/221
[ts: 1636412653.190439] RAM 1611/3956MB (lfb 198x4MB) SWAP 215/1978MB (cached 7MB) IRAM 0/252kB(lfb 252kB) CPU [100%@518,off,off,off] EMC_FREQ 2%@1600 GR3D_FREQ 0%@76 APE 25 PLL@32C CPU@34C PMIC@50C GPU@34C AO@42C thermal@33.5C POM_5V_IN 2256/1992 POM_5V_GPU 41/31 POM_5V_CPU 328/223
[ts: 1636412653.705269] RAM 1631/3956MB (lfb 198x4MB) SWAP 215/1978MB (cached 7MB) IRAM 0/252kB(lfb 252kB) CPU [100%@518,off,off,off] EMC_FREQ 2%@1600 GR3D_FREQ 0%@76 APE 25 PLL@32C CPU@34C PMIC@50C GPU@33.5C AO@42C thermal@33.5C POM_5V_IN 2256/1998 POM_5V_GPU 82/32 POM_5V_CPU 328/226
[ts: 1636412654.219287] RAM 1657/3956MB (lfb 198x4MB) SWAP 215/1978MB (cached 7MB) IRAM 0/252kB(lfb 252kB) CPU [100%@518,off,off,off] EMC_FREQ 2%@1600 GR3D_FREQ 0%@76 APE 25 PLL@32C CPU@34C PMIC@50C GPU@33C AO@42C thermal@33.75C POM_5V_IN 2218/2003 POM_5V_GPU 82/33 POM_5V_CPU 328/228
[ts: 1636412654.734768] RAM 1727/3956MB (lfb 198x4MB) SWAP 215/1978MB (cached 7MB) IRAM 0/252kB(lfb 252kB) CPU [100%@518,off,off,off] EMC_FREQ 3%@1600 GR3D_FREQ 0%@76 APE 25 PLL@32C CPU@34C PMIC@50C GPU@33C AO@42C thermal@33.75C POM_5V_IN 2177/2007 POM_5V_GPU 41/33 POM_5V_CPU 328/230
[ts: 1636412655.249655] RAM 1740/3956MB (lfb 198x4MB) SWAP 215/1978MB (cached 7MB) IRAM 0/252kB(lfb 252kB) CPU [100%@518,off,off,off] EMC_FREQ 3%@1600 GR3D_FREQ 0%@76 APE 25 PLL@32C CPU@34C PMIC@50C GPU@33C AO@42C thermal@33.5C POM_5V_IN 2256/2012 POM_5V_GPU 82/34 POM_5V_CPU 328/232
[ts: 1636412655.764858] RAM 1758/3956MB (lfb 198x4MB) SWAP 215/1978MB (cached 7MB) IRAM 0/252kB(lfb 252kB) CPU [98%@518,off,off,off] EMC_FREQ 3%@1600 GR3D_FREQ 9%@76 APE 25 PLL@32C CPU@34C PMIC@50C GPU@33C AO@42C thermal@33.5C POM_5V_IN 2177/2016 POM_5V_GPU 82/35 POM_5V_CPU 328/234
[ts: 1636412656.278862] RAM 1830/3956MB (lfb 198x4MB) SWAP 215/1978MB (cached 7MB) IRAM 0/252kB(lfb 252kB) CPU [100%@518,off,off,off] EMC_FREQ 3%@1600 GR3D_FREQ 0%@76 APE 25 PLL@32C CPU@34C PMIC@50C GPU@33.5C AO@42C thermal@33.5C POM_5V_IN 2177/2019 POM_5V_GPU 41/35 POM_5V_CPU 369/237
[ts: 1636412656.797845] RAM 1835/3956MB (lfb 198x4MB) SWAP 215/1978MB (cached 7MB) IRAM 0/252kB(lfb 252kB) CPU [100%@518,off,off,off] EMC_FREQ 3%@1600 GR3D_FREQ 0%@76 APE 25 PLL@32C CPU@34.5C PMIC@50C GPU@33C AO@42C thermal@33.5C POM_5V_IN 2215/2023 POM_5V_GPU 41/35 POM_5V_CPU 328/239
[ts: 1636412657.324531] RAM 1874/3956MB (lfb 198x4MB) SWAP 215/1978MB (cached 7MB) IRAM 0/252kB(lfb 252kB) CPU [100%@518,off,off,off] EMC_FREQ 3%@1600 GR3D_FREQ 16%@76 APE 25 PLL@32C CPU@34C PMIC@50C GPU@33C AO@42C thermal@33.5C POM_5V_IN 2177/2026 POM_5V_GPU 82/36 POM_5V_CPU 287/240
[ts: 1636412657.844105] RAM 1892/3956MB (lfb 198x4MB) SWAP 215/1978MB (cached 7MB) IRAM 0/252kB(lfb 252kB) CPU [100%@518,off,off,off] EMC_FREQ 3%@1600 GR3D_FREQ 0%@76 APE 25 PLL@32C CPU@34C PMIC@50C GPU@33C AO@42C thermal@33.5C POM_5V_IN 2177/2029 POM_5V_GPU 41/36 POM_5V_CPU 328/242
[ts: 1636412658.358767] RAM 1940/3956MB (lfb 190x4MB) SWAP 215/1978MB (cached 7MB) IRAM 0/252kB(lfb 252kB) CPU [100%@518,off,off,off] EMC_FREQ 3%@1600 GR3D_FREQ 0%@76 APE 25 PLL@32C CPU@34C PMIC@50C GPU@33C AO@42C thermal@33.5C POM_5V_IN 2256/2033 POM_5V_GPU 41/37 POM_5V_CPU 369/244
[ts: 1636412658.871654] RAM 1976/3956MB (lfb 189x4MB) SWAP 215/1978MB (cached 7MB) IRAM 0/252kB(lfb 252kB) CPU [98%@518,off,off,off] EMC_FREQ 3%@1600 GR3D_FREQ 11%@76 APE 25 PLL@32C CPU@34.5C PMIC@50C GPU@33C AO@42C thermal@33.75C POM_5V_IN 2136/2035 POM_5V_GPU 82/37 POM_5V_CPU 287/245
[ts: 1636412659.385065] RAM 1987/3956MB (lfb 188x4MB) SWAP 215/1978MB (cached 7MB) IRAM 0/252kB(lfb 252kB) CPU [100%@518,off,off,off] EMC_FREQ 3%@1600 GR3D_FREQ 10%@76 APE 25 PLL@32C CPU@34C PMIC@50C GPU@33C AO@42.5C thermal@33.75C POM_5V_IN 2177/2038 POM_5V_GPU 82/38 POM_5V_CPU 328/246
[ts: 1636412659.903391] RAM 2023/3956MB (lfb 186x4MB) SWAP 215/1978MB (cached 7MB) IRAM 0/252kB(lfb 252kB) CPU [100%@518,off,off,off] EMC_FREQ 3%@1600 GR3D_FREQ 12%@76 APE 25 PLL@32C CPU@34C PMIC@50C GPU@33C AO@42.5C thermal@33.75C POM_5V_IN 2177/2041 POM_5V_GPU 82/39 POM_5V_CPU 328/248
[ts: 1636412660.416946] RAM 2051/3956MB (lfb 183x4MB) SWAP 215/1978MB (cached 7MB) IRAM 0/252kB(lfb 252kB) CPU [100%@518,off,off,off] EMC_FREQ 3%@1600 GR3D_FREQ 12%@76 APE 25 PLL@32C CPU@34C PMIC@50C GPU@32.5C AO@42C thermal@33.75C POM_5V_IN 2136/2042 POM_5V_GPU 82/40 POM_5V_CPU 287/248
[ts: 1636412660.932577] RAM 2084/3956MB (lfb 180x4MB) SWAP 215/1978MB (cached 7MB) IRAM 0/252kB(lfb 252kB) CPU [98%@518,off,off,off] EMC_FREQ 3%@1600 GR3D_FREQ 0%@76 APE 25 PLL@32C CPU@34C PMIC@50C GPU@33C AO@42C thermal@33.5C POM_5V_IN 2177/2045 POM_5V_GPU 41/40 POM_5V_CPU 328/250
[ts: 1636412661.446421] RAM 2135/3956MB (lfb 175x4MB) SWAP 215/1978MB (cached 7MB) IRAM 0/252kB(lfb 252kB) CPU [100%@518,off,off,off] EMC_FREQ 3%@1600 GR3D_FREQ 0%@76 APE 25 PLL@32C CPU@34C PMIC@50C GPU@33C AO@42C thermal@33.5C POM_5V_IN 2136/2046 POM_5V_GPU 41/40 POM_5V_CPU 287/250
[ts: 1636412661.961477] RAM 2144/3956MB (lfb 175x4MB) SWAP 215/1978MB (cached 7MB) IRAM 0/252kB(lfb 252kB) CPU [100%@518,off,off,off] EMC_FREQ 3%@1600 GR3D_FREQ 0%@76 APE 25 PLL@32C CPU@34C PMIC@50C GPU@33C AO@42C thermal@33.5C POM_5V_IN 2136/2048 POM_5V_GPU 41/40 POM_5V_CPU 328/252
[ts: 1636412662.475434] RAM 2178/3956MB (lfb 171x4MB) SWAP 215/1978MB (cached 7MB) IRAM 0/252kB(lfb 252kB) CPU [100%@518,off,off,off] EMC_FREQ 3%@1600 GR3D_FREQ 18%@76 APE 25 PLL@32C CPU@34C PMIC@50C GPU@33C AO@42C thermal@33.5C POM_5V_IN 2177/2050 POM_5V_GPU 82/41 POM_5V_CPU 328/253
[ts: 1636412662.991397] RAM 2208/3956MB (lfb 169x4MB) SWAP 215/1978MB (cached 7MB) IRAM 0/252kB(lfb 252kB) CPU [98%@518,off,off,off] EMC_FREQ 3%@1600 GR3D_FREQ 8%@76 APE 25 PLL@32C CPU@34C PMIC@50C GPU@33C AO@42.5C thermal@33.5C POM_5V_IN 2177/2052 POM_5V_GPU 82/41 POM_5V_CPU 328/254
[ts: 1636412663.506621] RAM 2241/3956MB (lfb 169x4MB) SWAP 215/1978MB (cached 7MB) IRAM 0/252kB(lfb 252kB) CPU [100%@518,off,off,off] EMC_FREQ 3%@1600 GR3D_FREQ 0%@76 APE 25 PLL@32C CPU@34C PMIC@50C GPU@33C AO@42.5C thermal@33.25C POM_5V_IN 2177/2054 POM_5V_GPU 82/42 POM_5V_CPU 328/255
[ts: 1636412664.035269] RAM 2290/3956MB (lfb 164x4MB) SWAP 215/1978MB (cached 7MB) IRAM 0/252kB(lfb 252kB) CPU [100%@518,off,off,off] EMC_FREQ 3%@1600 GR3D_FREQ 0%@76 APE 25 PLL@32C CPU@34C PMIC@50C GPU@33C AO@42C thermal@33.25C POM_5V_IN 2177/2056 POM_5V_GPU 41/42 POM_5V_CPU 369/257
[ts: 1636412664.550323] RAM 2313/3956MB (lfb 162x4MB) SWAP 215/1978MB (cached 7MB) IRAM 0/252kB(lfb 252kB) CPU [98%@518,off,off,off] EMC_FREQ 3%@1600 GR3D_FREQ 15%@76 APE 25 PLL@32C CPU@34C PMIC@50C GPU@33C AO@42C thermal@33.25C POM_5V_IN 2218/2058 POM_5V_GPU 82/42 POM_5V_CPU 328/258
[ts: 1636412665.065755] RAM 2374/3956MB (lfb 154x4MB) SWAP 215/1978MB (cached 7MB) IRAM 0/252kB(lfb 252kB) CPU [100%@518,off,off,off] EMC_FREQ 3%@1600 GR3D_FREQ 0%@76 APE 25 PLL@32C CPU@34C PMIC@50C GPU@33C AO@42C thermal@33.25C POM_5V_IN 2177/2060 POM_5V_GPU 41/42 POM_5V_CPU 328/259
[ts: 1636412665.580683] RAM 2387/3956MB (lfb 154x4MB) SWAP 215/1978MB (cached 7MB) IRAM 0/252kB(lfb 252kB) CPU [100%@518,off,off,off] EMC_FREQ 3%@1600 GR3D_FREQ 0%@76 APE 25 PLL@32C CPU@34C PMIC@50C GPU@33C AO@42C thermal@33.25C POM_5V_IN 2095/2061 POM_5V_GPU 82/43 POM_5V_CPU 287/260
[ts: 1636412666.094616] RAM 2422/3956MB (lfb 150x4MB) SWAP 215/1978MB (cached 7MB) IRAM 0/252kB(lfb 252kB) CPU [100%@518,off,off,off] EMC_FREQ 3%@1600 GR3D_FREQ 0%@76 APE 25 PLL@32C CPU@34C PMIC@50C GPU@33C AO@42.5C thermal@33.25C POM_5V_IN 2136/2062 POM_5V_GPU 41/43 POM_5V_CPU 287/260
[ts: 1636412666.609272] RAM 2430/3956MB (lfb 150x4MB) SWAP 215/1978MB (cached 7MB) IRAM 0/252kB(lfb 252kB) CPU [100%@518,off,off,off] EMC_FREQ 3%@1600 GR3D_FREQ 0%@76 APE 25 PLL@31.5C CPU@33.5C PMIC@50C GPU@33C AO@42C thermal@33.5C POM_5V_IN 2054/2062 POM_5V_GPU 41/43 POM_5V_CPU 287/261
[ts: 1636412667.125271] RAM 2460/3956MB (lfb 148x4MB) SWAP 215/1978MB (cached 7MB) IRAM 0/252kB(lfb 252kB) CPU [100%@518,off,off,off] EMC_FREQ 3%@1600 GR3D_FREQ 0%@76 APE 25 PLL@32C CPU@34C PMIC@50C GPU@33C AO@42C thermal@33.5C POM_5V_IN 2177/2063 POM_5V_GPU 41/43 POM_5V_CPU 328/262
[ts: 1636412667.641466] RAM 2512/3956MB (lfb 140x4MB) SWAP 215/1978MB (cached 7MB) IRAM 0/252kB(lfb 252kB) CPU [100%@518,off,off,off] EMC_FREQ 3%@1600 GR3D_FREQ 0%@76 APE 25 PLL@32C CPU@34C PMIC@50C GPU@33C AO@42C thermal@33.75C POM_5V_IN 2256/2066 POM_5V_GPU 41/43 POM_5V_CPU 328/263
[ts: 1636412668.155759] RAM 2534/3956MB (lfb 140x4MB) SWAP 215/1978MB (cached 7MB) IRAM 0/252kB(lfb 252kB) CPU [98%@518,off,off,off] EMC_FREQ 3%@1600 GR3D_FREQ 10%@76 APE 25 PLL@31.5C CPU@34.5C PMIC@50C GPU@33C AO@42C thermal@33.75C POM_5V_IN 2177/2068 POM_5V_GPU 82/43 POM_5V_CPU 328/263
[ts: 1636412668.671781] RAM 2582/3956MB (lfb 135x4MB) SWAP 215/1978MB (cached 7MB) IRAM 0/252kB(lfb 252kB) CPU [100%@518,off,off,off] EMC_FREQ 3%@1600 GR3D_FREQ 10%@76 APE 25 PLL@32C CPU@34C PMIC@50C GPU@33.5C AO@42C thermal@33.75C POM_5V_IN 2177/2069 POM_5V_GPU 82/44 POM_5V_CPU 328/264
[ts: 1636412669.184835] RAM 2620/3956MB (lfb 130x4MB) SWAP 215/1978MB (cached 7MB) IRAM 0/252kB(lfb 252kB) CPU [100%@518,off,off,off] EMC_FREQ 3%@1600 GR3D_FREQ 8%@76 APE 25 PLL@32C CPU@34C PMIC@50C GPU@33C AO@42.5C thermal@33.75C POM_5V_IN 2177/2071 POM_5V_GPU 82/44 POM_5V_CPU 287/265
[ts: 1636412669.702326] RAM 2649/3956MB (lfb 127x4MB) SWAP 215/1978MB (cached 7MB) IRAM 0/252kB(lfb 252kB) CPU [100%@518,off,off,off] EMC_FREQ 3%@1600 GR3D_FREQ 9%@76 APE 25 PLL@31.5C CPU@34C PMIC@50C GPU@33.5C AO@42C thermal@33.75C POM_5V_IN 2177/2072 POM_5V_GPU 82/45 POM_5V_CPU 328/265
[ts: 1636412670.222921] RAM 2672/3956MB (lfb 125x4MB) SWAP 215/1978MB (cached 7MB) IRAM 0/252kB(lfb 252kB) CPU [100%@518,off,off,off] EMC_FREQ 3%@1600 GR3D_FREQ 13%@76 APE 25 PLL@31.5C CPU@34C PMIC@50C GPU@33C AO@42C thermal@33.5C POM_5V_IN 2095/2072 POM_5V_GPU 82/45 POM_5V_CPU 287/266
[ts: 1636412670.737479] RAM 2694/3956MB (lfb 124x4MB) SWAP 215/1978MB (cached 7MB) IRAM 0/252kB(lfb 252kB) CPU [98%@518,off,off,off] EMC_FREQ 3%@1600 GR3D_FREQ 0%@76 APE 25 PLL@32C CPU@34C PMIC@50C GPU@33.5C AO@42.5C thermal@33.5C POM_5V_IN 2177/2074 POM_5V_GPU 41/45 POM_5V_CPU 328/267
[ts: 1636412671.252256] RAM 2757/3956MB (lfb 117x4MB) SWAP 215/1978MB (cached 7MB) IRAM 0/252kB(lfb 252kB) CPU [100%@518,off,off,off] EMC_FREQ 3%@1600 GR3D_FREQ 0%@76 APE 25 PLL@32C CPU@34C PMIC@50C GPU@33C AO@42C thermal@34C POM_5V_IN 2136/2075 POM_5V_GPU 41/45 POM_5V_CPU 328/267
[ts: 1636412671.767133] RAM 2757/3956MB (lfb 117x4MB) SWAP 215/1978MB (cached 7MB) IRAM 0/252kB(lfb 252kB) CPU [100%@518,off,off,off] EMC_FREQ 3%@1600 GR3D_FREQ 15%@76 APE 25 PLL@31.5C CPU@34C PMIC@50C GPU@33C AO@42.5C thermal@34C POM_5V_IN 2095/2075 POM_5V_GPU 82/46 POM_5V_CPU 287/268
[ts: 1636412672.283318] RAM 2814/3956MB (lfb 112x4MB) SWAP 215/1978MB (cached 7MB) IRAM 0/252kB(lfb 252kB) CPU [100%@518,off,off,off] EMC_FREQ 3%@1600 GR3D_FREQ 0%@76 APE 25 PLL@32C CPU@34C PMIC@50C GPU@33C AO@42.5C thermal@33.5C POM_5V_IN 2136/2076 POM_5V_GPU 41/46 POM_5V_CPU 287/268
[ts: 1636412672.796307] RAM 2815/3956MB (lfb 112x4MB) SWAP 215/1978MB (cached 7MB) IRAM 0/252kB(lfb 252kB) CPU [100%@518,off,off,off] EMC_FREQ 3%@1600 GR3D_FREQ 12%@76 APE 25 PLL@32C CPU@34.5C PMIC@50C GPU@33C AO@42C thermal@33.5C POM_5V_IN 2136/2076 POM_5V_GPU 82/46 POM_5V_CPU 287/268
[ts: 1636412673.310611] RAM 2849/3956MB (lfb 108x4MB) SWAP 215/1978MB (cached 7MB) IRAM 0/252kB(lfb 252kB) CPU [98%@518,off,off,off] EMC_FREQ 3%@1600 GR3D_FREQ 10%@76 APE 25 PLL@32C CPU@34C PMIC@50C GPU@33C AO@42C thermal@33.75C POM_5V_IN 2177/2078 POM_5V_GPU 82/47 POM_5V_CPU 328/269
[ts: 1636412673.828301] RAM 2914/3956MB (lfb 107x4MB) SWAP 215/1978MB (cached 7MB) IRAM 0/252kB(lfb 252kB) CPU [100%@518,off,off,off] EMC_FREQ 3%@1600 GR3D_FREQ 0%@76 APE 25 PLL@32C CPU@34C PMIC@50C GPU@33C AO@42.5C thermal@33.75C POM_5V_IN 2177/2079 POM_5V_GPU 41/47 POM_5V_CPU 410/271
[ts: 1636412674.342806] RAM 2921/3956MB (lfb 107x4MB) SWAP 215/1978MB (cached 7MB) IRAM 0/252kB(lfb 252kB) CPU [100%@518,off,off,off] EMC_FREQ 3%@1600 GR3D_FREQ 10%@76 APE 25 PLL@32C CPU@34.5C PMIC@50C GPU@33.5C AO@42.5C thermal@33.75C POM_5V_IN 2136/2079 POM_5V_GPU 82/47 POM_5V_CPU 328/271
[ts: 1636412674.858668] RAM 2954/3956MB (lfb 107x4MB) SWAP 215/1978MB (cached 7MB) IRAM 0/252kB(lfb 252kB) CPU [98%@518,off,off,off] EMC_FREQ 3%@1600 GR3D_FREQ 5%@76 APE 25 PLL@31.5C CPU@34C PMIC@50C GPU@33C AO@42C thermal@33.75C POM_5V_IN 2136/2080 POM_5V_GPU 41/47 POM_5V_CPU 287/271
[ts: 1636412675.376367] RAM 2958/3956MB (lfb 107x4MB) SWAP 215/1978MB (cached 7MB) IRAM 0/252kB(lfb 252kB) CPU [98%@518,off,off,off] EMC_FREQ 3%@1600 GR3D_FREQ 0%@76 APE 25 PLL@32C CPU@34C PMIC@50C GPU@33C AO@42C thermal@33.5C POM_5V_IN 2177/2081 POM_5V_GPU 41/47 POM_5V_CPU 328/272
[ts: 1636412675.891074] RAM 2958/3956MB (lfb 107x4MB) SWAP 215/1978MB (cached 7MB) IRAM 0/252kB(lfb 252kB) CPU [100%@518,off,off,off] EMC_FREQ 3%@1600 GR3D_FREQ 0%@76 APE 25 PLL@32C CPU@34C PMIC@50C GPU@33C AO@42C thermal@33.5C POM_5V_IN 2136/2082 POM_5V_GPU 41/47 POM_5V_CPU 328/273
[ts: 1636412676.407099] RAM 2958/3956MB (lfb 107x4MB) SWAP 215/1978MB (cached 7MB) IRAM 0/252kB(lfb 252kB) CPU [100%@518,off,off,off] EMC_FREQ 3%@1600 GR3D_FREQ 0%@76 APE 25 PLL@32C CPU@34C PMIC@50C GPU@33.5C AO@42C thermal@33.5C POM_5V_IN 2136/2083 POM_5V_GPU 41/47 POM_5V_CPU 328/273
[ts: 1636412676.921707] RAM 2958/3956MB (lfb 107x4MB) SWAP 215/1978MB (cached 7MB) IRAM 0/252kB(lfb 252kB) CPU [100%@518,off,off,off] EMC_FREQ 3%@1600 GR3D_FREQ 0%@76 APE 25 PLL@32C CPU@34C PMIC@50C GPU@34C AO@42C thermal@33.5C POM_5V_IN 2136/2083 POM_5V_GPU 41/47 POM_5V_CPU 328/274
[ts: 1636412677.437709] RAM 2958/3956MB (lfb 107x4MB) SWAP 215/1978MB (cached 7MB) IRAM 0/252kB(lfb 252kB) CPU [100%@518,off,off,off] EMC_FREQ 3%@1600 GR3D_FREQ 0%@76 APE 25 PLL@32C CPU@34C PMIC@50C GPU@34C AO@42C thermal@33.5C POM_5V_IN 2095/2083 POM_5V_GPU 0/46 POM_5V_CPU 369/275
[ts: 1636412677.952378] RAM 2958/3956MB (lfb 107x4MB) SWAP 215/1978MB (cached 7MB) IRAM 0/252kB(lfb 252kB) CPU [100%@518,off,off,off] EMC_FREQ 3%@1600 GR3D_FREQ 0%@76 APE 25 PLL@32C CPU@34C PMIC@50C GPU@34C AO@42C thermal@34C POM_5V_IN 2054/2083 POM_5V_GPU 0/46 POM_5V_CPU 328/276
[ts: 1636412678.467112] RAM 2958/3956MB (lfb 107x4MB) SWAP 215/1978MB (cached 7MB) IRAM 0/252kB(lfb 252kB) CPU [100%@518,off,off,off] EMC_FREQ 2%@1600 GR3D_FREQ 0%@76 APE 25 PLL@32C CPU@33.5C PMIC@50C GPU@34C AO@42C thermal@34C POM_5V_IN 2054/2083 POM_5V_GPU 0/45 POM_5V_CPU 328/276
[ts: 1636412678.981998] RAM 2958/3956MB (lfb 107x4MB) SWAP 215/1978MB (cached 7MB) IRAM 0/252kB(lfb 252kB) CPU [100%@518,off,off,off] EMC_FREQ 2%@1600 GR3D_FREQ 0%@76 APE 25 PLL@32C CPU@33.5C PMIC@50C GPU@34C AO@42.5C thermal@34C POM_5V_IN 2095/2083 POM_5V_GPU 0/45 POM_5V_CPU 369/277
[ts: 1636412679.496337] RAM 2958/3956MB (lfb 107x4MB) SWAP 215/1978MB (cached 7MB) IRAM 0/252kB(lfb 252kB) CPU [100%@518,off,off,off] EMC_FREQ 2%@1600 GR3D_FREQ 0%@76 APE 25 PLL@32C CPU@34C PMIC@50C GPU@34C AO@42.5C thermal@34C POM_5V_IN 2095/2083 POM_5V_GPU 0/44 POM_5V_CPU 328/278
[ts: 1636412680.010801] RAM 2958/3956MB (lfb 107x4MB) SWAP 215/1978MB (cached 7MB) IRAM 0/252kB(lfb 252kB) CPU [100%@518,off,off,off] EMC_FREQ 2%@1600 GR3D_FREQ 0%@76 APE 25 PLL@32C CPU@34C PMIC@50C GPU@34C AO@42C thermal@33.75C POM_5V_IN 2054/2083 POM_5V_GPU 0/44 POM_5V_CPU 328/278
[ts: 1636412680.527520] RAM 2959/3956MB (lfb 107x4MB) SWAP 215/1978MB (cached 7MB) IRAM 0/252kB(lfb 252kB) CPU [100%@518,off,off,off] EMC_FREQ 2%@1600 GR3D_FREQ 0%@76 APE 25 PLL@31.5C CPU@34C PMIC@50C GPU@33.5C AO@42C thermal@33.75C POM_5V_IN 2054/2082 POM_5V_GPU 0/43 POM_5V_CPU 328/279
[ts: 1636412681.042232] RAM 2957/3956MB (lfb 107x4MB) SWAP 215/1978MB (cached 7MB) IRAM 0/252kB(lfb 252kB) CPU [100%@518,off,off,off] EMC_FREQ 3%@1600 GR3D_FREQ 0%@76 APE 25 PLL@32C CPU@34C PMIC@50C GPU@34C AO@42.5C thermal@33.75C POM_5V_IN 2095/2082 POM_5V_GPU 0/43 POM_5V_CPU 287/279
[ts: 1636412681.557667] RAM 2956/3956MB (lfb 107x4MB) SWAP 215/1978MB (cached 7MB) IRAM 0/252kB(lfb 252kB) CPU [100%@518,off,off,off] EMC_FREQ 3%@1600 GR3D_FREQ 0%@76 APE 25 PLL@32C CPU@34C PMIC@50C GPU@34C AO@42C thermal@33.75C POM_5V_IN 2095/2082 POM_5V_GPU 0/42 POM_5V_CPU 287/279
[ts: 1636412682.072576] RAM 1999/3956MB (lfb 166x4MB) SWAP 215/1978MB (cached 7MB) IRAM 0/252kB(lfb 252kB) CPU [100%@518,off,off,off] EMC_FREQ 3%@1600 GR3D_FREQ 0%@76 APE 25 PLL@32C CPU@34C PMIC@50C GPU@34C AO@42C thermal@33.75C POM_5V_IN 2095/2083 POM_5V_GPU 0/42 POM_5V_CPU 328/279
[ts: 1636412682.595729] RAM 1483/3956MB (lfb 198x4MB) SWAP 215/1978MB (cached 7MB) IRAM 0/252kB(lfb 252kB) CPU [98%@518,off,off,off] EMC_FREQ 3%@1600 GR3D_FREQ 0%@76 APE 25 PLL@32C CPU@34C PMIC@50C GPU@33C AO@42C thermal@34C POM_5V_IN 2095/2083 POM_5V_GPU 41/42 POM_5V_CPU 287/279
[ts: 1636412683.107199] RAM 1483/3956MB (lfb 198x4MB) SWAP 215/1978MB (cached 7MB) IRAM 0/252kB(lfb 252kB) CPU [60%@518,off,off,off] EMC_FREQ 3%@1600 GR3D_FREQ 0%@76 APE 25 PLL@32C CPU@34C PMIC@50C GPU@33C AO@42C thermal@34C POM_5V_IN 1892/2081 POM_5V_GPU 41/42 POM_5V_CPU 123/278
[ts: 1636412683.618579] RAM 1483/3956MB (lfb 198x4MB) SWAP 215/1978MB (cached 7MB) IRAM 0/252kB(lfb 252kB) CPU [0%@518,off,off,off] EMC_FREQ 3%@1600 GR3D_FREQ 0%@76 APE 25 PLL@32C CPU@33.5C PMIC@50C GPU@33C AO@42C thermal@33.5C POM_5V_IN 1892/2079 POM_5V_GPU 41/42 POM_5V_CPU 164/277
[ts: 1636412684.129368] RAM 1483/3956MB (lfb 198x4MB) SWAP 215/1978MB (cached 7MB) IRAM 0/252kB(lfb 252kB) CPU [4%@518,off,off,off] EMC_FREQ 3%@1600 GR3D_FREQ 0%@76 APE 25 PLL@31.5C CPU@33.5C PMIC@50C GPU@33C AO@41.5C thermal@33.5C POM_5V_IN 1892/2077 POM_5V_GPU 41/42 POM_5V_CPU 123/275
