SOC family:tegra210  Machine:NVIDIA Jetson Nano Developer Kit
Online CPUs: 0
cpu0: Online=1 Governor=schedutil MinFreq=518400 MaxFreq=518400 CurrentFreq=518400 IdleStates: WFI=1 c7=1 
cpu1: Online=0 Governor=schedutil MinFreq=518400 MaxFreq=518400 CurrentFreq=518400 IdleStates: WFI=1 c7=1 
cpu2: Online=0 Governor=schedutil MinFreq=518400 MaxFreq=518400 CurrentFreq=518400 IdleStates: WFI=1 c7=1 
cpu3: Online=0 Governor=schedutil MinFreq=518400 MaxFreq=518400 CurrentFreq=518400 IdleStates: WFI=1 c7=1 
GPU MinFreq=76800000 MaxFreq=614400000 CurrentFreq=76800000
EMC MinFreq=204000000 MaxFreq=1600000000 CurrentFreq=1600000000 FreqOverride=0
Fan: PWM=0
NV Power Mode: 5W
[ts: 1636413590.626671] RAM 1455/3956MB (lfb 199x4MB) SWAP 238/1978MB (cached 12MB) IRAM 0/252kB(lfb 252kB) CPU [68%@518,off,off,off] EMC_FREQ 3%@1600 GR3D_FREQ 0%@76 APE 25 PLL@32C CPU@34C PMIC@50C GPU@33.5C AO@42C thermal@33.75C POM_5V_IN 1892/1892 POM_5V_GPU 41/41 POM_5V_CPU 123/123
[ts: 1636413591.139102] RAM 1455/3956MB (lfb 199x4MB) SWAP 238/1978MB (cached 12MB) IRAM 0/252kB(lfb 252kB) CPU [7%@518,off,off,off] EMC_FREQ 2%@1600 GR3D_FREQ 0%@76 APE 25 PLL@31.5C CPU@34C PMIC@50C GPU@33.5C AO@42C thermal@33.75C POM_5V_IN 1892/1892 POM_5V_GPU 41/41 POM_5V_CPU 123/123
[ts: 1636413591.651498] RAM 1455/3956MB (lfb 199x4MB) SWAP 238/1978MB (cached 12MB) IRAM 0/252kB(lfb 252kB) CPU [4%@518,off,off,off] EMC_FREQ 2%@1600 GR3D_FREQ 0%@76 APE 25 PLL@31.5C CPU@34C PMIC@50C GPU@33.5C AO@42C thermal@33.75C POM_5V_IN 1892/1892 POM_5V_GPU 41/41 POM_5V_CPU 164/136
[ts: 1636413592.162573] RAM 1455/3956MB (lfb 199x4MB) SWAP 238/1978MB (cached 12MB) IRAM 0/252kB(lfb 252kB) CPU [4%@518,off,off,off] EMC_FREQ 2%@1600 GR3D_FREQ 0%@76 APE 25 PLL@32C CPU@33.5C PMIC@50C GPU@33.5C AO@42C thermal@33.75C POM_5V_IN 1892/1892 POM_5V_GPU 41/41 POM_5V_CPU 164/143
[ts: 1636413592.673406] RAM 1455/3956MB (lfb 199x4MB) SWAP 238/1978MB (cached 12MB) IRAM 0/252kB(lfb 252kB) CPU [3%@518,off,off,off] EMC_FREQ 2%@1600 GR3D_FREQ 0%@76 APE 25 PLL@32C CPU@34C PMIC@50C GPU@33.5C AO@42.5C thermal@33.75C POM_5V_IN 1851/1883 POM_5V_GPU 41/41 POM_5V_CPU 123/139
[ts: 1636413593.184630] RAM 1455/3956MB (lfb 199x4MB) SWAP 238/1978MB (cached 12MB) IRAM 0/252kB(lfb 252kB) CPU [6%@518,off,off,off] EMC_FREQ 2%@1600 GR3D_FREQ 0%@76 APE 25 PLL@31.5C CPU@34C PMIC@50C GPU@33.5C AO@42.5C thermal@33.75C POM_5V_IN 1892/1885 POM_5V_GPU 41/41 POM_5V_CPU 123/136
[ts: 1636413593.695801] RAM 1455/3956MB (lfb 199x4MB) SWAP 238/1978MB (cached 12MB) IRAM 0/252kB(lfb 252kB) CPU [5%@518,off,off,off] EMC_FREQ 2%@1600 GR3D_FREQ 0%@76 APE 25 PLL@31.5C CPU@34C PMIC@50C GPU@33.5C AO@42C thermal@33.75C POM_5V_IN 1892/1886 POM_5V_GPU 41/41 POM_5V_CPU 123/134
[ts: 1636413594.207171] RAM 1455/3956MB (lfb 199x4MB) SWAP 238/1978MB (cached 12MB) IRAM 0/252kB(lfb 252kB) CPU [6%@518,off,off,off] EMC_FREQ 2%@1600 GR3D_FREQ 0%@76 APE 25 PLL@32C CPU@34C PMIC@50C GPU@33.5C AO@42C thermal@33.75C POM_5V_IN 1892/1886 POM_5V_GPU 41/41 POM_5V_CPU 123/133
[ts: 1636413594.718702] RAM 1455/3956MB (lfb 199x4MB) SWAP 238/1978MB (cached 12MB) IRAM 0/252kB(lfb 252kB) CPU [4%@518,off,off,off] EMC_FREQ 2%@1600 GR3D_FREQ 0%@76 APE 25 PLL@32C CPU@34C PMIC@50C GPU@33.5C AO@42.5C thermal@33.75C POM_5V_IN 1892/1887 POM_5V_GPU 41/41 POM_5V_CPU 164/136
[ts: 1636413595.229743] RAM 1455/3956MB (lfb 199x4MB) SWAP 238/1978MB (cached 12MB) IRAM 0/252kB(lfb 252kB) CPU [7%@518,off,off,off] EMC_FREQ 2%@1600 GR3D_FREQ 0%@76 APE 25 PLL@32C CPU@34C PMIC@50C GPU@33.5C AO@42C thermal@33.75C POM_5V_IN 1892/1887 POM_5V_GPU 41/41 POM_5V_CPU 123/135
[ts: 1636413595.741223] RAM 1455/3956MB (lfb 199x4MB) SWAP 238/1978MB (cached 12MB) IRAM 0/252kB(lfb 252kB) CPU [2%@518,off,off,off] EMC_FREQ 2%@1600 GR3D_FREQ 11%@76 APE 25 PLL@32C CPU@34C PMIC@50C GPU@33C AO@42.5C thermal@33.75C POM_5V_IN 1934/1892 POM_5V_GPU 41/41 POM_5V_CPU 164/137
[ts: 1636413596.252915] RAM 1455/3956MB (lfb 199x4MB) SWAP 238/1978MB (cached 12MB) IRAM 0/252kB(lfb 252kB) CPU [2%@518,off,off,off] EMC_FREQ 2%@1600 GR3D_FREQ 0%@76 APE 25 PLL@32C CPU@34C PMIC@50C GPU@33.5C AO@42C thermal@33.75C POM_5V_IN 1892/1892 POM_5V_GPU 41/41 POM_5V_CPU 123/136
[ts: 1636413596.764762] RAM 1455/3956MB (lfb 199x4MB) SWAP 238/1978MB (cached 12MB) IRAM 0/252kB(lfb 252kB) CPU [8%@518,off,off,off] EMC_FREQ 2%@1600 GR3D_FREQ 0%@76 APE 25 PLL@32C CPU@34C PMIC@50C GPU@33C AO@42.5C thermal@33.75C POM_5V_IN 1892/1892 POM_5V_GPU 41/41 POM_5V_CPU 123/135
[ts: 1636413597.275928] RAM 1455/3956MB (lfb 199x4MB) SWAP 238/1978MB (cached 12MB) IRAM 0/252kB(lfb 252kB) CPU [4%@518,off,off,off] EMC_FREQ 2%@1600 GR3D_FREQ 0%@76 APE 25 PLL@32C CPU@34C PMIC@50C GPU@33.5C AO@42C thermal@33.75C POM_5V_IN 1892/1892 POM_5V_GPU 41/41 POM_5V_CPU 123/134
[ts: 1636413597.787160] RAM 1455/3956MB (lfb 199x4MB) SWAP 238/1978MB (cached 12MB) IRAM 0/252kB(lfb 252kB) CPU [4%@518,off,off,off] EMC_FREQ 2%@1600 GR3D_FREQ 0%@76 APE 25 PLL@32C CPU@34C PMIC@50C GPU@33.5C AO@42.5C thermal@33.75C POM_5V_IN 1892/1892 POM_5V_GPU 41/41 POM_5V_CPU 123/133
[ts: 1636413598.298187] RAM 1455/3956MB (lfb 199x4MB) SWAP 238/1978MB (cached 12MB) IRAM 0/252kB(lfb 252kB) CPU [4%@518,off,off,off] EMC_FREQ 2%@1600 GR3D_FREQ 0%@76 APE 25 PLL@31.5C CPU@34C PMIC@50C GPU@33C AO@42.5C thermal@33.75C POM_5V_IN 1892/1892 POM_5V_GPU 41/41 POM_5V_CPU 123/133
[ts: 1636413598.809987] RAM 1455/3956MB (lfb 199x4MB) SWAP 238/1978MB (cached 12MB) IRAM 0/252kB(lfb 252kB) CPU [4%@518,off,off,off] EMC_FREQ 2%@1600 GR3D_FREQ 0%@76 APE 25 PLL@31.5C CPU@34C PMIC@50C GPU@33.5C AO@42C thermal@33.75C POM_5V_IN 1892/1892 POM_5V_GPU 41/41 POM_5V_CPU 123/132
[ts: 1636413599.324074] RAM 1455/3956MB (lfb 199x4MB) SWAP 238/1978MB (cached 12MB) IRAM 0/252kB(lfb 252kB) CPU [2%@518,off,off,off] EMC_FREQ 2%@1600 GR3D_FREQ 0%@76 APE 25 PLL@31.5C CPU@34C PMIC@50C GPU@33.5C AO@42C thermal@33.75C POM_5V_IN 1892/1892 POM_5V_GPU 41/41 POM_5V_CPU 123/132
[ts: 1636413599.837825] RAM 1455/3956MB (lfb 199x4MB) SWAP 238/1978MB (cached 12MB) IRAM 0/252kB(lfb 252kB) CPU [7%@518,off,off,off] EMC_FREQ 2%@1600 GR3D_FREQ 0%@76 APE 25 PLL@32C CPU@34C PMIC@50C GPU@33.5C AO@42.5C thermal@33.75C POM_5V_IN 1892/1892 POM_5V_GPU 41/41 POM_5V_CPU 123/131
[ts: 1636413600.366605] RAM 1458/3956MB (lfb 199x4MB) SWAP 238/1978MB (cached 12MB) IRAM 0/252kB(lfb 252kB) CPU [60%@518,off,off,off] EMC_FREQ 2%@1600 GR3D_FREQ 0%@76 APE 25 PLL@32C CPU@34C PMIC@50C GPU@33.5C AO@42.5C thermal@33.75C POM_5V_IN 2095/1902 POM_5V_GPU 41/41 POM_5V_CPU 287/139
[ts: 1636413600.883589] RAM 1461/3956MB (lfb 199x4MB) SWAP 238/1978MB (cached 12MB) IRAM 0/252kB(lfb 252kB) CPU [100%@518,off,off,off] EMC_FREQ 2%@1600 GR3D_FREQ 0%@76 APE 25 PLL@32C CPU@34C PMIC@50C GPU@33.5C AO@42.5C thermal@33.75C POM_5V_IN 2095/1911 POM_5V_GPU 41/41 POM_5V_CPU 287/146
[ts: 1636413601.398776] RAM 1468/3956MB (lfb 199x4MB) SWAP 238/1978MB (cached 12MB) IRAM 0/252kB(lfb 252kB) CPU [100%@518,off,off,off] EMC_FREQ 2%@1600 GR3D_FREQ 0%@76 APE 25 PLL@32C CPU@34C PMIC@50C GPU@33.5C AO@42.5C thermal@33.75C POM_5V_IN 2095/1919 POM_5V_GPU 41/41 POM_5V_CPU 287/152
[ts: 1636413601.914535] RAM 1472/3956MB (lfb 199x4MB) SWAP 238/1978MB (cached 12MB) IRAM 0/252kB(lfb 252kB) CPU [100%@518,off,off,off] EMC_FREQ 2%@1600 GR3D_FREQ 0%@76 APE 25 PLL@32C CPU@34C PMIC@50C GPU@34C AO@42.5C thermal@34.25C POM_5V_IN 2013/1923 POM_5V_GPU 0/39 POM_5V_CPU 287/158
[ts: 1636413602.429271] RAM 1479/3956MB (lfb 199x4MB) SWAP 238/1978MB (cached 12MB) IRAM 0/252kB(lfb 252kB) CPU [100%@518,off,off,off] EMC_FREQ 2%@1600 GR3D_FREQ 0%@76 APE 25 PLL@32C CPU@34C PMIC@50C GPU@34C AO@42.5C thermal@34.25C POM_5V_IN 2054/1929 POM_5V_GPU 0/37 POM_5V_CPU 287/164
[ts: 1636413602.943240] RAM 1484/3956MB (lfb 199x4MB) SWAP 238/1978MB (cached 12MB) IRAM 0/252kB(lfb 252kB) CPU [100%@518,off,off,off] EMC_FREQ 2%@1600 GR3D_FREQ 0%@76 APE 25 PLL@32C CPU@34C PMIC@50C GPU@34C AO@42.5C thermal@33.75C POM_5V_IN 2095/1935 POM_5V_GPU 0/36 POM_5V_CPU 287/168
[ts: 1636413603.458399] RAM 1488/3956MB (lfb 199x4MB) SWAP 238/1978MB (cached 12MB) IRAM 0/252kB(lfb 252kB) CPU [100%@518,off,off,off] EMC_FREQ 2%@1600 GR3D_FREQ 0%@76 APE 25 PLL@31.5C CPU@34C PMIC@50C GPU@33.5C AO@42.5C thermal@33.75C POM_5V_IN 2013/1938 POM_5V_GPU 0/34 POM_5V_CPU 288/173
[ts: 1636413603.973166] RAM 1492/3956MB (lfb 199x4MB) SWAP 238/1978MB (cached 12MB) IRAM 0/252kB(lfb 252kB) CPU [100%@518,off,off,off] EMC_FREQ 2%@1600 GR3D_FREQ 0%@76 APE 25 PLL@32C CPU@34C PMIC@50C GPU@34C AO@42.5C thermal@34C POM_5V_IN 2013/1941 POM_5V_GPU 0/33 POM_5V_CPU 329/179
[ts: 1636413604.487220] RAM 1493/3956MB (lfb 199x4MB) SWAP 238/1978MB (cached 12MB) IRAM 0/252kB(lfb 252kB) CPU [100%@518,off,off,off] EMC_FREQ 2%@1600 GR3D_FREQ 0%@76 APE 25 PLL@32C CPU@34C PMIC@50C GPU@34C AO@42.5C thermal@34C POM_5V_IN 2016/1944 POM_5V_GPU 0/32 POM_5V_CPU 288/183
[ts: 1636413605.001372] RAM 1497/3956MB (lfb 199x4MB) SWAP 238/1978MB (cached 12MB) IRAM 0/252kB(lfb 252kB) CPU [100%@518,off,off,off] EMC_FREQ 2%@1600 GR3D_FREQ 0%@76 APE 25 PLL@32C CPU@34C PMIC@50C GPU@34C AO@42.5C thermal@34C POM_5V_IN 2054/1948 POM_5V_GPU 0/31 POM_5V_CPU 328/188
[ts: 1636413605.515458] RAM 1497/3956MB (lfb 199x4MB) SWAP 238/1978MB (cached 12MB) IRAM 0/252kB(lfb 252kB) CPU [100%@518,off,off,off] EMC_FREQ 2%@1600 GR3D_FREQ 0%@76 APE 25 PLL@32C CPU@34C PMIC@50C GPU@34C AO@42.5C thermal@34C POM_5V_IN 2013/1950 POM_5V_GPU 0/30 POM_5V_CPU 328/192
[ts: 1636413606.032220] RAM 1507/3956MB (lfb 199x4MB) SWAP 238/1978MB (cached 12MB) IRAM 0/252kB(lfb 252kB) CPU [100%@518,off,off,off] EMC_FREQ 2%@1600 GR3D_FREQ 0%@76 APE 25 PLL@32C CPU@34C PMIC@50C GPU@34C AO@42C thermal@34C POM_5V_IN 2013/1952 POM_5V_GPU 0/29 POM_5V_CPU 287/195
[ts: 1636413606.548073] RAM 1519/3956MB (lfb 199x4MB) SWAP 238/1978MB (cached 12MB) IRAM 0/252kB(lfb 252kB) CPU [100%@518,off,off,off] EMC_FREQ 2%@1600 GR3D_FREQ 0%@76 APE 25 PLL@32C CPU@34C PMIC@50C GPU@34C AO@42C thermal@34C POM_5V_IN 2013/1954 POM_5V_GPU 0/28 POM_5V_CPU 287/198
[ts: 1636413607.063255] RAM 1533/3956MB (lfb 199x4MB) SWAP 238/1978MB (cached 12MB) IRAM 0/252kB(lfb 252kB) CPU [100%@518,off,off,off] EMC_FREQ 2%@1600 GR3D_FREQ 0%@76 APE 25 PLL@32C CPU@34C PMIC@50C GPU@34C AO@42C thermal@34C POM_5V_IN 2013/1955 POM_5V_GPU 0/27 POM_5V_CPU 288/201
[ts: 1636413607.579633] RAM 1538/3956MB (lfb 199x4MB) SWAP 238/1978MB (cached 12MB) IRAM 0/252kB(lfb 252kB) CPU [100%@518,off,off,off] EMC_FREQ 2%@1600 GR3D_FREQ 0%@76 APE 25 PLL@32C CPU@34.5C PMIC@50C GPU@34C AO@42C thermal@34C POM_5V_IN 2013/1957 POM_5V_GPU 0/26 POM_5V_CPU 288/203
[ts: 1636413608.095214] RAM 1542/3956MB (lfb 199x4MB) SWAP 238/1978MB (cached 12MB) IRAM 0/252kB(lfb 252kB) CPU [100%@518,off,off,off] EMC_FREQ 2%@1600 GR3D_FREQ 0%@76 APE 25 PLL@32C CPU@34C PMIC@50C GPU@34C AO@42.5C thermal@34C POM_5V_IN 2016/1959 POM_5V_GPU 0/25 POM_5V_CPU 288/206
[ts: 1636413608.612009] RAM 1546/3956MB (lfb 199x4MB) SWAP 238/1978MB (cached 12MB) IRAM 0/252kB(lfb 252kB) CPU [100%@518,off,off,off] EMC_FREQ 2%@1600 GR3D_FREQ 0%@76 APE 25 PLL@32C CPU@34C PMIC@50C GPU@34C AO@42C thermal@34.25C POM_5V_IN 2013/1960 POM_5V_GPU 0/25 POM_5V_CPU 287/208
[ts: 1636413609.128065] RAM 1549/3956MB (lfb 199x4MB) SWAP 238/1978MB (cached 12MB) IRAM 0/252kB(lfb 252kB) CPU [100%@518,off,off,off] EMC_FREQ 2%@1600 GR3D_FREQ 0%@76 APE 25 PLL@32C CPU@34C PMIC@50C GPU@34C AO@42C thermal@34.25C POM_5V_IN 2013/1962 POM_5V_GPU 0/24 POM_5V_CPU 287/210
[ts: 1636413609.643199] RAM 1552/3956MB (lfb 199x4MB) SWAP 238/1978MB (cached 12MB) IRAM 0/252kB(lfb 252kB) CPU [100%@518,off,off,off] EMC_FREQ 2%@1600 GR3D_FREQ 0%@76 APE 25 PLL@32C CPU@34C PMIC@50C GPU@34C AO@42C thermal@34.25C POM_5V_IN 2013/1963 POM_5V_GPU 0/23 POM_5V_CPU 287/212
[ts: 1636413610.157222] RAM 1557/3956MB (lfb 199x4MB) SWAP 238/1978MB (cached 12MB) IRAM 0/252kB(lfb 252kB) CPU [100%@518,off,off,off] EMC_FREQ 2%@1600 GR3D_FREQ 0%@76 APE 25 PLL@32C CPU@34.5C PMIC@50C GPU@34C AO@42C thermal@34.25C POM_5V_IN 2016/1964 POM_5V_GPU 0/23 POM_5V_CPU 288/214
[ts: 1636413610.672110] RAM 1563/3956MB (lfb 199x4MB) SWAP 238/1978MB (cached 12MB) IRAM 0/252kB(lfb 252kB) CPU [100%@518,off,off,off] EMC_FREQ 2%@1600 GR3D_FREQ 0%@76 APE 25 PLL@32C CPU@34C PMIC@50C GPU@34C AO@42C thermal@34C POM_5V_IN 2054/1967 POM_5V_GPU 0/22 POM_5V_CPU 287/216
[ts: 1636413611.186856] RAM 1574/3956MB (lfb 199x4MB) SWAP 238/1978MB (cached 12MB) IRAM 0/252kB(lfb 252kB) CPU [100%@518,off,off,off] EMC_FREQ 2%@1600 GR3D_FREQ 0%@76 APE 25 PLL@32C CPU@34C PMIC@50C GPU@33C AO@42C thermal@34C POM_5V_IN 2095/1970 POM_5V_GPU 41/23 POM_5V_CPU 328/219
[ts: 1636413611.701854] RAM 1591/3956MB (lfb 199x4MB) SWAP 238/1978MB (cached 12MB) IRAM 0/252kB(lfb 252kB) CPU [100%@518,off,off,off] EMC_FREQ 2%@1600 GR3D_FREQ 0%@76 APE 25 PLL@32C CPU@34.5C PMIC@50C GPU@33.5C AO@42C thermal@33.75C POM_5V_IN 2297/1977 POM_5V_GPU 41/23 POM_5V_CPU 328/221
[ts: 1636413612.218212] RAM 1601/3956MB (lfb 199x4MB) SWAP 238/1978MB (cached 12MB) IRAM 0/252kB(lfb 252kB) CPU [98%@518,off,off,off] EMC_FREQ 2%@1600 GR3D_FREQ 5%@76 APE 25 PLL@32C CPU@34.5C PMIC@50C GPU@33.5C AO@42.5C thermal@33.75C POM_5V_IN 2215/1983 POM_5V_GPU 82/24 POM_5V_CPU 369/225
[ts: 1636413612.732565] RAM 1625/3956MB (lfb 199x4MB) SWAP 238/1978MB (cached 12MB) IRAM 0/252kB(lfb 252kB) CPU [100%@518,off,off,off] EMC_FREQ 2%@1600 GR3D_FREQ 2%@76 APE 25 PLL@32C CPU@34C PMIC@50C GPU@33.5C AO@42C thermal@33.75C POM_5V_IN 2177/1987 POM_5V_GPU 82/26 POM_5V_CPU 287/226
[ts: 1636413613.248054] RAM 1659/3956MB (lfb 199x4MB) SWAP 238/1978MB (cached 12MB) IRAM 0/252kB(lfb 252kB) CPU [100%@518,off,off,off] EMC_FREQ 2%@1600 GR3D_FREQ 0%@76 APE 25 PLL@32C CPU@34C PMIC@50C GPU@33.5C AO@42C thermal@33.75C POM_5V_IN 2177/1992 POM_5V_GPU 41/26 POM_5V_CPU 328/228
[ts: 1636413613.761400] RAM 1687/3956MB (lfb 199x4MB) SWAP 238/1978MB (cached 12MB) IRAM 0/252kB(lfb 252kB) CPU [100%@518,off,off,off] EMC_FREQ 3%@1600 GR3D_FREQ 0%@76 APE 25 PLL@32C CPU@34C PMIC@50C GPU@33.5C AO@42.5C thermal@33.75C POM_5V_IN 2177/1996 POM_5V_GPU 82/27 POM_5V_CPU 328/231
[ts: 1636413614.276459] RAM 1724/3956MB (lfb 199x4MB) SWAP 238/1978MB (cached 12MB) IRAM 0/252kB(lfb 252kB) CPU [98%@518,off,off,off] EMC_FREQ 3%@1600 GR3D_FREQ 0%@76 APE 25 PLL@32C CPU@34.5C PMIC@50C GPU@33.5C AO@42C thermal@33.75C POM_5V_IN 2177/1999 POM_5V_GPU 41/27 POM_5V_CPU 369/233
[ts: 1636413614.791453] RAM 1771/3956MB (lfb 199x4MB) SWAP 238/1978MB (cached 12MB) IRAM 0/252kB(lfb 252kB) CPU [100%@518,off,off,off] EMC_FREQ 3%@1600 GR3D_FREQ 0%@76 APE 25 PLL@32C CPU@34C PMIC@50C GPU@33.5C AO@42.5C thermal@33.75C POM_5V_IN 2256/2005 POM_5V_GPU 41/28 POM_5V_CPU 328/235
[ts: 1636413615.307491] RAM 1813/3956MB (lfb 198x4MB) SWAP 238/1978MB (cached 12MB) IRAM 0/252kB(lfb 252kB) CPU [100%@518,off,off,off] EMC_FREQ 3%@1600 GR3D_FREQ 1%@76 APE 25 PLL@32C CPU@34C PMIC@50C GPU@33.5C AO@42.5C thermal@34C POM_5V_IN 2218/2009 POM_5V_GPU 41/28 POM_5V_CPU 328/237
[ts: 1636413615.821476] RAM 1842/3956MB (lfb 198x4MB) SWAP 238/1978MB (cached 12MB) IRAM 0/252kB(lfb 252kB) CPU [100%@518,off,off,off] EMC_FREQ 3%@1600 GR3D_FREQ 12%@76 APE 25 PLL@32C CPU@34C PMIC@50C GPU@33.5C AO@42.5C thermal@34C POM_5V_IN 2177/2012 POM_5V_GPU 82/29 POM_5V_CPU 287/238
[ts: 1636413616.339354] RAM 1889/3956MB (lfb 194x4MB) SWAP 238/1978MB (cached 12MB) IRAM 0/252kB(lfb 252kB) CPU [100%@518,off,off,off] EMC_FREQ 3%@1600 GR3D_FREQ 0%@76 APE 25 PLL@32C CPU@34C PMIC@50C GPU@33.5C AO@42C thermal@33.75C POM_5V_IN 2177/2016 POM_5V_GPU 41/29 POM_5V_CPU 287/239
[ts: 1636413616.853622] RAM 1891/3956MB (lfb 194x4MB) SWAP 238/1978MB (cached 12MB) IRAM 0/252kB(lfb 252kB) CPU [100%@518,off,off,off] EMC_FREQ 3%@1600 GR3D_FREQ 0%@76 APE 25 PLL@32C CPU@34C PMIC@50C GPU@33.5C AO@42.5C thermal@33.75C POM_5V_IN 2054/2016 POM_5V_GPU 41/29 POM_5V_CPU 287/240
[ts: 1636413617.367516] RAM 1942/3956MB (lfb 187x4MB) SWAP 238/1978MB (cached 12MB) IRAM 0/252kB(lfb 252kB) CPU [100%@518,off,off,off] EMC_FREQ 3%@1600 GR3D_FREQ 10%@76 APE 25 PLL@32C CPU@34C PMIC@50C GPU@33.5C AO@42.5C thermal@33.75C POM_5V_IN 2177/2019 POM_5V_GPU 82/30 POM_5V_CPU 328/242
[ts: 1636413617.883707] RAM 1957/3956MB (lfb 188x4MB) SWAP 238/1978MB (cached 12MB) IRAM 0/252kB(lfb 252kB) CPU [98%@518,off,off,off] EMC_FREQ 3%@1600 GR3D_FREQ 0%@76 APE 25 PLL@32C CPU@34.5C PMIC@50C GPU@33.5C AO@42.5C thermal@33.75C POM_5V_IN 2136/2022 POM_5V_GPU 41/31 POM_5V_CPU 287/243
[ts: 1636413618.400377] RAM 1966/3956MB (lfb 188x4MB) SWAP 238/1978MB (cached 12MB) IRAM 0/252kB(lfb 252kB) CPU [100%@518,off,off,off] EMC_FREQ 3%@1600 GR3D_FREQ 0%@76 APE 25 PLL@32C CPU@34C PMIC@50C GPU@33.5C AO@42.5C thermal@33.75C POM_5V_IN 2054/2022 POM_5V_GPU 41/31 POM_5V_CPU 287/243
[ts: 1636413618.916497] RAM 1981/3956MB (lfb 187x4MB) SWAP 238/1978MB (cached 12MB) IRAM 0/252kB(lfb 252kB) CPU [100%@518,off,off,off] EMC_FREQ 3%@1600 GR3D_FREQ 0%@76 APE 25 PLL@31.5C CPU@34C PMIC@50C GPU@33.5C AO@42.5C thermal@33.75C POM_5V_IN 2054/2023 POM_5V_GPU 41/31 POM_5V_CPU 287/244
[ts: 1636413619.430036] RAM 2028/3956MB (lfb 182x4MB) SWAP 238/1978MB (cached 12MB) IRAM 0/252kB(lfb 252kB) CPU [100%@518,off,off,off] EMC_FREQ 3%@1600 GR3D_FREQ 12%@76 APE 25 PLL@32C CPU@34C PMIC@50C GPU@33.5C AO@42.5C thermal@33.75C POM_5V_IN 2218/2026 POM_5V_GPU 82/32 POM_5V_CPU 328/246
[ts: 1636413619.948069] RAM 2062/3956MB (lfb 180x4MB) SWAP 238/1978MB (cached 12MB) IRAM 0/252kB(lfb 252kB) CPU [100%@518,off,off,off] EMC_FREQ 3%@1600 GR3D_FREQ 0%@76 APE 25 PLL@32C CPU@34C PMIC@50C GPU@33.5C AO@42.5C thermal@33.75C POM_5V_IN 2136/2028 POM_5V_GPU 82/33 POM_5V_CPU 328/247
[ts: 1636413620.462134] RAM 2092/3956MB (lfb 177x4MB) SWAP 238/1978MB (cached 12MB) IRAM 0/252kB(lfb 252kB) CPU [100%@518,off,off,off] EMC_FREQ 3%@1600 GR3D_FREQ 11%@76 APE 25 PLL@32C CPU@34C PMIC@50C GPU@33.5C AO@42C thermal@33.75C POM_5V_IN 2177/2031 POM_5V_GPU 82/34 POM_5V_CPU 328/248
[ts: 1636413620.981391] RAM 2141/3956MB (lfb 169x4MB) SWAP 238/1978MB (cached 12MB) IRAM 0/252kB(lfb 252kB) CPU [100%@518,off,off,off] EMC_FREQ 3%@1600 GR3D_FREQ 0%@76 APE 25 PLL@32C CPU@34.5C PMIC@50C GPU@33.5C AO@42.5C thermal@34C POM_5V_IN 2256/2034 POM_5V_GPU 41/34 POM_5V_CPU 328/250
[ts: 1636413621.496219] RAM 2165/3956MB (lfb 169x4MB) SWAP 238/1978MB (cached 12MB) IRAM 0/252kB(lfb 252kB) CPU [100%@518,off,off,off] EMC_FREQ 3%@1600 GR3D_FREQ 23%@76 APE 25 PLL@32C CPU@34.5C PMIC@50C GPU@33.5C AO@42C thermal@34C POM_5V_IN 2136/2036 POM_5V_GPU 82/34 POM_5V_CPU 287/250
[ts: 1636413622.011383] RAM 2194/3956MB (lfb 167x4MB) SWAP 238/1978MB (cached 12MB) IRAM 0/252kB(lfb 252kB) CPU [98%@518,off,off,off] EMC_FREQ 3%@1600 GR3D_FREQ 0%@76 APE 25 PLL@32C CPU@34.5C PMIC@50C GPU@33.5C AO@42.5C thermal@34C POM_5V_IN 2177/2038 POM_5V_GPU 41/35 POM_5V_CPU 328/252
[ts: 1636413622.527213] RAM 2221/3956MB (lfb 166x4MB) SWAP 238/1978MB (cached 12MB) IRAM 0/252kB(lfb 252kB) CPU [100%@518,off,off,off] EMC_FREQ 3%@1600 GR3D_FREQ 14%@76 APE 25 PLL@32C CPU@34.5C PMIC@50C GPU@33.5C AO@42.5C thermal@34C POM_5V_IN 2136/2040 POM_5V_GPU 82/35 POM_5V_CPU 287/252
[ts: 1636413623.045263] RAM 2250/3956MB (lfb 165x4MB) SWAP 238/1978MB (cached 12MB) IRAM 0/252kB(lfb 252kB) CPU [100%@518,off,off,off] EMC_FREQ 3%@1600 GR3D_FREQ 4%@76 APE 25 PLL@32C CPU@34.5C PMIC@50C GPU@33.5C AO@42.5C thermal@33.75C POM_5V_IN 2136/2041 POM_5V_GPU 82/36 POM_5V_CPU 287/253
[ts: 1636413623.560189] RAM 2301/3956MB (lfb 161x4MB) SWAP 238/1978MB (cached 12MB) IRAM 0/252kB(lfb 252kB) CPU [98%@518,off,off,off] EMC_FREQ 3%@1600 GR3D_FREQ 0%@76 APE 25 PLL@32C CPU@34C PMIC@50C GPU@33.5C AO@42.5C thermal@33.75C POM_5V_IN 2177/2043 POM_5V_GPU 41/36 POM_5V_CPU 369/254
[ts: 1636413624.074707] RAM 2320/3956MB (lfb 160x4MB) SWAP 238/1978MB (cached 12MB) IRAM 0/252kB(lfb 252kB) CPU [100%@518,off,off,off] EMC_FREQ 3%@1600 GR3D_FREQ 1%@76 APE 25 PLL@32C CPU@34C PMIC@50C GPU@33.5C AO@42.5C thermal@34C POM_5V_IN 2177/2045 POM_5V_GPU 82/37 POM_5V_CPU 328/256
[ts: 1636413624.589353] RAM 2349/3956MB (lfb 159x4MB) SWAP 238/1978MB (cached 12MB) IRAM 0/252kB(lfb 252kB) CPU [100%@518,off,off,off] EMC_FREQ 3%@1600 GR3D_FREQ 1%@76 APE 25 PLL@32C CPU@34.5C PMIC@50C GPU@33.5C AO@42C thermal@34C POM_5V_IN 2177/2047 POM_5V_GPU 41/37 POM_5V_CPU 328/257
[ts: 1636413625.104247] RAM 2378/3956MB (lfb 157x4MB) SWAP 238/1978MB (cached 12MB) IRAM 0/252kB(lfb 252kB) CPU [100%@518,off,off,off] EMC_FREQ 3%@1600 GR3D_FREQ 10%@76 APE 25 PLL@32C CPU@34C PMIC@50C GPU@33.5C AO@42.5C thermal@34C POM_5V_IN 2177/2049 POM_5V_GPU 82/37 POM_5V_CPU 328/258
[ts: 1636413625.618291] RAM 2428/3956MB (lfb 152x4MB) SWAP 238/1978MB (cached 12MB) IRAM 0/252kB(lfb 252kB) CPU [98%@518,off,off,off] EMC_FREQ 3%@1600 GR3D_FREQ 12%@76 APE 25 PLL@32C CPU@34.5C PMIC@50C GPU@33C AO@42.5C thermal@33.75C POM_5V_IN 2177/2051 POM_5V_GPU 82/38 POM_5V_CPU 328/259
[ts: 1636413626.134913] RAM 2477/3956MB (lfb 144x4MB) SWAP 238/1978MB (cached 12MB) IRAM 0/252kB(lfb 252kB) CPU [100%@518,off,off,off] EMC_FREQ 3%@1600 GR3D_FREQ 0%@76 APE 25 PLL@32C CPU@34C PMIC@50C GPU@33.5C AO@42.5C thermal@33.75C POM_5V_IN 2177/2053 POM_5V_GPU 41/38 POM_5V_CPU 328/260
[ts: 1636413626.649766] RAM 2475/3956MB (lfb 147x4MB) SWAP 238/1978MB (cached 12MB) IRAM 0/252kB(lfb 252kB) CPU [100%@518,off,off,off] EMC_FREQ 3%@1600 GR3D_FREQ 16%@76 APE 25 PLL@32C CPU@34C PMIC@50C GPU@33.5C AO@42C thermal@34C POM_5V_IN 2136/2054 POM_5V_GPU 82/39 POM_5V_CPU 287/260
[ts: 1636413627.165316] RAM 2511/3956MB (lfb 144x4MB) SWAP 238/1978MB (cached 12MB) IRAM 0/252kB(lfb 252kB) CPU [100%@518,off,off,off] EMC_FREQ 3%@1600 GR3D_FREQ 12%@76 APE 25 PLL@32C CPU@34.5C PMIC@50C GPU@33.5C AO@42C thermal@34C POM_5V_IN 2136/2055 POM_5V_GPU 82/39 POM_5V_CPU 287/260
[ts: 1636413627.680228] RAM 2564/3956MB (lfb 137x4MB) SWAP 238/1978MB (cached 12MB) IRAM 0/252kB(lfb 252kB) CPU [98%@518,off,off,off] EMC_FREQ 3%@1600 GR3D_FREQ 0%@76 APE 25 PLL@32C CPU@34.5C PMIC@50C GPU@33.5C AO@42C thermal@33.75C POM_5V_IN 2218/2057 POM_5V_GPU 41/39 POM_5V_CPU 328/261
[ts: 1636413628.194658] RAM 2632/3956MB (lfb 129x4MB) SWAP 238/1978MB (cached 12MB) IRAM 0/252kB(lfb 252kB) CPU [100%@518,off,off,off] EMC_FREQ 3%@1600 GR3D_FREQ 0%@76 APE 25 PLL@32.5C CPU@34C PMIC@50C GPU@33.5C AO@42.5C thermal@33.75C POM_5V_IN 2177/2059 POM_5V_GPU 41/39 POM_5V_CPU 369/263
[ts: 1636413628.709629] RAM 2630/3956MB (lfb 132x4MB) SWAP 238/1978MB (cached 12MB) IRAM 0/252kB(lfb 252kB) CPU [100%@518,off,off,off] EMC_FREQ 3%@1600 GR3D_FREQ 1%@76 APE 25 PLL@32C CPU@34C PMIC@50C GPU@33.5C AO@42C thermal@33.75C POM_5V_IN 2177/2061 POM_5V_GPU 41/39 POM_5V_CPU 328/264
[ts: 1636413629.224328] RAM 2654/3956MB (lfb 130x4MB) SWAP 238/1978MB (cached 12MB) IRAM 0/252kB(lfb 252kB) CPU [100%@518,off,off,off] EMC_FREQ 3%@1600 GR3D_FREQ 13%@76 APE 25 PLL@32C CPU@34C PMIC@50C GPU@33.5C AO@42.5C thermal@33.75C POM_5V_IN 2177/2062 POM_5V_GPU 82/40 POM_5V_CPU 328/264
[ts: 1636413629.740274] RAM 2716/3956MB (lfb 124x4MB) SWAP 238/1978MB (cached 12MB) IRAM 0/252kB(lfb 252kB) CPU [100%@518,off,off,off] EMC_FREQ 3%@1600 GR3D_FREQ 6%@76 APE 25 PLL@32.5C CPU@34C PMIC@50C GPU@33C AO@42C thermal@34C POM_5V_IN 2218/2064 POM_5V_GPU 82/41 POM_5V_CPU 328/265
[ts: 1636413630.256319] RAM 2737/3956MB (lfb 122x4MB) SWAP 238/1978MB (cached 12MB) IRAM 0/252kB(lfb 252kB) CPU [98%@518,off,off,off] EMC_FREQ 3%@1600 GR3D_FREQ 12%@76 APE 25 PLL@32.5C CPU@34C PMIC@50C GPU@33.5C AO@42C thermal@34C POM_5V_IN 2177/2066 POM_5V_GPU 82/41 POM_5V_CPU 287/266
[ts: 1636413630.771882] RAM 2776/3956MB (lfb 117x4MB) SWAP 238/1978MB (cached 12MB) IRAM 0/252kB(lfb 252kB) CPU [100%@518,off,off,off] EMC_FREQ 3%@1600 GR3D_FREQ 23%@76 APE 25 PLL@32C CPU@34C PMIC@50C GPU@33.5C AO@42C thermal@33.75C POM_5V_IN 2136/2066 POM_5V_GPU 82/42 POM_5V_CPU 287/266
[ts: 1636413631.287493] RAM 2803/3956MB (lfb 115x4MB) SWAP 238/1978MB (cached 12MB) IRAM 0/252kB(lfb 252kB) CPU [100%@518,off,off,off] EMC_FREQ 3%@1600 GR3D_FREQ 0%@76 APE 25 PLL@32C CPU@34.5C PMIC@50C GPU@33.5C AO@42C thermal@33.75C POM_5V_IN 2177/2068 POM_5V_GPU 41/42 POM_5V_CPU 328/267
[ts: 1636413631.803796] RAM 2840/3956MB (lfb 111x4MB) SWAP 238/1978MB (cached 12MB) IRAM 0/252kB(lfb 252kB) CPU [100%@518,off,off,off] EMC_FREQ 3%@1600 GR3D_FREQ 10%@76 APE 25 PLL@32C CPU@34.5C PMIC@50C GPU@33.5C AO@42.5C thermal@33.75C POM_5V_IN 2177/2069 POM_5V_GPU 82/42 POM_5V_CPU 328/267
[ts: 1636413632.321874] RAM 2889/3956MB (lfb 106x4MB) SWAP 238/1978MB (cached 12MB) IRAM 0/252kB(lfb 252kB) CPU [100%@518,off,off,off] EMC_FREQ 3%@1600 GR3D_FREQ 0%@76 APE 25 PLL@32C CPU@34C PMIC@50C GPU@33.5C AO@42.5C thermal@33.75C POM_5V_IN 2177/2070 POM_5V_GPU 41/42 POM_5V_CPU 369/269
[ts: 1636413632.839497] RAM 2932/3956MB (lfb 102x4MB) SWAP 238/1978MB (cached 12MB) IRAM 0/252kB(lfb 252kB) CPU [100%@518,off,off,off] EMC_FREQ 3%@1600 GR3D_FREQ 0%@76 APE 25 PLL@32.5C CPU@34.5C PMIC@50C GPU@33.5C AO@42.5C thermal@33.75C POM_5V_IN 2177/2072 POM_5V_GPU 41/42 POM_5V_CPU 369/270
[ts: 1636413633.354014] RAM 2933/3956MB (lfb 102x4MB) SWAP 238/1978MB (cached 12MB) IRAM 0/252kB(lfb 252kB) CPU [96%@518,off,off,off] EMC_FREQ 3%@1600 GR3D_FREQ 0%@76 APE 25 PLL@32C CPU@34.5C PMIC@50C GPU@33.5C AO@42.5C thermal@33.75C POM_5V_IN 2136/2072 POM_5V_GPU 41/42 POM_5V_CPU 328/270
[ts: 1636413633.871580] RAM 2933/3956MB (lfb 102x4MB) SWAP 238/1978MB (cached 12MB) IRAM 0/252kB(lfb 252kB) CPU [100%@518,off,off,off] EMC_FREQ 3%@1600 GR3D_FREQ 0%@76 APE 25 PLL@32C CPU@34.5C PMIC@50C GPU@33.5C AO@42.5C thermal@33.75C POM_5V_IN 2136/2073 POM_5V_GPU 41/42 POM_5V_CPU 328/271
[ts: 1636413634.387054] RAM 2933/3956MB (lfb 102x4MB) SWAP 238/1978MB (cached 12MB) IRAM 0/252kB(lfb 252kB) CPU [100%@518,off,off,off] EMC_FREQ 3%@1600 GR3D_FREQ 0%@76 APE 25 PLL@32C CPU@34.5C PMIC@50C GPU@33.5C AO@42C thermal@34C POM_5V_IN 2136/2074 POM_5V_GPU 41/42 POM_5V_CPU 328/272
[ts: 1636413634.901867] RAM 2933/3956MB (lfb 102x4MB) SWAP 238/1978MB (cached 12MB) IRAM 0/252kB(lfb 252kB) CPU [100%@518,off,off,off] EMC_FREQ 3%@1600 GR3D_FREQ 0%@76 APE 25 PLL@32C CPU@34C PMIC@50C GPU@33.5C AO@42.5C thermal@34C POM_5V_IN 2136/2075 POM_5V_GPU 41/42 POM_5V_CPU 328/272
[ts: 1636413635.417346] RAM 2933/3956MB (lfb 102x4MB) SWAP 238/1978MB (cached 12MB) IRAM 0/252kB(lfb 252kB) CPU [100%@518,off,off,off] EMC_FREQ 3%@1600 GR3D_FREQ 0%@76 APE 25 PLL@32C CPU@34.5C PMIC@50C GPU@34C AO@42C thermal@34C POM_5V_IN 2136/2075 POM_5V_GPU 41/42 POM_5V_CPU 328/273
[ts: 1636413635.935211] RAM 2933/3956MB (lfb 102x4MB) SWAP 238/1978MB (cached 12MB) IRAM 0/252kB(lfb 252kB) CPU [100%@518,off,off,off] EMC_FREQ 3%@1600 GR3D_FREQ 0%@76 APE 25 PLL@32C CPU@34.5C PMIC@50C GPU@34C AO@42.5C thermal@34C POM_5V_IN 2095/2076 POM_5V_GPU 0/41 POM_5V_CPU 328/274
[ts: 1636413636.450103] RAM 2933/3956MB (lfb 102x4MB) SWAP 238/1978MB (cached 12MB) IRAM 0/252kB(lfb 252kB) CPU [100%@518,off,off,off] EMC_FREQ 3%@1600 GR3D_FREQ 0%@76 APE 25 PLL@32C CPU@34.5C PMIC@50C GPU@34C AO@42.5C thermal@34C POM_5V_IN 2054/2075 POM_5V_GPU 0/41 POM_5V_CPU 328/274
[ts: 1636413636.964335] RAM 2933/3956MB (lfb 102x4MB) SWAP 238/1978MB (cached 12MB) IRAM 0/252kB(lfb 252kB) CPU [100%@518,off,off,off] EMC_FREQ 2%@1600 GR3D_FREQ 0%@76 APE 25 PLL@32C CPU@34C PMIC@50C GPU@34C AO@42.5C thermal@34C POM_5V_IN 2054/2075 POM_5V_GPU 0/41 POM_5V_CPU 328/275
[ts: 1636413637.478911] RAM 2933/3956MB (lfb 102x4MB) SWAP 238/1978MB (cached 12MB) IRAM 0/252kB(lfb 252kB) CPU [100%@518,off,off,off] EMC_FREQ 2%@1600 GR3D_FREQ 0%@76 APE 25 PLL@32C CPU@34.5C PMIC@50C GPU@34C AO@42C thermal@34.25C POM_5V_IN 2095/2075 POM_5V_GPU 0/40 POM_5V_CPU 369/276
[ts: 1636413637.996318] RAM 2933/3956MB (lfb 102x4MB) SWAP 238/1978MB (cached 12MB) IRAM 0/252kB(lfb 252kB) CPU [100%@518,off,off,off] EMC_FREQ 2%@1600 GR3D_FREQ 0%@76 APE 25 PLL@32C CPU@34C PMIC@50C GPU@34C AO@42C thermal@34.25C POM_5V_IN 2095/2075 POM_5V_GPU 0/40 POM_5V_CPU 328/276
[ts: 1636413638.510838] RAM 2933/3956MB (lfb 102x4MB) SWAP 238/1978MB (cached 12MB) IRAM 0/252kB(lfb 252kB) CPU [100%@518,off,off,off] EMC_FREQ 2%@1600 GR3D_FREQ 0%@76 APE 25 PLL@32C CPU@34.5C PMIC@50C GPU@34C AO@42.5C thermal@34.25C POM_5V_IN 2095/2076 POM_5V_GPU 0/39 POM_5V_CPU 328/277
[ts: 1636413639.025750] RAM 2933/3956MB (lfb 102x4MB) SWAP 238/1978MB (cached 12MB) IRAM 0/252kB(lfb 252kB) CPU [100%@518,off,off,off] EMC_FREQ 2%@1600 GR3D_FREQ 0%@76 APE 25 PLL@32C CPU@34C PMIC@50C GPU@34C AO@42.5C thermal@34C POM_5V_IN 2095/2076 POM_5V_GPU 0/39 POM_5V_CPU 246/277
[ts: 1636413639.540409] RAM 2933/3956MB (lfb 102x4MB) SWAP 238/1978MB (cached 12MB) IRAM 0/252kB(lfb 252kB) CPU [100%@518,off,off,off] EMC_FREQ 3%@1600 GR3D_FREQ 0%@76 APE 25 PLL@32C CPU@34.5C PMIC@50C GPU@34C AO@42C thermal@34C POM_5V_IN 2095/2076 POM_5V_GPU 0/38 POM_5V_CPU 287/277
[ts: 1636413640.056124] RAM 2733/3956MB (lfb 102x4MB) SWAP 238/1978MB (cached 12MB) IRAM 0/252kB(lfb 252kB) CPU [100%@518,off,off,off] EMC_FREQ 3%@1600 GR3D_FREQ 0%@76 APE 25 PLL@32C CPU@34.5C PMIC@50C GPU@34C AO@42.5C thermal@34.25C POM_5V_IN 2054/2076 POM_5V_GPU 0/38 POM_5V_CPU 328/277
[ts: 1636413640.575166] RAM 1457/3956MB (lfb 199x4MB) SWAP 238/1978MB (cached 12MB) IRAM 0/252kB(lfb 252kB) CPU [100%@518,off,off,off] EMC_FREQ 3%@1600 GR3D_FREQ 0%@76 APE 25 PLL@32C CPU@34C PMIC@50C GPU@33.5C AO@42C thermal@34.25C POM_5V_IN 2095/2076 POM_5V_GPU 41/38 POM_5V_CPU 287/277
[ts: 1636413641.086108] RAM 1456/3956MB (lfb 199x4MB) SWAP 238/1978MB (cached 12MB) IRAM 0/252kB(lfb 252kB) CPU [100%@518,off,off,off] EMC_FREQ 4%@1600 GR3D_FREQ 0%@76 APE 25 PLL@32C CPU@34C PMIC@50C GPU@33.5C AO@42.5C thermal@33.75C POM_5V_IN 2256/2078 POM_5V_GPU 41/38 POM_5V_CPU 287/277
[ts: 1636413641.596772] RAM 1456/3956MB (lfb 199x4MB) SWAP 238/1978MB (cached 12MB) IRAM 0/252kB(lfb 252kB) CPU [7%@518,off,off,off] EMC_FREQ 3%@1600 GR3D_FREQ 0%@76 APE 25 PLL@32C CPU@34C PMIC@50C GPU@33.5C AO@42C thermal@33.75C POM_5V_IN 1851/2076 POM_5V_GPU 41/38 POM_5V_CPU 123/276
[ts: 1636413642.108264] RAM 1456/3956MB (lfb 199x4MB) SWAP 238/1978MB (cached 12MB) IRAM 0/252kB(lfb 252kB) CPU [4%@518,off,off,off] EMC_FREQ 3%@1600 GR3D_FREQ 0%@76 APE 25 PLL@31.5C CPU@34C PMIC@50C GPU@33.5C AO@42.5C thermal@34.25C POM_5V_IN 1810/2073 POM_5V_GPU 0/38 POM_5V_CPU 123/274
[ts: 1636413642.619535] RAM 1456/3956MB (lfb 199x4MB) SWAP 238/1978MB (cached 12MB) IRAM 0/252kB(lfb 252kB) CPU [4%@518,off,off,off] EMC_FREQ 3%@1600 GR3D_FREQ 0%@76 APE 25 PLL@32C CPU@33.5C PMIC@50C GPU@34C AO@42C thermal@34.25C POM_5V_IN 1810/2070 POM_5V_GPU 0/37 POM_5V_CPU 123/273
