SOC family:tegra210  Machine:NVIDIA Jetson Nano Developer Kit
Online CPUs: 0
cpu0: Online=1 Governor=schedutil MinFreq=1479000 MaxFreq=1479000 CurrentFreq=1479000 IdleStates: WFI=1 c7=1 
cpu1: Online=0 Governor=schedutil MinFreq=1479000 MaxFreq=1479000 CurrentFreq=1479000 IdleStates: WFI=1 c7=1 
cpu2: Online=0 Governor=schedutil MinFreq=1479000 MaxFreq=1479000 CurrentFreq=1479000 IdleStates: WFI=1 c7=1 
cpu3: Online=0 Governor=schedutil MinFreq=1479000 MaxFreq=1479000 CurrentFreq=1479000 IdleStates: WFI=1 c7=1 
GPU MinFreq=76800000 MaxFreq=921600000 CurrentFreq=153600000
EMC MinFreq=204000000 MaxFreq=1600000000 CurrentFreq=1600000000 FreqOverride=0
Fan: PWM=0
NV Power Mode: MAXN
[ts: 1636412345.045780] RAM 1532/3956MB (lfb 195x4MB) SWAP 150/1978MB (cached 5MB) IRAM 0/252kB(lfb 252kB) CPU [20%@1479,off,off,off] EMC_FREQ 2%@1600 GR3D_FREQ 0%@153 APE 25 PLL@31C CPU@33.5C PMIC@50C GPU@32.5C AO@41.5C thermal@33C POM_5V_IN 1892/1892 POM_5V_GPU 41/41 POM_5V_CPU 164/164
[ts: 1636412345.552709] RAM 1532/3956MB (lfb 195x4MB) SWAP 150/1978MB (cached 5MB) IRAM 0/252kB(lfb 252kB) CPU [3%@1479,off,off,off] EMC_FREQ 2%@1600 GR3D_FREQ 0%@153 APE 25 PLL@31.5C CPU@33.5C PMIC@50C GPU@33C AO@41.5C thermal@33C POM_5V_IN 1892/1892 POM_5V_GPU 41/41 POM_5V_CPU 164/164
[ts: 1636412346.059379] RAM 1532/3956MB (lfb 195x4MB) SWAP 150/1978MB (cached 5MB) IRAM 0/252kB(lfb 252kB) CPU [2%@1479,off,off,off] EMC_FREQ 2%@1600 GR3D_FREQ 0%@153 APE 25 PLL@31.5C CPU@33.5C PMIC@50C GPU@32.5C AO@41C thermal@33C POM_5V_IN 1892/1892 POM_5V_GPU 41/41 POM_5V_CPU 164/164
[ts: 1636412346.566117] RAM 1532/3956MB (lfb 195x4MB) SWAP 150/1978MB (cached 5MB) IRAM 0/252kB(lfb 252kB) CPU [2%@1479,off,off,off] EMC_FREQ 2%@1600 GR3D_FREQ 0%@153 APE 25 PLL@31.5C CPU@33C PMIC@50C GPU@33C AO@41C thermal@33C POM_5V_IN 1934/1902 POM_5V_GPU 41/41 POM_5V_CPU 205/174
[ts: 1636412347.072353] RAM 1532/3956MB (lfb 195x4MB) SWAP 150/1978MB (cached 5MB) IRAM 0/252kB(lfb 252kB) CPU [3%@1479,off,off,off] EMC_FREQ 2%@1600 GR3D_FREQ 0%@76 APE 25 PLL@31.5C CPU@33C PMIC@50C GPU@32.5C AO@41C thermal@33C POM_5V_IN 1892/1900 POM_5V_GPU 41/41 POM_5V_CPU 164/172
[ts: 1636412347.579047] RAM 1532/3956MB (lfb 195x4MB) SWAP 150/1978MB (cached 5MB) IRAM 0/252kB(lfb 252kB) CPU [2%@1479,off,off,off] EMC_FREQ 2%@1600 GR3D_FREQ 0%@76 APE 25 PLL@31.5C CPU@33C PMIC@50C GPU@32.5C AO@41C thermal@33C POM_5V_IN 1892/1899 POM_5V_GPU 41/41 POM_5V_CPU 164/170
[ts: 1636412348.085753] RAM 1532/3956MB (lfb 195x4MB) SWAP 150/1978MB (cached 5MB) IRAM 0/252kB(lfb 252kB) CPU [2%@1479,off,off,off] EMC_FREQ 2%@1600 GR3D_FREQ 0%@76 APE 25 PLL@31C CPU@33C PMIC@50C GPU@32.5C AO@41.5C thermal@33C POM_5V_IN 1892/1898 POM_5V_GPU 41/41 POM_5V_CPU 164/169
[ts: 1636412348.592254] RAM 1532/3956MB (lfb 195x4MB) SWAP 150/1978MB (cached 5MB) IRAM 0/252kB(lfb 252kB) CPU [5%@1479,off,off,off] EMC_FREQ 2%@1600 GR3D_FREQ 0%@76 APE 25 PLL@31C CPU@33.5C PMIC@50C GPU@33C AO@41.5C thermal@32.75C POM_5V_IN 1892/1897 POM_5V_GPU 41/41 POM_5V_CPU 164/169
[ts: 1636412349.099100] RAM 1532/3956MB (lfb 195x4MB) SWAP 150/1978MB (cached 5MB) IRAM 0/252kB(lfb 252kB) CPU [3%@1479,off,off,off] EMC_FREQ 2%@1600 GR3D_FREQ 0%@76 APE 25 PLL@31.5C CPU@33.5C PMIC@50C GPU@32.5C AO@41.5C thermal@32.75C POM_5V_IN 1892/1896 POM_5V_GPU 41/41 POM_5V_CPU 164/168
[ts: 1636412349.605711] RAM 1532/3956MB (lfb 195x4MB) SWAP 150/1978MB (cached 5MB) IRAM 0/252kB(lfb 252kB) CPU [0%@1479,off,off,off] EMC_FREQ 2%@1600 GR3D_FREQ 0%@76 APE 25 PLL@31C CPU@33C PMIC@50C GPU@32.5C AO@41.5C thermal@32.75C POM_5V_IN 1934/1900 POM_5V_GPU 41/41 POM_5V_CPU 164/168
[ts: 1636412350.112010] RAM 1532/3956MB (lfb 195x4MB) SWAP 150/1978MB (cached 5MB) IRAM 0/252kB(lfb 252kB) CPU [3%@1479,off,off,off] EMC_FREQ 2%@1600 GR3D_FREQ 0%@76 APE 25 PLL@31C CPU@33.5C PMIC@50C GPU@33C AO@41.5C thermal@32.75C POM_5V_IN 1892/1899 POM_5V_GPU 41/41 POM_5V_CPU 164/167
[ts: 1636412350.618792] RAM 1532/3956MB (lfb 195x4MB) SWAP 150/1978MB (cached 5MB) IRAM 0/252kB(lfb 252kB) CPU [2%@1479,off,off,off] EMC_FREQ 2%@1600 GR3D_FREQ 0%@76 APE 25 PLL@31C CPU@33C PMIC@50C GPU@32.5C AO@41C thermal@33C POM_5V_IN 1892/1899 POM_5V_GPU 41/41 POM_5V_CPU 164/167
[ts: 1636412351.125245] RAM 1532/3956MB (lfb 195x4MB) SWAP 150/1978MB (cached 5MB) IRAM 0/252kB(lfb 252kB) CPU [5%@1479,off,off,off] EMC_FREQ 2%@1600 GR3D_FREQ 0%@76 APE 25 PLL@31.5C CPU@33.5C PMIC@50C GPU@32.5C AO@41C thermal@33C POM_5V_IN 1892/1898 POM_5V_GPU 41/41 POM_5V_CPU 164/167
[ts: 1636412351.632009] RAM 1532/3956MB (lfb 195x4MB) SWAP 150/1978MB (cached 5MB) IRAM 0/252kB(lfb 252kB) CPU [2%@1479,off,off,off] EMC_FREQ 2%@1600 GR3D_FREQ 0%@76 APE 25 PLL@31.5C CPU@33C PMIC@50C GPU@32.5C AO@41C thermal@33C POM_5V_IN 1892/1898 POM_5V_GPU 41/41 POM_5V_CPU 164/166
[ts: 1636412352.138748] RAM 1532/3956MB (lfb 195x4MB) SWAP 150/1978MB (cached 5MB) IRAM 0/252kB(lfb 252kB) CPU [0%@1479,off,off,off] EMC_FREQ 2%@1600 GR3D_FREQ 0%@76 APE 25 PLL@31C CPU@33.5C PMIC@50C GPU@32.5C AO@41C thermal@33C POM_5V_IN 1892/1897 POM_5V_GPU 41/41 POM_5V_CPU 164/166
[ts: 1636412352.645245] RAM 1532/3956MB (lfb 195x4MB) SWAP 150/1978MB (cached 5MB) IRAM 0/252kB(lfb 252kB) CPU [4%@1479,off,off,off] EMC_FREQ 2%@1600 GR3D_FREQ 0%@76 APE 25 PLL@31.5C CPU@33.5C PMIC@50C GPU@32.5C AO@41C thermal@33C POM_5V_IN 1892/1897 POM_5V_GPU 41/41 POM_5V_CPU 164/166
[ts: 1636412353.152135] RAM 1532/3956MB (lfb 195x4MB) SWAP 150/1978MB (cached 5MB) IRAM 0/252kB(lfb 252kB) CPU [2%@1479,off,off,off] EMC_FREQ 2%@1600 GR3D_FREQ 11%@76 APE 25 PLL@31C CPU@33.5C PMIC@50C GPU@32.5C AO@41.5C thermal@33C POM_5V_IN 1975/1901 POM_5V_GPU 41/41 POM_5V_CPU 205/168
[ts: 1636412353.658622] RAM 1532/3956MB (lfb 195x4MB) SWAP 150/1978MB (cached 5MB) IRAM 0/252kB(lfb 252kB) CPU [0%@1479,off,off,off] EMC_FREQ 2%@1600 GR3D_FREQ 0%@76 APE 25 PLL@31C CPU@33C PMIC@50C GPU@33C AO@41C thermal@33C POM_5V_IN 1892/1901 POM_5V_GPU 41/41 POM_5V_CPU 164/168
[ts: 1636412354.165316] RAM 1532/3956MB (lfb 195x4MB) SWAP 150/1978MB (cached 5MB) IRAM 0/252kB(lfb 252kB) CPU [0%@1479,off,off,off] EMC_FREQ 2%@1600 GR3D_FREQ 0%@76 APE 25 PLL@31C CPU@33C PMIC@50C GPU@32.5C AO@41.5C thermal@32.75C POM_5V_IN 1892/1900 POM_5V_GPU 41/41 POM_5V_CPU 164/168
[ts: 1636412354.671996] RAM 1537/3956MB (lfb 195x4MB) SWAP 150/1978MB (cached 5MB) IRAM 0/252kB(lfb 252kB) CPU [35%@1479,off,off,off] EMC_FREQ 2%@1600 GR3D_FREQ 0%@76 APE 25 PLL@31.5C CPU@34C PMIC@50C GPU@32.5C AO@42C thermal@32.75C POM_5V_IN 2740/1942 POM_5V_GPU 40/40 POM_5V_CPU 899/204
[ts: 1636412355.179759] RAM 1549/3956MB (lfb 195x4MB) SWAP 150/1978MB (cached 5MB) IRAM 0/252kB(lfb 252kB) CPU [100%@1479,off,off,off] EMC_FREQ 2%@1600 GR3D_FREQ 0%@76 APE 25 PLL@31.5C CPU@34.5C PMIC@50C GPU@33C AO@41.5C thermal@33.75C POM_5V_IN 2780/1982 POM_5V_GPU 40/40 POM_5V_CPU 940/239
[ts: 1636412355.686603] RAM 1562/3956MB (lfb 195x4MB) SWAP 150/1978MB (cached 5MB) IRAM 0/252kB(lfb 252kB) CPU [100%@1479,off,off,off] EMC_FREQ 2%@1600 GR3D_FREQ 0%@76 APE 25 PLL@32C CPU@34.5C PMIC@50C GPU@33C AO@42C thermal@33.75C POM_5V_IN 2780/2018 POM_5V_GPU 40/40 POM_5V_CPU 940/271
[ts: 1636412356.193455] RAM 1569/3956MB (lfb 195x4MB) SWAP 150/1978MB (cached 5MB) IRAM 0/252kB(lfb 252kB) CPU [100%@1479,off,off,off] EMC_FREQ 2%@1600 GR3D_FREQ 0%@76 APE 25 PLL@32C CPU@34.5C PMIC@50C GPU@33C AO@42C thermal@33.5C POM_5V_IN 2740/2050 POM_5V_GPU 40/40 POM_5V_CPU 981/302
[ts: 1636412356.700384] RAM 1584/3956MB (lfb 195x4MB) SWAP 150/1978MB (cached 5MB) IRAM 0/252kB(lfb 252kB) CPU [100%@1479,off,off,off] EMC_FREQ 2%@1600 GR3D_FREQ 0%@76 APE 25 PLL@31.5C CPU@34.5C PMIC@50C GPU@33C AO@42C thermal@33.5C POM_5V_IN 2780/2080 POM_5V_GPU 40/40 POM_5V_CPU 981/330
[ts: 1636412357.207127] RAM 1613/3956MB (lfb 195x4MB) SWAP 150/1978MB (cached 5MB) IRAM 0/252kB(lfb 252kB) CPU [100%@1479,off,off,off] EMC_FREQ 2%@1600 GR3D_FREQ 0%@76 APE 25 PLL@31.5C CPU@34.5C PMIC@50C GPU@33C AO@42C thermal@33.5C POM_5V_IN 2780/2108 POM_5V_GPU 40/40 POM_5V_CPU 940/355
[ts: 1636412357.714162] RAM 1623/3956MB (lfb 195x4MB) SWAP 150/1978MB (cached 5MB) IRAM 0/252kB(lfb 252kB) CPU [100%@1479,off,off,off] EMC_FREQ 2%@1600 GR3D_FREQ 0%@76 APE 25 PLL@31.5C CPU@35C PMIC@50C GPU@32.5C AO@42C thermal@33.75C POM_5V_IN 2740/2132 POM_5V_GPU 40/40 POM_5V_CPU 940/377
[ts: 1636412358.220674] RAM 1633/3956MB (lfb 195x4MB) SWAP 150/1978MB (cached 5MB) IRAM 0/252kB(lfb 252kB) CPU [100%@1479,off,off,off] EMC_FREQ 2%@1600 GR3D_FREQ 0%@76 APE 25 PLL@32C CPU@34.5C PMIC@50C GPU@34C AO@42C thermal@33.75C POM_5V_IN 2740/2155 POM_5V_GPU 0/39 POM_5V_CPU 981/400
[ts: 1636412358.727667] RAM 1661/3956MB (lfb 195x4MB) SWAP 150/1978MB (cached 5MB) IRAM 0/252kB(lfb 252kB) CPU [100%@1479,off,off,off] EMC_FREQ 3%@1600 GR3D_FREQ 0%@76 APE 25 PLL@32C CPU@35C PMIC@50C GPU@33.5C AO@42C thermal@34C POM_5V_IN 2939/2183 POM_5V_GPU 40/39 POM_5V_CPU 1061/423
[ts: 1636412359.234600] RAM 1742/3956MB (lfb 195x4MB) SWAP 150/1978MB (cached 5MB) IRAM 0/252kB(lfb 252kB) CPU [98%@1479,off,off,off] EMC_FREQ 3%@1600 GR3D_FREQ 0%@76 APE 25 PLL@32C CPU@34.5C PMIC@50C GPU@33C AO@42C thermal@34C POM_5V_IN 2939/2209 POM_5V_GPU 81/40 POM_5V_CPU 939/441
[ts: 1636412359.741332] RAM 1799/3956MB (lfb 195x4MB) SWAP 150/1978MB (cached 5MB) IRAM 0/252kB(lfb 252kB) CPU [100%@1479,off,off,off] EMC_FREQ 4%@1600 GR3D_FREQ 28%@76 APE 25 PLL@32C CPU@34.5C PMIC@50C GPU@33C AO@42C thermal@34C POM_5V_IN 2858/2231 POM_5V_GPU 81/42 POM_5V_CPU 940/458
[ts: 1636412360.252390] RAM 1852/3956MB (lfb 193x4MB) SWAP 150/1978MB (cached 5MB) IRAM 0/252kB(lfb 252kB) CPU [98%@1479,off,off,off] EMC_FREQ 4%@1600 GR3D_FREQ 25%@76 APE 25 PLL@32C CPU@34.5C PMIC@50C GPU@33C AO@42C thermal@34C POM_5V_IN 2939/2253 POM_5V_GPU 81/43 POM_5V_CPU 979/474
[ts: 1636412360.759046] RAM 1924/3956MB (lfb 187x4MB) SWAP 150/1978MB (cached 5MB) IRAM 0/252kB(lfb 252kB) CPU [100%@1479,off,off,off] EMC_FREQ 4%@1600 GR3D_FREQ 37%@76 APE 25 PLL@32C CPU@34.5C PMIC@50C GPU@33C AO@42C thermal@33.75C POM_5V_IN 2780/2270 POM_5V_GPU 81/44 POM_5V_CPU 899/488
[ts: 1636412361.266272] RAM 2001/3956MB (lfb 182x4MB) SWAP 150/1978MB (cached 5MB) IRAM 0/252kB(lfb 252kB) CPU [98%@1479,off,off,off] EMC_FREQ 4%@1600 GR3D_FREQ 0%@76 APE 25 PLL@32C CPU@35C PMIC@50C GPU@33C AO@42C thermal@33.75C POM_5V_IN 2862/2288 POM_5V_GPU 40/44 POM_5V_CPU 981/503
[ts: 1636412361.773851] RAM 2042/3956MB (lfb 179x4MB) SWAP 150/1978MB (cached 5MB) IRAM 0/252kB(lfb 252kB) CPU [96%@1479,off,off,off] EMC_FREQ 4%@1600 GR3D_FREQ 38%@76 APE 25 PLL@32C CPU@34.5C PMIC@50C GPU@33.5C AO@42C thermal@34C POM_5V_IN 2821/2303 POM_5V_GPU 81/45 POM_5V_CPU 940/515
[ts: 1636412362.280589] RAM 2145/3956MB (lfb 168x4MB) SWAP 150/1978MB (cached 5MB) IRAM 0/252kB(lfb 252kB) CPU [100%@1479,off,off,off] EMC_FREQ 4%@1600 GR3D_FREQ 0%@76 APE 25 PLL@32C CPU@35C PMIC@50C GPU@33C AO@42C thermal@34C POM_5V_IN 2980/2323 POM_5V_GPU 40/45 POM_5V_CPU 1020/530
[ts: 1636412362.787354] RAM 2203/3956MB (lfb 163x4MB) SWAP 150/1978MB (cached 5MB) IRAM 0/252kB(lfb 252kB) CPU [98%@1479,off,off,off] EMC_FREQ 4%@1600 GR3D_FREQ 24%@76 APE 25 PLL@32C CPU@34.5C PMIC@50C GPU@33C AO@42.5C thermal@34C POM_5V_IN 2939/2340 POM_5V_GPU 81/46 POM_5V_CPU 979/542
[ts: 1636412363.294262] RAM 2272/3956MB (lfb 159x4MB) SWAP 150/1978MB (cached 5MB) IRAM 0/252kB(lfb 252kB) CPU [96%@1479,off,off,off] EMC_FREQ 4%@1600 GR3D_FREQ 12%@76 APE 25 PLL@31.5C CPU@34.5C PMIC@50C GPU@32.5C AO@42C thermal@34C POM_5V_IN 2939/2356 POM_5V_GPU 81/47 POM_5V_CPU 979/554
[ts: 1636412363.801567] RAM 2364/3956MB (lfb 150x4MB) SWAP 150/1978MB (cached 5MB) IRAM 0/252kB(lfb 252kB) CPU [98%@1479,off,off,off] EMC_FREQ 5%@1600 GR3D_FREQ 30%@76 APE 25 PLL@32C CPU@35C PMIC@50C GPU@33C AO@42C thermal@34C POM_5V_IN 2862/2369 POM_5V_GPU 81/48 POM_5V_CPU 981/565
[ts: 1636412364.308960] RAM 2412/3956MB (lfb 146x4MB) SWAP 150/1978MB (cached 5MB) IRAM 0/252kB(lfb 252kB) CPU [97%@1479,off,off,off] EMC_FREQ 5%@1600 GR3D_FREQ 29%@76 APE 25 PLL@32C CPU@34.5C PMIC@50C GPU@33C AO@42C thermal@34.25C POM_5V_IN 2821/2381 POM_5V_GPU 81/48 POM_5V_CPU 899/574
[ts: 1636412364.816008] RAM 2499/3956MB (lfb 137x4MB) SWAP 150/1978MB (cached 5MB) IRAM 0/252kB(lfb 252kB) CPU [98%@1479,off,off,off] EMC_FREQ 5%@1600 GR3D_FREQ 0%@76 APE 25 PLL@31.5C CPU@36C PMIC@50C GPU@33C AO@42.5C thermal@34.25C POM_5V_IN 3139/2400 POM_5V_GPU 40/48 POM_5V_CPU 1223/590
[ts: 1636412365.323782] RAM 2549/3956MB (lfb 134x4MB) SWAP 150/1978MB (cached 5MB) IRAM 0/252kB(lfb 252kB) CPU [98%@1479,off,off,off] EMC_FREQ 5%@1600 GR3D_FREQ 20%@76 APE 25 PLL@32C CPU@35C PMIC@50C GPU@33.5C AO@42C thermal@34C POM_5V_IN 2862/2411 POM_5V_GPU 81/49 POM_5V_CPU 940/599
[ts: 1636412365.830762] RAM 2628/3956MB (lfb 128x4MB) SWAP 150/1978MB (cached 5MB) IRAM 0/252kB(lfb 252kB) CPU [98%@1479,off,off,off] EMC_FREQ 5%@1600 GR3D_FREQ 0%@76 APE 25 PLL@31.5C CPU@35.5C PMIC@50C GPU@33C AO@42C thermal@34C POM_5V_IN 2980/2425 POM_5V_GPU 40/49 POM_5V_CPU 1061/610
[ts: 1636412366.337564] RAM 2710/3956MB (lfb 118x4MB) SWAP 150/1978MB (cached 5MB) IRAM 0/252kB(lfb 252kB) CPU [97%@1479,off,off,off] EMC_FREQ 5%@1600 GR3D_FREQ 0%@76 APE 25 PLL@32C CPU@34.5C PMIC@50C GPU@33C AO@42C thermal@33.75C POM_5V_IN 2899/2436 POM_5V_GPU 40/49 POM_5V_CPU 939/617
[ts: 1636412366.844892] RAM 2757/3956MB (lfb 113x4MB) SWAP 150/1978MB (cached 5MB) IRAM 0/252kB(lfb 252kB) CPU [96%@1479,off,off,off] EMC_FREQ 5%@1600 GR3D_FREQ 28%@76 APE 25 PLL@32C CPU@34.5C PMIC@50C GPU@32.5C AO@42C thermal@33.75C POM_5V_IN 2821/2444 POM_5V_GPU 81/49 POM_5V_CPU 940/625
[ts: 1636412367.351927] RAM 2815/3956MB (lfb 109x4MB) SWAP 150/1978MB (cached 5MB) IRAM 0/252kB(lfb 252kB) CPU [97%@1479,off,off,off] EMC_FREQ 5%@1600 GR3D_FREQ 25%@76 APE 25 PLL@32C CPU@34.5C PMIC@50C GPU@33C AO@42C thermal@33.75C POM_5V_IN 2780/2452 POM_5V_GPU 81/50 POM_5V_CPU 899/631
[ts: 1636412367.858728] RAM 2898/3956MB (lfb 107x4MB) SWAP 150/1978MB (cached 5MB) IRAM 0/252kB(lfb 252kB) CPU [97%@1479,off,off,off] EMC_FREQ 5%@1600 GR3D_FREQ 27%@76 APE 25 PLL@32C CPU@34.5C PMIC@50C GPU@33C AO@42.5C thermal@33.75C POM_5V_IN 2899/2462 POM_5V_GPU 81/51 POM_5V_CPU 979/638
[ts: 1636412368.373121] RAM 2949/3956MB (lfb 107x4MB) SWAP 171/1978MB (cached 5MB) IRAM 0/252kB(lfb 252kB) CPU [100%@1479,off,off,off] EMC_FREQ 5%@1600 GR3D_FREQ 0%@76 APE 25 PLL@32C CPU@34.5C PMIC@50C GPU@33.5C AO@42C thermal@33.75C POM_5V_IN 2899/2471 POM_5V_GPU 40/50 POM_5V_CPU 1020/646
[ts: 1636412368.888601] RAM 2956/3956MB (lfb 107x4MB) SWAP 193/1978MB (cached 5MB) IRAM 0/252kB(lfb 252kB) CPU [100%@1479,off,off,off] EMC_FREQ 5%@1600 GR3D_FREQ 35%@76 APE 25 PLL@32C CPU@34.5C PMIC@50C GPU@33.5C AO@42C thermal@34C POM_5V_IN 2821/2478 POM_5V_GPU 81/51 POM_5V_CPU 940/652
[ts: 1636412369.395563] RAM 2960/3956MB (lfb 107x4MB) SWAP 211/1978MB (cached 5MB) IRAM 0/252kB(lfb 252kB) CPU [96%@1479,off,off,off] EMC_FREQ 5%@1600 GR3D_FREQ 0%@76 APE 25 PLL@32C CPU@35.5C PMIC@50C GPU@33C AO@42C thermal@34C POM_5V_IN 2939/2488 POM_5V_GPU 40/51 POM_5V_CPU 1020/660
[ts: 1636412369.902808] RAM 2960/3956MB (lfb 107x4MB) SWAP 211/1978MB (cached 5MB) IRAM 0/252kB(lfb 252kB) CPU [100%@1479,off,off,off] EMC_FREQ 4%@1600 GR3D_FREQ 0%@76 APE 25 PLL@32C CPU@35C PMIC@50C GPU@33C AO@42C thermal@34.5C POM_5V_IN 2939/2497 POM_5V_GPU 40/51 POM_5V_CPU 1061/668
[ts: 1636412370.410818] RAM 2960/3956MB (lfb 107x4MB) SWAP 211/1978MB (cached 5MB) IRAM 0/252kB(lfb 252kB) CPU [100%@1479,off,off,off] EMC_FREQ 4%@1600 GR3D_FREQ 0%@76 APE 25 PLL@32C CPU@36C PMIC@50C GPU@33.5C AO@42.5C thermal@34.5C POM_5V_IN 2980/2506 POM_5V_GPU 40/50 POM_5V_CPU 1102/676
[ts: 1636412370.917858] RAM 2960/3956MB (lfb 107x4MB) SWAP 211/1978MB (cached 5MB) IRAM 0/252kB(lfb 252kB) CPU [100%@1479,off,off,off] EMC_FREQ 4%@1600 GR3D_FREQ 0%@76 APE 25 PLL@32C CPU@35C PMIC@50C GPU@33C AO@42.5C thermal@34.25C POM_5V_IN 2939/2514 POM_5V_GPU 40/50 POM_5V_CPU 1102/685
[ts: 1636412371.426346] RAM 2960/3956MB (lfb 107x4MB) SWAP 211/1978MB (cached 5MB) IRAM 0/252kB(lfb 252kB) CPU [100%@1479,off,off,off] EMC_FREQ 4%@1600 GR3D_FREQ 0%@76 APE 25 PLL@32C CPU@34C PMIC@50C GPU@33C AO@42C thermal@34.25C POM_5V_IN 2740/2519 POM_5V_GPU 40/50 POM_5V_CPU 777/686
[ts: 1636412371.933321] RAM 2956/3956MB (lfb 107x4MB) SWAP 210/1978MB (cached 5MB) IRAM 0/252kB(lfb 252kB) CPU [98%@1479,off,off,off] EMC_FREQ 4%@1600 GR3D_FREQ 0%@76 APE 25 PLL@31.5C CPU@34C PMIC@50C GPU@33C AO@42C thermal@33.75C POM_5V_IN 2658/2521 POM_5V_GPU 40/50 POM_5V_CPU 736/687
[ts: 1636412372.440024] RAM 1484/3956MB (lfb 197x4MB) SWAP 203/1978MB (cached 5MB) IRAM 0/252kB(lfb 252kB) CPU [92%@1479,off,off,off] EMC_FREQ 5%@1600 GR3D_FREQ 0%@76 APE 25 PLL@31.5C CPU@34C PMIC@50C GPU@33C AO@42C thermal@33.75C POM_5V_IN 2420/2519 POM_5V_GPU 41/50 POM_5V_CPU 533/684
[ts: 1636412372.946545] RAM 1484/3956MB (lfb 197x4MB) SWAP 203/1978MB (cached 5MB) IRAM 0/252kB(lfb 252kB) CPU [0%@1479,off,off,off] EMC_FREQ 4%@1600 GR3D_FREQ 0%@76 APE 25 PLL@31.5C CPU@33.5C PMIC@50C GPU@33C AO@42C thermal@33.75C POM_5V_IN 1892/2508 POM_5V_GPU 41/49 POM_5V_CPU 164/675
[ts: 1636412373.452844] RAM 1484/3956MB (lfb 197x4MB) SWAP 203/1978MB (cached 5MB) IRAM 0/252kB(lfb 252kB) CPU [1%@1479,off,off,off] EMC_FREQ 4%@1600 GR3D_FREQ 0%@76 APE 25 PLL@32C CPU@33.5C PMIC@50C GPU@34C AO@41.5C thermal@33.5C POM_5V_IN 1810/2496 POM_5V_GPU 0/49 POM_5V_CPU 164/666
[ts: 1636412373.959323] RAM 1484/3956MB (lfb 197x4MB) SWAP 203/1978MB (cached 5MB) IRAM 0/252kB(lfb 252kB) CPU [2%@1479,off,off,off] EMC_FREQ 3%@1600 GR3D_FREQ 0%@76 APE 25 PLL@31.5C CPU@33.5C PMIC@50C GPU@33.5C AO@41.5C thermal@33.5C POM_5V_IN 1810/2484 POM_5V_GPU 0/48 POM_5V_CPU 164/657
