SOC family:tegra210  Machine:NVIDIA Jetson Nano Developer Kit
Online CPUs: 0
cpu0: Online=1 Governor=schedutil MinFreq=1428000 MaxFreq=1428000 CurrentFreq=1428000 IdleStates: WFI=1 c7=1 
cpu1: Online=0 Governor=schedutil MinFreq=1428000 MaxFreq=1428000 CurrentFreq=1428000 IdleStates: WFI=1 c7=1 
cpu2: Online=0 Governor=schedutil MinFreq=1428000 MaxFreq=1428000 CurrentFreq=1428000 IdleStates: WFI=1 c7=1 
cpu3: Online=0 Governor=schedutil MinFreq=1428000 MaxFreq=1428000 CurrentFreq=1428000 IdleStates: WFI=1 c7=1 
GPU MinFreq=76800000 MaxFreq=921600000 CurrentFreq=76800000
EMC MinFreq=204000000 MaxFreq=1600000000 CurrentFreq=1600000000 FreqOverride=0
Fan: PWM=0
NV Power Mode: MAXN
[ts: 1636412375.263588] RAM 1484/3956MB (lfb 197x4MB) SWAP 203/1978MB (cached 5MB) IRAM 0/252kB(lfb 252kB) CPU [29%@1428,off,off,off] EMC_FREQ 3%@1600 GR3D_FREQ 0%@76 APE 25 PLL@32C CPU@33.5C PMIC@50C GPU@32.5C AO@42C thermal@33.5C POM_5V_IN 1892/1892 POM_5V_GPU 41/41 POM_5V_CPU 164/164
[ts: 1636412375.771443] RAM 1484/3956MB (lfb 197x4MB) SWAP 203/1978MB (cached 5MB) IRAM 0/252kB(lfb 252kB) CPU [4%@1428,off,off,off] EMC_FREQ 3%@1600 GR3D_FREQ 0%@76 APE 25 PLL@31.5C CPU@33.5C PMIC@50C GPU@32.5C AO@41.5C thermal@33.5C POM_5V_IN 1892/1892 POM_5V_GPU 41/41 POM_5V_CPU 164/164
[ts: 1636412376.278181] RAM 1484/3956MB (lfb 197x4MB) SWAP 203/1978MB (cached 5MB) IRAM 0/252kB(lfb 252kB) CPU [3%@1428,off,off,off] EMC_FREQ 3%@1600 GR3D_FREQ 0%@76 APE 25 PLL@31.5C CPU@33.5C PMIC@50C GPU@32.5C AO@41.5C thermal@33.5C POM_5V_IN 1892/1892 POM_5V_GPU 41/41 POM_5V_CPU 164/164
[ts: 1636412376.784956] RAM 1484/3956MB (lfb 197x4MB) SWAP 203/1978MB (cached 5MB) IRAM 0/252kB(lfb 252kB) CPU [2%@1428,off,off,off] EMC_FREQ 2%@1600 GR3D_FREQ 0%@76 APE 25 PLL@31C CPU@33.5C PMIC@50C GPU@32.5C AO@42C thermal@33C POM_5V_IN 1892/1892 POM_5V_GPU 41/41 POM_5V_CPU 164/164
[ts: 1636412377.291607] RAM 1484/3956MB (lfb 197x4MB) SWAP 203/1978MB (cached 5MB) IRAM 0/252kB(lfb 252kB) CPU [4%@1428,off,off,off] EMC_FREQ 2%@1600 GR3D_FREQ 18%@76 APE 25 PLL@31.5C CPU@33.5C PMIC@50C GPU@33C AO@42C thermal@33C POM_5V_IN 1934/1900 POM_5V_GPU 41/41 POM_5V_CPU 205/172
[ts: 1636412377.798488] RAM 1484/3956MB (lfb 197x4MB) SWAP 203/1978MB (cached 5MB) IRAM 0/252kB(lfb 252kB) CPU [1%@1428,off,off,off] EMC_FREQ 2%@1600 GR3D_FREQ 0%@76 APE 25 PLL@31.5C CPU@33.5C PMIC@50C GPU@32.5C AO@42C thermal@33.25C POM_5V_IN 1892/1899 POM_5V_GPU 41/41 POM_5V_CPU 164/170
[ts: 1636412378.305124] RAM 1484/3956MB (lfb 197x4MB) SWAP 203/1978MB (cached 5MB) IRAM 0/252kB(lfb 252kB) CPU [0%@1428,off,off,off] EMC_FREQ 2%@1600 GR3D_FREQ 0%@76 APE 25 PLL@31.5C CPU@33.5C PMIC@50C GPU@32.5C AO@41.5C thermal@33.25C POM_5V_IN 1892/1898 POM_5V_GPU 41/41 POM_5V_CPU 164/169
[ts: 1636412378.811657] RAM 1484/3956MB (lfb 197x4MB) SWAP 203/1978MB (cached 5MB) IRAM 0/252kB(lfb 252kB) CPU [2%@1428,off,off,off] EMC_FREQ 2%@1600 GR3D_FREQ 0%@76 APE 25 PLL@31.5C CPU@33.5C PMIC@50C GPU@32.5C AO@41.5C thermal@33C POM_5V_IN 1892/1897 POM_5V_GPU 41/41 POM_5V_CPU 164/169
[ts: 1636412379.318558] RAM 1484/3956MB (lfb 197x4MB) SWAP 203/1978MB (cached 5MB) IRAM 0/252kB(lfb 252kB) CPU [2%@1428,off,off,off] EMC_FREQ 2%@1600 GR3D_FREQ 0%@76 APE 25 PLL@31C CPU@34C PMIC@50C GPU@32.5C AO@42C thermal@33C POM_5V_IN 1892/1896 POM_5V_GPU 41/41 POM_5V_CPU 164/168
[ts: 1636412379.825200] RAM 1484/3956MB (lfb 197x4MB) SWAP 203/1978MB (cached 5MB) IRAM 0/252kB(lfb 252kB) CPU [2%@1428,off,off,off] EMC_FREQ 2%@1600 GR3D_FREQ 0%@76 APE 25 PLL@31.5C CPU@33.5C PMIC@50C GPU@33C AO@42C thermal@33.25C POM_5V_IN 1892/1896 POM_5V_GPU 41/41 POM_5V_CPU 164/168
[ts: 1636412380.331976] RAM 1484/3956MB (lfb 197x4MB) SWAP 203/1978MB (cached 5MB) IRAM 0/252kB(lfb 252kB) CPU [3%@1428,off,off,off] EMC_FREQ 2%@1600 GR3D_FREQ 0%@76 APE 25 PLL@31.5C CPU@33.5C PMIC@50C GPU@32.5C AO@41.5C thermal@33.25C POM_5V_IN 1934/1899 POM_5V_GPU 41/41 POM_5V_CPU 205/171
[ts: 1636412380.839465] RAM 1484/3956MB (lfb 197x4MB) SWAP 203/1978MB (cached 5MB) IRAM 0/252kB(lfb 252kB) CPU [2%@1428,off,off,off] EMC_FREQ 2%@1600 GR3D_FREQ 0%@76 APE 25 PLL@31.5C CPU@33.5C PMIC@50C GPU@33.5C AO@42C thermal@33.25C POM_5V_IN 1892/1899 POM_5V_GPU 41/41 POM_5V_CPU 164/170
[ts: 1636412381.346255] RAM 1484/3956MB (lfb 197x4MB) SWAP 203/1978MB (cached 5MB) IRAM 0/252kB(lfb 252kB) CPU [5%@1428,off,off,off] EMC_FREQ 2%@1600 GR3D_FREQ 0%@76 APE 25 PLL@31.5C CPU@33.5C PMIC@50C GPU@32.5C AO@41.5C thermal@33.25C POM_5V_IN 1892/1898 POM_5V_GPU 41/41 POM_5V_CPU 164/170
[ts: 1636412381.852939] RAM 1484/3956MB (lfb 197x4MB) SWAP 203/1978MB (cached 5MB) IRAM 0/252kB(lfb 252kB) CPU [2%@1428,off,off,off] EMC_FREQ 2%@1600 GR3D_FREQ 0%@76 APE 25 PLL@31.5C CPU@33.5C PMIC@50C GPU@32.5C AO@41.5C thermal@33.25C POM_5V_IN 1934/1901 POM_5V_GPU 41/41 POM_5V_CPU 164/169
[ts: 1636412382.359688] RAM 1484/3956MB (lfb 197x4MB) SWAP 203/1978MB (cached 5MB) IRAM 0/252kB(lfb 252kB) CPU [3%@1428,off,off,off] EMC_FREQ 2%@1600 GR3D_FREQ 0%@76 APE 25 PLL@31.5C CPU@33.5C PMIC@50C GPU@32.5C AO@41.5C thermal@33C POM_5V_IN 1892/1900 POM_5V_GPU 41/41 POM_5V_CPU 164/169
[ts: 1636412382.866465] RAM 1484/3956MB (lfb 197x4MB) SWAP 203/1978MB (cached 5MB) IRAM 0/252kB(lfb 252kB) CPU [0%@1428,off,off,off] EMC_FREQ 2%@1600 GR3D_FREQ 0%@76 APE 25 PLL@32C CPU@33.5C PMIC@50C GPU@32.5C AO@42C thermal@33C POM_5V_IN 1892/1899 POM_5V_GPU 41/41 POM_5V_CPU 164/169
[ts: 1636412383.373047] RAM 1484/3956MB (lfb 197x4MB) SWAP 203/1978MB (cached 5MB) IRAM 0/252kB(lfb 252kB) CPU [2%@1428,off,off,off] EMC_FREQ 2%@1600 GR3D_FREQ 0%@76 APE 25 PLL@31.5C CPU@33.5C PMIC@50C GPU@32.5C AO@41.5C thermal@33C POM_5V_IN 1892/1899 POM_5V_GPU 41/41 POM_5V_CPU 164/168
[ts: 1636412383.880493] RAM 1484/3956MB (lfb 197x4MB) SWAP 203/1978MB (cached 5MB) IRAM 0/252kB(lfb 252kB) CPU [4%@1428,off,off,off] EMC_FREQ 2%@1600 GR3D_FREQ 11%@76 APE 25 PLL@31.5C CPU@33.5C PMIC@50C GPU@32.5C AO@41.5C thermal@33C POM_5V_IN 1972/1903 POM_5V_GPU 41/41 POM_5V_CPU 205/170
[ts: 1636412384.387047] RAM 1484/3956MB (lfb 197x4MB) SWAP 203/1978MB (cached 5MB) IRAM 0/252kB(lfb 252kB) CPU [2%@1428,off,off,off] EMC_FREQ 2%@1600 GR3D_FREQ 0%@76 APE 25 PLL@31.5C CPU@33.5C PMIC@50C GPU@33C AO@42C thermal@33C POM_5V_IN 1892/1902 POM_5V_GPU 41/41 POM_5V_CPU 164/170
[ts: 1636412384.894268] RAM 1487/3956MB (lfb 197x4MB) SWAP 203/1978MB (cached 5MB) IRAM 0/252kB(lfb 252kB) CPU [27%@1428,off,off,off] EMC_FREQ 2%@1600 GR3D_FREQ 0%@76 APE 25 PLL@32C CPU@34.5C PMIC@50C GPU@33C AO@42C thermal@33C POM_5V_IN 2658/1940 POM_5V_GPU 40/40 POM_5V_CPU 777/200
[ts: 1636412385.400985] RAM 1497/3956MB (lfb 197x4MB) SWAP 203/1978MB (cached 5MB) IRAM 0/252kB(lfb 252kB) CPU [83%@1428,off,off,off] EMC_FREQ 2%@1600 GR3D_FREQ 0%@76 APE 25 PLL@32C CPU@34.5C PMIC@50C GPU@33C AO@42C thermal@33.75C POM_5V_IN 2621/1973 POM_5V_GPU 40/40 POM_5V_CPU 696/224
[ts: 1636412385.908716] RAM 1507/3956MB (lfb 197x4MB) SWAP 203/1978MB (cached 5MB) IRAM 0/252kB(lfb 252kB) CPU [82%@1428,off,off,off] EMC_FREQ 2%@1600 GR3D_FREQ 0%@76 APE 25 PLL@32C CPU@34.5C PMIC@50C GPU@33C AO@42.5C thermal@33.75C POM_5V_IN 2658/2004 POM_5V_GPU 40/40 POM_5V_CPU 736/247
[ts: 1636412386.415591] RAM 1516/3956MB (lfb 197x4MB) SWAP 203/1978MB (cached 5MB) IRAM 0/252kB(lfb 252kB) CPU [85%@1428,off,off,off] EMC_FREQ 2%@1600 GR3D_FREQ 0%@76 APE 25 PLL@32C CPU@34C PMIC@50C GPU@34C AO@42C thermal@34C POM_5V_IN 2580/2029 POM_5V_GPU 0/39 POM_5V_CPU 737/268
[ts: 1636412386.922200] RAM 1521/3956MB (lfb 197x4MB) SWAP 203/1978MB (cached 5MB) IRAM 0/252kB(lfb 252kB) CPU [86%@1428,off,off,off] EMC_FREQ 2%@1600 GR3D_FREQ 0%@76 APE 25 PLL@32C CPU@34.5C PMIC@50C GPU@34C AO@42C thermal@34C POM_5V_IN 2498/2048 POM_5V_GPU 0/37 POM_5V_CPU 696/286
[ts: 1636412387.429029] RAM 1528/3956MB (lfb 197x4MB) SWAP 203/1978MB (cached 5MB) IRAM 0/252kB(lfb 252kB) CPU [100%@1428,off,off,off] EMC_FREQ 2%@1600 GR3D_FREQ 0%@76 APE 25 PLL@32C CPU@35C PMIC@50C GPU@34C AO@42.5C thermal@34C POM_5V_IN 2658/2073 POM_5V_GPU 0/35 POM_5V_CPU 901/311
[ts: 1636412387.936094] RAM 1562/3956MB (lfb 197x4MB) SWAP 203/1978MB (cached 5MB) IRAM 0/252kB(lfb 252kB) CPU [98%@1428,off,off,off] EMC_FREQ 2%@1600 GR3D_FREQ 0%@76 APE 25 PLL@32C CPU@34.5C PMIC@50C GPU@34C AO@42C thermal@34.5C POM_5V_IN 2621/2094 POM_5V_GPU 0/34 POM_5V_CPU 778/329
[ts: 1636412388.442643] RAM 1572/3956MB (lfb 197x4MB) SWAP 203/1978MB (cached 5MB) IRAM 0/252kB(lfb 252kB) CPU [96%@1428,off,off,off] EMC_FREQ 2%@1600 GR3D_FREQ 0%@76 APE 25 PLL@32C CPU@34.5C PMIC@50C GPU@34C AO@42C thermal@34.5C POM_5V_IN 2621/2113 POM_5V_GPU 0/33 POM_5V_CPU 860/348
[ts: 1636412388.949686] RAM 1580/3956MB (lfb 197x4MB) SWAP 203/1978MB (cached 5MB) IRAM 0/252kB(lfb 252kB) CPU [100%@1428,off,off,off] EMC_FREQ 2%@1600 GR3D_FREQ 0%@76 APE 25 PLL@32C CPU@34.5C PMIC@50C GPU@34C AO@42C thermal@34.25C POM_5V_IN 2662/2133 POM_5V_GPU 0/32 POM_5V_CPU 901/368
[ts: 1636412389.456689] RAM 1592/3956MB (lfb 197x4MB) SWAP 203/1978MB (cached 5MB) IRAM 0/252kB(lfb 252kB) CPU [90%@1428,off,off,off] EMC_FREQ 2%@1600 GR3D_FREQ 2%@76 APE 25 PLL@32C CPU@34C PMIC@50C GPU@33.5C AO@42C thermal@34.25C POM_5V_IN 2662/2151 POM_5V_GPU 40/32 POM_5V_CPU 778/382
[ts: 1636412389.963657] RAM 1633/3956MB (lfb 197x4MB) SWAP 203/1978MB (cached 5MB) IRAM 0/252kB(lfb 252kB) CPU [100%@1428,off,off,off] EMC_FREQ 3%@1600 GR3D_FREQ 24%@76 APE 25 PLL@32C CPU@35C PMIC@50C GPU@33.5C AO@42C thermal@34.25C POM_5V_IN 2780/2172 POM_5V_GPU 81/34 POM_5V_CPU 899/399
[ts: 1636412390.470558] RAM 1692/3956MB (lfb 197x4MB) SWAP 203/1978MB (cached 5MB) IRAM 0/252kB(lfb 252kB) CPU [100%@1428,off,off,off] EMC_FREQ 3%@1600 GR3D_FREQ 0%@76 APE 25 PLL@32C CPU@35C PMIC@50C GPU@33C AO@42C thermal@34.25C POM_5V_IN 2862/2194 POM_5V_GPU 81/35 POM_5V_CPU 899/416
[ts: 1636412390.978297] RAM 1770/3956MB (lfb 197x4MB) SWAP 203/1978MB (cached 5MB) IRAM 0/252kB(lfb 252kB) CPU [98%@1428,off,off,off] EMC_FREQ 4%@1600 GR3D_FREQ 0%@76 APE 25 PLL@32C CPU@34.5C PMIC@50C GPU@33C AO@42.5C thermal@34.25C POM_5V_IN 3021/2220 POM_5V_GPU 81/36 POM_5V_CPU 1020/434
[ts: 1636412391.485804] RAM 1862/3956MB (lfb 195x4MB) SWAP 203/1978MB (cached 5MB) IRAM 0/252kB(lfb 252kB) CPU [100%@1428,off,off,off] EMC_FREQ 4%@1600 GR3D_FREQ 29%@76 APE 25 PLL@32C CPU@35C PMIC@50C GPU@33.5C AO@42C thermal@34.25C POM_5V_IN 2862/2239 POM_5V_GPU 81/38 POM_5V_CPU 940/450
[ts: 1636412391.993190] RAM 1914/3956MB (lfb 191x4MB) SWAP 203/1978MB (cached 5MB) IRAM 0/252kB(lfb 252kB) CPU [97%@1428,off,off,off] EMC_FREQ 4%@1600 GR3D_FREQ 28%@76 APE 25 PLL@32C CPU@34.5C PMIC@50C GPU@33.5C AO@42.5C thermal@34.25C POM_5V_IN 2780/2255 POM_5V_GPU 81/39 POM_5V_CPU 899/463
[ts: 1636412392.500277] RAM 1988/3956MB (lfb 186x4MB) SWAP 203/1978MB (cached 5MB) IRAM 0/252kB(lfb 252kB) CPU [98%@1428,off,off,off] EMC_FREQ 4%@1600 GR3D_FREQ 25%@76 APE 25 PLL@32C CPU@34.5C PMIC@50C GPU@33C AO@42C thermal@34C POM_5V_IN 2780/2270 POM_5V_GPU 81/40 POM_5V_CPU 858/474
[ts: 1636412393.007325] RAM 2070/3956MB (lfb 180x4MB) SWAP 203/1978MB (cached 5MB) IRAM 0/252kB(lfb 252kB) CPU [98%@1428,off,off,off] EMC_FREQ 4%@1600 GR3D_FREQ 1%@76 APE 25 PLL@32C CPU@35C PMIC@50C GPU@33C AO@42C thermal@34C POM_5V_IN 2821/2286 POM_5V_GPU 40/40 POM_5V_CPU 899/486
[ts: 1636412393.514740] RAM 2132/3956MB (lfb 174x4MB) SWAP 203/1978MB (cached 5MB) IRAM 0/252kB(lfb 252kB) CPU [98%@1428,off,off,off] EMC_FREQ 4%@1600 GR3D_FREQ 16%@76 APE 25 PLL@32C CPU@34.5C PMIC@50C GPU@33.5C AO@42C thermal@33.75C POM_5V_IN 2821/2300 POM_5V_GPU 81/41 POM_5V_CPU 899/497
[ts: 1636412394.022568] RAM 2204/3956MB (lfb 167x4MB) SWAP 203/1978MB (cached 5MB) IRAM 0/252kB(lfb 252kB) CPU [98%@1428,off,off,off] EMC_FREQ 5%@1600 GR3D_FREQ 0%@76 APE 25 PLL@32C CPU@35C PMIC@50C GPU@33C AO@42C thermal@33.75C POM_5V_IN 2699/2311 POM_5V_GPU 81/42 POM_5V_CPU 858/507
[ts: 1636412394.529920] RAM 2306/3956MB (lfb 154x4MB) SWAP 203/1978MB (cached 5MB) IRAM 0/252kB(lfb 252kB) CPU [98%@1428,off,off,off] EMC_FREQ 5%@1600 GR3D_FREQ 1%@76 APE 25 PLL@32C CPU@35C PMIC@50C GPU@33C AO@42C thermal@34C POM_5V_IN 2899/2326 POM_5V_GPU 40/42 POM_5V_CPU 899/517
[ts: 1636412395.037094] RAM 2341/3956MB (lfb 156x4MB) SWAP 203/1978MB (cached 5MB) IRAM 0/252kB(lfb 252kB) CPU [97%@1428,off,off,off] EMC_FREQ 5%@1600 GR3D_FREQ 27%@76 APE 25 PLL@32.5C CPU@34.5C PMIC@50C GPU@33C AO@42C thermal@34C POM_5V_IN 2699/2335 POM_5V_GPU 81/43 POM_5V_CPU 817/524
[ts: 1636412395.544205] RAM 2463/3956MB (lfb 145x4MB) SWAP 203/1978MB (cached 5MB) IRAM 0/252kB(lfb 252kB) CPU [100%@1428,off,off,off] EMC_FREQ 5%@1600 GR3D_FREQ 16%@76 APE 25 PLL@32C CPU@36C PMIC@50C GPU@33C AO@42.5C thermal@34C POM_5V_IN 2939/2350 POM_5V_GPU 40/43 POM_5V_CPU 1061/537
[ts: 1636412396.052307] RAM 2499/3956MB (lfb 141x4MB) SWAP 203/1978MB (cached 5MB) IRAM 0/252kB(lfb 252kB) CPU [97%@1428,off,off,off] EMC_FREQ 5%@1600 GR3D_FREQ 34%@76 APE 25 PLL@32C CPU@34.5C PMIC@50C GPU@33C AO@42C thermal@34C POM_5V_IN 2740/2359 POM_5V_GPU 81/44 POM_5V_CPU 858/545
[ts: 1636412396.559194] RAM 2569/3956MB (lfb 135x4MB) SWAP 203/1978MB (cached 5MB) IRAM 0/252kB(lfb 252kB) CPU [98%@1428,off,off,off] EMC_FREQ 5%@1600 GR3D_FREQ 0%@76 APE 25 PLL@32C CPU@34.5C PMIC@50C GPU@33.5C AO@42C thermal@33.75C POM_5V_IN 2821/2370 POM_5V_GPU 40/44 POM_5V_CPU 858/552
[ts: 1636412397.066534] RAM 2626/3956MB (lfb 131x4MB) SWAP 203/1978MB (cached 5MB) IRAM 0/252kB(lfb 252kB) CPU [97%@1428,off,off,off] EMC_FREQ 5%@1600 GR3D_FREQ 31%@76 APE 25 PLL@32C CPU@34.5C PMIC@50C GPU@33C AO@42.5C thermal@33.75C POM_5V_IN 2780/2379 POM_5V_GPU 81/45 POM_5V_CPU 858/559
[ts: 1636412397.574002] RAM 2687/3956MB (lfb 127x4MB) SWAP 203/1978MB (cached 5MB) IRAM 0/252kB(lfb 252kB) CPU [96%@1428,off,off,off] EMC_FREQ 5%@1600 GR3D_FREQ 31%@76 APE 25 PLL@32C CPU@34.5C PMIC@50C GPU@33C AO@42.5C thermal@33.75C POM_5V_IN 2740/2387 POM_5V_GPU 81/46 POM_5V_CPU 858/566
[ts: 1636412398.080918] RAM 2808/3956MB (lfb 113x4MB) SWAP 203/1978MB (cached 5MB) IRAM 0/252kB(lfb 252kB) CPU [100%@1428,off,off,off] EMC_FREQ 5%@1600 GR3D_FREQ 0%@76 APE 25 PLL@32C CPU@36C PMIC@50C GPU@33C AO@42.5C thermal@34.25C POM_5V_IN 2980/2400 POM_5V_GPU 40/45 POM_5V_CPU 1061/576
[ts: 1636412398.588011] RAM 2832/3956MB (lfb 113x4MB) SWAP 203/1978MB (cached 5MB) IRAM 0/252kB(lfb 252kB) CPU [95%@1428,off,off,off] EMC_FREQ 5%@1600 GR3D_FREQ 29%@76 APE 25 PLL@32C CPU@34.5C PMIC@50C GPU@33.5C AO@42.5C thermal@34.25C POM_5V_IN 2821/2409 POM_5V_GPU 81/46 POM_5V_CPU 899/583
[ts: 1636412399.094940] RAM 2889/3956MB (lfb 110x4MB) SWAP 203/1978MB (cached 5MB) IRAM 0/252kB(lfb 252kB) CPU [98%@1428,off,off,off] EMC_FREQ 5%@1600 GR3D_FREQ 46%@76 APE 25 PLL@32C CPU@35C PMIC@50C GPU@33C AO@42C thermal@34.25C POM_5V_IN 2699/2415 POM_5V_GPU 81/47 POM_5V_CPU 858/589
[ts: 1636412399.601976] RAM 2943/3956MB (lfb 107x4MB) SWAP 203/1978MB (cached 5MB) IRAM 0/252kB(lfb 252kB) CPU [98%@1428,off,off,off] EMC_FREQ 4%@1600 GR3D_FREQ 1%@76 APE 25 PLL@32C CPU@35C PMIC@50C GPU@33C AO@42.5C thermal@34.25C POM_5V_IN 2740/2421 POM_5V_GPU 40/47 POM_5V_CPU 899/595
[ts: 1636412400.111824] RAM 2962/3956MB (lfb 107x4MB) SWAP 206/1978MB (cached 5MB) IRAM 0/252kB(lfb 252kB) CPU [96%@1428,off,off,off] EMC_FREQ 4%@1600 GR3D_FREQ 24%@76 APE 25 PLL@32C CPU@34.5C PMIC@50C GPU@33C AO@42.5C thermal@34C POM_5V_IN 2862/2430 POM_5V_GPU 40/47 POM_5V_CPU 940/602
[ts: 1636412400.619948] RAM 2962/3956MB (lfb 107x4MB) SWAP 206/1978MB (cached 5MB) IRAM 0/252kB(lfb 252kB) CPU [100%@1428,off,off,off] EMC_FREQ 4%@1600 GR3D_FREQ 0%@76 APE 25 PLL@32C CPU@35.5C PMIC@50C GPU@33C AO@42.5C thermal@34C POM_5V_IN 2899/2439 POM_5V_GPU 40/46 POM_5V_CPU 1020/610
[ts: 1636412401.127952] RAM 2962/3956MB (lfb 107x4MB) SWAP 206/1978MB (cached 5MB) IRAM 0/252kB(lfb 252kB) CPU [100%@1428,off,off,off] EMC_FREQ 4%@1600 GR3D_FREQ 0%@76 APE 25 PLL@32.5C CPU@35.5C PMIC@50C GPU@33C AO@42C thermal@34.25C POM_5V_IN 2858/2448 POM_5V_GPU 40/46 POM_5V_CPU 1022/618
[ts: 1636412401.635129] RAM 2962/3956MB (lfb 107x4MB) SWAP 206/1978MB (cached 5MB) IRAM 0/252kB(lfb 252kB) CPU [100%@1428,off,off,off] EMC_FREQ 4%@1600 GR3D_FREQ 0%@76 APE 25 PLL@32C CPU@35C PMIC@50C GPU@33C AO@42C thermal@34.25C POM_5V_IN 2862/2455 POM_5V_GPU 40/46 POM_5V_CPU 1020/626
[ts: 1636412402.142174] RAM 2962/3956MB (lfb 107x4MB) SWAP 206/1978MB (cached 5MB) IRAM 0/252kB(lfb 252kB) CPU [100%@1428,off,off,off] EMC_FREQ 4%@1600 GR3D_FREQ 0%@76 APE 25 PLL@32C CPU@34.5C PMIC@50C GPU@33C AO@42C thermal@33.75C POM_5V_IN 2699/2460 POM_5V_GPU 40/46 POM_5V_CPU 695/627
[ts: 1636412402.649202] RAM 2553/3956MB (lfb 112x4MB) SWAP 206/1978MB (cached 5MB) IRAM 0/252kB(lfb 252kB) CPU [100%@1428,off,off,off] EMC_FREQ 4%@1600 GR3D_FREQ 0%@76 APE 25 PLL@32C CPU@35.5C PMIC@50C GPU@33.5C AO@42C thermal@33.75C POM_5V_IN 2780/2466 POM_5V_GPU 40/46 POM_5V_CPU 899/632
[ts: 1636412403.155944] RAM 1483/3956MB (lfb 197x4MB) SWAP 206/1978MB (cached 5MB) IRAM 0/252kB(lfb 252kB) CPU [83%@1428,off,off,off] EMC_FREQ 5%@1600 GR3D_FREQ 0%@76 APE 25 PLL@32C CPU@34C PMIC@50C GPU@33C AO@42C thermal@33.75C POM_5V_IN 2095/2459 POM_5V_GPU 41/46 POM_5V_CPU 328/627
[ts: 1636412403.662353] RAM 1483/3956MB (lfb 197x4MB) SWAP 206/1978MB (cached 5MB) IRAM 0/252kB(lfb 252kB) CPU [2%@1428,off,off,off] EMC_FREQ 4%@1600 GR3D_FREQ 0%@76 APE 25 PLL@31.5C CPU@34C PMIC@50C GPU@33C AO@41.5C thermal@33.5C POM_5V_IN 1892/2449 POM_5V_GPU 41/46 POM_5V_CPU 164/619
[ts: 1636412404.168892] RAM 1483/3956MB (lfb 197x4MB) SWAP 206/1978MB (cached 5MB) IRAM 0/252kB(lfb 252kB) CPU [0%@1428,off,off,off] EMC_FREQ 4%@1600 GR3D_FREQ 0%@76 APE 25 PLL@31.5C CPU@33.5C PMIC@50C GPU@33.5C AO@41.5C thermal@33.5C POM_5V_IN 1810/2438 POM_5V_GPU 0/45 POM_5V_CPU 164/611
[ts: 1636412404.675344] RAM 1483/3956MB (lfb 197x4MB) SWAP 206/1978MB (cached 5MB) IRAM 0/252kB(lfb 252kB) CPU [3%@1428,off,off,off] EMC_FREQ 3%@1600 GR3D_FREQ 0%@76 APE 25 PLL@31.5C CPU@34C PMIC@50C GPU@33.5C AO@41.5C thermal@33.75C POM_5V_IN 1810/2427 POM_5V_GPU 0/44 POM_5V_CPU 164/603
