SOC family:tegra210  Machine:NVIDIA Jetson Nano Developer Kit
Online CPUs: 0
cpu0: Online=1 Governor=schedutil MinFreq=710400 MaxFreq=710400 CurrentFreq=710400 IdleStates: WFI=1 c7=1 
cpu1: Online=0 Governor=schedutil MinFreq=710400 MaxFreq=710400 CurrentFreq=710400 IdleStates: WFI=1 c7=1 
cpu2: Online=0 Governor=schedutil MinFreq=710400 MaxFreq=710400 CurrentFreq=710400 IdleStates: WFI=1 c7=1 
cpu3: Online=0 Governor=schedutil MinFreq=710400 MaxFreq=710400 CurrentFreq=710400 IdleStates: WFI=1 c7=1 
GPU MinFreq=76800000 MaxFreq=921600000 CurrentFreq=76800000
EMC MinFreq=204000000 MaxFreq=1600000000 CurrentFreq=1600000000 FreqOverride=0
Fan: PWM=0
NV Power Mode: MAXN
[ts: 1636412541.540069] RAM 1480/3956MB (lfb 198x4MB) SWAP 215/1978MB (cached 7MB) IRAM 0/252kB(lfb 252kB) CPU [48%@710,off,off,off] EMC_FREQ 3%@1600 GR3D_FREQ 0%@76 APE 25 PLL@32C CPU@34C PMIC@50C GPU@33.5C AO@42C thermal@34C POM_5V_IN 1934/1934 POM_5V_GPU 82/82 POM_5V_CPU 164/164
[ts: 1636412542.049453] RAM 1480/3956MB (lfb 198x4MB) SWAP 215/1978MB (cached 7MB) IRAM 0/252kB(lfb 252kB) CPU [4%@710,off,off,off] EMC_FREQ 2%@1600 GR3D_FREQ 0%@76 APE 25 PLL@32C CPU@34C PMIC@50C GPU@34C AO@42C thermal@34C POM_5V_IN 1892/1913 POM_5V_GPU 41/61 POM_5V_CPU 164/164
[ts: 1636412542.558771] RAM 1480/3956MB (lfb 198x4MB) SWAP 215/1978MB (cached 7MB) IRAM 0/252kB(lfb 252kB) CPU [4%@710,off,off,off] EMC_FREQ 2%@1600 GR3D_FREQ 0%@76 APE 25 PLL@32C CPU@34C PMIC@50C GPU@33C AO@42C thermal@33.5C POM_5V_IN 1892/1906 POM_5V_GPU 41/54 POM_5V_CPU 164/164
[ts: 1636412543.068009] RAM 1480/3956MB (lfb 198x4MB) SWAP 215/1978MB (cached 7MB) IRAM 0/252kB(lfb 252kB) CPU [4%@710,off,off,off] EMC_FREQ 2%@1600 GR3D_FREQ 0%@76 APE 25 PLL@32C CPU@34C PMIC@50C GPU@33C AO@42C thermal@33.5C POM_5V_IN 1892/1902 POM_5V_GPU 41/51 POM_5V_CPU 123/153
[ts: 1636412543.576880] RAM 1480/3956MB (lfb 198x4MB) SWAP 215/1978MB (cached 7MB) IRAM 0/252kB(lfb 252kB) CPU [5%@710,off,off,off] EMC_FREQ 2%@1600 GR3D_FREQ 0%@76 APE 25 PLL@32C CPU@34C PMIC@50C GPU@33C AO@42C thermal@33.75C POM_5V_IN 1892/1900 POM_5V_GPU 41/49 POM_5V_CPU 123/147
[ts: 1636412544.087199] RAM 1480/3956MB (lfb 198x4MB) SWAP 215/1978MB (cached 7MB) IRAM 0/252kB(lfb 252kB) CPU [4%@710,off,off,off] EMC_FREQ 2%@1600 GR3D_FREQ 0%@76 APE 25 PLL@32C CPU@34C PMIC@50C GPU@33C AO@42.5C thermal@33.75C POM_5V_IN 1892/1899 POM_5V_GPU 41/47 POM_5V_CPU 123/143
[ts: 1636412544.596437] RAM 1480/3956MB (lfb 198x4MB) SWAP 215/1978MB (cached 7MB) IRAM 0/252kB(lfb 252kB) CPU [2%@710,off,off,off] EMC_FREQ 2%@1600 GR3D_FREQ 0%@76 APE 25 PLL@32C CPU@34C PMIC@50C GPU@33.5C AO@42C thermal@33.5C POM_5V_IN 1892/1898 POM_5V_GPU 41/46 POM_5V_CPU 123/140
[ts: 1636412545.105679] RAM 1480/3956MB (lfb 198x4MB) SWAP 215/1978MB (cached 7MB) IRAM 0/252kB(lfb 252kB) CPU [2%@710,off,off,off] EMC_FREQ 2%@1600 GR3D_FREQ 10%@76 APE 25 PLL@32C CPU@33.5C PMIC@50C GPU@33C AO@42C thermal@33.5C POM_5V_IN 1934/1902 POM_5V_GPU 41/46 POM_5V_CPU 164/143
[ts: 1636412545.615222] RAM 1480/3956MB (lfb 198x4MB) SWAP 215/1978MB (cached 7MB) IRAM 0/252kB(lfb 252kB) CPU [4%@710,off,off,off] EMC_FREQ 2%@1600 GR3D_FREQ 0%@76 APE 25 PLL@32C CPU@33.5C PMIC@50C GPU@33C AO@42.5C thermal@33.5C POM_5V_IN 1934/1906 POM_5V_GPU 41/45 POM_5V_CPU 164/145
[ts: 1636412546.124482] RAM 1480/3956MB (lfb 198x4MB) SWAP 215/1978MB (cached 7MB) IRAM 0/252kB(lfb 252kB) CPU [0%@710,off,off,off] EMC_FREQ 2%@1600 GR3D_FREQ 0%@76 APE 25 PLL@31.5C CPU@34C PMIC@50C GPU@33C AO@42.5C thermal@33.5C POM_5V_IN 1892/1904 POM_5V_GPU 41/45 POM_5V_CPU 123/143
[ts: 1636412546.633448] RAM 1480/3956MB (lfb 198x4MB) SWAP 215/1978MB (cached 7MB) IRAM 0/252kB(lfb 252kB) CPU [7%@710,off,off,off] EMC_FREQ 2%@1600 GR3D_FREQ 0%@76 APE 25 PLL@32C CPU@34C PMIC@50C GPU@33C AO@42C thermal@33.5C POM_5V_IN 1892/1903 POM_5V_GPU 41/44 POM_5V_CPU 123/141
[ts: 1636412547.142729] RAM 1480/3956MB (lfb 198x4MB) SWAP 215/1978MB (cached 7MB) IRAM 0/252kB(lfb 252kB) CPU [4%@710,off,off,off] EMC_FREQ 2%@1600 GR3D_FREQ 0%@76 APE 25 PLL@32C CPU@34C PMIC@50C GPU@33C AO@42C thermal@33.5C POM_5V_IN 1892/1902 POM_5V_GPU 41/44 POM_5V_CPU 164/143
[ts: 1636412547.651846] RAM 1480/3956MB (lfb 198x4MB) SWAP 215/1978MB (cached 7MB) IRAM 0/252kB(lfb 252kB) CPU [2%@710,off,off,off] EMC_FREQ 2%@1600 GR3D_FREQ 0%@76 APE 25 PLL@32C CPU@34C PMIC@50C GPU@33C AO@42.5C thermal@33.5C POM_5V_IN 1892/1901 POM_5V_GPU 41/44 POM_5V_CPU 123/141
[ts: 1636412548.160956] RAM 1480/3956MB (lfb 198x4MB) SWAP 215/1978MB (cached 7MB) IRAM 0/252kB(lfb 252kB) CPU [18%@710,off,off,off] EMC_FREQ 2%@1600 GR3D_FREQ 0%@76 APE 25 PLL@32C CPU@34C PMIC@50C GPU@33C AO@42C thermal@33.5C POM_5V_IN 1934/1904 POM_5V_GPU 41/43 POM_5V_CPU 164/143
[ts: 1636412548.670568] RAM 1480/3956MB (lfb 198x4MB) SWAP 215/1978MB (cached 7MB) IRAM 0/252kB(lfb 252kB) CPU [2%@710,off,off,off] EMC_FREQ 2%@1600 GR3D_FREQ 0%@76 APE 25 PLL@32.5C CPU@34C PMIC@50C GPU@33.5C AO@42C thermal@33.5C POM_5V_IN 1892/1903 POM_5V_GPU 41/43 POM_5V_CPU 123/142
[ts: 1636412549.180932] RAM 1480/3956MB (lfb 198x4MB) SWAP 215/1978MB (cached 7MB) IRAM 0/252kB(lfb 252kB) CPU [6%@710,off,off,off] EMC_FREQ 2%@1600 GR3D_FREQ 0%@76 APE 25 PLL@32C CPU@34C PMIC@50C GPU@33C AO@42C thermal@33.5C POM_5V_IN 1892/1902 POM_5V_GPU 41/43 POM_5V_CPU 123/140
[ts: 1636412549.690066] RAM 1480/3956MB (lfb 198x4MB) SWAP 215/1978MB (cached 7MB) IRAM 0/252kB(lfb 252kB) CPU [5%@710,off,off,off] EMC_FREQ 2%@1600 GR3D_FREQ 0%@76 APE 25 PLL@32C CPU@34C PMIC@50C GPU@33C AO@42C thermal@33.5C POM_5V_IN 1892/1901 POM_5V_GPU 41/43 POM_5V_CPU 123/139
[ts: 1636412550.199259] RAM 1480/3956MB (lfb 198x4MB) SWAP 215/1978MB (cached 7MB) IRAM 0/252kB(lfb 252kB) CPU [4%@710,off,off,off] EMC_FREQ 2%@1600 GR3D_FREQ 0%@76 APE 25 PLL@32C CPU@33.5C PMIC@50C GPU@33C AO@42C thermal@33.5C POM_5V_IN 1892/1901 POM_5V_GPU 41/43 POM_5V_CPU 123/138
[ts: 1636412550.708171] RAM 1480/3956MB (lfb 198x4MB) SWAP 215/1978MB (cached 7MB) IRAM 0/252kB(lfb 252kB) CPU [0%@710,off,off,off] EMC_FREQ 2%@1600 GR3D_FREQ 0%@76 APE 25 PLL@32C CPU@34C PMIC@50C GPU@33C AO@42.5C thermal@33.5C POM_5V_IN 1892/1900 POM_5V_GPU 41/43 POM_5V_CPU 123/138
[ts: 1636412551.220716] RAM 1484/3956MB (lfb 198x4MB) SWAP 215/1978MB (cached 7MB) IRAM 0/252kB(lfb 252kB) CPU [45%@710,off,off,off] EMC_FREQ 2%@1600 GR3D_FREQ 0%@76 APE 25 PLL@32C CPU@34C PMIC@50C GPU@33C AO@42.5C thermal@33.5C POM_5V_IN 2177/1914 POM_5V_GPU 41/43 POM_5V_CPU 369/149
[ts: 1636412551.732615] RAM 1489/3956MB (lfb 198x4MB) SWAP 215/1978MB (cached 7MB) IRAM 0/252kB(lfb 252kB) CPU [100%@710,off,off,off] EMC_FREQ 2%@1600 GR3D_FREQ 0%@76 APE 25 PLL@32C CPU@34C PMIC@50C GPU@33C AO@42.5C thermal@33.5C POM_5V_IN 2177/1927 POM_5V_GPU 41/42 POM_5V_CPU 410/162
[ts: 1636412552.243469] RAM 1496/3956MB (lfb 198x4MB) SWAP 215/1978MB (cached 7MB) IRAM 0/252kB(lfb 252kB) CPU [100%@710,off,off,off] EMC_FREQ 2%@1600 GR3D_FREQ 0%@76 APE 25 PLL@32C CPU@34.5C PMIC@50C GPU@34C AO@42.5C thermal@33.75C POM_5V_IN 2177/1938 POM_5V_GPU 41/42 POM_5V_CPU 410/173
[ts: 1636412552.756751] RAM 1505/3956MB (lfb 198x4MB) SWAP 215/1978MB (cached 7MB) IRAM 0/252kB(lfb 252kB) CPU [100%@710,off,off,off] EMC_FREQ 2%@1600 GR3D_FREQ 0%@76 APE 25 PLL@32C CPU@34.5C PMIC@50C GPU@34C AO@42.5C thermal@33.75C POM_5V_IN 2136/1947 POM_5V_GPU 0/41 POM_5V_CPU 410/183
[ts: 1636412553.267460] RAM 1510/3956MB (lfb 198x4MB) SWAP 215/1978MB (cached 7MB) IRAM 0/252kB(lfb 252kB) CPU [100%@710,off,off,off] EMC_FREQ 2%@1600 GR3D_FREQ 0%@76 APE 25 PLL@32C CPU@34.5C PMIC@50C GPU@34C AO@42.5C thermal@33.75C POM_5V_IN 2136/1954 POM_5V_GPU 0/39 POM_5V_CPU 410/193
[ts: 1636412553.780766] RAM 1516/3956MB (lfb 198x4MB) SWAP 215/1978MB (cached 7MB) IRAM 0/252kB(lfb 252kB) CPU [100%@710,off,off,off] EMC_FREQ 2%@1600 GR3D_FREQ 0%@76 APE 25 PLL@32C CPU@34C PMIC@50C GPU@34C AO@42.5C thermal@34C POM_5V_IN 2136/1962 POM_5V_GPU 0/37 POM_5V_CPU 410/201
[ts: 1636412554.292404] RAM 1518/3956MB (lfb 198x4MB) SWAP 215/1978MB (cached 7MB) IRAM 0/252kB(lfb 252kB) CPU [100%@710,off,off,off] EMC_FREQ 2%@1600 GR3D_FREQ 0%@76 APE 25 PLL@32C CPU@34C PMIC@50C GPU@34C AO@42.5C thermal@34C POM_5V_IN 2095/1967 POM_5V_GPU 0/36 POM_5V_CPU 369/208
[ts: 1636412554.804548] RAM 1522/3956MB (lfb 198x4MB) SWAP 215/1978MB (cached 7MB) IRAM 0/252kB(lfb 252kB) CPU [100%@710,off,off,off] EMC_FREQ 2%@1600 GR3D_FREQ 0%@76 APE 25 PLL@32C CPU@34C PMIC@50C GPU@34C AO@42.5C thermal@34C POM_5V_IN 2136/1973 POM_5V_GPU 0/34 POM_5V_CPU 410/215
[ts: 1636412555.316140] RAM 1532/3956MB (lfb 198x4MB) SWAP 215/1978MB (cached 7MB) IRAM 0/252kB(lfb 252kB) CPU [100%@710,off,off,off] EMC_FREQ 2%@1600 GR3D_FREQ 0%@76 APE 25 PLL@32C CPU@34C PMIC@50C GPU@34C AO@43C thermal@34C POM_5V_IN 2136/1979 POM_5V_GPU 0/33 POM_5V_CPU 410/222
[ts: 1636412555.828436] RAM 1550/3956MB (lfb 198x4MB) SWAP 215/1978MB (cached 7MB) IRAM 0/252kB(lfb 252kB) CPU [100%@710,off,off,off] EMC_FREQ 2%@1600 GR3D_FREQ 0%@76 APE 25 PLL@32C CPU@34C PMIC@50C GPU@34C AO@42.5C thermal@34C POM_5V_IN 2136/1984 POM_5V_GPU 0/32 POM_5V_CPU 369/227
[ts: 1636412556.340684] RAM 1562/3956MB (lfb 198x4MB) SWAP 215/1978MB (cached 7MB) IRAM 0/252kB(lfb 252kB) CPU [100%@710,off,off,off] EMC_FREQ 2%@1600 GR3D_FREQ 0%@76 APE 25 PLL@32C CPU@34C PMIC@50C GPU@34C AO@42.5C thermal@34C POM_5V_IN 2136/1989 POM_5V_GPU 0/31 POM_5V_CPU 369/232
[ts: 1636412556.854857] RAM 1567/3956MB (lfb 198x4MB) SWAP 215/1978MB (cached 7MB) IRAM 0/252kB(lfb 252kB) CPU [100%@710,off,off,off] EMC_FREQ 2%@1600 GR3D_FREQ 0%@76 APE 25 PLL@32C CPU@34C PMIC@50C GPU@34C AO@42.5C thermal@33.75C POM_5V_IN 2095/1993 POM_5V_GPU 0/30 POM_5V_CPU 369/236
[ts: 1636412557.370899] RAM 1572/3956MB (lfb 198x4MB) SWAP 215/1978MB (cached 7MB) IRAM 0/252kB(lfb 252kB) CPU [100%@710,off,off,off] EMC_FREQ 2%@1600 GR3D_FREQ 0%@76 APE 25 PLL@32C CPU@34C PMIC@50C GPU@34.5C AO@42.5C thermal@33.75C POM_5V_IN 2177/1998 POM_5V_GPU 0/29 POM_5V_CPU 369/240
[ts: 1636412557.882026] RAM 1576/3956MB (lfb 198x4MB) SWAP 215/1978MB (cached 7MB) IRAM 0/252kB(lfb 252kB) CPU [100%@710,off,off,off] EMC_FREQ 2%@1600 GR3D_FREQ 0%@76 APE 25 PLL@32C CPU@34C PMIC@50C GPU@34C AO@42.5C thermal@34C POM_5V_IN 2095/2001 POM_5V_GPU 0/28 POM_5V_CPU 410/246
[ts: 1636412558.392413] RAM 1582/3956MB (lfb 198x4MB) SWAP 215/1978MB (cached 7MB) IRAM 0/252kB(lfb 252kB) CPU [100%@710,off,off,off] EMC_FREQ 2%@1600 GR3D_FREQ 0%@76 APE 25 PLL@32.5C CPU@34C PMIC@50C GPU@34.5C AO@42.5C thermal@34C POM_5V_IN 2136/2005 POM_5V_GPU 0/27 POM_5V_CPU 410/250
[ts: 1636412558.904379] RAM 1593/3956MB (lfb 198x4MB) SWAP 215/1978MB (cached 7MB) IRAM 0/252kB(lfb 252kB) CPU [100%@710,off,off,off] EMC_FREQ 2%@1600 GR3D_FREQ 0%@76 APE 25 PLL@32C CPU@34C PMIC@50C GPU@33.5C AO@42.5C thermal@33.5C POM_5V_IN 2256/2012 POM_5V_GPU 41/28 POM_5V_CPU 451/256
[ts: 1636412559.418811] RAM 1616/3956MB (lfb 198x4MB) SWAP 215/1978MB (cached 7MB) IRAM 0/252kB(lfb 252kB) CPU [100%@710,off,off,off] EMC_FREQ 2%@1600 GR3D_FREQ 0%@76 APE 25 PLL@32C CPU@34C PMIC@50C GPU@34C AO@42.5C thermal@33.5C POM_5V_IN 2215/2018 POM_5V_GPU 41/28 POM_5V_CPU 410/260
[ts: 1636412559.929994] RAM 1638/3956MB (lfb 198x4MB) SWAP 215/1978MB (cached 7MB) IRAM 0/252kB(lfb 252kB) CPU [100%@710,off,off,off] EMC_FREQ 3%@1600 GR3D_FREQ 0%@76 APE 25 PLL@32C CPU@34C PMIC@50C GPU@33C AO@42.5C thermal@33.5C POM_5V_IN 2379/2028 POM_5V_GPU 82/29 POM_5V_CPU 451/265
[ts: 1636412560.439470] RAM 1698/3956MB (lfb 198x4MB) SWAP 215/1978MB (cached 7MB) IRAM 0/252kB(lfb 252kB) CPU [100%@710,off,off,off] EMC_FREQ 3%@1600 GR3D_FREQ 14%@76 APE 25 PLL@32C CPU@34C PMIC@50C GPU@33C AO@42.5C thermal@33.5C POM_5V_IN 2297/2035 POM_5V_GPU 82/31 POM_5V_CPU 451/270
[ts: 1636412560.951371] RAM 1716/3956MB (lfb 198x4MB) SWAP 215/1978MB (cached 7MB) IRAM 0/252kB(lfb 252kB) CPU [100%@710,off,off,off] EMC_FREQ 3%@1600 GR3D_FREQ 14%@76 APE 25 PLL@32C CPU@34C PMIC@50C GPU@33C AO@42.5C thermal@33.5C POM_5V_IN 2297/2042 POM_5V_GPU 82/32 POM_5V_CPU 410/274
[ts: 1636412561.462516] RAM 1773/3956MB (lfb 198x4MB) SWAP 215/1978MB (cached 7MB) IRAM 0/252kB(lfb 252kB) CPU [100%@710,off,off,off] EMC_FREQ 3%@1600 GR3D_FREQ 0%@76 APE 25 PLL@32C CPU@34.5C PMIC@50C GPU@33C AO@42.5C thermal@33.5C POM_5V_IN 2379/2050 POM_5V_GPU 82/33 POM_5V_CPU 410/277
[ts: 1636412561.972770] RAM 1797/3956MB (lfb 198x4MB) SWAP 215/1978MB (cached 7MB) IRAM 0/252kB(lfb 252kB) CPU [100%@710,off,off,off] EMC_FREQ 3%@1600 GR3D_FREQ 12%@76 APE 25 PLL@32C CPU@34.5C PMIC@50C GPU@33.5C AO@42.5C thermal@33.5C POM_5V_IN 2256/2055 POM_5V_GPU 82/35 POM_5V_CPU 410/281
[ts: 1636412562.486929] RAM 1883/3956MB (lfb 197x4MB) SWAP 215/1978MB (cached 7MB) IRAM 0/252kB(lfb 252kB) CPU [98%@710,off,off,off] EMC_FREQ 3%@1600 GR3D_FREQ 0%@76 APE 25 PLL@32C CPU@34.5C PMIC@50C GPU@33.5C AO@42.5C thermal@34C POM_5V_IN 2338/2062 POM_5V_GPU 41/35 POM_5V_CPU 492/286
[ts: 1636412562.998801] RAM 1900/3956MB (lfb 197x4MB) SWAP 215/1978MB (cached 7MB) IRAM 0/252kB(lfb 252kB) CPU [100%@710,off,off,off] EMC_FREQ 3%@1600 GR3D_FREQ 15%@76 APE 25 PLL@32C CPU@34C PMIC@50C GPU@33C AO@42.5C thermal@34C POM_5V_IN 2256/2066 POM_5V_GPU 82/36 POM_5V_CPU 410/288
[ts: 1636412563.510549] RAM 1949/3956MB (lfb 195x4MB) SWAP 215/1978MB (cached 7MB) IRAM 0/252kB(lfb 252kB) CPU [98%@710,off,off,off] EMC_FREQ 3%@1600 GR3D_FREQ 19%@76 APE 25 PLL@32C CPU@34C PMIC@50C GPU@33.5C AO@42.5C thermal@33.5C POM_5V_IN 2218/2070 POM_5V_GPU 82/37 POM_5V_CPU 369/290
[ts: 1636412564.023830] RAM 1997/3956MB (lfb 190x4MB) SWAP 215/1978MB (cached 7MB) IRAM 0/252kB(lfb 252kB) CPU [100%@710,off,off,off] EMC_FREQ 3%@1600 GR3D_FREQ 1%@76 APE 25 PLL@32C CPU@34C PMIC@50C GPU@33C AO@42C thermal@33.5C POM_5V_IN 2297/2075 POM_5V_GPU 82/38 POM_5V_CPU 410/293
[ts: 1636412564.536481] RAM 2040/3956MB (lfb 187x4MB) SWAP 215/1978MB (cached 7MB) IRAM 0/252kB(lfb 252kB) CPU [100%@710,off,off,off] EMC_FREQ 3%@1600 GR3D_FREQ 0%@76 APE 25 PLL@32C CPU@34C PMIC@50C GPU@33C AO@42.5C thermal@33.5C POM_5V_IN 2256/2079 POM_5V_GPU 41/38 POM_5V_CPU 410/295
[ts: 1636412565.048139] RAM 2091/3956MB (lfb 182x4MB) SWAP 215/1978MB (cached 7MB) IRAM 0/252kB(lfb 252kB) CPU [100%@710,off,off,off] EMC_FREQ 4%@1600 GR3D_FREQ 11%@76 APE 25 PLL@32C CPU@34C PMIC@50C GPU@33C AO@42.5C thermal@33.5C POM_5V_IN 2297/2083 POM_5V_GPU 82/39 POM_5V_CPU 410/298
[ts: 1636412565.559613] RAM 2159/3956MB (lfb 173x4MB) SWAP 215/1978MB (cached 7MB) IRAM 0/252kB(lfb 252kB) CPU [98%@710,off,off,off] EMC_FREQ 4%@1600 GR3D_FREQ 0%@76 APE 25 PLL@32C CPU@34C PMIC@50C GPU@33C AO@42.5C thermal@33.5C POM_5V_IN 2338/2089 POM_5V_GPU 41/39 POM_5V_CPU 410/300
[ts: 1636412566.072673] RAM 2178/3956MB (lfb 176x4MB) SWAP 215/1978MB (cached 7MB) IRAM 0/252kB(lfb 252kB) CPU [98%@710,off,off,off] EMC_FREQ 4%@1600 GR3D_FREQ 9%@76 APE 25 PLL@32C CPU@34C PMIC@50C GPU@33C AO@42.5C thermal@33.75C POM_5V_IN 2256/2092 POM_5V_GPU 82/40 POM_5V_CPU 410/302
[ts: 1636412566.583241] RAM 2240/3956MB (lfb 170x4MB) SWAP 215/1978MB (cached 7MB) IRAM 0/252kB(lfb 252kB) CPU [100%@710,off,off,off] EMC_FREQ 4%@1600 GR3D_FREQ 8%@76 APE 25 PLL@32C CPU@34C PMIC@50C GPU@33C AO@42.5C thermal@33.75C POM_5V_IN 2297/2096 POM_5V_GPU 82/41 POM_5V_CPU 451/305
[ts: 1636412567.096722] RAM 2286/3956MB (lfb 166x4MB) SWAP 215/1978MB (cached 7MB) IRAM 0/252kB(lfb 252kB) CPU [100%@710,off,off,off] EMC_FREQ 4%@1600 GR3D_FREQ 0%@76 APE 25 PLL@32.5C CPU@34C PMIC@50C GPU@33C AO@42.5C thermal@33.5C POM_5V_IN 2297/2100 POM_5V_GPU 41/41 POM_5V_CPU 410/307
[ts: 1636412567.608743] RAM 2318/3956MB (lfb 163x4MB) SWAP 215/1978MB (cached 7MB) IRAM 0/252kB(lfb 252kB) CPU [100%@710,off,off,off] EMC_FREQ 4%@1600 GR3D_FREQ 16%@76 APE 25 PLL@32.5C CPU@34C PMIC@50C GPU@33C AO@42.5C thermal@33.5C POM_5V_IN 2256/2103 POM_5V_GPU 82/41 POM_5V_CPU 410/309
[ts: 1636412568.120555] RAM 2368/3956MB (lfb 158x4MB) SWAP 215/1978MB (cached 7MB) IRAM 0/252kB(lfb 252kB) CPU [100%@710,off,off,off] EMC_FREQ 4%@1600 GR3D_FREQ 0%@76 APE 25 PLL@32.5C CPU@34.5C PMIC@50C GPU@33C AO@42C thermal@33.75C POM_5V_IN 2297/2107 POM_5V_GPU 41/41 POM_5V_CPU 451/312
[ts: 1636412568.632273] RAM 2407/3956MB (lfb 155x4MB) SWAP 215/1978MB (cached 7MB) IRAM 0/252kB(lfb 252kB) CPU [98%@710,off,off,off] EMC_FREQ 4%@1600 GR3D_FREQ 15%@76 APE 25 PLL@32C CPU@34C PMIC@50C GPU@33C AO@42.5C thermal@33.75C POM_5V_IN 2256/2109 POM_5V_GPU 82/42 POM_5V_CPU 410/314
[ts: 1636412569.142500] RAM 2431/3956MB (lfb 154x4MB) SWAP 215/1978MB (cached 7MB) IRAM 0/252kB(lfb 252kB) CPU [100%@710,off,off,off] EMC_FREQ 3%@1600 GR3D_FREQ 17%@76 APE 25 PLL@32C CPU@34.5C PMIC@50C GPU@33C AO@42.5C thermal@33.5C POM_5V_IN 2215/2111 POM_5V_GPU 82/43 POM_5V_CPU 410/316
[ts: 1636412569.654492] RAM 2457/3956MB (lfb 152x4MB) SWAP 215/1978MB (cached 7MB) IRAM 0/252kB(lfb 252kB) CPU [100%@710,off,off,off] EMC_FREQ 3%@1600 GR3D_FREQ 0%@76 APE 25 PLL@32.5C CPU@34C PMIC@50C GPU@33C AO@42.5C thermal@33.5C POM_5V_IN 2297/2115 POM_5V_GPU 41/43 POM_5V_CPU 451/318
[ts: 1636412570.166301] RAM 2493/3956MB (lfb 150x4MB) SWAP 215/1978MB (cached 7MB) IRAM 0/252kB(lfb 252kB) CPU [98%@710,off,off,off] EMC_FREQ 3%@1600 GR3D_FREQ 20%@76 APE 25 PLL@32C CPU@34C PMIC@50C GPU@33C AO@42.5C thermal@33.5C POM_5V_IN 2297/2118 POM_5V_GPU 82/43 POM_5V_CPU 410/320
[ts: 1636412570.679899] RAM 2535/3956MB (lfb 146x4MB) SWAP 215/1978MB (cached 7MB) IRAM 0/252kB(lfb 252kB) CPU [100%@710,off,off,off] EMC_FREQ 3%@1600 GR3D_FREQ 0%@76 APE 25 PLL@32C CPU@34C PMIC@50C GPU@33C AO@42.5C thermal@33.5C POM_5V_IN 2297/2121 POM_5V_GPU 82/44 POM_5V_CPU 410/321
[ts: 1636412571.192726] RAM 2613/3956MB (lfb 138x4MB) SWAP 215/1978MB (cached 7MB) IRAM 0/252kB(lfb 252kB) CPU [100%@710,off,off,off] EMC_FREQ 3%@1600 GR3D_FREQ 0%@76 APE 25 PLL@32C CPU@34C PMIC@50C GPU@33C AO@43C thermal@33.5C POM_5V_IN 2297/2124 POM_5V_GPU 41/44 POM_5V_CPU 410/323
[ts: 1636412571.704676] RAM 2655/3956MB (lfb 135x4MB) SWAP 215/1978MB (cached 7MB) IRAM 0/252kB(lfb 252kB) CPU [100%@710,off,off,off] EMC_FREQ 3%@1600 GR3D_FREQ 0%@76 APE 25 PLL@32C CPU@34C PMIC@50C GPU@33C AO@42.5C thermal@33.5C POM_5V_IN 2256/2126 POM_5V_GPU 41/44 POM_5V_CPU 410/324
[ts: 1636412572.216425] RAM 2671/3956MB (lfb 135x4MB) SWAP 215/1978MB (cached 7MB) IRAM 0/252kB(lfb 252kB) CPU [100%@710,off,off,off] EMC_FREQ 3%@1600 GR3D_FREQ 0%@76 APE 25 PLL@32C CPU@34C PMIC@50C GPU@33C AO@42.5C thermal@33.5C POM_5V_IN 2297/2129 POM_5V_GPU 41/44 POM_5V_CPU 410/325
[ts: 1636412572.728717] RAM 2722/3956MB (lfb 131x4MB) SWAP 215/1978MB (cached 7MB) IRAM 0/252kB(lfb 252kB) CPU [98%@710,off,off,off] EMC_FREQ 3%@1600 GR3D_FREQ 0%@76 APE 25 PLL@32C CPU@34C PMIC@50C GPU@33C AO@42.5C thermal@33.5C POM_5V_IN 2256/2131 POM_5V_GPU 41/44 POM_5V_CPU 410/327
[ts: 1636412573.240715] RAM 2749/3956MB (lfb 130x4MB) SWAP 215/1978MB (cached 7MB) IRAM 0/252kB(lfb 252kB) CPU [100%@710,off,off,off] EMC_FREQ 3%@1600 GR3D_FREQ 3%@76 APE 25 PLL@32.5C CPU@34C PMIC@50C GPU@33C AO@42.5C thermal@33.5C POM_5V_IN 2297/2134 POM_5V_GPU 82/44 POM_5V_CPU 410/328
[ts: 1636412573.752690] RAM 2804/3956MB (lfb 124x4MB) SWAP 215/1978MB (cached 7MB) IRAM 0/252kB(lfb 252kB) CPU [98%@710,off,off,off] EMC_FREQ 3%@1600 GR3D_FREQ 0%@76 APE 25 PLL@32.5C CPU@34C PMIC@50C GPU@33C AO@42.5C thermal@33.75C POM_5V_IN 2297/2136 POM_5V_GPU 41/44 POM_5V_CPU 410/329
[ts: 1636412574.264988] RAM 2849/3956MB (lfb 118x4MB) SWAP 215/1978MB (cached 7MB) IRAM 0/252kB(lfb 252kB) CPU [100%@710,off,off,off] EMC_FREQ 3%@1600 GR3D_FREQ 0%@76 APE 25 PLL@32.5C CPU@34C PMIC@50C GPU@33C AO@42.5C thermal@33.75C POM_5V_IN 2379/2140 POM_5V_GPU 41/44 POM_5V_CPU 410/331
[ts: 1636412574.776574] RAM 2874/3956MB (lfb 118x4MB) SWAP 215/1978MB (cached 7MB) IRAM 0/252kB(lfb 252kB) CPU [100%@710,off,off,off] EMC_FREQ 3%@1600 GR3D_FREQ 17%@76 APE 25 PLL@32.5C CPU@33.5C PMIC@50C GPU@33C AO@42.5C thermal@33.5C POM_5V_IN 2218/2141 POM_5V_GPU 82/45 POM_5V_CPU 369/331
[ts: 1636412575.288620] RAM 2938/3956MB (lfb 111x4MB) SWAP 215/1978MB (cached 7MB) IRAM 0/252kB(lfb 252kB) CPU [100%@710,off,off,off] EMC_FREQ 4%@1600 GR3D_FREQ 0%@76 APE 25 PLL@32C CPU@34C PMIC@50C GPU@33C AO@42C thermal@33.5C POM_5V_IN 2338/2144 POM_5V_GPU 41/45 POM_5V_CPU 410/332
[ts: 1636412575.799837] RAM 2958/3956MB (lfb 109x4MB) SWAP 215/1978MB (cached 7MB) IRAM 0/252kB(lfb 252kB) CPU [96%@710,off,off,off] EMC_FREQ 4%@1600 GR3D_FREQ 0%@76 APE 25 PLL@32C CPU@34C PMIC@50C GPU@33C AO@42C thermal@33.5C POM_5V_IN 2256/2146 POM_5V_GPU 41/45 POM_5V_CPU 451/334
[ts: 1636412576.311033] RAM 2958/3956MB (lfb 109x4MB) SWAP 215/1978MB (cached 7MB) IRAM 0/252kB(lfb 252kB) CPU [100%@710,off,off,off] EMC_FREQ 3%@1600 GR3D_FREQ 0%@76 APE 25 PLL@32C CPU@34C PMIC@50C GPU@33C AO@42C thermal@33.5C POM_5V_IN 2256/2147 POM_5V_GPU 41/45 POM_5V_CPU 410/335
[ts: 1636412576.824867] RAM 2958/3956MB (lfb 109x4MB) SWAP 215/1978MB (cached 7MB) IRAM 0/252kB(lfb 252kB) CPU [100%@710,off,off,off] EMC_FREQ 3%@1600 GR3D_FREQ 0%@76 APE 25 PLL@32C CPU@34C PMIC@50C GPU@34C AO@42.5C thermal@34C POM_5V_IN 2215/2148 POM_5V_GPU 0/44 POM_5V_CPU 451/337
[ts: 1636412577.336745] RAM 2958/3956MB (lfb 109x4MB) SWAP 215/1978MB (cached 7MB) IRAM 0/252kB(lfb 252kB) CPU [100%@710,off,off,off] EMC_FREQ 3%@1600 GR3D_FREQ 0%@76 APE 25 PLL@32C CPU@34C PMIC@50C GPU@34C AO@42.5C thermal@34C POM_5V_IN 2177/2149 POM_5V_GPU 0/43 POM_5V_CPU 451/338
[ts: 1636412577.848990] RAM 2958/3956MB (lfb 109x4MB) SWAP 215/1978MB (cached 7MB) IRAM 0/252kB(lfb 252kB) CPU [100%@710,off,off,off] EMC_FREQ 3%@1600 GR3D_FREQ 0%@76 APE 25 PLL@32C CPU@34C PMIC@50C GPU@34C AO@42.5C thermal@34C POM_5V_IN 2177/2149 POM_5V_GPU 0/43 POM_5V_CPU 410/339
[ts: 1636412578.360680] RAM 2958/3956MB (lfb 109x4MB) SWAP 215/1978MB (cached 7MB) IRAM 0/252kB(lfb 252kB) CPU [100%@710,off,off,off] EMC_FREQ 3%@1600 GR3D_FREQ 0%@76 APE 25 PLL@32C CPU@34.5C PMIC@50C GPU@34C AO@42C thermal@34C POM_5V_IN 2177/2149 POM_5V_GPU 0/42 POM_5V_CPU 451/341
[ts: 1636412578.872847] RAM 2958/3956MB (lfb 109x4MB) SWAP 215/1978MB (cached 7MB) IRAM 0/252kB(lfb 252kB) CPU [100%@710,off,off,off] EMC_FREQ 3%@1600 GR3D_FREQ 0%@76 APE 25 PLL@32C CPU@34C PMIC@50C GPU@34C AO@42C thermal@34C POM_5V_IN 2215/2150 POM_5V_GPU 0/42 POM_5V_CPU 451/342
[ts: 1636412579.387279] RAM 2958/3956MB (lfb 109x4MB) SWAP 215/1978MB (cached 7MB) IRAM 0/252kB(lfb 252kB) CPU [100%@710,off,off,off] EMC_FREQ 3%@1600 GR3D_FREQ 0%@76 APE 25 PLL@32C CPU@34C PMIC@50C GPU@34C AO@42C thermal@34C POM_5V_IN 2177/2151 POM_5V_GPU 0/41 POM_5V_CPU 451/344
[ts: 1636412579.899897] RAM 2958/3956MB (lfb 109x4MB) SWAP 215/1978MB (cached 7MB) IRAM 0/252kB(lfb 252kB) CPU [100%@710,off,off,off] EMC_FREQ 3%@1600 GR3D_FREQ 0%@76 APE 25 PLL@32C CPU@34C PMIC@50C GPU@34C AO@42.5C thermal@34C POM_5V_IN 2215/2151 POM_5V_GPU 0/41 POM_5V_CPU 369/344
[ts: 1636412580.412756] RAM 2956/3956MB (lfb 109x4MB) SWAP 215/1978MB (cached 7MB) IRAM 0/252kB(lfb 252kB) CPU [100%@710,off,off,off] EMC_FREQ 3%@1600 GR3D_FREQ 0%@76 APE 25 PLL@32C CPU@33.5C PMIC@50C GPU@33C AO@42.5C thermal@33.75C POM_5V_IN 2256/2153 POM_5V_GPU 41/41 POM_5V_CPU 369/345
[ts: 1636412580.926989] RAM 1754/3956MB (lfb 177x4MB) SWAP 215/1978MB (cached 7MB) IRAM 0/252kB(lfb 252kB) CPU [100%@710,off,off,off] EMC_FREQ 3%@1600 GR3D_FREQ 0%@76 APE 25 PLL@32C CPU@34C PMIC@50C GPU@33C AO@42C thermal@33.75C POM_5V_IN 2256/2154 POM_5V_GPU 41/41 POM_5V_CPU 451/346
[ts: 1636412581.436200] RAM 1481/3956MB (lfb 198x4MB) SWAP 215/1978MB (cached 7MB) IRAM 0/252kB(lfb 252kB) CPU [100%@710,off,off,off] EMC_FREQ 4%@1600 GR3D_FREQ 0%@76 APE 25 PLL@32C CPU@34C PMIC@50C GPU@32.5C AO@42.5C thermal@33.5C POM_5V_IN 2379/2157 POM_5V_GPU 41/41 POM_5V_CPU 369/346
[ts: 1636412581.944994] RAM 1481/3956MB (lfb 198x4MB) SWAP 215/1978MB (cached 7MB) IRAM 0/252kB(lfb 252kB) CPU [12%@710,off,off,off] EMC_FREQ 4%@1600 GR3D_FREQ 0%@76 APE 25 PLL@31.5C CPU@34C PMIC@50C GPU@33C AO@42.5C thermal@33.5C POM_5V_IN 1892/2154 POM_5V_GPU 41/41 POM_5V_CPU 164/344
[ts: 1636412582.454495] RAM 1481/3956MB (lfb 198x4MB) SWAP 215/1978MB (cached 7MB) IRAM 0/252kB(lfb 252kB) CPU [3%@710,off,off,off] EMC_FREQ 3%@1600 GR3D_FREQ 0%@76 APE 25 PLL@32C CPU@34C PMIC@50C GPU@34C AO@42C thermal@34C POM_5V_IN 1810/2149 POM_5V_GPU 0/40 POM_5V_CPU 123/341
[ts: 1636412582.963317] RAM 1481/3956MB (lfb 198x4MB) SWAP 215/1978MB (cached 7MB) IRAM 0/252kB(lfb 252kB) CPU [2%@710,off,off,off] EMC_FREQ 3%@1600 GR3D_FREQ 0%@76 APE 25 PLL@32C CPU@34C PMIC@50C GPU@34C AO@42C thermal@34C POM_5V_IN 1810/2145 POM_5V_GPU 0/40 POM_5V_CPU 123/339
