SOC family:tegra210  Machine:NVIDIA Jetson Nano Developer Kit
Online CPUs: 0
cpu0: Online=1 Governor=schedutil MinFreq=307200 MaxFreq=307200 CurrentFreq=307200 IdleStates: WFI=1 c7=1 
cpu1: Online=0 Governor=schedutil MinFreq=307200 MaxFreq=307200 CurrentFreq=307200 IdleStates: WFI=1 c7=1 
cpu2: Online=0 Governor=schedutil MinFreq=307200 MaxFreq=307200 CurrentFreq=307200 IdleStates: WFI=1 c7=1 
cpu3: Online=0 Governor=schedutil MinFreq=307200 MaxFreq=307200 CurrentFreq=307200 IdleStates: WFI=1 c7=1 
GPU MinFreq=76800000 MaxFreq=921600000 CurrentFreq=76800000
EMC MinFreq=204000000 MaxFreq=1600000000 CurrentFreq=1600000000 FreqOverride=0
Fan: PWM=0
NV Power Mode: MAXN
[ts: 1636412752.954414] RAM 1482/3956MB (lfb 199x4MB) SWAP 215/1978MB (cached 7MB) IRAM 0/252kB(lfb 252kB) CPU [100%@307,off,off,off] EMC_FREQ 2%@1600 GR3D_FREQ 0%@76 APE 25 PLL@32C CPU@33.5C PMIC@50C GPU@33C AO@41.5C thermal@33.25C POM_5V_IN 1972/1972 POM_5V_GPU 41/41 POM_5V_CPU 205/205
[ts: 1636412753.413217] RAM 1483/3956MB (lfb 199x4MB) SWAP 215/1978MB (cached 7MB) IRAM 0/252kB(lfb 252kB) CPU [23%@307,off,off,off] EMC_FREQ 2%@1600 GR3D_FREQ 0%@76 APE 25 PLL@32C CPU@33.5C PMIC@50C GPU@33C AO@41.5C thermal@33.25C POM_5V_IN 1892/1932 POM_5V_GPU 41/41 POM_5V_CPU 123/164
[ts: 1636412753.930368] RAM 1483/3956MB (lfb 199x4MB) SWAP 215/1978MB (cached 7MB) IRAM 0/252kB(lfb 252kB) CPU [16%@307,off,off,off] EMC_FREQ 2%@1600 GR3D_FREQ 0%@76 APE 25 PLL@31.5C CPU@34C PMIC@50C GPU@33C AO@41.5C thermal@33.25C POM_5V_IN 1892/1918 POM_5V_GPU 41/41 POM_5V_CPU 123/150
[ts: 1636412754.447318] RAM 1483/3956MB (lfb 199x4MB) SWAP 215/1978MB (cached 7MB) IRAM 0/252kB(lfb 252kB) CPU [14%@307,off,off,off] EMC_FREQ 2%@1600 GR3D_FREQ 0%@76 APE 25 PLL@32C CPU@33.5C PMIC@50C GPU@33C AO@41.5C thermal@33.25C POM_5V_IN 1892/1912 POM_5V_GPU 41/41 POM_5V_CPU 123/143
[ts: 1636412754.963086] RAM 1483/3956MB (lfb 199x4MB) SWAP 215/1978MB (cached 7MB) IRAM 0/252kB(lfb 252kB) CPU [11%@307,off,off,off] EMC_FREQ 2%@1600 GR3D_FREQ 0%@76 APE 25 PLL@32C CPU@33.5C PMIC@50C GPU@34C AO@41.5C thermal@33.25C POM_5V_IN 1851/1899 POM_5V_GPU 41/41 POM_5V_CPU 123/139
[ts: 1636412755.481116] RAM 1483/3956MB (lfb 199x4MB) SWAP 215/1978MB (cached 7MB) IRAM 0/252kB(lfb 252kB) CPU [16%@307,off,off,off] EMC_FREQ 2%@1600 GR3D_FREQ 0%@76 APE 25 PLL@32C CPU@33.5C PMIC@50C GPU@33.5C AO@41.5C thermal@33.25C POM_5V_IN 1892/1898 POM_5V_GPU 41/41 POM_5V_CPU 123/136
[ts: 1636412755.998482] RAM 1483/3956MB (lfb 199x4MB) SWAP 215/1978MB (cached 7MB) IRAM 0/252kB(lfb 252kB) CPU [14%@307,off,off,off] EMC_FREQ 2%@1600 GR3D_FREQ 0%@76 APE 25 PLL@31.5C CPU@33.5C PMIC@50C GPU@33C AO@42C thermal@33.25C POM_5V_IN 1892/1897 POM_5V_GPU 41/41 POM_5V_CPU 123/134
[ts: 1636412756.514932] RAM 1483/3956MB (lfb 199x4MB) SWAP 215/1978MB (cached 7MB) IRAM 0/252kB(lfb 252kB) CPU [14%@307,off,off,off] EMC_FREQ 2%@1600 GR3D_FREQ 0%@76 APE 25 PLL@32C CPU@33.5C PMIC@50C GPU@33C AO@41.5C thermal@33.25C POM_5V_IN 1892/1896 POM_5V_GPU 41/41 POM_5V_CPU 123/133
[ts: 1636412757.035560] RAM 1483/3956MB (lfb 199x4MB) SWAP 215/1978MB (cached 7MB) IRAM 0/252kB(lfb 252kB) CPU [14%@307,off,off,off] EMC_FREQ 2%@1600 GR3D_FREQ 0%@76 APE 25 PLL@31.5C CPU@33.5C PMIC@50C GPU@33C AO@41.5C thermal@33.25C POM_5V_IN 1892/1896 POM_5V_GPU 41/41 POM_5V_CPU 123/132
[ts: 1636412757.552785] RAM 1483/3956MB (lfb 199x4MB) SWAP 215/1978MB (cached 7MB) IRAM 0/252kB(lfb 252kB) CPU [16%@307,off,off,off] EMC_FREQ 2%@1600 GR3D_FREQ 0%@76 APE 25 PLL@32C CPU@34C PMIC@50C GPU@33C AO@41.5C thermal@33.25C POM_5V_IN 1892/1895 POM_5V_GPU 41/41 POM_5V_CPU 123/131
[ts: 1636412758.068977] RAM 1483/3956MB (lfb 199x4MB) SWAP 215/1978MB (cached 7MB) IRAM 0/252kB(lfb 252kB) CPU [11%@307,off,off,off] EMC_FREQ 2%@1600 GR3D_FREQ 0%@76 APE 25 PLL@32C CPU@33.5C PMIC@50C GPU@33C AO@42C thermal@33.25C POM_5V_IN 1892/1895 POM_5V_GPU 41/41 POM_5V_CPU 123/130
[ts: 1636412758.610846] RAM 1483/3956MB (lfb 199x4MB) SWAP 215/1978MB (cached 7MB) IRAM 0/252kB(lfb 252kB) CPU [17%@307,off,off,off] EMC_FREQ 2%@1600 GR3D_FREQ 0%@76 APE 25 PLL@31.5C CPU@33.5C PMIC@50C GPU@32.5C AO@41.5C thermal@33C POM_5V_IN 1851/1891 POM_5V_GPU 41/41 POM_5V_CPU 123/129
[ts: 1636412759.128027] RAM 1483/3956MB (lfb 199x4MB) SWAP 215/1978MB (cached 7MB) IRAM 0/252kB(lfb 252kB) CPU [12%@307,off,off,off] EMC_FREQ 2%@1600 GR3D_FREQ 0%@76 APE 25 PLL@31.5C CPU@33.5C PMIC@50C GPU@33C AO@41.5C thermal@33C POM_5V_IN 1851/1888 POM_5V_GPU 41/41 POM_5V_CPU 123/129
[ts: 1636412759.644599] RAM 1483/3956MB (lfb 199x4MB) SWAP 215/1978MB (cached 7MB) IRAM 0/252kB(lfb 252kB) CPU [13%@307,off,off,off] EMC_FREQ 2%@1600 GR3D_FREQ 0%@76 APE 25 PLL@32C CPU@33.5C PMIC@50C GPU@32.5C AO@41.5C thermal@33C POM_5V_IN 1892/1888 POM_5V_GPU 41/41 POM_5V_CPU 123/128
[ts: 1636412760.162199] RAM 1483/3956MB (lfb 199x4MB) SWAP 215/1978MB (cached 7MB) IRAM 0/252kB(lfb 252kB) CPU [22%@307,off,off,off] EMC_FREQ 2%@1600 GR3D_FREQ 10%@76 APE 25 PLL@32C CPU@33.5C PMIC@50C GPU@32.5C AO@42C thermal@33C POM_5V_IN 1975/1894 POM_5V_GPU 82/43 POM_5V_CPU 164/131
[ts: 1636412760.679334] RAM 1483/3956MB (lfb 199x4MB) SWAP 215/1978MB (cached 7MB) IRAM 0/252kB(lfb 252kB) CPU [15%@307,off,off,off] EMC_FREQ 2%@1600 GR3D_FREQ 0%@76 APE 25 PLL@32C CPU@33.5C PMIC@50C GPU@32.5C AO@42C thermal@33C POM_5V_IN 1892/1894 POM_5V_GPU 41/43 POM_5V_CPU 123/130
[ts: 1636412761.195804] RAM 1483/3956MB (lfb 199x4MB) SWAP 215/1978MB (cached 7MB) IRAM 0/252kB(lfb 252kB) CPU [13%@307,off,off,off] EMC_FREQ 2%@1600 GR3D_FREQ 0%@76 APE 25 PLL@31.5C CPU@33.5C PMIC@50C GPU@33C AO@41.5C thermal@33C POM_5V_IN 1892/1894 POM_5V_GPU 41/43 POM_5V_CPU 123/130
[ts: 1636412761.712388] RAM 1483/3956MB (lfb 199x4MB) SWAP 215/1978MB (cached 7MB) IRAM 0/252kB(lfb 252kB) CPU [14%@307,off,off,off] EMC_FREQ 2%@1600 GR3D_FREQ 0%@76 APE 25 PLL@32C CPU@34C PMIC@50C GPU@32.5C AO@42C thermal@33C POM_5V_IN 1892/1894 POM_5V_GPU 41/43 POM_5V_CPU 123/129
[ts: 1636412762.228570] RAM 1483/3956MB (lfb 199x4MB) SWAP 215/1978MB (cached 7MB) IRAM 0/252kB(lfb 252kB) CPU [7%@307,off,off,off] EMC_FREQ 2%@1600 GR3D_FREQ 0%@76 APE 25 PLL@31.5C CPU@33.5C PMIC@50C GPU@32.5C AO@42C thermal@33C POM_5V_IN 1851/1891 POM_5V_GPU 41/43 POM_5V_CPU 123/129
[ts: 1636412762.763909] RAM 1486/3956MB (lfb 199x4MB) SWAP 215/1978MB (cached 7MB) IRAM 0/252kB(lfb 252kB) CPU [87%@307,off,off,off] EMC_FREQ 2%@1600 GR3D_FREQ 0%@76 APE 25 PLL@32C CPU@33.5C PMIC@50C GPU@34C AO@42C thermal@33.75C POM_5V_IN 1892/1891 POM_5V_GPU 0/41 POM_5V_CPU 205/133
[ts: 1636412763.291998] RAM 1487/3956MB (lfb 199x4MB) SWAP 215/1978MB (cached 7MB) IRAM 0/252kB(lfb 252kB) CPU [100%@307,off,off,off] EMC_FREQ 2%@1600 GR3D_FREQ 4%@76 APE 25 PLL@31.5C CPU@33.5C PMIC@50C GPU@33C AO@41.5C thermal@33.75C POM_5V_IN 2013/1897 POM_5V_GPU 82/42 POM_5V_CPU 205/136
[ts: 1636412763.817922] RAM 1490/3956MB (lfb 199x4MB) SWAP 215/1978MB (cached 7MB) IRAM 0/252kB(lfb 252kB) CPU [100%@307,off,off,off] EMC_FREQ 2%@1600 GR3D_FREQ 0%@76 APE 25 PLL@32C CPU@33.5C PMIC@50C GPU@32.5C AO@42C thermal@33.75C POM_5V_IN 1975/1901 POM_5V_GPU 41/42 POM_5V_CPU 205/139
[ts: 1636412764.341357] RAM 1494/3956MB (lfb 199x4MB) SWAP 215/1978MB (cached 7MB) IRAM 0/252kB(lfb 252kB) CPU [100%@307,off,off,off] EMC_FREQ 2%@1600 GR3D_FREQ 0%@76 APE 25 PLL@31.5C CPU@34C PMIC@50C GPU@33.5C AO@42C thermal@33C POM_5V_IN 1975/1904 POM_5V_GPU 41/42 POM_5V_CPU 205/142
[ts: 1636412764.866248] RAM 1497/3956MB (lfb 199x4MB) SWAP 215/1978MB (cached 7MB) IRAM 0/252kB(lfb 252kB) CPU [100%@307,off,off,off] EMC_FREQ 2%@1600 GR3D_FREQ 0%@76 APE 25 PLL@31.5C CPU@33.5C PMIC@50C GPU@33.5C AO@42C thermal@33C POM_5V_IN 1892/1903 POM_5V_GPU 0/41 POM_5V_CPU 205/145
[ts: 1636412765.389392] RAM 1499/3956MB (lfb 199x4MB) SWAP 215/1978MB (cached 7MB) IRAM 0/252kB(lfb 252kB) CPU [100%@307,off,off,off] EMC_FREQ 2%@1600 GR3D_FREQ 0%@76 APE 25 PLL@31.5C CPU@33.5C PMIC@50C GPU@33.5C AO@42C thermal@33.5C POM_5V_IN 1892/1903 POM_5V_GPU 0/39 POM_5V_CPU 205/147
[ts: 1636412765.913978] RAM 1503/3956MB (lfb 199x4MB) SWAP 215/1978MB (cached 7MB) IRAM 0/252kB(lfb 252kB) CPU [100%@307,off,off,off] EMC_FREQ 2%@1600 GR3D_FREQ 0%@76 APE 25 PLL@31.5C CPU@33.5C PMIC@50C GPU@33.5C AO@42C thermal@33.5C POM_5V_IN 1934/1904 POM_5V_GPU 0/37 POM_5V_CPU 205/149
[ts: 1636412766.436231] RAM 1508/3956MB (lfb 199x4MB) SWAP 215/1978MB (cached 7MB) IRAM 0/252kB(lfb 252kB) CPU [100%@307,off,off,off] EMC_FREQ 2%@1600 GR3D_FREQ 0%@76 APE 25 PLL@31.5C CPU@33.5C PMIC@50C GPU@33.5C AO@42C thermal@33.5C POM_5V_IN 1934/1905 POM_5V_GPU 0/36 POM_5V_CPU 205/151
[ts: 1636412766.965680] RAM 1510/3956MB (lfb 199x4MB) SWAP 215/1978MB (cached 7MB) IRAM 0/252kB(lfb 252kB) CPU [100%@307,off,off,off] EMC_FREQ 2%@1600 GR3D_FREQ 0%@76 APE 25 PLL@32C CPU@33.5C PMIC@50C GPU@34C AO@42C thermal@33.5C POM_5V_IN 1934/1906 POM_5V_GPU 0/35 POM_5V_CPU 205/153
[ts: 1636412767.489433] RAM 1512/3956MB (lfb 199x4MB) SWAP 215/1978MB (cached 7MB) IRAM 0/252kB(lfb 252kB) CPU [100%@307,off,off,off] EMC_FREQ 2%@1600 GR3D_FREQ 0%@76 APE 25 PLL@31.5C CPU@33.5C PMIC@50C GPU@33.5C AO@42C thermal@33.75C POM_5V_IN 1934/1907 POM_5V_GPU 0/33 POM_5V_CPU 205/155
[ts: 1636412768.013342] RAM 1515/3956MB (lfb 199x4MB) SWAP 215/1978MB (cached 7MB) IRAM 0/252kB(lfb 252kB) CPU [100%@307,off,off,off] EMC_FREQ 2%@1600 GR3D_FREQ 0%@76 APE 25 PLL@32C CPU@33.5C PMIC@50C GPU@34C AO@42C thermal@33.75C POM_5V_IN 1934/1908 POM_5V_GPU 0/32 POM_5V_CPU 205/157
[ts: 1636412768.535412] RAM 1517/3956MB (lfb 199x4MB) SWAP 215/1978MB (cached 7MB) IRAM 0/252kB(lfb 252kB) CPU [100%@307,off,off,off] EMC_FREQ 2%@1600 GR3D_FREQ 0%@76 APE 25 PLL@32C CPU@33.5C PMIC@50C GPU@34C AO@42C thermal@33.75C POM_5V_IN 1892/1908 POM_5V_GPU 0/31 POM_5V_CPU 205/158
[ts: 1636412769.059953] RAM 1519/3956MB (lfb 199x4MB) SWAP 215/1978MB (cached 7MB) IRAM 0/252kB(lfb 252kB) CPU [100%@307,off,off,off] EMC_FREQ 2%@1600 GR3D_FREQ 0%@76 APE 25 PLL@32C CPU@33.5C PMIC@50C GPU@34C AO@42C thermal@33.75C POM_5V_IN 1892/1907 POM_5V_GPU 0/30 POM_5V_CPU 205/160
[ts: 1636412769.583610] RAM 1520/3956MB (lfb 199x4MB) SWAP 215/1978MB (cached 7MB) IRAM 0/252kB(lfb 252kB) CPU [100%@307,off,off,off] EMC_FREQ 2%@1600 GR3D_FREQ 0%@76 APE 25 PLL@31.5C CPU@33.5C PMIC@50C GPU@34C AO@42C thermal@33.75C POM_5V_IN 1892/1907 POM_5V_GPU 0/29 POM_5V_CPU 205/161
[ts: 1636412770.112429] RAM 1520/3956MB (lfb 199x4MB) SWAP 215/1978MB (cached 7MB) IRAM 0/252kB(lfb 252kB) CPU [100%@307,off,off,off] EMC_FREQ 2%@1600 GR3D_FREQ 0%@76 APE 25 PLL@31.5C CPU@34C PMIC@50C GPU@33.5C AO@42C thermal@33.75C POM_5V_IN 1892/1906 POM_5V_GPU 0/28 POM_5V_CPU 205/162
[ts: 1636412770.636296] RAM 1521/3956MB (lfb 199x4MB) SWAP 215/1978MB (cached 7MB) IRAM 0/252kB(lfb 252kB) CPU [100%@307,off,off,off] EMC_FREQ 2%@1600 GR3D_FREQ 0%@76 APE 25 PLL@32C CPU@33.5C PMIC@50C GPU@34C AO@41.5C thermal@33.5C POM_5V_IN 1934/1907 POM_5V_GPU 0/28 POM_5V_CPU 205/164
[ts: 1636412771.160295] RAM 1525/3956MB (lfb 199x4MB) SWAP 215/1978MB (cached 7MB) IRAM 0/252kB(lfb 252kB) CPU [100%@307,off,off,off] EMC_FREQ 2%@1600 GR3D_FREQ 0%@76 APE 25 PLL@31.5C CPU@33.5C PMIC@50C GPU@33.5C AO@42C thermal@33.5C POM_5V_IN 1934/1908 POM_5V_GPU 0/27 POM_5V_CPU 205/165
[ts: 1636412771.684663] RAM 1525/3956MB (lfb 199x4MB) SWAP 215/1978MB (cached 7MB) IRAM 0/252kB(lfb 252kB) CPU [100%@307,off,off,off] EMC_FREQ 2%@1600 GR3D_FREQ 0%@76 APE 25 PLL@32C CPU@33.5C PMIC@50C GPU@34C AO@42C thermal@33.5C POM_5V_IN 1934/1908 POM_5V_GPU 0/26 POM_5V_CPU 205/166
[ts: 1636412772.208229] RAM 1528/3956MB (lfb 199x4MB) SWAP 215/1978MB (cached 7MB) IRAM 0/252kB(lfb 252kB) CPU [100%@307,off,off,off] EMC_FREQ 2%@1600 GR3D_FREQ 0%@76 APE 25 PLL@31.5C CPU@33.5C PMIC@50C GPU@33.5C AO@42C thermal@33.75C POM_5V_IN 1934/1909 POM_5V_GPU 0/25 POM_5V_CPU 205/167
[ts: 1636412772.733054] RAM 1538/3956MB (lfb 199x4MB) SWAP 215/1978MB (cached 7MB) IRAM 0/252kB(lfb 252kB) CPU [100%@307,off,off,off] EMC_FREQ 2%@1600 GR3D_FREQ 0%@76 APE 25 PLL@32C CPU@33.5C PMIC@50C GPU@34C AO@42C thermal@33.75C POM_5V_IN 1892/1909 POM_5V_GPU 0/25 POM_5V_CPU 205/168
[ts: 1636412773.256261] RAM 1544/3956MB (lfb 199x4MB) SWAP 215/1978MB (cached 7MB) IRAM 0/252kB(lfb 252kB) CPU [100%@307,off,off,off] EMC_FREQ 2%@1600 GR3D_FREQ 0%@76 APE 25 PLL@31.5C CPU@33.5C PMIC@50C GPU@33.5C AO@42C thermal@33.75C POM_5V_IN 1892/1908 POM_5V_GPU 0/24 POM_5V_CPU 205/169
[ts: 1636412773.781387] RAM 1553/3956MB (lfb 199x4MB) SWAP 215/1978MB (cached 7MB) IRAM 0/252kB(lfb 252kB) CPU [100%@307,off,off,off] EMC_FREQ 2%@1600 GR3D_FREQ 0%@76 APE 25 PLL@32C CPU@33.5C PMIC@50C GPU@34C AO@41.5C thermal@33.75C POM_5V_IN 1934/1909 POM_5V_GPU 0/24 POM_5V_CPU 205/170
[ts: 1636412774.303650] RAM 1560/3956MB (lfb 199x4MB) SWAP 215/1978MB (cached 7MB) IRAM 0/252kB(lfb 252kB) CPU [100%@307,off,off,off] EMC_FREQ 2%@1600 GR3D_FREQ 0%@76 APE 25 PLL@32C CPU@33.5C PMIC@50C GPU@34C AO@41.5C thermal@33.75C POM_5V_IN 1934/1909 POM_5V_GPU 0/23 POM_5V_CPU 205/170
[ts: 1636412774.826741] RAM 1564/3956MB (lfb 199x4MB) SWAP 215/1978MB (cached 7MB) IRAM 0/252kB(lfb 252kB) CPU [100%@307,off,off,off] EMC_FREQ 2%@1600 GR3D_FREQ 0%@76 APE 25 PLL@31.5C CPU@33.5C PMIC@50C GPU@33.5C AO@42C thermal@33.75C POM_5V_IN 1934/1910 POM_5V_GPU 0/22 POM_5V_CPU 205/171
[ts: 1636412775.351508] RAM 1566/3956MB (lfb 199x4MB) SWAP 215/1978MB (cached 7MB) IRAM 0/252kB(lfb 252kB) CPU [100%@307,off,off,off] EMC_FREQ 2%@1600 GR3D_FREQ 0%@76 APE 25 PLL@31.5C CPU@33.5C PMIC@50C GPU@33.5C AO@41.5C thermal@33.5C POM_5V_IN 1892/1909 POM_5V_GPU 0/22 POM_5V_CPU 205/172
[ts: 1636412775.874912] RAM 1568/3956MB (lfb 199x4MB) SWAP 215/1978MB (cached 7MB) IRAM 0/252kB(lfb 252kB) CPU [100%@307,off,off,off] EMC_FREQ 2%@1600 GR3D_FREQ 0%@76 APE 25 PLL@32C CPU@33.5C PMIC@50C GPU@34C AO@42C thermal@33.5C POM_5V_IN 1892/1909 POM_5V_GPU 0/21 POM_5V_CPU 205/173
[ts: 1636412776.400000] RAM 1570/3956MB (lfb 199x4MB) SWAP 215/1978MB (cached 7MB) IRAM 0/252kB(lfb 252kB) CPU [100%@307,off,off,off] EMC_FREQ 2%@1600 GR3D_FREQ 0%@76 APE 25 PLL@31.5C CPU@33.5C PMIC@50C GPU@33.5C AO@42C thermal@33.75C POM_5V_IN 1892/1909 POM_5V_GPU 0/21 POM_5V_CPU 205/173
[ts: 1636412776.924531] RAM 1573/3956MB (lfb 199x4MB) SWAP 215/1978MB (cached 7MB) IRAM 0/252kB(lfb 252kB) CPU [100%@307,off,off,off] EMC_FREQ 2%@1600 GR3D_FREQ 0%@76 APE 25 PLL@32C CPU@33.5C PMIC@50C GPU@34C AO@42C thermal@33.75C POM_5V_IN 1934/1909 POM_5V_GPU 0/20 POM_5V_CPU 205/174
[ts: 1636412777.450205] RAM 1575/3956MB (lfb 199x4MB) SWAP 215/1978MB (cached 7MB) IRAM 0/252kB(lfb 252kB) CPU [100%@307,off,off,off] EMC_FREQ 2%@1600 GR3D_FREQ 0%@76 APE 25 PLL@32C CPU@33.5C PMIC@50C GPU@34C AO@42C thermal@33.5C POM_5V_IN 2013/1911 POM_5V_GPU 0/20 POM_5V_CPU 205/175
[ts: 1636412777.973218] RAM 1577/3956MB (lfb 199x4MB) SWAP 215/1978MB (cached 7MB) IRAM 0/252kB(lfb 252kB) CPU [100%@307,off,off,off] EMC_FREQ 2%@1600 GR3D_FREQ 0%@76 APE 25 PLL@32C CPU@33.5C PMIC@50C GPU@34C AO@41.5C thermal@33.5C POM_5V_IN 1892/1911 POM_5V_GPU 0/20 POM_5V_CPU 205/175
[ts: 1636412778.498037] RAM 1578/3956MB (lfb 199x4MB) SWAP 215/1978MB (cached 7MB) IRAM 0/252kB(lfb 252kB) CPU [100%@307,off,off,off] EMC_FREQ 2%@1600 GR3D_FREQ 0%@76 APE 25 PLL@31.5C CPU@33.5C PMIC@50C GPU@33.5C AO@42C thermal@33.5C POM_5V_IN 1892/1911 POM_5V_GPU 0/19 POM_5V_CPU 205/176
[ts: 1636412779.020241] RAM 1581/3956MB (lfb 199x4MB) SWAP 215/1978MB (cached 7MB) IRAM 0/252kB(lfb 252kB) CPU [100%@307,off,off,off] EMC_FREQ 2%@1600 GR3D_FREQ 0%@76 APE 25 PLL@31.5C CPU@33.5C PMIC@50C GPU@33.5C AO@42C thermal@33.5C POM_5V_IN 1892/1910 POM_5V_GPU 0/19 POM_5V_CPU 205/176
[ts: 1636412779.543077] RAM 1584/3956MB (lfb 199x4MB) SWAP 215/1978MB (cached 7MB) IRAM 0/252kB(lfb 252kB) CPU [100%@307,off,off,off] EMC_FREQ 2%@1600 GR3D_FREQ 0%@76 APE 25 PLL@31.5C CPU@33.5C PMIC@50C GPU@33.5C AO@41.5C thermal@33.5C POM_5V_IN 1892/1910 POM_5V_GPU 0/18 POM_5V_CPU 205/177
[ts: 1636412780.066726] RAM 1587/3956MB (lfb 199x4MB) SWAP 215/1978MB (cached 7MB) IRAM 0/252kB(lfb 252kB) CPU [100%@307,off,off,off] EMC_FREQ 2%@1600 GR3D_FREQ 0%@76 APE 25 PLL@31.5C CPU@33.5C PMIC@50C GPU@33.5C AO@42C thermal@33.5C POM_5V_IN 1892/1909 POM_5V_GPU 0/18 POM_5V_CPU 205/177
[ts: 1636412780.591018] RAM 1591/3956MB (lfb 199x4MB) SWAP 215/1978MB (cached 7MB) IRAM 0/252kB(lfb 252kB) CPU [100%@307,off,off,off] EMC_FREQ 2%@1600 GR3D_FREQ 0%@76 APE 25 PLL@31.5C CPU@34C PMIC@50C GPU@33C AO@41.5C thermal@33.5C POM_5V_IN 1934/1910 POM_5V_GPU 41/18 POM_5V_CPU 205/178
[ts: 1636412781.113275] RAM 1596/3956MB (lfb 199x4MB) SWAP 215/1978MB (cached 7MB) IRAM 0/252kB(lfb 252kB) CPU [100%@307,off,off,off] EMC_FREQ 2%@1600 GR3D_FREQ 0%@76 APE 25 PLL@31.5C CPU@34C PMIC@50C GPU@33C AO@42C thermal@33.25C POM_5V_IN 1975/1911 POM_5V_GPU 41/19 POM_5V_CPU 205/178
[ts: 1636412781.636208] RAM 1612/3956MB (lfb 199x4MB) SWAP 215/1978MB (cached 7MB) IRAM 0/252kB(lfb 252kB) CPU [100%@307,off,off,off] EMC_FREQ 2%@1600 GR3D_FREQ 0%@76 APE 25 PLL@31.5C CPU@34C PMIC@50C GPU@33.5C AO@41.5C thermal@33.25C POM_5V_IN 2016/1913 POM_5V_GPU 0/19 POM_5V_CPU 246/180
[ts: 1636412782.166883] RAM 1612/3956MB (lfb 199x4MB) SWAP 215/1978MB (cached 7MB) IRAM 0/252kB(lfb 252kB) CPU [100%@307,off,off,off] EMC_FREQ 2%@1600 GR3D_FREQ 0%@76 APE 25 PLL@31.5C CPU@34C PMIC@50C GPU@33.5C AO@42C thermal@33.75C POM_5V_IN 1934/1913 POM_5V_GPU 0/18 POM_5V_CPU 205/180
[ts: 1636412782.692221] RAM 1611/3956MB (lfb 199x4MB) SWAP 215/1978MB (cached 7MB) IRAM 0/252kB(lfb 252kB) CPU [100%@307,off,off,off] EMC_FREQ 2%@1600 GR3D_FREQ 0%@76 APE 25 PLL@31.5C CPU@34C PMIC@50C GPU@33.5C AO@41.5C thermal@33.75C POM_5V_IN 2013/1915 POM_5V_GPU 0/18 POM_5V_CPU 246/181
[ts: 1636412783.215350] RAM 1616/3956MB (lfb 199x4MB) SWAP 215/1978MB (cached 7MB) IRAM 0/252kB(lfb 252kB) CPU [100%@307,off,off,off] EMC_FREQ 2%@1600 GR3D_FREQ 6%@76 APE 25 PLL@31.5C CPU@33.5C PMIC@50C GPU@33C AO@41.5C thermal@33.25C POM_5V_IN 2054/1917 POM_5V_GPU 82/19 POM_5V_CPU 205/182
[ts: 1636412783.737386] RAM 1646/3956MB (lfb 199x4MB) SWAP 215/1978MB (cached 7MB) IRAM 0/252kB(lfb 252kB) CPU [100%@307,off,off,off] EMC_FREQ 2%@1600 GR3D_FREQ 0%@76 APE 25 PLL@32C CPU@33.5C PMIC@50C GPU@32.5C AO@42C thermal@33.25C POM_5V_IN 2136/1921 POM_5V_GPU 82/20 POM_5V_CPU 205/182
[ts: 1636412784.267158] RAM 1681/3956MB (lfb 199x4MB) SWAP 215/1978MB (cached 7MB) IRAM 0/252kB(lfb 252kB) CPU [100%@307,off,off,off] EMC_FREQ 2%@1600 GR3D_FREQ 0%@76 APE 25 PLL@31.5C CPU@33.5C PMIC@50C GPU@33C AO@41.5C thermal@33.25C POM_5V_IN 2054/1923 POM_5V_GPU 41/20 POM_5V_CPU 246/183
[ts: 1636412784.793875] RAM 1681/3956MB (lfb 199x4MB) SWAP 215/1978MB (cached 7MB) IRAM 0/252kB(lfb 252kB) CPU [100%@307,off,off,off] EMC_FREQ 2%@1600 GR3D_FREQ 0%@76 APE 25 PLL@31.5C CPU@33.5C PMIC@50C GPU@32.5C AO@42C thermal@33.25C POM_5V_IN 2054/1925 POM_5V_GPU 41/21 POM_5V_CPU 205/183
[ts: 1636412785.323463] RAM 1714/3956MB (lfb 199x4MB) SWAP 215/1978MB (cached 7MB) IRAM 0/252kB(lfb 252kB) CPU [100%@307,off,off,off] EMC_FREQ 2%@1600 GR3D_FREQ 0%@76 APE 25 PLL@31.5C CPU@34.5C PMIC@50C GPU@32.5C AO@42C thermal@33C POM_5V_IN 2054/1927 POM_5V_GPU 41/21 POM_5V_CPU 246/184
[ts: 1636412785.849203] RAM 1717/3956MB (lfb 199x4MB) SWAP 215/1978MB (cached 7MB) IRAM 0/252kB(lfb 252kB) CPU [100%@307,off,off,off] EMC_FREQ 2%@1600 GR3D_FREQ 0%@76 APE 25 PLL@31.5C CPU@33.5C PMIC@50C GPU@33C AO@42C thermal@33C POM_5V_IN 2054/1929 POM_5V_GPU 41/21 POM_5V_CPU 205/185
[ts: 1636412786.372299] RAM 1733/3956MB (lfb 199x4MB) SWAP 215/1978MB (cached 7MB) IRAM 0/252kB(lfb 252kB) CPU [100%@307,off,off,off] EMC_FREQ 2%@1600 GR3D_FREQ 2%@76 APE 25 PLL@31.5C CPU@33.5C PMIC@50C GPU@33C AO@42C thermal@33.25C POM_5V_IN 2016/1931 POM_5V_GPU 82/22 POM_5V_CPU 205/185
[ts: 1636412786.931797] RAM 1743/3956MB (lfb 199x4MB) SWAP 215/1978MB (cached 7MB) IRAM 0/252kB(lfb 252kB) CPU [100%@307,off,off,off] EMC_FREQ 2%@1600 GR3D_FREQ 0%@76 APE 25 PLL@31.5C CPU@33.5C PMIC@50C GPU@33C AO@42C thermal@33.25C POM_5V_IN 2136/1934 POM_5V_GPU 41/22 POM_5V_CPU 205/185
[ts: 1636412787.523905] RAM 1762/3956MB (lfb 199x4MB) SWAP 215/1978MB (cached 8MB) IRAM 0/252kB(lfb 252kB) CPU [100%@307,off,off,off] EMC_FREQ 2%@1600 GR3D_FREQ 0%@76 APE 25 PLL@31.5C CPU@33.5C PMIC@50C GPU@33C AO@42C thermal@33.25C POM_5V_IN 2013/1935 POM_5V_GPU 41/23 POM_5V_CPU 205/186
[ts: 1636412788.080494] RAM 1764/3956MB (lfb 199x4MB) SWAP 215/1978MB (cached 8MB) IRAM 0/252kB(lfb 252kB) CPU [100%@307,off,off,off] EMC_FREQ 2%@1600 GR3D_FREQ 0%@76 APE 25 PLL@31.5C CPU@33.5C PMIC@50C GPU@33C AO@42C thermal@33.25C POM_5V_IN 2016/1936 POM_5V_GPU 41/23 POM_5V_CPU 205/186
[ts: 1636412788.604696] RAM 1768/3956MB (lfb 199x4MB) SWAP 215/1978MB (cached 8MB) IRAM 0/252kB(lfb 252kB) CPU [100%@307,off,off,off] EMC_FREQ 2%@1600 GR3D_FREQ 6%@76 APE 25 PLL@31.5C CPU@33.5C PMIC@50C GPU@33C AO@42C thermal@33C POM_5V_IN 2013/1937 POM_5V_GPU 82/24 POM_5V_CPU 205/186
[ts: 1636412789.129408] RAM 1800/3956MB (lfb 199x4MB) SWAP 215/1978MB (cached 8MB) IRAM 0/252kB(lfb 252kB) CPU [98%@307,off,off,off] EMC_FREQ 2%@1600 GR3D_FREQ 0%@76 APE 25 PLL@31.5C CPU@33.5C PMIC@50C GPU@32.5C AO@42C thermal@33C POM_5V_IN 2013/1938 POM_5V_GPU 41/24 POM_5V_CPU 246/187
[ts: 1636412789.659246] RAM 1812/3956MB (lfb 199x4MB) SWAP 215/1978MB (cached 8MB) IRAM 0/252kB(lfb 252kB) CPU [100%@307,off,off,off] EMC_FREQ 2%@1600 GR3D_FREQ 6%@76 APE 25 PLL@31.5C CPU@33.5C PMIC@50C GPU@33C AO@42C thermal@33.5C POM_5V_IN 2054/1940 POM_5V_GPU 82/25 POM_5V_CPU 205/187
[ts: 1636412790.183945] RAM 1846/3956MB (lfb 199x4MB) SWAP 215/1978MB (cached 8MB) IRAM 0/252kB(lfb 252kB) CPU [100%@307,off,off,off] EMC_FREQ 2%@1600 GR3D_FREQ 0%@76 APE 25 PLL@31.5C CPU@33.5C PMIC@50C GPU@33C AO@41.5C thermal@33.5C POM_5V_IN 2013/1941 POM_5V_GPU 41/25 POM_5V_CPU 205/187
[ts: 1636412790.712996] RAM 1846/3956MB (lfb 199x4MB) SWAP 215/1978MB (cached 8MB) IRAM 0/252kB(lfb 252kB) CPU [100%@307,off,off,off] EMC_FREQ 2%@1600 GR3D_FREQ 13%@76 APE 25 PLL@31.5C CPU@33.5C PMIC@50C GPU@33C AO@42C thermal@33.5C POM_5V_IN 2013/1942 POM_5V_GPU 82/26 POM_5V_CPU 205/188
[ts: 1636412791.242835] RAM 1856/3956MB (lfb 199x4MB) SWAP 215/1978MB (cached 8MB) IRAM 0/252kB(lfb 252kB) CPU [100%@307,off,off,off] EMC_FREQ 2%@1600 GR3D_FREQ 4%@76 APE 25 PLL@31.5C CPU@33.5C PMIC@50C GPU@33C AO@41.5C thermal@33.25C POM_5V_IN 2054/1943 POM_5V_GPU 82/27 POM_5V_CPU 205/188
[ts: 1636412791.768328] RAM 1874/3956MB (lfb 199x4MB) SWAP 215/1978MB (cached 8MB) IRAM 0/252kB(lfb 252kB) CPU [100%@307,off,off,off] EMC_FREQ 2%@1600 GR3D_FREQ 13%@76 APE 25 PLL@31.5C CPU@33C PMIC@50C GPU@32.5C AO@42C thermal@33.25C POM_5V_IN 2054/1945 POM_5V_GPU 82/27 POM_5V_CPU 205/188
[ts: 1636412792.301310] RAM 1895/3956MB (lfb 199x4MB) SWAP 215/1978MB (cached 8MB) IRAM 0/252kB(lfb 252kB) CPU [100%@307,off,off,off] EMC_FREQ 2%@1600 GR3D_FREQ 6%@76 APE 25 PLL@31.5C CPU@33.5C PMIC@50C GPU@33C AO@42C thermal@33.25C POM_5V_IN 2054/1946 POM_5V_GPU 82/28 POM_5V_CPU 205/188
[ts: 1636412792.831998] RAM 1911/3956MB (lfb 199x4MB) SWAP 215/1978MB (cached 8MB) IRAM 0/252kB(lfb 252kB) CPU [100%@307,off,off,off] EMC_FREQ 2%@1600 GR3D_FREQ 7%@76 APE 25 PLL@31.5C CPU@33.5C PMIC@50C GPU@33C AO@42C thermal@33.25C POM_5V_IN 2016/1947 POM_5V_GPU 82/29 POM_5V_CPU 205/189
[ts: 1636412793.353376] RAM 1920/3956MB (lfb 199x4MB) SWAP 215/1978MB (cached 8MB) IRAM 0/252kB(lfb 252kB) CPU [100%@307,off,off,off] EMC_FREQ 2%@1600 GR3D_FREQ 0%@76 APE 25 PLL@31.5C CPU@33.5C PMIC@50C GPU@33C AO@42C thermal@33.25C POM_5V_IN 2054/1949 POM_5V_GPU 41/29 POM_5V_CPU 205/189
[ts: 1636412793.878943] RAM 1958/3956MB (lfb 196x4MB) SWAP 215/1978MB (cached 8MB) IRAM 0/252kB(lfb 252kB) CPU [100%@307,off,off,off] EMC_FREQ 2%@1600 GR3D_FREQ 0%@76 APE 25 PLL@31.5C CPU@33.5C PMIC@50C GPU@33C AO@42C thermal@33.25C POM_5V_IN 2013/1949 POM_5V_GPU 41/29 POM_5V_CPU 246/189
[ts: 1636412794.401189] RAM 1956/3956MB (lfb 196x4MB) SWAP 215/1978MB (cached 8MB) IRAM 0/252kB(lfb 252kB) CPU [100%@307,off,off,off] EMC_FREQ 2%@1600 GR3D_FREQ 0%@76 APE 25 PLL@31.5C CPU@33.5C PMIC@50C GPU@32.5C AO@42C thermal@33.25C POM_5V_IN 2013/1950 POM_5V_GPU 41/29 POM_5V_CPU 205/190
[ts: 1636412794.927070] RAM 1989/3956MB (lfb 193x4MB) SWAP 215/1978MB (cached 8MB) IRAM 0/252kB(lfb 252kB) CPU [100%@307,off,off,off] EMC_FREQ 2%@1600 GR3D_FREQ 0%@76 APE 25 PLL@31.5C CPU@33.5C PMIC@50C GPU@32.5C AO@42C thermal@33.25C POM_5V_IN 2136/1952 POM_5V_GPU 41/29 POM_5V_CPU 205/190
[ts: 1636412795.459139] RAM 2013/3956MB (lfb 193x4MB) SWAP 215/1978MB (cached 8MB) IRAM 0/252kB(lfb 252kB) CPU [98%@307,off,off,off] EMC_FREQ 2%@1600 GR3D_FREQ 5%@76 APE 25 PLL@32C CPU@33.5C PMIC@50C GPU@33C AO@41.5C thermal@33.25C POM_5V_IN 2054/1954 POM_5V_GPU 82/30 POM_5V_CPU 205/190
[ts: 1636412795.983762] RAM 2018/3956MB (lfb 193x4MB) SWAP 215/1978MB (cached 8MB) IRAM 0/252kB(lfb 252kB) CPU [100%@307,off,off,off] EMC_FREQ 2%@1600 GR3D_FREQ 0%@76 APE 25 PLL@31.5C CPU@33.5C PMIC@50C GPU@33C AO@42C thermal@33.25C POM_5V_IN 2013/1954 POM_5V_GPU 41/30 POM_5V_CPU 205/190
[ts: 1636412796.508621] RAM 2045/3956MB (lfb 191x4MB) SWAP 215/1978MB (cached 8MB) IRAM 0/252kB(lfb 252kB) CPU [100%@307,off,off,off] EMC_FREQ 2%@1600 GR3D_FREQ 0%@76 APE 25 PLL@31.5C CPU@33.5C PMIC@50C GPU@33C AO@42C thermal@33.25C POM_5V_IN 2013/1955 POM_5V_GPU 41/30 POM_5V_CPU 205/190
[ts: 1636412797.033642] RAM 2056/3956MB (lfb 191x4MB) SWAP 215/1978MB (cached 8MB) IRAM 0/252kB(lfb 252kB) CPU [100%@307,off,off,off] EMC_FREQ 2%@1600 GR3D_FREQ 0%@76 APE 25 PLL@31.5C CPU@33.5C PMIC@50C GPU@33C AO@42C thermal@33.25C POM_5V_IN 2054/1956 POM_5V_GPU 41/30 POM_5V_CPU 246/191
[ts: 1636412797.560858] RAM 2068/3956MB (lfb 190x4MB) SWAP 215/1978MB (cached 8MB) IRAM 0/252kB(lfb 252kB) CPU [98%@307,off,off,off] EMC_FREQ 2%@1600 GR3D_FREQ 9%@76 APE 25 PLL@32C CPU@33.5C PMIC@50C GPU@33C AO@41.5C thermal@33.25C POM_5V_IN 2013/1957 POM_5V_GPU 82/31 POM_5V_CPU 205/191
[ts: 1636412798.090303] RAM 2090/3956MB (lfb 189x4MB) SWAP 215/1978MB (cached 8MB) IRAM 0/252kB(lfb 252kB) CPU [100%@307,off,off,off] EMC_FREQ 2%@1600 GR3D_FREQ 12%@76 APE 25 PLL@31.5C CPU@33.5C PMIC@50C GPU@33C AO@42C thermal@33.25C POM_5V_IN 2013/1958 POM_5V_GPU 82/32 POM_5V_CPU 205/191
[ts: 1636412798.618275] RAM 2116/3956MB (lfb 187x4MB) SWAP 215/1978MB (cached 8MB) IRAM 0/252kB(lfb 252kB) CPU [100%@307,off,off,off] EMC_FREQ 2%@1600 GR3D_FREQ 7%@76 APE 25 PLL@31.5C CPU@33.5C PMIC@50C GPU@33C AO@41.5C thermal@33.25C POM_5V_IN 2054/1959 POM_5V_GPU 82/32 POM_5V_CPU 205/191
[ts: 1636412799.141745] RAM 2146/3956MB (lfb 183x4MB) SWAP 215/1978MB (cached 8MB) IRAM 0/252kB(lfb 252kB) CPU [100%@307,off,off,off] EMC_FREQ 2%@1600 GR3D_FREQ 13%@76 APE 25 PLL@31.5C CPU@33.5C PMIC@50C GPU@33C AO@42C thermal@33.25C POM_5V_IN 2054/1960 POM_5V_GPU 82/33 POM_5V_CPU 205/192
[ts: 1636412799.666524] RAM 2170/3956MB (lfb 182x4MB) SWAP 215/1978MB (cached 8MB) IRAM 0/252kB(lfb 252kB) CPU [100%@307,off,off,off] EMC_FREQ 2%@1600 GR3D_FREQ 0%@76 APE 25 PLL@31.5C CPU@33.5C PMIC@50C GPU@33C AO@41.5C thermal@33.25C POM_5V_IN 2054/1961 POM_5V_GPU 41/33 POM_5V_CPU 205/192
[ts: 1636412800.189721] RAM 2197/3956MB (lfb 179x4MB) SWAP 215/1978MB (cached 8MB) IRAM 0/252kB(lfb 252kB) CPU [100%@307,off,off,off] EMC_FREQ 3%@1600 GR3D_FREQ 0%@76 APE 25 PLL@31.5C CPU@33.5C PMIC@50C GPU@33C AO@42C thermal@33.25C POM_5V_IN 2013/1961 POM_5V_GPU 41/33 POM_5V_CPU 246/192
[ts: 1636412800.713024] RAM 2202/3956MB (lfb 179x4MB) SWAP 215/1978MB (cached 8MB) IRAM 0/252kB(lfb 252kB) CPU [98%@307,off,off,off] EMC_FREQ 2%@1600 GR3D_FREQ 2%@76 APE 25 PLL@31.5C CPU@33.5C PMIC@50C GPU@33C AO@42C thermal@33.25C POM_5V_IN 2054/1962 POM_5V_GPU 41/33 POM_5V_CPU 205/192
[ts: 1636412801.237685] RAM 2241/3956MB (lfb 175x4MB) SWAP 215/1978MB (cached 8MB) IRAM 0/252kB(lfb 252kB) CPU [100%@307,off,off,off] EMC_FREQ 3%@1600 GR3D_FREQ 0%@76 APE 25 PLL@31.5C CPU@33.5C PMIC@50C GPU@33C AO@41.5C thermal@33.25C POM_5V_IN 2013/1963 POM_5V_GPU 41/33 POM_5V_CPU 205/193
[ts: 1636412801.767928] RAM 2250/3956MB (lfb 175x4MB) SWAP 215/1978MB (cached 8MB) IRAM 0/252kB(lfb 252kB) CPU [100%@307,off,off,off] EMC_FREQ 2%@1600 GR3D_FREQ 0%@76 APE 25 PLL@31.5C CPU@33.5C PMIC@50C GPU@32.5C AO@41.5C thermal@33.25C POM_5V_IN 2013/1963 POM_5V_GPU 41/33 POM_5V_CPU 205/193
[ts: 1636412802.291183] RAM 2308/3956MB (lfb 168x4MB) SWAP 215/1978MB (cached 8MB) IRAM 0/252kB(lfb 252kB) CPU [100%@307,off,off,off] EMC_FREQ 3%@1600 GR3D_FREQ 0%@76 APE 25 PLL@31.5C CPU@34C PMIC@50C GPU@32.5C AO@42C thermal@33.25C POM_5V_IN 2054/1964 POM_5V_GPU 41/33 POM_5V_CPU 205/193
[ts: 1636412802.821698] RAM 2315/3956MB (lfb 168x4MB) SWAP 215/1978MB (cached 8MB) IRAM 0/252kB(lfb 252kB) CPU [100%@307,off,off,off] EMC_FREQ 3%@1600 GR3D_FREQ 7%@76 APE 25 PLL@31.5C CPU@33.5C PMIC@50C GPU@32.5C AO@41.5C thermal@33.25C POM_5V_IN 2095/1966 POM_5V_GPU 82/34 POM_5V_CPU 205/193
[ts: 1636412803.345973] RAM 2346/3956MB (lfb 164x4MB) SWAP 215/1978MB (cached 8MB) IRAM 0/252kB(lfb 252kB) CPU [100%@307,off,off,off] EMC_FREQ 3%@1600 GR3D_FREQ 0%@76 APE 25 PLL@32C CPU@33.5C PMIC@50C GPU@33C AO@41.5C thermal@33.5C POM_5V_IN 2013/1966 POM_5V_GPU 41/34 POM_5V_CPU 205/193
[ts: 1636412803.868465] RAM 2368/3956MB (lfb 164x4MB) SWAP 215/1978MB (cached 8MB) IRAM 0/252kB(lfb 252kB) CPU [100%@307,off,off,off] EMC_FREQ 3%@1600 GR3D_FREQ 0%@76 APE 25 PLL@32C CPU@33.5C PMIC@50C GPU@32.5C AO@41.5C thermal@33.5C POM_5V_IN 2013/1967 POM_5V_GPU 41/34 POM_5V_CPU 246/194
[ts: 1636412804.398257] RAM 2368/3956MB (lfb 164x4MB) SWAP 215/1978MB (cached 8MB) IRAM 0/252kB(lfb 252kB) CPU [100%@307,off,off,off] EMC_FREQ 2%@1600 GR3D_FREQ 6%@76 APE 25 PLL@31.5C CPU@33.5C PMIC@50C GPU@32.5C AO@42C thermal@33.25C POM_5V_IN 2016/1967 POM_5V_GPU 82/34 POM_5V_CPU 205/194
[ts: 1636412804.920499] RAM 2419/3956MB (lfb 157x4MB) SWAP 215/1978MB (cached 8MB) IRAM 0/252kB(lfb 252kB) CPU [100%@307,off,off,off] EMC_FREQ 3%@1600 GR3D_FREQ 0%@76 APE 25 PLL@31.5C CPU@33.5C PMIC@50C GPU@32.5C AO@42C thermal@33.25C POM_5V_IN 2013/1968 POM_5V_GPU 41/34 POM_5V_CPU 205/194
[ts: 1636412805.452850] RAM 2420/3956MB (lfb 157x4MB) SWAP 215/1978MB (cached 8MB) IRAM 0/252kB(lfb 252kB) CPU [100%@307,off,off,off] EMC_FREQ 2%@1600 GR3D_FREQ 5%@76 APE 25 PLL@31.5C CPU@33.5C PMIC@50C GPU@32.5C AO@42C thermal@33C POM_5V_IN 2054/1968 POM_5V_GPU 82/35 POM_5V_CPU 205/194
[ts: 1636412805.981405] RAM 2444/3956MB (lfb 155x4MB) SWAP 215/1978MB (cached 8MB) IRAM 0/252kB(lfb 252kB) CPU [100%@307,off,off,off] EMC_FREQ 3%@1600 GR3D_FREQ 0%@76 APE 25 PLL@31.5C CPU@33.5C PMIC@50C GPU@32.5C AO@41.5C thermal@33C POM_5V_IN 2013/1969 POM_5V_GPU 41/35 POM_5V_CPU 205/194
[ts: 1636412806.504495] RAM 2444/3956MB (lfb 155x4MB) SWAP 215/1978MB (cached 8MB) IRAM 0/252kB(lfb 252kB) CPU [98%@307,off,off,off] EMC_FREQ 2%@1600 GR3D_FREQ 0%@76 APE 25 PLL@31.5C CPU@33.5C PMIC@50C GPU@32.5C AO@42C thermal@33C POM_5V_IN 1975/1969 POM_5V_GPU 82/35 POM_5V_CPU 205/194
[ts: 1636412807.029884] RAM 2495/3956MB (lfb 148x4MB) SWAP 215/1978MB (cached 8MB) IRAM 0/252kB(lfb 252kB) CPU [100%@307,off,off,off] EMC_FREQ 3%@1600 GR3D_FREQ 0%@76 APE 25 PLL@31.5C CPU@33.5C PMIC@50C GPU@33C AO@42C thermal@33C POM_5V_IN 2013/1969 POM_5V_GPU 41/35 POM_5V_CPU 246/195
[ts: 1636412807.559340] RAM 2495/3956MB (lfb 148x4MB) SWAP 215/1978MB (cached 8MB) IRAM 0/252kB(lfb 252kB) CPU [100%@307,off,off,off] EMC_FREQ 2%@1600 GR3D_FREQ 7%@76 APE 25 PLL@31.5C CPU@33.5C PMIC@50C GPU@33C AO@41.5C thermal@33C POM_5V_IN 2054/1970 POM_5V_GPU 82/36 POM_5V_CPU 205/195
[ts: 1636412808.084718] RAM 2495/3956MB (lfb 148x4MB) SWAP 215/1978MB (cached 8MB) IRAM 0/252kB(lfb 252kB) CPU [100%@307,off,off,off] EMC_FREQ 2%@1600 GR3D_FREQ 10%@76 APE 25 PLL@31.5C CPU@33.5C PMIC@50C GPU@33C AO@41.5C thermal@33C POM_5V_IN 2013/1971 POM_5V_GPU 82/36 POM_5V_CPU 205/195
[ts: 1636412808.612529] RAM 2511/3956MB (lfb 147x4MB) SWAP 215/1978MB (cached 8MB) IRAM 0/252kB(lfb 252kB) CPU [100%@307,off,off,off] EMC_FREQ 2%@1600 GR3D_FREQ 6%@76 APE 25 PLL@31.5C CPU@33.5C PMIC@50C GPU@33C AO@42C thermal@33C POM_5V_IN 2054/1971 POM_5V_GPU 82/37 POM_5V_CPU 205/195
[ts: 1636412809.148631] RAM 2528/3956MB (lfb 146x4MB) SWAP 215/1978MB (cached 8MB) IRAM 0/252kB(lfb 252kB) CPU [100%@307,off,off,off] EMC_FREQ 2%@1600 GR3D_FREQ 6%@76 APE 25 PLL@32C CPU@33.5C PMIC@50C GPU@32.5C AO@42C thermal@33C POM_5V_IN 2013/1972 POM_5V_GPU 41/37 POM_5V_CPU 205/195
[ts: 1636412809.673920] RAM 2545/3956MB (lfb 145x4MB) SWAP 215/1978MB (cached 8MB) IRAM 0/252kB(lfb 252kB) CPU [100%@307,off,off,off] EMC_FREQ 2%@1600 GR3D_FREQ 3%@76 APE 25 PLL@31.5C CPU@33.5C PMIC@50C GPU@33C AO@41.5C thermal@33C POM_5V_IN 2013/1972 POM_5V_GPU 82/37 POM_5V_CPU 205/195
[ts: 1636412810.198633] RAM 2618/3956MB (lfb 137x4MB) SWAP 215/1978MB (cached 8MB) IRAM 0/252kB(lfb 252kB) CPU [100%@307,off,off,off] EMC_FREQ 3%@1600 GR3D_FREQ 0%@76 APE 25 PLL@31.5C CPU@33.5C PMIC@50C GPU@33C AO@42C thermal@33.25C POM_5V_IN 2054/1973 POM_5V_GPU 41/37 POM_5V_CPU 205/195
[ts: 1636412810.726900] RAM 2619/3956MB (lfb 137x4MB) SWAP 215/1978MB (cached 8MB) IRAM 0/252kB(lfb 252kB) CPU [98%@307,off,off,off] EMC_FREQ 2%@1600 GR3D_FREQ 6%@76 APE 25 PLL@31.5C CPU@33.5C PMIC@50C GPU@32.5C AO@42C thermal@33.25C POM_5V_IN 2054/1974 POM_5V_GPU 82/38 POM_5V_CPU 205/195
[ts: 1636412811.254743] RAM 2635/3956MB (lfb 137x4MB) SWAP 215/1978MB (cached 8MB) IRAM 0/252kB(lfb 252kB) CPU [100%@307,off,off,off] EMC_FREQ 2%@1600 GR3D_FREQ 0%@76 APE 25 PLL@31.5C CPU@33.5C PMIC@50C GPU@33C AO@42C thermal@33.25C POM_5V_IN 2054/1974 POM_5V_GPU 41/38 POM_5V_CPU 205/195
[ts: 1636412811.783150] RAM 2646/3956MB (lfb 136x4MB) SWAP 215/1978MB (cached 8MB) IRAM 0/252kB(lfb 252kB) CPU [100%@307,off,off,off] EMC_FREQ 2%@1600 GR3D_FREQ 0%@76 APE 25 PLL@31.5C CPU@33.5C PMIC@50C GPU@32.5C AO@42C thermal@33.25C POM_5V_IN 2054/1975 POM_5V_GPU 41/38 POM_5V_CPU 205/195
[ts: 1636412812.311135] RAM 2662/3956MB (lfb 136x4MB) SWAP 215/1978MB (cached 8MB) IRAM 0/252kB(lfb 252kB) CPU [100%@307,off,off,off] EMC_FREQ 2%@1600 GR3D_FREQ 12%@76 APE 25 PLL@31.5C CPU@33.5C PMIC@50C GPU@33C AO@42C thermal@33C POM_5V_IN 2013/1975 POM_5V_GPU 82/38 POM_5V_CPU 205/196
[ts: 1636412812.834690] RAM 2719/3956MB (lfb 130x4MB) SWAP 215/1978MB (cached 8MB) IRAM 0/252kB(lfb 252kB) CPU [100%@307,off,off,off] EMC_FREQ 3%@1600 GR3D_FREQ 0%@76 APE 25 PLL@31.5C CPU@33.5C PMIC@50C GPU@33C AO@41.5C thermal@33C POM_5V_IN 2013/1976 POM_5V_GPU 41/38 POM_5V_CPU 246/196
[ts: 1636412813.360863] RAM 2719/3956MB (lfb 130x4MB) SWAP 215/1978MB (cached 8MB) IRAM 0/252kB(lfb 252kB) CPU [100%@307,off,off,off] EMC_FREQ 2%@1600 GR3D_FREQ 6%@76 APE 25 PLL@31.5C CPU@33.5C PMIC@50C GPU@33C AO@42C thermal@33.25C POM_5V_IN 2054/1976 POM_5V_GPU 82/38 POM_5V_CPU 205/196
[ts: 1636412813.888917] RAM 2722/3956MB (lfb 130x4MB) SWAP 215/1978MB (cached 8MB) IRAM 0/252kB(lfb 252kB) CPU [100%@307,off,off,off] EMC_FREQ 2%@1600 GR3D_FREQ 0%@76 APE 25 PLL@31.5C CPU@34C PMIC@50C GPU@33C AO@42C thermal@33.25C POM_5V_IN 2013/1977 POM_5V_GPU 41/38 POM_5V_CPU 246/196
[ts: 1636412814.412713] RAM 2738/3956MB (lfb 129x4MB) SWAP 215/1978MB (cached 8MB) IRAM 0/252kB(lfb 252kB) CPU [100%@307,off,off,off] EMC_FREQ 2%@1600 GR3D_FREQ 6%@76 APE 25 PLL@31.5C CPU@34C PMIC@50C GPU@33C AO@42C thermal@33.25C POM_5V_IN 2054/1977 POM_5V_GPU 82/39 POM_5V_CPU 205/197
[ts: 1636412814.942239] RAM 2755/3956MB (lfb 128x4MB) SWAP 215/1978MB (cached 8MB) IRAM 0/252kB(lfb 252kB) CPU [98%@307,off,off,off] EMC_FREQ 2%@1600 GR3D_FREQ 1%@76 APE 25 PLL@31.5C CPU@33.5C PMIC@50C GPU@33C AO@42C thermal@33.25C POM_5V_IN 2013/1978 POM_5V_GPU 41/39 POM_5V_CPU 205/197
[ts: 1636412815.471237] RAM 2802/3956MB (lfb 123x4MB) SWAP 215/1978MB (cached 8MB) IRAM 0/252kB(lfb 252kB) CPU [100%@307,off,off,off] EMC_FREQ 2%@1600 GR3D_FREQ 0%@76 APE 25 PLL@31.5C CPU@33.5C PMIC@50C GPU@33C AO@42C thermal@33.25C POM_5V_IN 2013/1978 POM_5V_GPU 41/39 POM_5V_CPU 205/197
[ts: 1636412815.995299] RAM 2803/3956MB (lfb 123x4MB) SWAP 215/1978MB (cached 8MB) IRAM 0/252kB(lfb 252kB) CPU [100%@307,off,off,off] EMC_FREQ 2%@1600 GR3D_FREQ 10%@76 APE 25 PLL@31.5C CPU@33.5C PMIC@50C GPU@33C AO@42C thermal@33.25C POM_5V_IN 2013/1978 POM_5V_GPU 82/39 POM_5V_CPU 205/197
[ts: 1636412816.520600] RAM 2813/3956MB (lfb 123x4MB) SWAP 215/1978MB (cached 8MB) IRAM 0/252kB(lfb 252kB) CPU [100%@307,off,off,off] EMC_FREQ 2%@1600 GR3D_FREQ 0%@76 APE 25 PLL@31.5C CPU@33.5C PMIC@50C GPU@33C AO@41.5C thermal@33C POM_5V_IN 2054/1979 POM_5V_GPU 82/39 POM_5V_CPU 205/197
[ts: 1636412817.046043] RAM 2847/3956MB (lfb 120x4MB) SWAP 215/1978MB (cached 8MB) IRAM 0/252kB(lfb 252kB) CPU [100%@307,off,off,off] EMC_FREQ 2%@1600 GR3D_FREQ 0%@76 APE 25 PLL@31.5C CPU@33.5C PMIC@50C GPU@33C AO@41.5C thermal@33C POM_5V_IN 2013/1979 POM_5V_GPU 41/40 POM_5V_CPU 246/197
[ts: 1636412817.568569] RAM 2865/3956MB (lfb 120x4MB) SWAP 215/1978MB (cached 8MB) IRAM 0/252kB(lfb 252kB) CPU [100%@307,off,off,off] EMC_FREQ 2%@1600 GR3D_FREQ 0%@76 APE 25 PLL@31.5C CPU@33.5C PMIC@50C GPU@33C AO@42C thermal@33C POM_5V_IN 2013/1979 POM_5V_GPU 41/40 POM_5V_CPU 205/197
[ts: 1636412818.127661] RAM 2873/3956MB (lfb 119x4MB) SWAP 215/1978MB (cached 8MB) IRAM 0/252kB(lfb 252kB) CPU [100%@307,off,off,off] EMC_FREQ 2%@1600 GR3D_FREQ 0%@76 APE 25 PLL@31.5C CPU@33.5C PMIC@50C GPU@33C AO@42C thermal@33.25C POM_5V_IN 2013/1980 POM_5V_GPU 41/40 POM_5V_CPU 205/197
[ts: 1636412818.682649] RAM 2880/3956MB (lfb 119x4MB) SWAP 215/1978MB (cached 8MB) IRAM 0/252kB(lfb 252kB) CPU [100%@307,off,off,off] EMC_FREQ 2%@1600 GR3D_FREQ 13%@76 APE 25 PLL@31.5C CPU@33.5C PMIC@50C GPU@33C AO@42C thermal@33.25C POM_5V_IN 2013/1980 POM_5V_GPU 82/40 POM_5V_CPU 205/197
[ts: 1636412819.231283] RAM 2907/3956MB (lfb 117x4MB) SWAP 215/1978MB (cached 8MB) IRAM 0/252kB(lfb 252kB) CPU [100%@307,off,off,off] EMC_FREQ 2%@1600 GR3D_FREQ 0%@76 APE 25 PLL@31.5C CPU@33.5C PMIC@50C GPU@33C AO@41.5C thermal@33.25C POM_5V_IN 2016/1980 POM_5V_GPU 41/40 POM_5V_CPU 205/197
[ts: 1636412819.786361] RAM 2907/3956MB (lfb 117x4MB) SWAP 215/1978MB (cached 8MB) IRAM 0/252kB(lfb 252kB) CPU [100%@307,off,off,off] EMC_FREQ 2%@1600 GR3D_FREQ 15%@76 APE 25 PLL@31.5C CPU@33.5C PMIC@50C GPU@33C AO@41.5C thermal@33.25C POM_5V_IN 2054/1981 POM_5V_GPU 82/40 POM_5V_CPU 205/197
[ts: 1636412820.364116] RAM 2909/3956MB (lfb 117x4MB) SWAP 215/1978MB (cached 8MB) IRAM 0/252kB(lfb 252kB) CPU [100%@307,off,off,off] EMC_FREQ 2%@1600 GR3D_FREQ 0%@76 APE 25 PLL@31.5C CPU@33.5C PMIC@50C GPU@32.5C AO@42C thermal@33.25C POM_5V_IN 2338/1983 POM_5V_GPU 41/40 POM_5V_CPU 205/198
[ts: 1636412820.912814] RAM 2923/3956MB (lfb 113x4MB) SWAP 215/1978MB (cached 8MB) IRAM 0/252kB(lfb 252kB) CPU [100%@307,off,off,off] EMC_FREQ 2%@1600 GR3D_FREQ 0%@76 APE 25 PLL@31.5C CPU@33.5C PMIC@50C GPU@32.5C AO@42C thermal@33.25C POM_5V_IN 2054/1984 POM_5V_GPU 41/40 POM_5V_CPU 205/198
[ts: 1636412821.493837] RAM 2955/3956MB (lfb 106x4MB) SWAP 217/1978MB (cached 8MB) IRAM 0/252kB(lfb 252kB) CPU [100%@307,off,off,off] EMC_FREQ 2%@1600 GR3D_FREQ 0%@76 APE 25 PLL@31.5C CPU@34C PMIC@50C GPU@32.5C AO@41.5C thermal@33.25C POM_5V_IN 2013/1984 POM_5V_GPU 41/40 POM_5V_CPU 205/198
[ts: 1636412822.076783] RAM 2968/3956MB (lfb 104x4MB) SWAP 221/1978MB (cached 8MB) IRAM 0/252kB(lfb 252kB) CPU [100%@307,off,off,off] EMC_FREQ 2%@1600 GR3D_FREQ 0%@76 APE 25 PLL@31.5C CPU@33.5C PMIC@50C GPU@33C AO@42C thermal@33.25C POM_5V_IN 2013/1984 POM_5V_GPU 41/40 POM_5V_CPU 246/198
[ts: 1636412822.681064] RAM 2965/3956MB (lfb 104x4MB) SWAP 226/1978MB (cached 8MB) IRAM 0/252kB(lfb 252kB) CPU [100%@307,off,off,off] EMC_FREQ 2%@1600 GR3D_FREQ 0%@76 APE 25 PLL@31.5C CPU@33.5C PMIC@50C GPU@33.5C AO@41.5C thermal@33.25C POM_5V_IN 1934/1984 POM_5V_GPU 0/40 POM_5V_CPU 205/198
[ts: 1636412823.253923] RAM 2962/3956MB (lfb 104x4MB) SWAP 227/1978MB (cached 8MB) IRAM 0/252kB(lfb 252kB) CPU [100%@307,off,off,off] EMC_FREQ 2%@1600 GR3D_FREQ 1%@76 APE 25 PLL@31.5C CPU@33.5C PMIC@50C GPU@32.5C AO@42C thermal@33C POM_5V_IN 2054/1985 POM_5V_GPU 82/40 POM_5V_CPU 205/198
[ts: 1636412823.826154] RAM 2959/3956MB (lfb 104x4MB) SWAP 230/1978MB (cached 8MB) IRAM 0/252kB(lfb 252kB) CPU [100%@307,off,off,off] EMC_FREQ 2%@1600 GR3D_FREQ 0%@76 APE 25 PLL@31.5C CPU@33.5C PMIC@50C GPU@32.5C AO@41.5C thermal@33C POM_5V_IN 2054/1985 POM_5V_GPU 82/41 POM_5V_CPU 205/198
[ts: 1636412824.381238] RAM 2963/3956MB (lfb 103x4MB) SWAP 230/1978MB (cached 8MB) IRAM 0/252kB(lfb 252kB) CPU [100%@307,off,off,off] EMC_FREQ 2%@1600 GR3D_FREQ 0%@76 APE 25 PLL@31.5C CPU@33.5C PMIC@50C GPU@32.5C AO@42C thermal@33C POM_5V_IN 2013/1985 POM_5V_GPU 41/41 POM_5V_CPU 205/198
[ts: 1636412824.933428] RAM 2963/3956MB (lfb 103x4MB) SWAP 230/1978MB (cached 8MB) IRAM 0/252kB(lfb 252kB) CPU [100%@307,off,off,off] EMC_FREQ 2%@1600 GR3D_FREQ 0%@76 APE 25 PLL@31.5C CPU@33.5C PMIC@50C GPU@33.5C AO@42C thermal@33C POM_5V_IN 1934/1985 POM_5V_GPU 0/40 POM_5V_CPU 205/198
[ts: 1636412825.485111] RAM 2963/3956MB (lfb 103x4MB) SWAP 230/1978MB (cached 8MB) IRAM 0/252kB(lfb 252kB) CPU [100%@307,off,off,off] EMC_FREQ 2%@1600 GR3D_FREQ 0%@76 APE 25 PLL@31.5C CPU@33.5C PMIC@50C GPU@33.5C AO@42C thermal@33.5C POM_5V_IN 1934/1984 POM_5V_GPU 0/40 POM_5V_CPU 205/198
[ts: 1636412826.028732] RAM 2963/3956MB (lfb 103x4MB) SWAP 230/1978MB (cached 8MB) IRAM 0/252kB(lfb 252kB) CPU [100%@307,off,off,off] EMC_FREQ 2%@1600 GR3D_FREQ 0%@76 APE 25 PLL@31C CPU@33.5C PMIC@50C GPU@33C AO@42C thermal@33.5C POM_5V_IN 1934/1984 POM_5V_GPU 0/40 POM_5V_CPU 205/198
[ts: 1636412826.589840] RAM 2964/3956MB (lfb 103x4MB) SWAP 230/1978MB (cached 8MB) IRAM 0/252kB(lfb 252kB) CPU [100%@307,off,off,off] EMC_FREQ 2%@1600 GR3D_FREQ 0%@76 APE 25 PLL@31.5C CPU@33.5C PMIC@50C GPU@33.5C AO@42C thermal@33.5C POM_5V_IN 1975/1984 POM_5V_GPU 0/39 POM_5V_CPU 205/198
[ts: 1636412827.135645] RAM 2951/3956MB (lfb 104x4MB) SWAP 229/1978MB (cached 8MB) IRAM 0/252kB(lfb 252kB) CPU [100%@307,off,off,off] EMC_FREQ 2%@1600 GR3D_FREQ 0%@76 APE 25 PLL@31.5C CPU@33.5C PMIC@50C GPU@33.5C AO@42C thermal@33.5C POM_5V_IN 1934/1984 POM_5V_GPU 0/39 POM_5V_CPU 205/198
[ts: 1636412827.689717] RAM 2951/3956MB (lfb 104x4MB) SWAP 229/1978MB (cached 8MB) IRAM 0/252kB(lfb 252kB) CPU [100%@307,off,off,off] EMC_FREQ 2%@1600 GR3D_FREQ 0%@76 APE 25 PLL@31.5C CPU@33.5C PMIC@50C GPU@33.5C AO@42C thermal@33.5C POM_5V_IN 1934/1983 POM_5V_GPU 0/39 POM_5V_CPU 205/198
[ts: 1636412828.226777] RAM 2950/3956MB (lfb 104x4MB) SWAP 229/1978MB (cached 8MB) IRAM 0/252kB(lfb 252kB) CPU [100%@307,off,off,off] EMC_FREQ 2%@1600 GR3D_FREQ 0%@76 APE 25 PLL@31.5C CPU@33.5C PMIC@50C GPU@33.5C AO@42C thermal@33.5C POM_5V_IN 1975/1983 POM_5V_GPU 0/38 POM_5V_CPU 205/198
[ts: 1636412828.749403] RAM 2950/3956MB (lfb 104x4MB) SWAP 229/1978MB (cached 8MB) IRAM 0/252kB(lfb 252kB) CPU [100%@307,off,off,off] EMC_FREQ 2%@1600 GR3D_FREQ 0%@76 APE 25 PLL@31.5C CPU@33.5C PMIC@50C GPU@33.5C AO@42C thermal@33.5C POM_5V_IN 1934/1983 POM_5V_GPU 0/38 POM_5V_CPU 205/199
[ts: 1636412829.275785] RAM 2950/3956MB (lfb 104x4MB) SWAP 229/1978MB (cached 8MB) IRAM 0/252kB(lfb 252kB) CPU [100%@307,off,off,off] EMC_FREQ 2%@1600 GR3D_FREQ 0%@76 APE 25 PLL@31.5C CPU@33.5C PMIC@50C GPU@33.5C AO@41.5C thermal@33.5C POM_5V_IN 1975/1983 POM_5V_GPU 0/38 POM_5V_CPU 205/199
[ts: 1636412829.801662] RAM 2950/3956MB (lfb 104x4MB) SWAP 229/1978MB (cached 8MB) IRAM 0/252kB(lfb 252kB) CPU [100%@307,off,off,off] EMC_FREQ 2%@1600 GR3D_FREQ 0%@76 APE 25 PLL@31.5C CPU@33.5C PMIC@50C GPU@33.5C AO@42C thermal@33.5C POM_5V_IN 1934/1983 POM_5V_GPU 0/38 POM_5V_CPU 205/199
[ts: 1636412830.330006] RAM 2950/3956MB (lfb 104x4MB) SWAP 229/1978MB (cached 8MB) IRAM 0/252kB(lfb 252kB) CPU [100%@307,off,off,off] EMC_FREQ 2%@1600 GR3D_FREQ 0%@76 APE 25 PLL@31.5C CPU@33.5C PMIC@50C GPU@33.5C AO@42C thermal@33.5C POM_5V_IN 1934/1982 POM_5V_GPU 0/37 POM_5V_CPU 205/199
[ts: 1636412830.857173] RAM 2950/3956MB (lfb 104x4MB) SWAP 229/1978MB (cached 8MB) IRAM 0/252kB(lfb 252kB) CPU [100%@307,off,off,off] EMC_FREQ 2%@1600 GR3D_FREQ 0%@76 APE 25 PLL@31.5C CPU@33.5C PMIC@50C GPU@33.5C AO@42C thermal@33.5C POM_5V_IN 1934/1982 POM_5V_GPU 0/37 POM_5V_CPU 205/199
[ts: 1636412831.381273] RAM 2950/3956MB (lfb 104x4MB) SWAP 229/1978MB (cached 8MB) IRAM 0/252kB(lfb 252kB) CPU [100%@307,off,off,off] EMC_FREQ 2%@1600 GR3D_FREQ 0%@76 APE 25 PLL@31.5C CPU@33.5C PMIC@50C GPU@33.5C AO@42C thermal@33.5C POM_5V_IN 1934/1982 POM_5V_GPU 0/37 POM_5V_CPU 205/199
[ts: 1636412831.904918] RAM 2950/3956MB (lfb 104x4MB) SWAP 229/1978MB (cached 8MB) IRAM 0/252kB(lfb 252kB) CPU [100%@307,off,off,off] EMC_FREQ 2%@1600 GR3D_FREQ 0%@76 APE 25 PLL@31.5C CPU@33.5C PMIC@50C GPU@33.5C AO@42C thermal@33.5C POM_5V_IN 1934/1981 POM_5V_GPU 0/37 POM_5V_CPU 205/199
[ts: 1636412832.427392] RAM 2950/3956MB (lfb 104x4MB) SWAP 229/1978MB (cached 8MB) IRAM 0/252kB(lfb 252kB) CPU [100%@307,off,off,off] EMC_FREQ 2%@1600 GR3D_FREQ 0%@76 APE 25 PLL@31.5C CPU@33.5C PMIC@50C GPU@33.5C AO@42C thermal@33.75C POM_5V_IN 1934/1981 POM_5V_GPU 0/36 POM_5V_CPU 205/199
[ts: 1636412832.956722] RAM 2950/3956MB (lfb 104x4MB) SWAP 229/1978MB (cached 8MB) IRAM 0/252kB(lfb 252kB) CPU [100%@307,off,off,off] EMC_FREQ 2%@1600 GR3D_FREQ 0%@76 APE 25 PLL@32C CPU@33.5C PMIC@50C GPU@34C AO@42C thermal@33.75C POM_5V_IN 1934/1981 POM_5V_GPU 0/36 POM_5V_CPU 205/199
[ts: 1636412833.481271] RAM 2950/3956MB (lfb 104x4MB) SWAP 229/1978MB (cached 8MB) IRAM 0/252kB(lfb 252kB) CPU [100%@307,off,off,off] EMC_FREQ 2%@1600 GR3D_FREQ 0%@76 APE 25 PLL@31.5C CPU@33.5C PMIC@50C GPU@33.5C AO@42C thermal@33.5C POM_5V_IN 1934/1980 POM_5V_GPU 0/36 POM_5V_CPU 205/199
[ts: 1636412834.005983] RAM 2950/3956MB (lfb 104x4MB) SWAP 229/1978MB (cached 8MB) IRAM 0/252kB(lfb 252kB) CPU [100%@307,off,off,off] EMC_FREQ 2%@1600 GR3D_FREQ 0%@76 APE 25 PLL@31.5C CPU@33.5C PMIC@50C GPU@33.5C AO@42C thermal@33.5C POM_5V_IN 1934/1980 POM_5V_GPU 0/36 POM_5V_CPU 205/199
[ts: 1636412834.529902] RAM 2950/3956MB (lfb 104x4MB) SWAP 229/1978MB (cached 8MB) IRAM 0/252kB(lfb 252kB) CPU [100%@307,off,off,off] EMC_FREQ 2%@1600 GR3D_FREQ 0%@76 APE 25 PLL@31.5C CPU@34C PMIC@50C GPU@33.5C AO@42C thermal@33.5C POM_5V_IN 1975/1980 POM_5V_GPU 0/35 POM_5V_CPU 205/199
[ts: 1636412835.056745] RAM 2950/3956MB (lfb 104x4MB) SWAP 229/1978MB (cached 8MB) IRAM 0/252kB(lfb 252kB) CPU [100%@307,off,off,off] EMC_FREQ 2%@1600 GR3D_FREQ 0%@76 APE 25 PLL@31.5C CPU@33.5C PMIC@50C GPU@33.5C AO@42C thermal@33.5C POM_5V_IN 1934/1980 POM_5V_GPU 0/35 POM_5V_CPU 205/199
[ts: 1636412835.582745] RAM 2950/3956MB (lfb 104x4MB) SWAP 229/1978MB (cached 8MB) IRAM 0/252kB(lfb 252kB) CPU [100%@307,off,off,off] EMC_FREQ 2%@1600 GR3D_FREQ 0%@76 APE 25 PLL@31.5C CPU@33.5C PMIC@50C GPU@33.5C AO@42C thermal@33.5C POM_5V_IN 1934/1979 POM_5V_GPU 0/35 POM_5V_CPU 205/199
[ts: 1636412836.110105] RAM 2950/3956MB (lfb 104x4MB) SWAP 229/1978MB (cached 8MB) IRAM 0/252kB(lfb 252kB) CPU [100%@307,off,off,off] EMC_FREQ 2%@1600 GR3D_FREQ 0%@76 APE 25 PLL@31.5C CPU@33.5C PMIC@50C GPU@33.5C AO@42C thermal@33.5C POM_5V_IN 2013/1980 POM_5V_GPU 0/35 POM_5V_CPU 205/199
[ts: 1636412836.634765] RAM 2950/3956MB (lfb 104x4MB) SWAP 229/1978MB (cached 8MB) IRAM 0/252kB(lfb 252kB) CPU [100%@307,off,off,off] EMC_FREQ 2%@1600 GR3D_FREQ 0%@76 APE 25 PLL@31.5C CPU@33.5C PMIC@50C GPU@33.5C AO@42C thermal@33.5C POM_5V_IN 2013/1980 POM_5V_GPU 0/35 POM_5V_CPU 205/199
[ts: 1636412837.161960] RAM 2948/3956MB (lfb 104x4MB) SWAP 229/1978MB (cached 8MB) IRAM 0/252kB(lfb 252kB) CPU [100%@307,off,off,off] EMC_FREQ 2%@1600 GR3D_FREQ 0%@76 APE 25 PLL@31.5C CPU@33.5C PMIC@50C GPU@33.5C AO@41.5C thermal@33.5C POM_5V_IN 1975/1980 POM_5V_GPU 0/34 POM_5V_CPU 205/199
[ts: 1636412837.689379] RAM 2912/3956MB (lfb 104x4MB) SWAP 229/1978MB (cached 8MB) IRAM 0/252kB(lfb 252kB) CPU [100%@307,off,off,off] EMC_FREQ 2%@1600 GR3D_FREQ 0%@76 APE 25 PLL@31.5C CPU@33.5C PMIC@50C GPU@33.5C AO@42C thermal@33.5C POM_5V_IN 1934/1979 POM_5V_GPU 0/34 POM_5V_CPU 205/199
[ts: 1636412838.221022] RAM 2135/3956MB (lfb 139x4MB) SWAP 228/1978MB (cached 9MB) IRAM 0/252kB(lfb 252kB) CPU [100%@307,off,off,off] EMC_FREQ 2%@1600 GR3D_FREQ 0%@76 APE 25 PLL@31.5C CPU@33.5C PMIC@50C GPU@33.5C AO@42C thermal@33.5C POM_5V_IN 1934/1979 POM_5V_GPU 0/34 POM_5V_CPU 205/199
[ts: 1636412838.749303] RAM 1572/3956MB (lfb 185x4MB) SWAP 228/1978MB (cached 9MB) IRAM 0/252kB(lfb 252kB) CPU [100%@307,off,off,off] EMC_FREQ 2%@1600 GR3D_FREQ 0%@76 APE 25 PLL@31.5C CPU@33.5C PMIC@50C GPU@32.5C AO@42C thermal@33.5C POM_5V_IN 2013/1979 POM_5V_GPU 41/34 POM_5V_CPU 205/199
[ts: 1636412839.268323] RAM 1472/3956MB (lfb 192x4MB) SWAP 228/1978MB (cached 9MB) IRAM 0/252kB(lfb 252kB) CPU [100%@307,off,off,off] EMC_FREQ 3%@1600 GR3D_FREQ 0%@76 APE 25 PLL@31.5C CPU@33.5C PMIC@50C GPU@32.5C AO@42C thermal@33C POM_5V_IN 2095/1980 POM_5V_GPU 41/34 POM_5V_CPU 205/199
[ts: 1636412839.785363] RAM 1472/3956MB (lfb 192x4MB) SWAP 228/1978MB (cached 9MB) IRAM 0/252kB(lfb 252kB) CPU [68%@307,off,off,off] EMC_FREQ 3%@1600 GR3D_FREQ 0%@76 APE 25 PLL@31.5C CPU@33.5C PMIC@50C GPU@32.5C AO@41.5C thermal@33C POM_5V_IN 1851/1979 POM_5V_GPU 41/34 POM_5V_CPU 123/199
[ts: 1636412840.301723] RAM 1472/3956MB (lfb 192x4MB) SWAP 228/1978MB (cached 9MB) IRAM 0/252kB(lfb 252kB) CPU [7%@307,off,off,off] EMC_FREQ 3%@1600 GR3D_FREQ 0%@76 APE 25 PLL@31.5C CPU@33.5C PMIC@50C GPU@33.5C AO@41.5C thermal@33.75C POM_5V_IN 1810/1978 POM_5V_GPU 0/34 POM_5V_CPU 123/198
[ts: 1636412840.817670] RAM 1472/3956MB (lfb 192x4MB) SWAP 228/1978MB (cached 9MB) IRAM 0/252kB(lfb 252kB) CPU [2%@307,off,off,off] EMC_FREQ 2%@1600 GR3D_FREQ 0%@76 APE 25 PLL@31.5C CPU@33.5C PMIC@50C GPU@33.5C AO@42C thermal@33.75C POM_5V_IN 1810/1977 POM_5V_GPU 0/34 POM_5V_CPU 123/198
