SOC family:tegra210  Machine:NVIDIA Jetson Nano Developer Kit
Online CPUs: 0
cpu0: Online=1 Governor=schedutil MinFreq=921600 MaxFreq=921600 CurrentFreq=921600 IdleStates: WFI=1 c7=1 
cpu1: Online=0 Governor=schedutil MinFreq=921600 MaxFreq=921600 CurrentFreq=921600 IdleStates: WFI=1 c7=1 
cpu2: Online=0 Governor=schedutil MinFreq=921600 MaxFreq=921600 CurrentFreq=921600 IdleStates: WFI=1 c7=1 
cpu3: Online=0 Governor=schedutil MinFreq=921600 MaxFreq=921600 CurrentFreq=921600 IdleStates: WFI=1 c7=1 
GPU MinFreq=76800000 MaxFreq=614400000 CurrentFreq=230400000
EMC MinFreq=204000000 MaxFreq=1600000000 CurrentFreq=1600000000 FreqOverride=0
Fan: PWM=0
NV Power Mode: 5W
[ts: 1636413463.134873] RAM 1455/3956MB (lfb 198x4MB) SWAP 238/1978MB (cached 12MB) IRAM 0/252kB(lfb 252kB) CPU [49%@921,off,off,off] EMC_FREQ 3%@1600 GR3D_FREQ 0%@230 APE 25 PLL@32C CPU@34C PMIC@50C GPU@33.5C AO@42.5C thermal@34C POM_5V_IN 1934/1934 POM_5V_GPU 41/41 POM_5V_CPU 164/164
[ts: 1636413463.643000] RAM 1455/3956MB (lfb 198x4MB) SWAP 238/1978MB (cached 12MB) IRAM 0/252kB(lfb 252kB) CPU [9%@921,off,off,off] EMC_FREQ 3%@1600 GR3D_FREQ 0%@230 APE 25 PLL@31.5C CPU@34C PMIC@50C GPU@33C AO@42C thermal@34C POM_5V_IN 1892/1913 POM_5V_GPU 41/41 POM_5V_CPU 164/164
[ts: 1636413464.151065] RAM 1455/3956MB (lfb 198x4MB) SWAP 238/1978MB (cached 12MB) IRAM 0/252kB(lfb 252kB) CPU [7%@921,off,off,off] EMC_FREQ 3%@1600 GR3D_FREQ 0%@230 APE 25 PLL@31.5C CPU@34C PMIC@50C GPU@33.5C AO@42C thermal@33.75C POM_5V_IN 1892/1906 POM_5V_GPU 41/41 POM_5V_CPU 164/164
[ts: 1636413464.658840] RAM 1455/3956MB (lfb 198x4MB) SWAP 238/1978MB (cached 12MB) IRAM 0/252kB(lfb 252kB) CPU [9%@921,off,off,off] EMC_FREQ 2%@1600 GR3D_FREQ 0%@230 APE 25 PLL@31.5C CPU@33.5C PMIC@50C GPU@33.5C AO@42C thermal@33.75C POM_5V_IN 1892/1902 POM_5V_GPU 41/41 POM_5V_CPU 123/153
[ts: 1636413465.166759] RAM 1455/3956MB (lfb 198x4MB) SWAP 238/1978MB (cached 12MB) IRAM 0/252kB(lfb 252kB) CPU [9%@921,off,off,off] EMC_FREQ 2%@1600 GR3D_FREQ 0%@153 APE 25 PLL@31.5C CPU@34C PMIC@50C GPU@33.5C AO@42C thermal@33.75C POM_5V_IN 1892/1900 POM_5V_GPU 41/41 POM_5V_CPU 164/155
[ts: 1636413465.674688] RAM 1455/3956MB (lfb 198x4MB) SWAP 238/1978MB (cached 12MB) IRAM 0/252kB(lfb 252kB) CPU [9%@921,off,off,off] EMC_FREQ 2%@1600 GR3D_FREQ 0%@153 APE 25 PLL@32C CPU@33.5C PMIC@50C GPU@33.5C AO@42C thermal@33.75C POM_5V_IN 1892/1899 POM_5V_GPU 41/41 POM_5V_CPU 164/157
[ts: 1636413466.182546] RAM 1455/3956MB (lfb 198x4MB) SWAP 238/1978MB (cached 12MB) IRAM 0/252kB(lfb 252kB) CPU [5%@921,off,off,off] EMC_FREQ 2%@1600 GR3D_FREQ 0%@76 APE 25 PLL@32C CPU@34C PMIC@50C GPU@34C AO@42.5C thermal@33.75C POM_5V_IN 1892/1898 POM_5V_GPU 41/41 POM_5V_CPU 123/152
[ts: 1636413466.690297] RAM 1455/3956MB (lfb 198x4MB) SWAP 238/1978MB (cached 12MB) IRAM 0/252kB(lfb 252kB) CPU [12%@921,off,off,off] EMC_FREQ 2%@1600 GR3D_FREQ 0%@76 APE 25 PLL@32C CPU@34C PMIC@50C GPU@33C AO@42C thermal@33.75C POM_5V_IN 1892/1897 POM_5V_GPU 41/41 POM_5V_CPU 164/153
[ts: 1636413467.198425] RAM 1455/3956MB (lfb 198x4MB) SWAP 238/1978MB (cached 12MB) IRAM 0/252kB(lfb 252kB) CPU [11%@921,off,off,off] EMC_FREQ 2%@1600 GR3D_FREQ 0%@76 APE 25 PLL@32C CPU@33.5C PMIC@50C GPU@33.5C AO@42C thermal@33.75C POM_5V_IN 1892/1896 POM_5V_GPU 41/41 POM_5V_CPU 123/150
[ts: 1636413467.706421] RAM 1455/3956MB (lfb 198x4MB) SWAP 238/1978MB (cached 12MB) IRAM 0/252kB(lfb 252kB) CPU [9%@921,off,off,off] EMC_FREQ 2%@1600 GR3D_FREQ 0%@76 APE 25 PLL@31.5C CPU@34C PMIC@50C GPU@33.5C AO@42C thermal@33.5C POM_5V_IN 1892/1896 POM_5V_GPU 41/41 POM_5V_CPU 123/147
[ts: 1636413468.214264] RAM 1455/3956MB (lfb 198x4MB) SWAP 238/1978MB (cached 12MB) IRAM 0/252kB(lfb 252kB) CPU [11%@921,off,off,off] EMC_FREQ 2%@1600 GR3D_FREQ 0%@76 APE 25 PLL@31.5C CPU@34C PMIC@50C GPU@33.5C AO@42C thermal@33.5C POM_5V_IN 1892/1895 POM_5V_GPU 41/41 POM_5V_CPU 123/145
[ts: 1636413468.722560] RAM 1455/3956MB (lfb 198x4MB) SWAP 238/1978MB (cached 12MB) IRAM 0/252kB(lfb 252kB) CPU [9%@921,off,off,off] EMC_FREQ 2%@1600 GR3D_FREQ 0%@76 APE 25 PLL@31.5C CPU@34C PMIC@50C GPU@33.5C AO@42C thermal@33.5C POM_5V_IN 1892/1895 POM_5V_GPU 41/41 POM_5V_CPU 164/146
[ts: 1636413469.230578] RAM 1455/3956MB (lfb 198x4MB) SWAP 238/1978MB (cached 12MB) IRAM 0/252kB(lfb 252kB) CPU [7%@921,off,off,off] EMC_FREQ 2%@1600 GR3D_FREQ 18%@76 APE 25 PLL@32C CPU@34C PMIC@50C GPU@33.5C AO@42C thermal@33.5C POM_5V_IN 1934/1898 POM_5V_GPU 41/41 POM_5V_CPU 164/148
[ts: 1636413469.738598] RAM 1455/3956MB (lfb 198x4MB) SWAP 238/1978MB (cached 12MB) IRAM 0/252kB(lfb 252kB) CPU [9%@921,off,off,off] EMC_FREQ 2%@1600 GR3D_FREQ 0%@76 APE 25 PLL@32C CPU@34C PMIC@50C GPU@33.5C AO@42.5C thermal@33.75C POM_5V_IN 1892/1898 POM_5V_GPU 41/41 POM_5V_CPU 123/146
[ts: 1636413470.247503] RAM 1455/3956MB (lfb 198x4MB) SWAP 238/1978MB (cached 12MB) IRAM 0/252kB(lfb 252kB) CPU [11%@921,off,off,off] EMC_FREQ 2%@1600 GR3D_FREQ 0%@76 APE 25 PLL@32C CPU@33.5C PMIC@50C GPU@33.5C AO@42C thermal@33.75C POM_5V_IN 1892/1897 POM_5V_GPU 41/41 POM_5V_CPU 123/144
[ts: 1636413470.755477] RAM 1455/3956MB (lfb 198x4MB) SWAP 238/1978MB (cached 12MB) IRAM 0/252kB(lfb 252kB) CPU [12%@921,off,off,off] EMC_FREQ 2%@1600 GR3D_FREQ 0%@76 APE 25 PLL@31.5C CPU@34C PMIC@50C GPU@33C AO@42C thermal@33.25C POM_5V_IN 1892/1897 POM_5V_GPU 41/41 POM_5V_CPU 123/143
[ts: 1636413471.263410] RAM 1455/3956MB (lfb 198x4MB) SWAP 238/1978MB (cached 12MB) IRAM 0/252kB(lfb 252kB) CPU [9%@921,off,off,off] EMC_FREQ 2%@1600 GR3D_FREQ 0%@76 APE 25 PLL@32C CPU@33.5C PMIC@50C GPU@33C AO@42C thermal@33.25C POM_5V_IN 1892/1896 POM_5V_GPU 41/41 POM_5V_CPU 164/144
[ts: 1636413471.771516] RAM 1455/3956MB (lfb 198x4MB) SWAP 238/1978MB (cached 12MB) IRAM 0/252kB(lfb 252kB) CPU [11%@921,off,off,off] EMC_FREQ 2%@1600 GR3D_FREQ 0%@76 APE 25 PLL@32C CPU@34C PMIC@50C GPU@33.5C AO@42C thermal@33.5C POM_5V_IN 1892/1896 POM_5V_GPU 41/41 POM_5V_CPU 123/143
[ts: 1636413472.279263] RAM 1455/3956MB (lfb 198x4MB) SWAP 238/1978MB (cached 12MB) IRAM 0/252kB(lfb 252kB) CPU [7%@921,off,off,off] EMC_FREQ 2%@1600 GR3D_FREQ 0%@76 APE 25 PLL@31.5C CPU@34C PMIC@50C GPU@33.5C AO@41.5C thermal@33.5C POM_5V_IN 1892/1896 POM_5V_GPU 41/41 POM_5V_CPU 164/144
[ts: 1636413472.791372] RAM 1459/3956MB (lfb 198x4MB) SWAP 238/1978MB (cached 12MB) IRAM 0/252kB(lfb 252kB) CPU [44%@921,off,off,off] EMC_FREQ 2%@1600 GR3D_FREQ 0%@76 APE 25 PLL@32C CPU@34C PMIC@50C GPU@34C AO@42C thermal@33.5C POM_5V_IN 2297/1916 POM_5V_GPU 41/41 POM_5V_CPU 451/159
[ts: 1636413473.302840] RAM 1467/3956MB (lfb 198x4MB) SWAP 238/1978MB (cached 12MB) IRAM 0/252kB(lfb 252kB) CPU [100%@921,off,off,off] EMC_FREQ 2%@1600 GR3D_FREQ 0%@76 APE 25 PLL@32.5C CPU@34C PMIC@50C GPU@33.5C AO@42C thermal@34C POM_5V_IN 2297/1934 POM_5V_GPU 41/41 POM_5V_CPU 492/175
[ts: 1636413473.812463] RAM 1476/3956MB (lfb 198x4MB) SWAP 238/1978MB (cached 12MB) IRAM 0/252kB(lfb 252kB) CPU [100%@921,off,off,off] EMC_FREQ 2%@1600 GR3D_FREQ 0%@76 APE 25 PLL@32C CPU@34.5C PMIC@50C GPU@33.5C AO@42.5C thermal@34C POM_5V_IN 2297/1951 POM_5V_GPU 41/41 POM_5V_CPU 492/190
[ts: 1636413474.323154] RAM 1485/3956MB (lfb 198x4MB) SWAP 238/1978MB (cached 12MB) IRAM 0/252kB(lfb 252kB) CPU [100%@921,off,off,off] EMC_FREQ 2%@1600 GR3D_FREQ 0%@76 APE 25 PLL@32C CPU@34C PMIC@50C GPU@34C AO@42C thermal@34.25C POM_5V_IN 2256/1964 POM_5V_GPU 0/39 POM_5V_CPU 492/203
[ts: 1636413474.833230] RAM 1491/3956MB (lfb 198x4MB) SWAP 238/1978MB (cached 12MB) IRAM 0/252kB(lfb 252kB) CPU [100%@921,off,off,off] EMC_FREQ 2%@1600 GR3D_FREQ 0%@76 APE 25 PLL@32C CPU@34C PMIC@50C GPU@34C AO@42.5C thermal@34.25C POM_5V_IN 2215/1974 POM_5V_GPU 0/37 POM_5V_CPU 534/217
[ts: 1636413475.346625] RAM 1497/3956MB (lfb 198x4MB) SWAP 238/1978MB (cached 12MB) IRAM 0/252kB(lfb 252kB) CPU [100%@921,off,off,off] EMC_FREQ 2%@1600 GR3D_FREQ 0%@76 APE 25 PLL@32C CPU@34.5C PMIC@50C GPU@34C AO@42.5C thermal@34C POM_5V_IN 2256/1986 POM_5V_GPU 0/36 POM_5V_CPU 492/228
[ts: 1636413475.858069] RAM 1500/3956MB (lfb 198x4MB) SWAP 238/1978MB (cached 12MB) IRAM 0/252kB(lfb 252kB) CPU [100%@921,off,off,off] EMC_FREQ 2%@1600 GR3D_FREQ 0%@76 APE 25 PLL@32C CPU@34.5C PMIC@50C GPU@34C AO@42C thermal@34C POM_5V_IN 2256/1996 POM_5V_GPU 0/34 POM_5V_CPU 492/238
[ts: 1636413476.366534] RAM 1525/3956MB (lfb 198x4MB) SWAP 238/1978MB (cached 12MB) IRAM 0/252kB(lfb 252kB) CPU [100%@921,off,off,off] EMC_FREQ 2%@1600 GR3D_FREQ 0%@76 APE 25 PLL@32C CPU@34C PMIC@50C GPU@34C AO@42.5C thermal@34C POM_5V_IN 2215/2004 POM_5V_GPU 0/33 POM_5V_CPU 492/247
[ts: 1636413476.875130] RAM 1538/3956MB (lfb 198x4MB) SWAP 238/1978MB (cached 12MB) IRAM 0/252kB(lfb 252kB) CPU [100%@921,off,off,off] EMC_FREQ 2%@1600 GR3D_FREQ 0%@76 APE 25 PLL@32C CPU@34C PMIC@50C GPU@34C AO@42C thermal@34C POM_5V_IN 2215/2012 POM_5V_GPU 0/32 POM_5V_CPU 493/256
[ts: 1636413477.386637] RAM 1544/3956MB (lfb 198x4MB) SWAP 238/1978MB (cached 12MB) IRAM 0/252kB(lfb 252kB) CPU [100%@921,off,off,off] EMC_FREQ 2%@1600 GR3D_FREQ 0%@76 APE 25 PLL@32C CPU@34.5C PMIC@50C GPU@34C AO@42.5C thermal@34C POM_5V_IN 2218/2019 POM_5V_GPU 0/31 POM_5V_CPU 493/264
[ts: 1636413477.899322] RAM 1550/3956MB (lfb 198x4MB) SWAP 238/1978MB (cached 12MB) IRAM 0/252kB(lfb 252kB) CPU [100%@921,off,off,off] EMC_FREQ 2%@1600 GR3D_FREQ 0%@76 APE 25 PLL@31.5C CPU@34.5C PMIC@50C GPU@33.5C AO@42C thermal@34C POM_5V_IN 2218/2025 POM_5V_GPU 0/30 POM_5V_CPU 493/272
[ts: 1636413478.410639] RAM 1559/3956MB (lfb 198x4MB) SWAP 238/1978MB (cached 12MB) IRAM 0/252kB(lfb 252kB) CPU [100%@921,off,off,off] EMC_FREQ 2%@1600 GR3D_FREQ 0%@76 APE 25 PLL@32C CPU@34C PMIC@50C GPU@34C AO@42.5C thermal@34C POM_5V_IN 2215/2031 POM_5V_GPU 0/29 POM_5V_CPU 493/279
[ts: 1636413478.922080] RAM 1574/3956MB (lfb 198x4MB) SWAP 238/1978MB (cached 12MB) IRAM 0/252kB(lfb 252kB) CPU [100%@921,off,off,off] EMC_FREQ 2%@1600 GR3D_FREQ 0%@76 APE 25 PLL@32C CPU@34C PMIC@50C GPU@33C AO@42.5C thermal@34C POM_5V_IN 2338/2041 POM_5V_GPU 41/29 POM_5V_CPU 533/287
[ts: 1636413479.431181] RAM 1591/3956MB (lfb 198x4MB) SWAP 238/1978MB (cached 12MB) IRAM 0/252kB(lfb 252kB) CPU [100%@921,off,off,off] EMC_FREQ 3%@1600 GR3D_FREQ 0%@76 APE 25 PLL@32C CPU@34C PMIC@50C GPU@33.5C AO@42C thermal@34C POM_5V_IN 2420/2052 POM_5V_GPU 82/31 POM_5V_CPU 492/293
[ts: 1636413479.941824] RAM 1648/3956MB (lfb 198x4MB) SWAP 238/1978MB (cached 12MB) IRAM 0/252kB(lfb 252kB) CPU [100%@921,off,off,off] EMC_FREQ 3%@1600 GR3D_FREQ 0%@76 APE 25 PLL@32C CPU@34.5C PMIC@50C GPU@33.5C AO@42.5C thermal@33.75C POM_5V_IN 2539/2067 POM_5V_GPU 81/32 POM_5V_CPU 573/301
[ts: 1636413480.451430] RAM 1708/3956MB (lfb 198x4MB) SWAP 238/1978MB (cached 12MB) IRAM 0/252kB(lfb 252kB) CPU [98%@921,off,off,off] EMC_FREQ 3%@1600 GR3D_FREQ 19%@76 APE 25 PLL@32C CPU@34C PMIC@50C GPU@33.5C AO@42.5C thermal@33.75C POM_5V_IN 2338/2074 POM_5V_GPU 82/33 POM_5V_CPU 492/307
[ts: 1636413480.960029] RAM 1774/3956MB (lfb 198x4MB) SWAP 238/1978MB (cached 12MB) IRAM 0/252kB(lfb 252kB) CPU [100%@921,off,off,off] EMC_FREQ 3%@1600 GR3D_FREQ 7%@76 APE 25 PLL@32C CPU@34.5C PMIC@50C GPU@33.5C AO@42.5C thermal@34C POM_5V_IN 2457/2085 POM_5V_GPU 81/35 POM_5V_CPU 573/314
[ts: 1636413481.468943] RAM 1810/3956MB (lfb 198x4MB) SWAP 238/1978MB (cached 12MB) IRAM 0/252kB(lfb 252kB) CPU [100%@921,off,off,off] EMC_FREQ 3%@1600 GR3D_FREQ 5%@76 APE 25 PLL@32C CPU@34.5C PMIC@50C GPU@33C AO@42C thermal@34C POM_5V_IN 2420/2094 POM_5V_GPU 82/36 POM_5V_CPU 574/321
[ts: 1636413481.977194] RAM 1849/3956MB (lfb 197x4MB) SWAP 238/1978MB (cached 12MB) IRAM 0/252kB(lfb 252kB) CPU [98%@921,off,off,off] EMC_FREQ 3%@1600 GR3D_FREQ 29%@76 APE 25 PLL@32C CPU@34C PMIC@50C GPU@33.5C AO@42.5C thermal@33.75C POM_5V_IN 2297/2099 POM_5V_GPU 82/37 POM_5V_CPU 451/324
[ts: 1636413482.487210] RAM 1947/3956MB (lfb 186x4MB) SWAP 238/1978MB (cached 12MB) IRAM 0/252kB(lfb 252kB) CPU [100%@921,off,off,off] EMC_FREQ 4%@1600 GR3D_FREQ 0%@76 APE 25 PLL@32.5C CPU@34.5C PMIC@50C GPU@33.5C AO@42C thermal@33.75C POM_5V_IN 2457/2109 POM_5V_GPU 40/37 POM_5V_CPU 573/331
[ts: 1636413482.999210] RAM 1975/3956MB (lfb 185x4MB) SWAP 238/1978MB (cached 12MB) IRAM 0/252kB(lfb 252kB) CPU [100%@921,off,off,off] EMC_FREQ 4%@1600 GR3D_FREQ 23%@76 APE 25 PLL@32C CPU@34.5C PMIC@50C GPU@33.5C AO@42C thermal@34C POM_5V_IN 2338/2114 POM_5V_GPU 82/38 POM_5V_CPU 492/335
[ts: 1636413483.510739] RAM 2021/3956MB (lfb 180x4MB) SWAP 238/1978MB (cached 12MB) IRAM 0/252kB(lfb 252kB) CPU [98%@921,off,off,off] EMC_FREQ 4%@1600 GR3D_FREQ 18%@76 APE 25 PLL@32C CPU@34.5C PMIC@50C GPU@33.5C AO@42C thermal@34C POM_5V_IN 2379/2121 POM_5V_GPU 82/39 POM_5V_CPU 492/339
[ts: 1636413484.023361] RAM 2119/3956MB (lfb 168x4MB) SWAP 238/1978MB (cached 12MB) IRAM 0/252kB(lfb 252kB) CPU [100%@921,off,off,off] EMC_FREQ 4%@1600 GR3D_FREQ 0%@76 APE 25 PLL@32C CPU@34.5C PMIC@50C GPU@33.5C AO@42C thermal@34C POM_5V_IN 2420/2128 POM_5V_GPU 41/39 POM_5V_CPU 492/342
[ts: 1636413484.531604] RAM 2154/3956MB (lfb 166x4MB) SWAP 238/1978MB (cached 12MB) IRAM 0/252kB(lfb 252kB) CPU [100%@921,off,off,off] EMC_FREQ 4%@1600 GR3D_FREQ 0%@76 APE 25 PLL@32.5C CPU@34.5C PMIC@50C GPU@33.5C AO@42C thermal@34C POM_5V_IN 2457/2135 POM_5V_GPU 41/39 POM_5V_CPU 615/349
[ts: 1636413485.043271] RAM 2193/3956MB (lfb 161x4MB) SWAP 238/1978MB (cached 12MB) IRAM 0/252kB(lfb 252kB) CPU [100%@921,off,off,off] EMC_FREQ 4%@1600 GR3D_FREQ 21%@76 APE 25 PLL@32C CPU@34.5C PMIC@50C GPU@34C AO@42C thermal@34C POM_5V_IN 2338/2140 POM_5V_GPU 82/40 POM_5V_CPU 492/352
[ts: 1636413485.554726] RAM 2231/3956MB (lfb 159x4MB) SWAP 238/1978MB (cached 12MB) IRAM 0/252kB(lfb 252kB) CPU [98%@921,off,off,off] EMC_FREQ 4%@1600 GR3D_FREQ 23%@76 APE 25 PLL@32C CPU@34.5C PMIC@50C GPU@33.5C AO@42C thermal@34.25C POM_5V_IN 2379/2145 POM_5V_GPU 82/41 POM_5V_CPU 492/355
[ts: 1636413486.063339] RAM 2297/3956MB (lfb 154x4MB) SWAP 238/1978MB (cached 12MB) IRAM 0/252kB(lfb 252kB) CPU [100%@921,off,off,off] EMC_FREQ 4%@1600 GR3D_FREQ 21%@76 APE 25 PLL@32C CPU@34.5C PMIC@50C GPU@34C AO@42.5C thermal@34.25C POM_5V_IN 2379/2150 POM_5V_GPU 82/42 POM_5V_CPU 533/359
[ts: 1636413486.573753] RAM 2345/3956MB (lfb 149x4MB) SWAP 238/1978MB (cached 12MB) IRAM 0/252kB(lfb 252kB) CPU [98%@921,off,off,off] EMC_FREQ 4%@1600 GR3D_FREQ 17%@76 APE 25 PLL@32.5C CPU@34.5C PMIC@50C GPU@33.5C AO@42C thermal@34C POM_5V_IN 2379/2155 POM_5V_GPU 82/43 POM_5V_CPU 492/362
[ts: 1636413487.083457] RAM 2405/3956MB (lfb 144x4MB) SWAP 238/1978MB (cached 12MB) IRAM 0/252kB(lfb 252kB) CPU [100%@921,off,off,off] EMC_FREQ 4%@1600 GR3D_FREQ 16%@76 APE 25 PLL@32C CPU@34C PMIC@50C GPU@33.5C AO@42C thermal@34C POM_5V_IN 2420/2161 POM_5V_GPU 82/44 POM_5V_CPU 533/365
[ts: 1636413487.594235] RAM 2464/3956MB (lfb 140x4MB) SWAP 238/1978MB (cached 12MB) IRAM 0/252kB(lfb 252kB) CPU [98%@921,off,off,off] EMC_FREQ 4%@1600 GR3D_FREQ 0%@76 APE 25 PLL@32C CPU@34C PMIC@50C GPU@33.5C AO@42C thermal@33.75C POM_5V_IN 2379/2165 POM_5V_GPU 41/44 POM_5V_CPU 492/368
[ts: 1636413488.103387] RAM 2544/3956MB (lfb 133x4MB) SWAP 238/1978MB (cached 12MB) IRAM 0/252kB(lfb 252kB) CPU [100%@921,off,off,off] EMC_FREQ 4%@1600 GR3D_FREQ 0%@76 APE 25 PLL@32C CPU@34C PMIC@50C GPU@33.5C AO@42.5C thermal@33.75C POM_5V_IN 2420/2170 POM_5V_GPU 41/44 POM_5V_CPU 492/370
[ts: 1636413488.612125] RAM 2554/3956MB (lfb 133x4MB) SWAP 238/1978MB (cached 12MB) IRAM 0/252kB(lfb 252kB) CPU [97%@921,off,off,off] EMC_FREQ 4%@1600 GR3D_FREQ 23%@76 APE 25 PLL@32C CPU@34.5C PMIC@50C GPU@33.5C AO@42C thermal@33.75C POM_5V_IN 2379/2174 POM_5V_GPU 123/45 POM_5V_CPU 451/372
[ts: 1636413489.121130] RAM 2597/3956MB (lfb 130x4MB) SWAP 238/1978MB (cached 12MB) IRAM 0/252kB(lfb 252kB) CPU [98%@921,off,off,off] EMC_FREQ 4%@1600 GR3D_FREQ 18%@76 APE 25 PLL@32C CPU@34.5C PMIC@50C GPU@33.5C AO@42C thermal@33.75C POM_5V_IN 2379/2178 POM_5V_GPU 82/46 POM_5V_CPU 492/374
[ts: 1636413489.631412] RAM 2689/3956MB (lfb 121x4MB) SWAP 238/1978MB (cached 12MB) IRAM 0/252kB(lfb 252kB) CPU [100%@921,off,off,off] EMC_FREQ 4%@1600 GR3D_FREQ 0%@76 APE 25 PLL@32.5C CPU@34C PMIC@50C GPU@33.5C AO@42C thermal@33.75C POM_5V_IN 2379/2182 POM_5V_GPU 41/46 POM_5V_CPU 533/377
[ts: 1636413490.143401] RAM 2740/3956MB (lfb 115x4MB) SWAP 238/1978MB (cached 12MB) IRAM 0/252kB(lfb 252kB) CPU [98%@921,off,off,off] EMC_FREQ 4%@1600 GR3D_FREQ 0%@76 APE 25 PLL@32C CPU@34C PMIC@50C GPU@33.5C AO@42.5C thermal@33.75C POM_5V_IN 2379/2186 POM_5V_GPU 41/46 POM_5V_CPU 492/379
[ts: 1636413490.655368] RAM 2753/3956MB (lfb 114x4MB) SWAP 238/1978MB (cached 12MB) IRAM 0/252kB(lfb 252kB) CPU [100%@921,off,off,off] EMC_FREQ 4%@1600 GR3D_FREQ 0%@76 APE 25 PLL@32.5C CPU@34.5C PMIC@50C GPU@33.5C AO@42.5C thermal@33.75C POM_5V_IN 2379/2189 POM_5V_GPU 41/46 POM_5V_CPU 533/382
[ts: 1636413491.164360] RAM 2808/3956MB (lfb 109x4MB) SWAP 238/1978MB (cached 12MB) IRAM 0/252kB(lfb 252kB) CPU [98%@921,off,off,off] EMC_FREQ 4%@1600 GR3D_FREQ 18%@76 APE 25 PLL@32C CPU@34.5C PMIC@50C GPU@33.5C AO@42.5C thermal@34C POM_5V_IN 2379/2193 POM_5V_GPU 82/46 POM_5V_CPU 492/384
[ts: 1636413491.674929] RAM 2862/3956MB (lfb 104x4MB) SWAP 238/1978MB (cached 12MB) IRAM 0/252kB(lfb 252kB) CPU [100%@921,off,off,off] EMC_FREQ 4%@1600 GR3D_FREQ 0%@76 APE 25 PLL@32C CPU@34.5C PMIC@50C GPU@33.5C AO@42.5C thermal@34C POM_5V_IN 2457/2197 POM_5V_GPU 41/46 POM_5V_CPU 573/387
[ts: 1636413492.183908] RAM 2927/3956MB (lfb 102x4MB) SWAP 238/1978MB (cached 12MB) IRAM 0/252kB(lfb 252kB) CPU [100%@921,off,off,off] EMC_FREQ 4%@1600 GR3D_FREQ 15%@76 APE 25 PLL@32C CPU@34.5C PMIC@50C GPU@33.5C AO@42.5C thermal@34C POM_5V_IN 2420/2201 POM_5V_GPU 82/47 POM_5V_CPU 533/390
[ts: 1636413492.699725] RAM 2934/3956MB (lfb 102x4MB) SWAP 238/1978MB (cached 12MB) IRAM 0/252kB(lfb 252kB) CPU [100%@921,off,off,off] EMC_FREQ 4%@1600 GR3D_FREQ 0%@76 APE 25 PLL@32C CPU@34.5C PMIC@50C GPU@33.5C AO@42C thermal@34C POM_5V_IN 2420/2205 POM_5V_GPU 41/47 POM_5V_CPU 574/393
[ts: 1636413493.211521] RAM 2935/3956MB (lfb 102x4MB) SWAP 238/1978MB (cached 12MB) IRAM 0/252kB(lfb 252kB) CPU [100%@921,off,off,off] EMC_FREQ 4%@1600 GR3D_FREQ 0%@76 APE 25 PLL@32.5C CPU@34.5C PMIC@50C GPU@34.5C AO@42.5C thermal@34C POM_5V_IN 2379/2208 POM_5V_GPU 41/47 POM_5V_CPU 574/396
[ts: 1636413493.722622] RAM 2935/3956MB (lfb 102x4MB) SWAP 238/1978MB (cached 12MB) IRAM 0/252kB(lfb 252kB) CPU [100%@921,off,off,off] EMC_FREQ 4%@1600 GR3D_FREQ 0%@76 APE 25 PLL@32C CPU@34.5C PMIC@50C GPU@34C AO@42C thermal@34C POM_5V_IN 2379/2210 POM_5V_GPU 0/46 POM_5V_CPU 574/399
[ts: 1636413494.231357] RAM 2935/3956MB (lfb 102x4MB) SWAP 238/1978MB (cached 12MB) IRAM 0/252kB(lfb 252kB) CPU [100%@921,off,off,off] EMC_FREQ 3%@1600 GR3D_FREQ 0%@76 APE 25 PLL@32.5C CPU@34C PMIC@50C GPU@34.5C AO@42.5C thermal@34.25C POM_5V_IN 2338/2213 POM_5V_GPU 0/45 POM_5V_CPU 574/402
[ts: 1636413494.743419] RAM 2934/3956MB (lfb 102x4MB) SWAP 238/1978MB (cached 12MB) IRAM 0/252kB(lfb 252kB) CPU [100%@921,off,off,off] EMC_FREQ 3%@1600 GR3D_FREQ 0%@76 APE 25 PLL@32C CPU@34C PMIC@50C GPU@34C AO@42C thermal@34.25C POM_5V_IN 2338/2215 POM_5V_GPU 0/44 POM_5V_CPU 533/404
[ts: 1636413495.254257] RAM 2934/3956MB (lfb 102x4MB) SWAP 238/1978MB (cached 12MB) IRAM 0/252kB(lfb 252kB) CPU [100%@921,off,off,off] EMC_FREQ 3%@1600 GR3D_FREQ 0%@76 APE 25 PLL@32C CPU@34C PMIC@50C GPU@34C AO@42.5C thermal@34.25C POM_5V_IN 2297/2216 POM_5V_GPU 0/44 POM_5V_CPU 533/406
[ts: 1636413495.766998] RAM 2934/3956MB (lfb 102x4MB) SWAP 238/1978MB (cached 12MB) IRAM 0/252kB(lfb 252kB) CPU [100%@921,off,off,off] EMC_FREQ 3%@1600 GR3D_FREQ 0%@76 APE 25 PLL@32C CPU@34C PMIC@50C GPU@34C AO@42.5C thermal@34.25C POM_5V_IN 2256/2216 POM_5V_GPU 0/43 POM_5V_CPU 410/406
[ts: 1636413496.279394] RAM 2933/3956MB (lfb 102x4MB) SWAP 238/1978MB (cached 12MB) IRAM 0/252kB(lfb 252kB) CPU [100%@921,off,off,off] EMC_FREQ 4%@1600 GR3D_FREQ 0%@76 APE 25 PLL@32C CPU@34C PMIC@50C GPU@34C AO@42C thermal@34.25C POM_5V_IN 2256/2217 POM_5V_GPU 0/42 POM_5V_CPU 410/406
[ts: 1636413496.791279] RAM 1456/3956MB (lfb 198x4MB) SWAP 238/1978MB (cached 12MB) IRAM 0/252kB(lfb 252kB) CPU [98%@921,off,off,off] EMC_FREQ 4%@1600 GR3D_FREQ 0%@76 APE 25 PLL@32C CPU@34.5C PMIC@50C GPU@33.5C AO@42.5C thermal@34.25C POM_5V_IN 2297/2218 POM_5V_GPU 41/42 POM_5V_CPU 451/406
[ts: 1636413497.298633] RAM 1456/3956MB (lfb 198x4MB) SWAP 238/1978MB (cached 12MB) IRAM 0/252kB(lfb 252kB) CPU [58%@921,off,off,off] EMC_FREQ 4%@1600 GR3D_FREQ 0%@76 APE 25 PLL@32C CPU@34C PMIC@50C GPU@33.5C AO@42.5C thermal@34.25C POM_5V_IN 1892/2213 POM_5V_GPU 41/42 POM_5V_CPU 164/403
[ts: 1636413497.806452] RAM 1456/3956MB (lfb 198x4MB) SWAP 238/1978MB (cached 12MB) IRAM 0/252kB(lfb 252kB) CPU [0%@921,off,off,off] EMC_FREQ 4%@1600 GR3D_FREQ 0%@76 APE 25 PLL@32C CPU@34C PMIC@50C GPU@33.5C AO@42.5C thermal@34C POM_5V_IN 1892/2209 POM_5V_GPU 41/42 POM_5V_CPU 123/399
[ts: 1636413498.314374] RAM 1456/3956MB (lfb 198x4MB) SWAP 238/1978MB (cached 12MB) IRAM 0/252kB(lfb 252kB) CPU [5%@921,off,off,off] EMC_FREQ 3%@1600 GR3D_FREQ 0%@76 APE 25 PLL@32C CPU@33.5C PMIC@50C GPU@33C AO@42C thermal@34C POM_5V_IN 1892/2204 POM_5V_GPU 41/42 POM_5V_CPU 123/395
[ts: 1636413498.823209] RAM 1456/3956MB (lfb 198x4MB) SWAP 238/1978MB (cached 12MB) IRAM 0/252kB(lfb 252kB) CPU [4%@921,off,off,off] EMC_FREQ 3%@1600 GR3D_FREQ 0%@76 APE 25 PLL@32C CPU@34C PMIC@50C GPU@33.5C AO@42C thermal@33.75C POM_5V_IN 1975/2201 POM_5V_GPU 41/42 POM_5V_CPU 205/392
