SOC family:tegra210  Machine:NVIDIA Jetson Nano Developer Kit
Online CPUs: 0
cpu0: Online=1 Governor=schedutil MinFreq=307200 MaxFreq=307200 CurrentFreq=307200 IdleStates: WFI=1 c7=1 
cpu1: Online=0 Governor=schedutil MinFreq=307200 MaxFreq=307200 CurrentFreq=307200 IdleStates: WFI=1 c7=1 
cpu2: Online=0 Governor=schedutil MinFreq=307200 MaxFreq=307200 CurrentFreq=307200 IdleStates: WFI=1 c7=1 
cpu3: Online=0 Governor=schedutil MinFreq=307200 MaxFreq=307200 CurrentFreq=307200 IdleStates: WFI=1 c7=1 
GPU MinFreq=76800000 MaxFreq=614400000 CurrentFreq=76800000
EMC MinFreq=204000000 MaxFreq=1600000000 CurrentFreq=1600000000 FreqOverride=0
Fan: PWM=0
NV Power Mode: 5W
[ts: 1636413710.824501] RAM 1455/3956MB (lfb 199x4MB) SWAP 238/1978MB (cached 12MB) IRAM 0/252kB(lfb 252kB) CPU [100%@307,off,off,off] EMC_FREQ 2%@1600 GR3D_FREQ 0%@76 APE 25 PLL@32C CPU@34C PMIC@50C GPU@33.5C AO@42C thermal@33.75C POM_5V_IN 2013/2013 POM_5V_GPU 41/41 POM_5V_CPU 205/205
[ts: 1636413711.275183] RAM 1455/3956MB (lfb 199x4MB) SWAP 238/1978MB (cached 12MB) IRAM 0/252kB(lfb 252kB) CPU [25%@307,off,off,off] EMC_FREQ 2%@1600 GR3D_FREQ 0%@76 APE 25 PLL@32C CPU@34C PMIC@50C GPU@33.5C AO@42C thermal@33.75C POM_5V_IN 1892/1952 POM_5V_GPU 41/41 POM_5V_CPU 123/164
[ts: 1636413711.791312] RAM 1455/3956MB (lfb 199x4MB) SWAP 238/1978MB (cached 12MB) IRAM 0/252kB(lfb 252kB) CPU [11%@307,off,off,off] EMC_FREQ 2%@1600 GR3D_FREQ 0%@76 APE 25 PLL@32C CPU@34C PMIC@50C GPU@33.5C AO@42C thermal@33.75C POM_5V_IN 1892/1932 POM_5V_GPU 41/41 POM_5V_CPU 123/150
[ts: 1636413712.307962] RAM 1455/3956MB (lfb 199x4MB) SWAP 238/1978MB (cached 12MB) IRAM 0/252kB(lfb 252kB) CPU [11%@307,off,off,off] EMC_FREQ 2%@1600 GR3D_FREQ 0%@76 APE 25 PLL@31.5C CPU@33.5C PMIC@50C GPU@33.5C AO@42C thermal@33.75C POM_5V_IN 1892/1922 POM_5V_GPU 41/41 POM_5V_CPU 123/143
[ts: 1636413712.837980] RAM 1455/3956MB (lfb 199x4MB) SWAP 238/1978MB (cached 12MB) IRAM 0/252kB(lfb 252kB) CPU [11%@307,off,off,off] EMC_FREQ 2%@1600 GR3D_FREQ 0%@76 APE 25 PLL@31.5C CPU@34C PMIC@50C GPU@33C AO@42C thermal@33.5C POM_5V_IN 1892/1916 POM_5V_GPU 82/49 POM_5V_CPU 164/147
[ts: 1636413713.354507] RAM 1455/3956MB (lfb 199x4MB) SWAP 238/1978MB (cached 12MB) IRAM 0/252kB(lfb 252kB) CPU [7%@307,off,off,off] EMC_FREQ 2%@1600 GR3D_FREQ 0%@76 APE 25 PLL@32C CPU@34C PMIC@50C GPU@33C AO@42C thermal@33.5C POM_5V_IN 1892/1912 POM_5V_GPU 41/47 POM_5V_CPU 123/143
[ts: 1636413713.870966] RAM 1455/3956MB (lfb 199x4MB) SWAP 238/1978MB (cached 12MB) IRAM 0/252kB(lfb 252kB) CPU [11%@307,off,off,off] EMC_FREQ 2%@1600 GR3D_FREQ 0%@76 APE 25 PLL@32C CPU@34C PMIC@50C GPU@33C AO@42C thermal@33.5C POM_5V_IN 1892/1909 POM_5V_GPU 41/46 POM_5V_CPU 123/140
[ts: 1636413714.386959] RAM 1455/3956MB (lfb 199x4MB) SWAP 238/1978MB (cached 12MB) IRAM 0/252kB(lfb 252kB) CPU [13%@307,off,off,off] EMC_FREQ 2%@1600 GR3D_FREQ 0%@76 APE 25 PLL@32C CPU@34C PMIC@50C GPU@33.5C AO@42C thermal@33.5C POM_5V_IN 1892/1907 POM_5V_GPU 41/46 POM_5V_CPU 123/138
[ts: 1636413714.903532] RAM 1455/3956MB (lfb 199x4MB) SWAP 238/1978MB (cached 12MB) IRAM 0/252kB(lfb 252kB) CPU [13%@307,off,off,off] EMC_FREQ 2%@1600 GR3D_FREQ 0%@76 APE 25 PLL@32C CPU@34C PMIC@50C GPU@33C AO@42C thermal@33.5C POM_5V_IN 1892/1905 POM_5V_GPU 41/45 POM_5V_CPU 123/136
[ts: 1636413715.420435] RAM 1455/3956MB (lfb 199x4MB) SWAP 238/1978MB (cached 12MB) IRAM 0/252kB(lfb 252kB) CPU [8%@307,off,off,off] EMC_FREQ 2%@1600 GR3D_FREQ 0%@76 APE 25 PLL@31.5C CPU@34C PMIC@50C GPU@33C AO@42C thermal@33.5C POM_5V_IN 1892/1904 POM_5V_GPU 41/45 POM_5V_CPU 123/135
[ts: 1636413715.936808] RAM 1455/3956MB (lfb 199x4MB) SWAP 238/1978MB (cached 12MB) IRAM 0/252kB(lfb 252kB) CPU [11%@307,off,off,off] EMC_FREQ 2%@1600 GR3D_FREQ 0%@76 APE 25 PLL@32C CPU@34C PMIC@50C GPU@33C AO@42C thermal@33.75C POM_5V_IN 1892/1903 POM_5V_GPU 41/44 POM_5V_CPU 123/134
[ts: 1636413716.455016] RAM 1455/3956MB (lfb 199x4MB) SWAP 238/1978MB (cached 12MB) IRAM 0/252kB(lfb 252kB) CPU [13%@307,off,off,off] EMC_FREQ 2%@1600 GR3D_FREQ 16%@76 APE 25 PLL@32C CPU@34C PMIC@50C GPU@33.5C AO@42C thermal@33.75C POM_5V_IN 1934/1905 POM_5V_GPU 41/44 POM_5V_CPU 123/133
[ts: 1636413716.971231] RAM 1455/3956MB (lfb 199x4MB) SWAP 238/1978MB (cached 12MB) IRAM 0/252kB(lfb 252kB) CPU [7%@307,off,off,off] EMC_FREQ 2%@1600 GR3D_FREQ 0%@76 APE 25 PLL@32C CPU@34C PMIC@50C GPU@34C AO@42C thermal@33.75C POM_5V_IN 1851/1901 POM_5V_GPU 41/44 POM_5V_CPU 123/132
[ts: 1636413717.487168] RAM 1455/3956MB (lfb 199x4MB) SWAP 238/1978MB (cached 12MB) IRAM 0/252kB(lfb 252kB) CPU [11%@307,off,off,off] EMC_FREQ 2%@1600 GR3D_FREQ 0%@76 APE 25 PLL@32C CPU@34C PMIC@50C GPU@33C AO@42C thermal@34C POM_5V_IN 1892/1900 POM_5V_GPU 41/43 POM_5V_CPU 123/131
[ts: 1636413718.003798] RAM 1455/3956MB (lfb 199x4MB) SWAP 238/1978MB (cached 12MB) IRAM 0/252kB(lfb 252kB) CPU [42%@307,off,off,off] EMC_FREQ 2%@1600 GR3D_FREQ 0%@76 APE 25 PLL@32C CPU@34C PMIC@50C GPU@33C AO@42C thermal@34C POM_5V_IN 1892/1900 POM_5V_GPU 41/43 POM_5V_CPU 123/131
[ts: 1636413718.520015] RAM 1455/3956MB (lfb 199x4MB) SWAP 238/1978MB (cached 12MB) IRAM 0/252kB(lfb 252kB) CPU [11%@307,off,off,off] EMC_FREQ 2%@1600 GR3D_FREQ 0%@76 APE 25 PLL@32C CPU@34C PMIC@50C GPU@33C AO@42C thermal@33.5C POM_5V_IN 1892/1899 POM_5V_GPU 41/43 POM_5V_CPU 123/130
[ts: 1636413719.036835] RAM 1455/3956MB (lfb 199x4MB) SWAP 238/1978MB (cached 12MB) IRAM 0/252kB(lfb 252kB) CPU [9%@307,off,off,off] EMC_FREQ 2%@1600 GR3D_FREQ 0%@76 APE 25 PLL@32C CPU@34C PMIC@50C GPU@33C AO@42C thermal@33.5C POM_5V_IN 1892/1899 POM_5V_GPU 41/43 POM_5V_CPU 123/130
[ts: 1636413719.553650] RAM 1455/3956MB (lfb 199x4MB) SWAP 238/1978MB (cached 12MB) IRAM 0/252kB(lfb 252kB) CPU [11%@307,off,off,off] EMC_FREQ 2%@1600 GR3D_FREQ 0%@76 APE 25 PLL@32C CPU@34C PMIC@50C GPU@33C AO@42C thermal@33.75C POM_5V_IN 1892/1898 POM_5V_GPU 41/43 POM_5V_CPU 123/129
[ts: 1636413720.069896] RAM 1455/3956MB (lfb 199x4MB) SWAP 238/1978MB (cached 12MB) IRAM 0/252kB(lfb 252kB) CPU [6%@307,off,off,off] EMC_FREQ 2%@1600 GR3D_FREQ 0%@76 APE 25 PLL@32C CPU@34C PMIC@50C GPU@34C AO@42C thermal@33.75C POM_5V_IN 1892/1898 POM_5V_GPU 41/43 POM_5V_CPU 123/129
[ts: 1636413720.622740] RAM 1458/3956MB (lfb 199x4MB) SWAP 238/1978MB (cached 12MB) IRAM 0/252kB(lfb 252kB) CPU [94%@307,off,off,off] EMC_FREQ 2%@1600 GR3D_FREQ 0%@76 APE 25 PLL@31.5C CPU@34C PMIC@50C GPU@33.5C AO@42C thermal@33.5C POM_5V_IN 1975/1902 POM_5V_GPU 41/43 POM_5V_CPU 205/133
[ts: 1636413721.152215] RAM 1460/3956MB (lfb 199x4MB) SWAP 238/1978MB (cached 12MB) IRAM 0/252kB(lfb 252kB) CPU [100%@307,off,off,off] EMC_FREQ 2%@1600 GR3D_FREQ 4%@76 APE 25 PLL@31.5C CPU@34C PMIC@50C GPU@33C AO@42C thermal@33.5C POM_5V_IN 2013/1907 POM_5V_GPU 82/44 POM_5V_CPU 205/136
[ts: 1636413721.686224] RAM 1463/3956MB (lfb 199x4MB) SWAP 238/1978MB (cached 12MB) IRAM 0/252kB(lfb 252kB) CPU [100%@307,off,off,off] EMC_FREQ 2%@1600 GR3D_FREQ 0%@76 APE 25 PLL@32C CPU@34C PMIC@50C GPU@33C AO@42C thermal@33.5C POM_5V_IN 1975/1910 POM_5V_GPU 41/44 POM_5V_CPU 205/139
[ts: 1636413722.212221] RAM 1466/3956MB (lfb 199x4MB) SWAP 238/1978MB (cached 12MB) IRAM 0/252kB(lfb 252kB) CPU [100%@307,off,off,off] EMC_FREQ 2%@1600 GR3D_FREQ 0%@76 APE 25 PLL@32C CPU@34C PMIC@50C GPU@33.5C AO@42C thermal@33.5C POM_5V_IN 1975/1913 POM_5V_GPU 41/44 POM_5V_CPU 205/142
[ts: 1636413722.735197] RAM 1470/3956MB (lfb 199x4MB) SWAP 238/1978MB (cached 12MB) IRAM 0/252kB(lfb 252kB) CPU [100%@307,off,off,off] EMC_FREQ 2%@1600 GR3D_FREQ 0%@76 APE 25 PLL@31.5C CPU@33.5C PMIC@50C GPU@33.5C AO@42C thermal@34C POM_5V_IN 1892/1912 POM_5V_GPU 0/42 POM_5V_CPU 205/145
[ts: 1636413723.257288] RAM 1472/3956MB (lfb 199x4MB) SWAP 238/1978MB (cached 12MB) IRAM 0/252kB(lfb 252kB) CPU [100%@307,off,off,off] EMC_FREQ 2%@1600 GR3D_FREQ 0%@76 APE 25 PLL@31.5C CPU@34C PMIC@50C GPU@33.5C AO@42C thermal@34C POM_5V_IN 1892/1911 POM_5V_GPU 0/41 POM_5V_CPU 205/147
[ts: 1636413723.782447] RAM 1476/3956MB (lfb 199x4MB) SWAP 238/1978MB (cached 12MB) IRAM 0/252kB(lfb 252kB) CPU [100%@307,off,off,off] EMC_FREQ 2%@1600 GR3D_FREQ 0%@76 APE 25 PLL@32C CPU@34C PMIC@50C GPU@34C AO@42C thermal@34C POM_5V_IN 1934/1912 POM_5V_GPU 0/39 POM_5V_CPU 205/149
[ts: 1636413724.305290] RAM 1481/3956MB (lfb 199x4MB) SWAP 238/1978MB (cached 12MB) IRAM 0/252kB(lfb 252kB) CPU [100%@307,off,off,off] EMC_FREQ 2%@1600 GR3D_FREQ 0%@76 APE 25 PLL@32C CPU@34C PMIC@50C GPU@34C AO@42C thermal@34C POM_5V_IN 2054/1917 POM_5V_GPU 0/37 POM_5V_CPU 205/151
[ts: 1636413724.833061] RAM 1483/3956MB (lfb 199x4MB) SWAP 238/1978MB (cached 12MB) IRAM 0/252kB(lfb 252kB) CPU [100%@307,off,off,off] EMC_FREQ 2%@1600 GR3D_FREQ 0%@76 APE 25 PLL@32C CPU@34C PMIC@50C GPU@34C AO@42C thermal@33.75C POM_5V_IN 1934/1918 POM_5V_GPU 0/36 POM_5V_CPU 205/153
[ts: 1636413725.360219] RAM 1485/3956MB (lfb 199x4MB) SWAP 238/1978MB (cached 12MB) IRAM 0/252kB(lfb 252kB) CPU [100%@307,off,off,off] EMC_FREQ 2%@1600 GR3D_FREQ 0%@76 APE 25 PLL@31.5C CPU@34C PMIC@50C GPU@33.5C AO@42C thermal@33.75C POM_5V_IN 1934/1918 POM_5V_GPU 0/35 POM_5V_CPU 205/155
[ts: 1636413725.885050] RAM 1488/3956MB (lfb 199x4MB) SWAP 238/1978MB (cached 12MB) IRAM 0/252kB(lfb 252kB) CPU [100%@307,off,off,off] EMC_FREQ 2%@1600 GR3D_FREQ 0%@76 APE 25 PLL@32C CPU@34C PMIC@50C GPU@34C AO@42.5C thermal@33.75C POM_5V_IN 1934/1919 POM_5V_GPU 0/34 POM_5V_CPU 205/157
[ts: 1636413726.409111] RAM 1490/3956MB (lfb 199x4MB) SWAP 238/1978MB (cached 12MB) IRAM 0/252kB(lfb 252kB) CPU [100%@307,off,off,off] EMC_FREQ 2%@1600 GR3D_FREQ 0%@76 APE 25 PLL@32C CPU@33.5C PMIC@50C GPU@34C AO@42C thermal@33.75C POM_5V_IN 1892/1918 POM_5V_GPU 0/33 POM_5V_CPU 205/158
[ts: 1636413726.934234] RAM 1492/3956MB (lfb 199x4MB) SWAP 238/1978MB (cached 12MB) IRAM 0/252kB(lfb 252kB) CPU [100%@307,off,off,off] EMC_FREQ 2%@1600 GR3D_FREQ 0%@76 APE 25 PLL@31.5C CPU@34C PMIC@50C GPU@33.5C AO@42C thermal@33.75C POM_5V_IN 1892/1917 POM_5V_GPU 0/32 POM_5V_CPU 205/160
[ts: 1636413727.457274] RAM 1492/3956MB (lfb 199x4MB) SWAP 238/1978MB (cached 12MB) IRAM 0/252kB(lfb 252kB) CPU [100%@307,off,off,off] EMC_FREQ 2%@1600 GR3D_FREQ 0%@76 APE 25 PLL@31.5C CPU@34C PMIC@50C GPU@33.5C AO@42C thermal@33.75C POM_5V_IN 1892/1916 POM_5V_GPU 0/31 POM_5V_CPU 205/161
[ts: 1636413727.978776] RAM 1493/3956MB (lfb 199x4MB) SWAP 238/1978MB (cached 12MB) IRAM 0/252kB(lfb 252kB) CPU [100%@307,off,off,off] EMC_FREQ 2%@1600 GR3D_FREQ 0%@76 APE 25 PLL@32C CPU@34C PMIC@50C GPU@34C AO@42C thermal@33.75C POM_5V_IN 1892/1916 POM_5V_GPU 0/30 POM_5V_CPU 205/162
[ts: 1636413728.506210] RAM 1493/3956MB (lfb 199x4MB) SWAP 238/1978MB (cached 12MB) IRAM 0/252kB(lfb 252kB) CPU [100%@307,off,off,off] EMC_FREQ 2%@1600 GR3D_FREQ 0%@76 APE 25 PLL@31.5C CPU@34C PMIC@50C GPU@33.5C AO@42C thermal@34C POM_5V_IN 1892/1915 POM_5V_GPU 0/29 POM_5V_CPU 205/164
[ts: 1636413729.028200] RAM 1497/3956MB (lfb 199x4MB) SWAP 238/1978MB (cached 12MB) IRAM 0/252kB(lfb 252kB) CPU [100%@307,off,off,off] EMC_FREQ 2%@1600 GR3D_FREQ 0%@76 APE 25 PLL@32C CPU@33.5C PMIC@50C GPU@34C AO@42C thermal@34C POM_5V_IN 1934/1916 POM_5V_GPU 0/28 POM_5V_CPU 205/165
[ts: 1636413729.551904] RAM 1498/3956MB (lfb 199x4MB) SWAP 238/1978MB (cached 12MB) IRAM 0/252kB(lfb 252kB) CPU [100%@307,off,off,off] EMC_FREQ 2%@1600 GR3D_FREQ 0%@76 APE 25 PLL@32C CPU@34C PMIC@50C GPU@34C AO@42C thermal@34C POM_5V_IN 1934/1916 POM_5V_GPU 0/27 POM_5V_CPU 205/166
[ts: 1636413730.076245] RAM 1499/3956MB (lfb 199x4MB) SWAP 238/1978MB (cached 12MB) IRAM 0/252kB(lfb 252kB) CPU [100%@307,off,off,off] EMC_FREQ 2%@1600 GR3D_FREQ 0%@76 APE 25 PLL@32C CPU@34C PMIC@50C GPU@34C AO@42C thermal@34C POM_5V_IN 1934/1916 POM_5V_GPU 0/26 POM_5V_CPU 205/167
[ts: 1636413730.600808] RAM 1510/3956MB (lfb 199x4MB) SWAP 238/1978MB (cached 12MB) IRAM 0/252kB(lfb 252kB) CPU [100%@307,off,off,off] EMC_FREQ 2%@1600 GR3D_FREQ 0%@76 APE 25 PLL@32C CPU@34C PMIC@50C GPU@34C AO@42C thermal@34C POM_5V_IN 1892/1916 POM_5V_GPU 0/26 POM_5V_CPU 205/168
[ts: 1636413731.124156] RAM 1516/3956MB (lfb 199x4MB) SWAP 238/1978MB (cached 12MB) IRAM 0/252kB(lfb 252kB) CPU [100%@307,off,off,off] EMC_FREQ 2%@1600 GR3D_FREQ 0%@76 APE 25 PLL@32C CPU@34C PMIC@50C GPU@34C AO@42C thermal@34C POM_5V_IN 1892/1915 POM_5V_GPU 0/25 POM_5V_CPU 205/169
[ts: 1636413731.649928] RAM 1524/3956MB (lfb 199x4MB) SWAP 238/1978MB (cached 12MB) IRAM 0/252kB(lfb 252kB) CPU [100%@307,off,off,off] EMC_FREQ 2%@1600 GR3D_FREQ 0%@76 APE 25 PLL@32C CPU@34C PMIC@50C GPU@34C AO@42.5C thermal@34C POM_5V_IN 1892/1915 POM_5V_GPU 0/25 POM_5V_CPU 205/170
[ts: 1636413732.173300] RAM 1533/3956MB (lfb 199x4MB) SWAP 238/1978MB (cached 12MB) IRAM 0/252kB(lfb 252kB) CPU [100%@307,off,off,off] EMC_FREQ 2%@1600 GR3D_FREQ 0%@76 APE 25 PLL@32C CPU@33.5C PMIC@50C GPU@34C AO@42C thermal@34C POM_5V_IN 1934/1915 POM_5V_GPU 0/24 POM_5V_CPU 205/170
[ts: 1636413732.697356] RAM 1537/3956MB (lfb 199x4MB) SWAP 238/1978MB (cached 12MB) IRAM 0/252kB(lfb 252kB) CPU [100%@307,off,off,off] EMC_FREQ 2%@1600 GR3D_FREQ 0%@76 APE 25 PLL@31.5C CPU@34C PMIC@50C GPU@33.5C AO@42C thermal@33.75C POM_5V_IN 1934/1916 POM_5V_GPU 0/23 POM_5V_CPU 205/171
[ts: 1636413733.219567] RAM 1539/3956MB (lfb 199x4MB) SWAP 238/1978MB (cached 12MB) IRAM 0/252kB(lfb 252kB) CPU [100%@307,off,off,off] EMC_FREQ 2%@1600 GR3D_FREQ 0%@76 APE 25 PLL@31.5C CPU@34C PMIC@50C GPU@33.5C AO@42C thermal@33.75C POM_5V_IN 1892/1915 POM_5V_GPU 0/23 POM_5V_CPU 205/172
[ts: 1636413733.742883] RAM 1541/3956MB (lfb 199x4MB) SWAP 238/1978MB (cached 12MB) IRAM 0/252kB(lfb 252kB) CPU [100%@307,off,off,off] EMC_FREQ 2%@1600 GR3D_FREQ 0%@76 APE 25 PLL@32C CPU@34C PMIC@50C GPU@34C AO@42C thermal@33.75C POM_5V_IN 1892/1914 POM_5V_GPU 0/22 POM_5V_CPU 205/173
[ts: 1636413734.266157] RAM 1543/3956MB (lfb 199x4MB) SWAP 238/1978MB (cached 12MB) IRAM 0/252kB(lfb 252kB) CPU [100%@307,off,off,off] EMC_FREQ 2%@1600 GR3D_FREQ 0%@76 APE 25 PLL@31.5C CPU@33.5C PMIC@50C GPU@33.5C AO@42C thermal@34C POM_5V_IN 1892/1914 POM_5V_GPU 0/22 POM_5V_CPU 205/173
[ts: 1636413734.789149] RAM 1545/3956MB (lfb 199x4MB) SWAP 238/1978MB (cached 12MB) IRAM 0/252kB(lfb 252kB) CPU [100%@307,off,off,off] EMC_FREQ 2%@1600 GR3D_FREQ 0%@76 APE 25 PLL@31.5C CPU@33.5C PMIC@50C GPU@33.5C AO@42C thermal@34C POM_5V_IN 1892/1913 POM_5V_GPU 0/21 POM_5V_CPU 205/174
[ts: 1636413735.312275] RAM 1547/3956MB (lfb 199x4MB) SWAP 238/1978MB (cached 12MB) IRAM 0/252kB(lfb 252kB) CPU [100%@307,off,off,off] EMC_FREQ 2%@1600 GR3D_FREQ 0%@76 APE 25 PLL@32C CPU@34C PMIC@50C GPU@34C AO@41.5C thermal@34C POM_5V_IN 1975/1915 POM_5V_GPU 0/21 POM_5V_CPU 205/175
[ts: 1636413735.835285] RAM 1549/3956MB (lfb 199x4MB) SWAP 238/1978MB (cached 12MB) IRAM 0/252kB(lfb 252kB) CPU [100%@307,off,off,off] EMC_FREQ 2%@1600 GR3D_FREQ 0%@76 APE 25 PLL@32C CPU@34C PMIC@50C GPU@34C AO@42C thermal@34C POM_5V_IN 1934/1915 POM_5V_GPU 0/20 POM_5V_CPU 205/175
[ts: 1636413736.359544] RAM 1551/3956MB (lfb 199x4MB) SWAP 238/1978MB (cached 12MB) IRAM 0/252kB(lfb 252kB) CPU [100%@307,off,off,off] EMC_FREQ 2%@1600 GR3D_FREQ 0%@76 APE 25 PLL@32C CPU@34C PMIC@50C GPU@34C AO@42C thermal@34C POM_5V_IN 1892/1915 POM_5V_GPU 0/20 POM_5V_CPU 205/176
[ts: 1636413736.885247] RAM 1553/3956MB (lfb 199x4MB) SWAP 238/1978MB (cached 12MB) IRAM 0/252kB(lfb 252kB) CPU [100%@307,off,off,off] EMC_FREQ 2%@1600 GR3D_FREQ 0%@76 APE 25 PLL@32C CPU@34C PMIC@50C GPU@34C AO@42C thermal@34C POM_5V_IN 1892/1914 POM_5V_GPU 0/20 POM_5V_CPU 205/176
[ts: 1636413737.410922] RAM 1557/3956MB (lfb 199x4MB) SWAP 238/1978MB (cached 12MB) IRAM 0/252kB(lfb 252kB) CPU [100%@307,off,off,off] EMC_FREQ 2%@1600 GR3D_FREQ 0%@76 APE 25 PLL@32C CPU@34C PMIC@50C GPU@34C AO@42C thermal@34C POM_5V_IN 1892/1914 POM_5V_GPU 0/19 POM_5V_CPU 205/177
[ts: 1636413737.934090] RAM 1560/3956MB (lfb 199x4MB) SWAP 238/1978MB (cached 12MB) IRAM 0/252kB(lfb 252kB) CPU [100%@307,off,off,off] EMC_FREQ 2%@1600 GR3D_FREQ 0%@76 APE 25 PLL@32C CPU@34C PMIC@50C GPU@34C AO@42C thermal@34C POM_5V_IN 1934/1914 POM_5V_GPU 0/19 POM_5V_CPU 205/177
[ts: 1636413738.458820] RAM 1563/3956MB (lfb 199x4MB) SWAP 238/1978MB (cached 12MB) IRAM 0/252kB(lfb 252kB) CPU [100%@307,off,off,off] EMC_FREQ 2%@1600 GR3D_FREQ 0%@76 APE 25 PLL@31.5C CPU@33.5C PMIC@50C GPU@33.5C AO@42C thermal@34C POM_5V_IN 1892/1914 POM_5V_GPU 0/18 POM_5V_CPU 205/178
[ts: 1636413738.983412] RAM 1569/3956MB (lfb 199x4MB) SWAP 238/1978MB (cached 12MB) IRAM 0/252kB(lfb 252kB) CPU [100%@307,off,off,off] EMC_FREQ 2%@1600 GR3D_FREQ 0%@76 APE 25 PLL@32C CPU@34C PMIC@50C GPU@33.5C AO@41.5C thermal@34C POM_5V_IN 1975/1915 POM_5V_GPU 41/19 POM_5V_CPU 205/178
[ts: 1636413739.505956] RAM 1577/3956MB (lfb 199x4MB) SWAP 238/1978MB (cached 12MB) IRAM 0/252kB(lfb 252kB) CPU [100%@307,off,off,off] EMC_FREQ 2%@1600 GR3D_FREQ 0%@76 APE 25 PLL@32C CPU@34C PMIC@50C GPU@34C AO@42C thermal@33.5C POM_5V_IN 1975/1916 POM_5V_GPU 41/19 POM_5V_CPU 205/179
[ts: 1636413740.032466] RAM 1592/3956MB (lfb 199x4MB) SWAP 238/1978MB (cached 12MB) IRAM 0/252kB(lfb 252kB) CPU [100%@307,off,off,off] EMC_FREQ 2%@1600 GR3D_FREQ 0%@76 APE 25 PLL@32C CPU@34C PMIC@50C GPU@34C AO@42C thermal@33.5C POM_5V_IN 1975/1917 POM_5V_GPU 0/19 POM_5V_CPU 246/180
[ts: 1636413740.556101] RAM 1599/3956MB (lfb 199x4MB) SWAP 238/1978MB (cached 12MB) IRAM 0/252kB(lfb 252kB) CPU [100%@307,off,off,off] EMC_FREQ 2%@1600 GR3D_FREQ 0%@76 APE 25 PLL@31.5C CPU@34.5C PMIC@50C GPU@33.5C AO@42C thermal@34C POM_5V_IN 1892/1916 POM_5V_GPU 0/19 POM_5V_CPU 205/180
[ts: 1636413741.078669] RAM 1616/3956MB (lfb 199x4MB) SWAP 238/1978MB (cached 12MB) IRAM 0/252kB(lfb 252kB) CPU [98%@307,off,off,off] EMC_FREQ 2%@1600 GR3D_FREQ 0%@76 APE 25 PLL@32C CPU@34C PMIC@50C GPU@33C AO@42C thermal@34C POM_5V_IN 2095/1919 POM_5V_GPU 82/20 POM_5V_CPU 205/181
[ts: 1636413741.604622] RAM 1620/3956MB (lfb 199x4MB) SWAP 238/1978MB (cached 12MB) IRAM 0/252kB(lfb 252kB) CPU [100%@307,off,off,off] EMC_FREQ 2%@1600 GR3D_FREQ 6%@76 APE 25 PLL@32C CPU@34C PMIC@50C GPU@33C AO@42C thermal@34C POM_5V_IN 2054/1922 POM_5V_GPU 82/21 POM_5V_CPU 205/181
[ts: 1636413742.135442] RAM 1629/3956MB (lfb 199x4MB) SWAP 238/1978MB (cached 12MB) IRAM 0/252kB(lfb 252kB) CPU [100%@307,off,off,off] EMC_FREQ 2%@1600 GR3D_FREQ 0%@76 APE 25 PLL@32C CPU@34C PMIC@50C GPU@33C AO@42.5C thermal@33.5C POM_5V_IN 2054/1924 POM_5V_GPU 41/21 POM_5V_CPU 246/182
[ts: 1636413742.668049] RAM 1645/3956MB (lfb 199x4MB) SWAP 238/1978MB (cached 12MB) IRAM 0/252kB(lfb 252kB) CPU [100%@307,off,off,off] EMC_FREQ 2%@1600 GR3D_FREQ 5%@76 APE 25 PLL@32C CPU@34C PMIC@50C GPU@33C AO@42C thermal@33.5C POM_5V_IN 2054/1926 POM_5V_GPU 82/22 POM_5V_CPU 205/183
[ts: 1636413743.191145] RAM 1661/3956MB (lfb 199x4MB) SWAP 238/1978MB (cached 12MB) IRAM 0/252kB(lfb 252kB) CPU [100%@307,off,off,off] EMC_FREQ 2%@1600 GR3D_FREQ 1%@76 APE 25 PLL@31.5C CPU@34C PMIC@50C GPU@33.5C AO@42C thermal@33.5C POM_5V_IN 2013/1927 POM_5V_GPU 82/23 POM_5V_CPU 205/183
[ts: 1636413743.717192] RAM 1718/3956MB (lfb 199x4MB) SWAP 238/1978MB (cached 12MB) IRAM 0/252kB(lfb 252kB) CPU [100%@307,off,off,off] EMC_FREQ 2%@1600 GR3D_FREQ 0%@76 APE 25 PLL@31.5C CPU@34C PMIC@50C GPU@33C AO@42C thermal@33.5C POM_5V_IN 2013/1929 POM_5V_GPU 41/23 POM_5V_CPU 205/183
[ts: 1636413744.240761] RAM 1728/3956MB (lfb 199x4MB) SWAP 238/1978MB (cached 12MB) IRAM 0/252kB(lfb 252kB) CPU [100%@307,off,off,off] EMC_FREQ 2%@1600 GR3D_FREQ 6%@76 APE 25 PLL@32C CPU@34C PMIC@50C GPU@33C AO@42C thermal@33.75C POM_5V_IN 2054/1931 POM_5V_GPU 82/24 POM_5V_CPU 205/184
[ts: 1636413744.764334] RAM 1720/3956MB (lfb 199x4MB) SWAP 238/1978MB (cached 12MB) IRAM 0/252kB(lfb 252kB) CPU [100%@307,off,off,off] EMC_FREQ 2%@1600 GR3D_FREQ 1%@76 APE 25 PLL@32C CPU@34C PMIC@50C GPU@33C AO@42C thermal@33.75C POM_5V_IN 2013/1932 POM_5V_GPU 41/24 POM_5V_CPU 205/184
[ts: 1636413745.288532] RAM 1732/3956MB (lfb 199x4MB) SWAP 238/1978MB (cached 12MB) IRAM 0/252kB(lfb 252kB) CPU [100%@307,off,off,off] EMC_FREQ 2%@1600 GR3D_FREQ 11%@76 APE 25 PLL@32C CPU@34C PMIC@50C GPU@33C AO@42C thermal@33.5C POM_5V_IN 2054/1934 POM_5V_GPU 82/25 POM_5V_CPU 205/184
[ts: 1636413745.814881] RAM 1797/3956MB (lfb 199x4MB) SWAP 238/1978MB (cached 12MB) IRAM 0/252kB(lfb 252kB) CPU [100%@307,off,off,off] EMC_FREQ 2%@1600 GR3D_FREQ 0%@76 APE 25 PLL@32C CPU@34C PMIC@50C GPU@33.5C AO@42C thermal@33.5C POM_5V_IN 2013/1935 POM_5V_GPU 41/25 POM_5V_CPU 246/185
[ts: 1636413746.344413] RAM 1797/3956MB (lfb 199x4MB) SWAP 238/1978MB (cached 12MB) IRAM 0/252kB(lfb 252kB) CPU [98%@307,off,off,off] EMC_FREQ 2%@1600 GR3D_FREQ 5%@76 APE 25 PLL@32C CPU@34C PMIC@50C GPU@33C AO@42C thermal@33.75C POM_5V_IN 2054/1937 POM_5V_GPU 82/26 POM_5V_CPU 205/185
[ts: 1636413746.869974] RAM 1806/3956MB (lfb 199x4MB) SWAP 238/1978MB (cached 12MB) IRAM 0/252kB(lfb 252kB) CPU [100%@307,off,off,off] EMC_FREQ 2%@1600 GR3D_FREQ 0%@76 APE 25 PLL@32C CPU@34C PMIC@50C GPU@33C AO@42C thermal@33.75C POM_5V_IN 2054/1938 POM_5V_GPU 41/26 POM_5V_CPU 205/186
[ts: 1636413747.393941] RAM 1824/3956MB (lfb 199x4MB) SWAP 238/1978MB (cached 12MB) IRAM 0/252kB(lfb 252kB) CPU [100%@307,off,off,off] EMC_FREQ 2%@1600 GR3D_FREQ 0%@76 APE 25 PLL@32C CPU@34C PMIC@50C GPU@33C AO@42C thermal@33.5C POM_5V_IN 2054/1940 POM_5V_GPU 41/27 POM_5V_CPU 205/186
[ts: 1636413747.924815] RAM 1839/3956MB (lfb 199x4MB) SWAP 238/1978MB (cached 12MB) IRAM 0/252kB(lfb 252kB) CPU [100%@307,off,off,off] EMC_FREQ 2%@1600 GR3D_FREQ 0%@76 APE 25 PLL@32C CPU@34C PMIC@50C GPU@33.5C AO@42C thermal@33.5C POM_5V_IN 2013/1941 POM_5V_GPU 41/27 POM_5V_CPU 246/187
[ts: 1636413748.453099] RAM 1879/3956MB (lfb 196x4MB) SWAP 238/1978MB (cached 12MB) IRAM 0/252kB(lfb 252kB) CPU [100%@307,off,off,off] EMC_FREQ 2%@1600 GR3D_FREQ 0%@76 APE 25 PLL@32C CPU@34C PMIC@50C GPU@33C AO@42C thermal@33.75C POM_5V_IN 2095/1943 POM_5V_GPU 41/27 POM_5V_CPU 205/187
[ts: 1636413748.976696] RAM 1896/3956MB (lfb 196x4MB) SWAP 238/1978MB (cached 12MB) IRAM 0/252kB(lfb 252kB) CPU [98%@307,off,off,off] EMC_FREQ 2%@1600 GR3D_FREQ 7%@76 APE 25 PLL@32C CPU@34C PMIC@50C GPU@33.5C AO@42C thermal@33.75C POM_5V_IN 2095/1945 POM_5V_GPU 82/28 POM_5V_CPU 205/187
[ts: 1636413749.504622] RAM 1936/3956MB (lfb 189x4MB) SWAP 238/1978MB (cached 12MB) IRAM 0/252kB(lfb 252kB) CPU [100%@307,off,off,off] EMC_FREQ 3%@1600 GR3D_FREQ 0%@76 APE 25 PLL@32C CPU@34C PMIC@50C GPU@33C AO@42C thermal@33.5C POM_5V_IN 2013/1946 POM_5V_GPU 41/28 POM_5V_CPU 205/188
[ts: 1636413750.029800] RAM 1959/3956MB (lfb 189x4MB) SWAP 238/1978MB (cached 12MB) IRAM 0/252kB(lfb 252kB) CPU [100%@307,off,off,off] EMC_FREQ 3%@1600 GR3D_FREQ 0%@76 APE 25 PLL@32C CPU@34C PMIC@50C GPU@33C AO@42.5C thermal@33.5C POM_5V_IN 2013/1947 POM_5V_GPU 41/28 POM_5V_CPU 246/188
[ts: 1636413750.553030] RAM 1959/3956MB (lfb 189x4MB) SWAP 238/1978MB (cached 12MB) IRAM 0/252kB(lfb 252kB) CPU [100%@307,off,off,off] EMC_FREQ 2%@1600 GR3D_FREQ 14%@76 APE 25 PLL@32C CPU@33.5C PMIC@50C GPU@33C AO@42C thermal@33.5C POM_5V_IN 2016/1948 POM_5V_GPU 82/29 POM_5V_CPU 205/189
[ts: 1636413751.077631] RAM 1995/3956MB (lfb 186x4MB) SWAP 238/1978MB (cached 12MB) IRAM 0/252kB(lfb 252kB) CPU [100%@307,off,off,off] EMC_FREQ 2%@1600 GR3D_FREQ 0%@76 APE 25 PLL@32C CPU@34C PMIC@50C GPU@33.5C AO@42C thermal@33.5C POM_5V_IN 2013/1948 POM_5V_GPU 41/29 POM_5V_CPU 205/189
[ts: 1636413751.606616] RAM 1995/3956MB (lfb 186x4MB) SWAP 238/1978MB (cached 12MB) IRAM 0/252kB(lfb 252kB) CPU [100%@307,off,off,off] EMC_FREQ 2%@1600 GR3D_FREQ 6%@76 APE 25 PLL@32C CPU@34C PMIC@50C GPU@33C AO@42C thermal@33.5C POM_5V_IN 2054/1950 POM_5V_GPU 82/30 POM_5V_CPU 205/189
[ts: 1636413752.129421] RAM 2021/3956MB (lfb 182x4MB) SWAP 238/1978MB (cached 12MB) IRAM 0/252kB(lfb 252kB) CPU [100%@307,off,off,off] EMC_FREQ 2%@1600 GR3D_FREQ 0%@76 APE 25 PLL@32C CPU@34C PMIC@50C GPU@33C AO@42C thermal@33.25C POM_5V_IN 2054/1951 POM_5V_GPU 41/30 POM_5V_CPU 205/189
[ts: 1636413752.657099] RAM 2045/3956MB (lfb 178x4MB) SWAP 238/1978MB (cached 12MB) IRAM 0/252kB(lfb 252kB) CPU [100%@307,off,off,off] EMC_FREQ 2%@1600 GR3D_FREQ 0%@76 APE 25 PLL@32C CPU@34C PMIC@50C GPU@33.5C AO@42C thermal@33.25C POM_5V_IN 2136/1953 POM_5V_GPU 41/30 POM_5V_CPU 246/190
[ts: 1636413753.187816] RAM 2064/3956MB (lfb 178x4MB) SWAP 238/1978MB (cached 12MB) IRAM 0/252kB(lfb 252kB) CPU [98%@307,off,off,off] EMC_FREQ 2%@1600 GR3D_FREQ 6%@76 APE 25 PLL@31.5C CPU@34C PMIC@50C GPU@33.5C AO@42C thermal@33.75C POM_5V_IN 2054/1955 POM_5V_GPU 82/31 POM_5V_CPU 205/190
[ts: 1636413753.710984] RAM 2069/3956MB (lfb 178x4MB) SWAP 238/1978MB (cached 12MB) IRAM 0/252kB(lfb 252kB) CPU [100%@307,off,off,off] EMC_FREQ 2%@1600 GR3D_FREQ 8%@76 APE 25 PLL@32C CPU@34C PMIC@50C GPU@33.5C AO@42C thermal@33.75C POM_5V_IN 2054/1956 POM_5V_GPU 82/31 POM_5V_CPU 205/190
[ts: 1636413754.235399] RAM 2097/3956MB (lfb 175x4MB) SWAP 238/1978MB (cached 12MB) IRAM 0/252kB(lfb 252kB) CPU [100%@307,off,off,off] EMC_FREQ 2%@1600 GR3D_FREQ 0%@76 APE 25 PLL@32C CPU@33.5C PMIC@50C GPU@33C AO@42C thermal@33.5C POM_5V_IN 2095/1957 POM_5V_GPU 41/31 POM_5V_CPU 205/190
[ts: 1636413754.757435] RAM 2117/3956MB (lfb 175x4MB) SWAP 238/1978MB (cached 12MB) IRAM 0/252kB(lfb 252kB) CPU [100%@307,off,off,off] EMC_FREQ 2%@1600 GR3D_FREQ 0%@76 APE 25 PLL@32C CPU@34C PMIC@50C GPU@33C AO@42C thermal@33.5C POM_5V_IN 2013/1958 POM_5V_GPU 41/31 POM_5V_CPU 205/191
[ts: 1636413755.282915] RAM 2143/3956MB (lfb 172x4MB) SWAP 238/1978MB (cached 12MB) IRAM 0/252kB(lfb 252kB) CPU [100%@307,off,off,off] EMC_FREQ 2%@1600 GR3D_FREQ 0%@76 APE 25 PLL@32C CPU@33.5C PMIC@50C GPU@33.5C AO@42C thermal@33.5C POM_5V_IN 2054/1959 POM_5V_GPU 41/31 POM_5V_CPU 205/191
[ts: 1636413755.805643] RAM 2156/3956MB (lfb 172x4MB) SWAP 238/1978MB (cached 12MB) IRAM 0/252kB(lfb 252kB) CPU [100%@307,off,off,off] EMC_FREQ 2%@1600 GR3D_FREQ 0%@76 APE 25 PLL@32C CPU@34C PMIC@50C GPU@33.5C AO@42C thermal@33.5C POM_5V_IN 2013/1960 POM_5V_GPU 41/32 POM_5V_CPU 205/191
[ts: 1636413756.336013] RAM 2178/3956MB (lfb 170x4MB) SWAP 238/1978MB (cached 12MB) IRAM 0/252kB(lfb 252kB) CPU [100%@307,off,off,off] EMC_FREQ 2%@1600 GR3D_FREQ 6%@76 APE 25 PLL@32C CPU@34C PMIC@50C GPU@33.5C AO@42C thermal@33.5C POM_5V_IN 2054/1961 POM_5V_GPU 82/32 POM_5V_CPU 205/191
[ts: 1636413756.859030] RAM 2225/3956MB (lfb 165x4MB) SWAP 238/1978MB (cached 12MB) IRAM 0/252kB(lfb 252kB) CPU [100%@307,off,off,off] EMC_FREQ 3%@1600 GR3D_FREQ 0%@76 APE 25 PLL@32C CPU@33.5C PMIC@50C GPU@33.5C AO@42C thermal@33.5C POM_5V_IN 2013/1961 POM_5V_GPU 41/32 POM_5V_CPU 205/191
[ts: 1636413757.391355] RAM 2225/3956MB (lfb 165x4MB) SWAP 238/1978MB (cached 12MB) IRAM 0/252kB(lfb 252kB) CPU [100%@307,off,off,off] EMC_FREQ 2%@1600 GR3D_FREQ 9%@76 APE 25 PLL@32C CPU@34C PMIC@50C GPU@33.5C AO@42C thermal@33.75C POM_5V_IN 2054/1962 POM_5V_GPU 82/33 POM_5V_CPU 205/191
[ts: 1636413757.920276] RAM 2243/3956MB (lfb 164x4MB) SWAP 238/1978MB (cached 12MB) IRAM 0/252kB(lfb 252kB) CPU [98%@307,off,off,off] EMC_FREQ 2%@1600 GR3D_FREQ 2%@76 APE 25 PLL@32C CPU@34C PMIC@50C GPU@33C AO@42C thermal@33.75C POM_5V_IN 2013/1963 POM_5V_GPU 41/33 POM_5V_CPU 246/192
[ts: 1636413758.444440] RAM 2257/3956MB (lfb 163x4MB) SWAP 238/1978MB (cached 12MB) IRAM 0/252kB(lfb 252kB) CPU [100%@307,off,off,off] EMC_FREQ 2%@1600 GR3D_FREQ 0%@76 APE 25 PLL@32C CPU@34C PMIC@50C GPU@33C AO@42C thermal@33.5C POM_5V_IN 2013/1964 POM_5V_GPU 41/33 POM_5V_CPU 205/192
[ts: 1636413758.971600] RAM 2272/3956MB (lfb 162x4MB) SWAP 238/1978MB (cached 12MB) IRAM 0/252kB(lfb 252kB) CPU [100%@307,off,off,off] EMC_FREQ 2%@1600 GR3D_FREQ 0%@76 APE 25 PLL@32C CPU@33.5C PMIC@50C GPU@33C AO@42C thermal@33.5C POM_5V_IN 2013/1964 POM_5V_GPU 41/33 POM_5V_CPU 205/192
[ts: 1636413759.502861] RAM 2279/3956MB (lfb 162x4MB) SWAP 238/1978MB (cached 12MB) IRAM 0/252kB(lfb 252kB) CPU [100%@307,off,off,off] EMC_FREQ 2%@1600 GR3D_FREQ 7%@76 APE 25 PLL@32C CPU@33.5C PMIC@50C GPU@33.5C AO@42C thermal@33.5C POM_5V_IN 2013/1965 POM_5V_GPU 82/34 POM_5V_CPU 205/192
[ts: 1636413760.028424] RAM 2295/3956MB (lfb 160x4MB) SWAP 238/1978MB (cached 12MB) IRAM 0/252kB(lfb 252kB) CPU [100%@307,off,off,off] EMC_FREQ 2%@1600 GR3D_FREQ 0%@76 APE 25 PLL@32C CPU@34C PMIC@50C GPU@33C AO@42C thermal@33.75C POM_5V_IN 2013/1965 POM_5V_GPU 41/34 POM_5V_CPU 246/193
[ts: 1636413760.552465] RAM 2310/3956MB (lfb 159x4MB) SWAP 238/1978MB (cached 12MB) IRAM 0/252kB(lfb 252kB) CPU [100%@307,off,off,off] EMC_FREQ 2%@1600 GR3D_FREQ 5%@76 APE 25 PLL@32C CPU@34C PMIC@50C GPU@33C AO@42C thermal@33.75C POM_5V_IN 2054/1966 POM_5V_GPU 82/34 POM_5V_CPU 205/193
[ts: 1636413761.083499] RAM 2326/3956MB (lfb 158x4MB) SWAP 238/1978MB (cached 12MB) IRAM 0/252kB(lfb 252kB) CPU [100%@307,off,off,off] EMC_FREQ 2%@1600 GR3D_FREQ 5%@76 APE 25 PLL@32C CPU@34C PMIC@50C GPU@33C AO@42.5C thermal@33.75C POM_5V_IN 2013/1967 POM_5V_GPU 41/34 POM_5V_CPU 205/193
[ts: 1636413761.608734] RAM 2351/3956MB (lfb 155x4MB) SWAP 238/1978MB (cached 12MB) IRAM 0/252kB(lfb 252kB) CPU [100%@307,off,off,off] EMC_FREQ 2%@1600 GR3D_FREQ 7%@76 APE 25 PLL@32C CPU@34C PMIC@50C GPU@33.5C AO@42C thermal@33.75C POM_5V_IN 2054/1967 POM_5V_GPU 82/35 POM_5V_CPU 205/193
[ts: 1636413762.133486] RAM 2400/3956MB (lfb 150x4MB) SWAP 238/1978MB (cached 12MB) IRAM 0/252kB(lfb 252kB) CPU [100%@307,off,off,off] EMC_FREQ 2%@1600 GR3D_FREQ 0%@76 APE 25 PLL@32C CPU@34.5C PMIC@50C GPU@33C AO@42C thermal@34C POM_5V_IN 2013/1968 POM_5V_GPU 41/35 POM_5V_CPU 205/193
[ts: 1636413762.657376] RAM 2400/3956MB (lfb 150x4MB) SWAP 238/1978MB (cached 12MB) IRAM 0/252kB(lfb 252kB) CPU [98%@307,off,off,off] EMC_FREQ 2%@1600 GR3D_FREQ 14%@76 APE 25 PLL@32C CPU@34C PMIC@50C GPU@33C AO@42C thermal@34C POM_5V_IN 2013/1968 POM_5V_GPU 82/35 POM_5V_CPU 205/193
[ts: 1636413763.184085] RAM 2418/3956MB (lfb 149x4MB) SWAP 238/1978MB (cached 12MB) IRAM 0/252kB(lfb 252kB) CPU [100%@307,off,off,off] EMC_FREQ 2%@1600 GR3D_FREQ 5%@76 APE 25 PLL@32C CPU@34C PMIC@50C GPU@33.5C AO@42.5C thermal@33.5C POM_5V_IN 2054/1969 POM_5V_GPU 82/36 POM_5V_CPU 205/194
[ts: 1636413763.710250] RAM 2482/3956MB (lfb 141x4MB) SWAP 238/1978MB (cached 12MB) IRAM 0/252kB(lfb 252kB) CPU [100%@307,off,off,off] EMC_FREQ 3%@1600 GR3D_FREQ 0%@76 APE 25 PLL@32C CPU@34C PMIC@50C GPU@33.5C AO@42.5C thermal@33.5C POM_5V_IN 2054/1970 POM_5V_GPU 41/36 POM_5V_CPU 205/194
[ts: 1636413764.237014] RAM 2485/3956MB (lfb 141x4MB) SWAP 238/1978MB (cached 12MB) IRAM 0/252kB(lfb 252kB) CPU [100%@307,off,off,off] EMC_FREQ 2%@1600 GR3D_FREQ 6%@76 APE 25 PLL@32C CPU@34.5C PMIC@50C GPU@33C AO@42C thermal@33.75C POM_5V_IN 2054/1971 POM_5V_GPU 82/36 POM_5V_CPU 205/194
[ts: 1636413764.759594] RAM 2489/3956MB (lfb 143x4MB) SWAP 238/1978MB (cached 12MB) IRAM 0/252kB(lfb 252kB) CPU [100%@307,off,off,off] EMC_FREQ 2%@1600 GR3D_FREQ 0%@76 APE 25 PLL@32C CPU@34C PMIC@50C GPU@33C AO@42C thermal@33.75C POM_5V_IN 2054/1972 POM_5V_GPU 41/36 POM_5V_CPU 246/194
[ts: 1636413765.287001] RAM 2516/3956MB (lfb 139x4MB) SWAP 238/1978MB (cached 12MB) IRAM 0/252kB(lfb 252kB) CPU [100%@307,off,off,off] EMC_FREQ 2%@1600 GR3D_FREQ 0%@76 APE 25 PLL@32C CPU@34C PMIC@50C GPU@33C AO@42.5C thermal@33.5C POM_5V_IN 2095/1973 POM_5V_GPU 41/36 POM_5V_CPU 205/194
[ts: 1636413765.815246] RAM 2529/3956MB (lfb 139x4MB) SWAP 238/1978MB (cached 12MB) IRAM 0/252kB(lfb 252kB) CPU [100%@307,off,off,off] EMC_FREQ 2%@1600 GR3D_FREQ 8%@76 APE 25 PLL@32C CPU@34C PMIC@50C GPU@33.5C AO@42.5C thermal@33.5C POM_5V_IN 2054/1974 POM_5V_GPU 82/37 POM_5V_CPU 205/194
[ts: 1636413766.341327] RAM 2561/3956MB (lfb 136x4MB) SWAP 238/1978MB (cached 12MB) IRAM 0/252kB(lfb 252kB) CPU [100%@307,off,off,off] EMC_FREQ 2%@1600 GR3D_FREQ 0%@76 APE 25 PLL@32C CPU@34C PMIC@50C GPU@33C AO@42C thermal@33.5C POM_5V_IN 2013/1974 POM_5V_GPU 41/37 POM_5V_CPU 246/195
[ts: 1636413766.866224] RAM 2561/3956MB (lfb 136x4MB) SWAP 238/1978MB (cached 12MB) IRAM 0/252kB(lfb 252kB) CPU [100%@307,off,off,off] EMC_FREQ 2%@1600 GR3D_FREQ 13%@76 APE 25 PLL@32C CPU@34C PMIC@50C GPU@33.5C AO@42.5C thermal@33.5C POM_5V_IN 2013/1974 POM_5V_GPU 82/37 POM_5V_CPU 205/195
[ts: 1636413767.392716] RAM 2570/3956MB (lfb 136x4MB) SWAP 238/1978MB (cached 12MB) IRAM 0/252kB(lfb 252kB) CPU [100%@307,off,off,off] EMC_FREQ 2%@1600 GR3D_FREQ 5%@76 APE 25 PLL@32C CPU@34C PMIC@50C GPU@33.5C AO@42C thermal@33.75C POM_5V_IN 2054/1975 POM_5V_GPU 82/37 POM_5V_CPU 205/195
[ts: 1636413767.922922] RAM 2591/3956MB (lfb 134x4MB) SWAP 238/1978MB (cached 12MB) IRAM 0/252kB(lfb 252kB) CPU [100%@307,off,off,off] EMC_FREQ 2%@1600 GR3D_FREQ 9%@76 APE 25 PLL@32C CPU@34C PMIC@50C GPU@33.5C AO@42C thermal@33.75C POM_5V_IN 2013/1975 POM_5V_GPU 82/38 POM_5V_CPU 205/195
[ts: 1636413768.448519] RAM 2629/3956MB (lfb 130x4MB) SWAP 238/1978MB (cached 12MB) IRAM 0/252kB(lfb 252kB) CPU [100%@307,off,off,off] EMC_FREQ 2%@1600 GR3D_FREQ 0%@76 APE 25 PLL@32.5C CPU@34C PMIC@50C GPU@33C AO@42C thermal@33.75C POM_5V_IN 2054/1976 POM_5V_GPU 41/38 POM_5V_CPU 246/196
[ts: 1636413768.974131] RAM 2636/3956MB (lfb 129x4MB) SWAP 238/1978MB (cached 12MB) IRAM 0/252kB(lfb 252kB) CPU [98%@307,off,off,off] EMC_FREQ 2%@1600 GR3D_FREQ 0%@76 APE 25 PLL@32C CPU@34C PMIC@50C GPU@33.5C AO@42C thermal@33.75C POM_5V_IN 2054/1977 POM_5V_GPU 82/38 POM_5V_CPU 205/196
[ts: 1636413769.497098] RAM 2654/3956MB (lfb 128x4MB) SWAP 238/1978MB (cached 12MB) IRAM 0/252kB(lfb 252kB) CPU [100%@307,off,off,off] EMC_FREQ 2%@1600 GR3D_FREQ 6%@76 APE 25 PLL@32C CPU@34C PMIC@50C GPU@33.5C AO@42C thermal@33.75C POM_5V_IN 2054/1977 POM_5V_GPU 82/39 POM_5V_CPU 205/196
[ts: 1636413770.027796] RAM 2688/3956MB (lfb 125x4MB) SWAP 238/1978MB (cached 12MB) IRAM 0/252kB(lfb 252kB) CPU [100%@307,off,off,off] EMC_FREQ 2%@1600 GR3D_FREQ 0%@76 APE 25 PLL@32C CPU@33.5C PMIC@50C GPU@33.5C AO@42C thermal@33.5C POM_5V_IN 2013/1978 POM_5V_GPU 41/39 POM_5V_CPU 205/196
[ts: 1636413770.552213] RAM 2700/3956MB (lfb 124x4MB) SWAP 238/1978MB (cached 12MB) IRAM 0/252kB(lfb 252kB) CPU [100%@307,off,off,off] EMC_FREQ 2%@1600 GR3D_FREQ 0%@76 APE 25 PLL@32C CPU@34C PMIC@50C GPU@33.5C AO@42C thermal@33.5C POM_5V_IN 2013/1978 POM_5V_GPU 41/39 POM_5V_CPU 205/196
[ts: 1636413771.079617] RAM 2746/3956MB (lfb 117x4MB) SWAP 238/1978MB (cached 12MB) IRAM 0/252kB(lfb 252kB) CPU [100%@307,off,off,off] EMC_FREQ 3%@1600 GR3D_FREQ 0%@76 APE 25 PLL@32C CPU@34C PMIC@50C GPU@33.5C AO@42C thermal@33.75C POM_5V_IN 2054/1979 POM_5V_GPU 41/39 POM_5V_CPU 205/196
[ts: 1636413771.604010] RAM 2767/3956MB (lfb 117x4MB) SWAP 238/1978MB (cached 12MB) IRAM 0/252kB(lfb 252kB) CPU [100%@307,off,off,off] EMC_FREQ 2%@1600 GR3D_FREQ 0%@76 APE 25 PLL@32C CPU@34C PMIC@50C GPU@33.5C AO@42.5C thermal@33.75C POM_5V_IN 2013/1979 POM_5V_GPU 41/39 POM_5V_CPU 246/196
[ts: 1636413772.134226] RAM 2773/3956MB (lfb 117x4MB) SWAP 238/1978MB (cached 12MB) IRAM 0/252kB(lfb 252kB) CPU [100%@307,off,off,off] EMC_FREQ 2%@1600 GR3D_FREQ 0%@76 APE 25 PLL@32C CPU@34C PMIC@50C GPU@33.5C AO@42C thermal@33.5C POM_5V_IN 2013/1979 POM_5V_GPU 41/39 POM_5V_CPU 205/197
[ts: 1636413772.657944] RAM 2810/3956MB (lfb 113x4MB) SWAP 238/1978MB (cached 12MB) IRAM 0/252kB(lfb 252kB) CPU [100%@307,off,off,off] EMC_FREQ 3%@1600 GR3D_FREQ 0%@76 APE 25 PLL@32C CPU@34C PMIC@50C GPU@33.5C AO@42C thermal@33.5C POM_5V_IN 2016/1980 POM_5V_GPU 41/39 POM_5V_CPU 205/197
[ts: 1636413773.180616] RAM 2810/3956MB (lfb 113x4MB) SWAP 238/1978MB (cached 12MB) IRAM 0/252kB(lfb 252kB) CPU [100%@307,off,off,off] EMC_FREQ 2%@1600 GR3D_FREQ 12%@76 APE 25 PLL@32C CPU@34C PMIC@50C GPU@33.5C AO@42C thermal@33.75C POM_5V_IN 2013/1980 POM_5V_GPU 82/39 POM_5V_CPU 205/197
[ts: 1636413773.707208] RAM 2828/3956MB (lfb 112x4MB) SWAP 238/1978MB (cached 12MB) IRAM 0/252kB(lfb 252kB) CPU [98%@307,off,off,off] EMC_FREQ 2%@1600 GR3D_FREQ 0%@76 APE 25 PLL@32C CPU@34C PMIC@50C GPU@33.5C AO@42.5C thermal@33.75C POM_5V_IN 2054/1980 POM_5V_GPU 41/39 POM_5V_CPU 205/197
[ts: 1636413774.233234] RAM 2878/3956MB (lfb 105x4MB) SWAP 238/1978MB (cached 12MB) IRAM 0/252kB(lfb 252kB) CPU [100%@307,off,off,off] EMC_FREQ 3%@1600 GR3D_FREQ 0%@76 APE 25 PLL@32C CPU@34C PMIC@50C GPU@33.5C AO@42C thermal@33.75C POM_5V_IN 2016/1981 POM_5V_GPU 41/39 POM_5V_CPU 205/197
[ts: 1636413774.763452] RAM 2889/3956MB (lfb 105x4MB) SWAP 238/1978MB (cached 12MB) IRAM 0/252kB(lfb 252kB) CPU [100%@307,off,off,off] EMC_FREQ 2%@1600 GR3D_FREQ 6%@76 APE 25 PLL@32C CPU@34C PMIC@50C GPU@33.5C AO@42C thermal@33.75C POM_5V_IN 2054/1981 POM_5V_GPU 82/40 POM_5V_CPU 205/197
[ts: 1636413775.288638] RAM 2889/3956MB (lfb 105x4MB) SWAP 238/1978MB (cached 12MB) IRAM 0/252kB(lfb 252kB) CPU [100%@307,off,off,off] EMC_FREQ 2%@1600 GR3D_FREQ 3%@76 APE 25 PLL@32C CPU@34C PMIC@50C GPU@33.5C AO@42C thermal@33.75C POM_5V_IN 2054/1982 POM_5V_GPU 82/40 POM_5V_CPU 205/197
[ts: 1636413775.817365] RAM 2909/3956MB (lfb 104x4MB) SWAP 238/1978MB (cached 12MB) IRAM 0/252kB(lfb 252kB) CPU [100%@307,off,off,off] EMC_FREQ 2%@1600 GR3D_FREQ 0%@76 APE 25 PLL@32C CPU@34C PMIC@50C GPU@33.5C AO@42C thermal@33.75C POM_5V_IN 2013/1982 POM_5V_GPU 41/40 POM_5V_CPU 205/197
[ts: 1636413776.339985] RAM 2921/3956MB (lfb 104x4MB) SWAP 238/1978MB (cached 12MB) IRAM 0/252kB(lfb 252kB) CPU [100%@307,off,off,off] EMC_FREQ 2%@1600 GR3D_FREQ 0%@76 APE 25 PLL@32C CPU@34C PMIC@50C GPU@33.5C AO@42C thermal@33.75C POM_5V_IN 2013/1982 POM_5V_GPU 41/40 POM_5V_CPU 246/197
[ts: 1636413776.864636] RAM 2932/3956MB (lfb 102x4MB) SWAP 238/1978MB (cached 12MB) IRAM 0/252kB(lfb 252kB) CPU [98%@307,off,off,off] EMC_FREQ 2%@1600 GR3D_FREQ 0%@76 APE 25 PLL@32C CPU@34C PMIC@50C GPU@33.5C AO@42C thermal@33.75C POM_5V_IN 1975/1982 POM_5V_GPU 41/40 POM_5V_CPU 205/197
[ts: 1636413777.388757] RAM 2932/3956MB (lfb 102x4MB) SWAP 238/1978MB (cached 12MB) IRAM 0/252kB(lfb 252kB) CPU [100%@307,off,off,off] EMC_FREQ 2%@1600 GR3D_FREQ 0%@76 APE 25 PLL@32C CPU@34C PMIC@50C GPU@34C AO@42C thermal@33.75C POM_5V_IN 2013/1983 POM_5V_GPU 41/40 POM_5V_CPU 205/197
[ts: 1636413777.917257] RAM 2932/3956MB (lfb 102x4MB) SWAP 238/1978MB (cached 12MB) IRAM 0/252kB(lfb 252kB) CPU [100%@307,off,off,off] EMC_FREQ 2%@1600 GR3D_FREQ 0%@76 APE 25 PLL@32C CPU@33.5C PMIC@50C GPU@34C AO@42C thermal@34C POM_5V_IN 1934/1982 POM_5V_GPU 0/40 POM_5V_CPU 205/198
[ts: 1636413778.442060] RAM 2932/3956MB (lfb 102x4MB) SWAP 238/1978MB (cached 12MB) IRAM 0/252kB(lfb 252kB) CPU [100%@307,off,off,off] EMC_FREQ 2%@1600 GR3D_FREQ 0%@76 APE 25 PLL@32C CPU@34C PMIC@50C GPU@34C AO@42C thermal@34C POM_5V_IN 1975/1982 POM_5V_GPU 0/39 POM_5V_CPU 246/198
[ts: 1636413778.966226] RAM 2932/3956MB (lfb 102x4MB) SWAP 238/1978MB (cached 12MB) IRAM 0/252kB(lfb 252kB) CPU [100%@307,off,off,off] EMC_FREQ 2%@1600 GR3D_FREQ 0%@76 APE 25 PLL@32C CPU@34C PMIC@50C GPU@34C AO@42C thermal@34C POM_5V_IN 1934/1982 POM_5V_GPU 0/39 POM_5V_CPU 205/198
[ts: 1636413779.489697] RAM 2932/3956MB (lfb 102x4MB) SWAP 238/1978MB (cached 12MB) IRAM 0/252kB(lfb 252kB) CPU [100%@307,off,off,off] EMC_FREQ 2%@1600 GR3D_FREQ 0%@76 APE 25 PLL@32C CPU@34C PMIC@50C GPU@34C AO@42C thermal@34C POM_5V_IN 1975/1982 POM_5V_GPU 0/39 POM_5V_CPU 246/198
[ts: 1636413780.025997] RAM 2932/3956MB (lfb 102x4MB) SWAP 238/1978MB (cached 12MB) IRAM 0/252kB(lfb 252kB) CPU [100%@307,off,off,off] EMC_FREQ 2%@1600 GR3D_FREQ 0%@76 APE 25 PLL@32C CPU@34C PMIC@50C GPU@34C AO@42C thermal@34C POM_5V_IN 1934/1981 POM_5V_GPU 0/38 POM_5V_CPU 205/198
[ts: 1636413780.550663] RAM 2932/3956MB (lfb 102x4MB) SWAP 238/1978MB (cached 12MB) IRAM 0/252kB(lfb 252kB) CPU [100%@307,off,off,off] EMC_FREQ 2%@1600 GR3D_FREQ 0%@76 APE 25 PLL@32C CPU@34C PMIC@50C GPU@33.5C AO@42C thermal@34C POM_5V_IN 2013/1982 POM_5V_GPU 41/38 POM_5V_CPU 205/198
[ts: 1636413781.076025] RAM 2932/3956MB (lfb 102x4MB) SWAP 238/1978MB (cached 12MB) IRAM 0/252kB(lfb 252kB) CPU [100%@307,off,off,off] EMC_FREQ 2%@1600 GR3D_FREQ 0%@76 APE 25 PLL@32C CPU@34C PMIC@50C GPU@34C AO@42.5C thermal@33.75C POM_5V_IN 1975/1981 POM_5V_GPU 41/38 POM_5V_CPU 205/198
[ts: 1636413781.608833] RAM 2932/3956MB (lfb 102x4MB) SWAP 238/1978MB (cached 12MB) IRAM 0/252kB(lfb 252kB) CPU [100%@307,off,off,off] EMC_FREQ 2%@1600 GR3D_FREQ 0%@76 APE 25 PLL@32C CPU@34.5C PMIC@50C GPU@34C AO@42C thermal@33.75C POM_5V_IN 1934/1981 POM_5V_GPU 0/38 POM_5V_CPU 205/198
[ts: 1636413782.136190] RAM 2932/3956MB (lfb 102x4MB) SWAP 238/1978MB (cached 12MB) IRAM 0/252kB(lfb 252kB) CPU [100%@307,off,off,off] EMC_FREQ 2%@1600 GR3D_FREQ 0%@76 APE 25 PLL@32C CPU@34C PMIC@50C GPU@34C AO@42C thermal@34C POM_5V_IN 1934/1981 POM_5V_GPU 0/38 POM_5V_CPU 205/199
[ts: 1636413782.659438] RAM 2932/3956MB (lfb 102x4MB) SWAP 238/1978MB (cached 12MB) IRAM 0/252kB(lfb 252kB) CPU [100%@307,off,off,off] EMC_FREQ 2%@1600 GR3D_FREQ 0%@76 APE 25 PLL@32C CPU@34C PMIC@50C GPU@34C AO@42C thermal@34C POM_5V_IN 1934/1980 POM_5V_GPU 0/38 POM_5V_CPU 205/199
[ts: 1636413783.185833] RAM 2932/3956MB (lfb 102x4MB) SWAP 238/1978MB (cached 12MB) IRAM 0/252kB(lfb 252kB) CPU [100%@307,off,off,off] EMC_FREQ 2%@1600 GR3D_FREQ 0%@76 APE 25 PLL@32C CPU@34C PMIC@50C GPU@34C AO@42C thermal@34.25C POM_5V_IN 1934/1980 POM_5V_GPU 0/37 POM_5V_CPU 205/199
[ts: 1636413783.710105] RAM 2932/3956MB (lfb 102x4MB) SWAP 238/1978MB (cached 12MB) IRAM 0/252kB(lfb 252kB) CPU [100%@307,off,off,off] EMC_FREQ 2%@1600 GR3D_FREQ 0%@76 APE 25 PLL@32C CPU@34C PMIC@50C GPU@34C AO@42C thermal@34.25C POM_5V_IN 1934/1980 POM_5V_GPU 0/37 POM_5V_CPU 205/199
[ts: 1636413784.234296] RAM 2932/3956MB (lfb 102x4MB) SWAP 238/1978MB (cached 12MB) IRAM 0/252kB(lfb 252kB) CPU [100%@307,off,off,off] EMC_FREQ 2%@1600 GR3D_FREQ 0%@76 APE 25 PLL@32C CPU@34C PMIC@50C GPU@34C AO@42C thermal@34C POM_5V_IN 1934/1979 POM_5V_GPU 0/37 POM_5V_CPU 205/199
[ts: 1636413784.759109] RAM 2932/3956MB (lfb 102x4MB) SWAP 238/1978MB (cached 12MB) IRAM 0/252kB(lfb 252kB) CPU [100%@307,off,off,off] EMC_FREQ 2%@1600 GR3D_FREQ 0%@76 APE 25 PLL@32C CPU@34C PMIC@50C GPU@34C AO@42C thermal@34C POM_5V_IN 1975/1979 POM_5V_GPU 0/36 POM_5V_CPU 205/199
[ts: 1636413785.284934] RAM 2932/3956MB (lfb 102x4MB) SWAP 238/1978MB (cached 12MB) IRAM 0/252kB(lfb 252kB) CPU [100%@307,off,off,off] EMC_FREQ 2%@1600 GR3D_FREQ 0%@76 APE 25 PLL@32C CPU@34C PMIC@50C GPU@34C AO@42C thermal@34C POM_5V_IN 1934/1979 POM_5V_GPU 0/36 POM_5V_CPU 205/199
[ts: 1636413785.809680] RAM 2932/3956MB (lfb 102x4MB) SWAP 238/1978MB (cached 12MB) IRAM 0/252kB(lfb 252kB) CPU [100%@307,off,off,off] EMC_FREQ 2%@1600 GR3D_FREQ 0%@76 APE 25 PLL@32C CPU@34C PMIC@50C GPU@34C AO@42C thermal@34C POM_5V_IN 1975/1979 POM_5V_GPU 0/36 POM_5V_CPU 205/199
[ts: 1636413786.334573] RAM 2932/3956MB (lfb 102x4MB) SWAP 238/1978MB (cached 12MB) IRAM 0/252kB(lfb 252kB) CPU [100%@307,off,off,off] EMC_FREQ 2%@1600 GR3D_FREQ 0%@76 APE 25 PLL@32C CPU@33.5C PMIC@50C GPU@34C AO@42C thermal@34C POM_5V_IN 1934/1979 POM_5V_GPU 0/36 POM_5V_CPU 205/199
[ts: 1636413786.862394] RAM 2932/3956MB (lfb 102x4MB) SWAP 238/1978MB (cached 12MB) IRAM 0/252kB(lfb 252kB) CPU [100%@307,off,off,off] EMC_FREQ 2%@1600 GR3D_FREQ 0%@76 APE 25 PLL@32C CPU@34C PMIC@50C GPU@34C AO@42C thermal@34C POM_5V_IN 2016/1979 POM_5V_GPU 0/35 POM_5V_CPU 205/199
[ts: 1636413787.386466] RAM 2932/3956MB (lfb 102x4MB) SWAP 238/1978MB (cached 12MB) IRAM 0/252kB(lfb 252kB) CPU [100%@307,off,off,off] EMC_FREQ 2%@1600 GR3D_FREQ 0%@76 APE 25 PLL@32C CPU@34C PMIC@50C GPU@34C AO@41.5C thermal@34C POM_5V_IN 1975/1979 POM_5V_GPU 0/35 POM_5V_CPU 205/199
[ts: 1636413787.911355] RAM 2929/3956MB (lfb 102x4MB) SWAP 238/1978MB (cached 12MB) IRAM 0/252kB(lfb 252kB) CPU [100%@307,off,off,off] EMC_FREQ 2%@1600 GR3D_FREQ 0%@76 APE 25 PLL@32C CPU@33.5C PMIC@50C GPU@34C AO@42C thermal@34C POM_5V_IN 1975/1979 POM_5V_GPU 0/35 POM_5V_CPU 205/199
[ts: 1636413788.444684] RAM 2269/3956MB (lfb 136x4MB) SWAP 238/1978MB (cached 12MB) IRAM 0/252kB(lfb 252kB) CPU [100%@307,off,off,off] EMC_FREQ 2%@1600 GR3D_FREQ 0%@76 APE 25 PLL@32C CPU@34C PMIC@50C GPU@34C AO@42C thermal@34C POM_5V_IN 1934/1979 POM_5V_GPU 0/35 POM_5V_CPU 205/199
[ts: 1636413788.972468] RAM 1644/3956MB (lfb 191x4MB) SWAP 238/1978MB (cached 12MB) IRAM 0/252kB(lfb 252kB) CPU [100%@307,off,off,off] EMC_FREQ 2%@1600 GR3D_FREQ 0%@76 APE 25 PLL@32C CPU@34C PMIC@50C GPU@33C AO@42C thermal@34C POM_5V_IN 2013/1979 POM_5V_GPU 41/35 POM_5V_CPU 205/199
[ts: 1636413789.491253] RAM 1456/3956MB (lfb 199x4MB) SWAP 238/1978MB (cached 12MB) IRAM 0/252kB(lfb 252kB) CPU [100%@307,off,off,off] EMC_FREQ 2%@1600 GR3D_FREQ 0%@76 APE 25 PLL@32C CPU@34C PMIC@50C GPU@33C AO@42C thermal@34C POM_5V_IN 2095/1980 POM_5V_GPU 41/35 POM_5V_CPU 205/199
[ts: 1636413790.008417] RAM 1456/3956MB (lfb 199x4MB) SWAP 238/1978MB (cached 12MB) IRAM 0/252kB(lfb 252kB) CPU [84%@307,off,off,off] EMC_FREQ 3%@1600 GR3D_FREQ 0%@76 APE 25 PLL@32C CPU@34C PMIC@50C GPU@33C AO@42C thermal@33.5C POM_5V_IN 1892/1979 POM_5V_GPU 41/35 POM_5V_CPU 164/199
[ts: 1636413790.524620] RAM 1456/3956MB (lfb 199x4MB) SWAP 238/1978MB (cached 12MB) IRAM 0/252kB(lfb 252kB) CPU [11%@307,off,off,off] EMC_FREQ 3%@1600 GR3D_FREQ 0%@76 APE 25 PLL@32C CPU@33.5C PMIC@50C GPU@34C AO@42C thermal@33.5C POM_5V_IN 1810/1978 POM_5V_GPU 0/35 POM_5V_CPU 123/198
[ts: 1636413791.041264] RAM 1456/3956MB (lfb 199x4MB) SWAP 238/1978MB (cached 12MB) IRAM 0/252kB(lfb 252kB) CPU [12%@307,off,off,off] EMC_FREQ 3%@1600 GR3D_FREQ 0%@76 APE 25 PLL@32C CPU@34C PMIC@50C GPU@34C AO@42C thermal@34C POM_5V_IN 1810/1977 POM_5V_GPU 0/34 POM_5V_CPU 123/198
