SOC family:tegra210  Machine:NVIDIA Jetson Nano Developer Kit
Online CPUs: 0
cpu0: Online=1 Governor=schedutil MinFreq=204000 MaxFreq=204000 CurrentFreq=204000 IdleStates: WFI=1 c7=1 
cpu1: Online=0 Governor=schedutil MinFreq=204000 MaxFreq=204000 CurrentFreq=204000 IdleStates: WFI=1 c7=1 
cpu2: Online=0 Governor=schedutil MinFreq=204000 MaxFreq=204000 CurrentFreq=204000 IdleStates: WFI=1 c7=1 
cpu3: Online=0 Governor=schedutil MinFreq=204000 MaxFreq=204000 CurrentFreq=204000 IdleStates: WFI=1 c7=1 
GPU MinFreq=76800000 MaxFreq=921600000 CurrentFreq=76800000
EMC MinFreq=204000000 MaxFreq=1600000000 CurrentFreq=1600000000 FreqOverride=0
Fan: PWM=0
NV Power Mode: MAXN
[ts: 1636412844.788705] RAM 1470/3956MB (lfb 192x4MB) SWAP 228/1978MB (cached 9MB) IRAM 0/252kB(lfb 252kB) CPU [100%@204,off,off,off] EMC_FREQ 2%@1600 GR3D_FREQ 8%@76 APE 25 PLL@31.5C CPU@33.5C PMIC@50C GPU@32.5C AO@41.5C thermal@33C POM_5V_IN 1975/1975 POM_5V_GPU 82/82 POM_5V_CPU 123/123
[ts: 1636412844.917322] RAM 1471/3956MB (lfb 192x4MB) SWAP 228/1978MB (cached 9MB) IRAM 0/252kB(lfb 252kB) CPU [84%@204,off,off,off] EMC_FREQ 2%@1600 GR3D_FREQ 0%@76 APE 25 PLL@31.5C CPU@33.5C PMIC@50C GPU@32.5C AO@41.5C thermal@33C POM_5V_IN 1934/1954 POM_5V_GPU 82/82 POM_5V_CPU 123/123
[ts: 1636412845.478301] RAM 1471/3956MB (lfb 192x4MB) SWAP 228/1978MB (cached 9MB) IRAM 0/252kB(lfb 252kB) CPU [28%@204,off,off,off] EMC_FREQ 2%@1600 GR3D_FREQ 0%@76 APE 25 PLL@31.5C CPU@33.5C PMIC@50C GPU@32.5C AO@41.5C thermal@33C POM_5V_IN 1934/1947 POM_5V_GPU 82/82 POM_5V_CPU 123/123
[ts: 1636412846.036860] RAM 1471/3956MB (lfb 192x4MB) SWAP 228/1978MB (cached 9MB) IRAM 0/252kB(lfb 252kB) CPU [16%@204,off,off,off] EMC_FREQ 2%@1600 GR3D_FREQ 0%@76 APE 25 PLL@31.5C CPU@33.5C PMIC@50C GPU@32.5C AO@41.5C thermal@33C POM_5V_IN 1892/1933 POM_5V_GPU 82/82 POM_5V_CPU 123/123
[ts: 1636412846.573161] RAM 1471/3956MB (lfb 192x4MB) SWAP 228/1978MB (cached 9MB) IRAM 0/252kB(lfb 252kB) CPU [15%@204,off,off,off] EMC_FREQ 2%@1600 GR3D_FREQ 0%@76 APE 25 PLL@31.5C CPU@33.5C PMIC@50C GPU@32.5C AO@41.5C thermal@33C POM_5V_IN 1892/1925 POM_5V_GPU 41/73 POM_5V_CPU 123/123
[ts: 1636412847.096668] RAM 1471/3956MB (lfb 192x4MB) SWAP 228/1978MB (cached 9MB) IRAM 0/252kB(lfb 252kB) CPU [10%@204,off,off,off] EMC_FREQ 2%@1600 GR3D_FREQ 0%@76 APE 25 PLL@31.5C CPU@33.5C PMIC@50C GPU@32.5C AO@41.5C thermal@33C POM_5V_IN 1851/1913 POM_5V_GPU 41/68 POM_5V_CPU 123/123
[ts: 1636412847.622317] RAM 1471/3956MB (lfb 192x4MB) SWAP 228/1978MB (cached 9MB) IRAM 0/252kB(lfb 252kB) CPU [12%@204,off,off,off] EMC_FREQ 2%@1600 GR3D_FREQ 0%@76 APE 25 PLL@31.5C CPU@33.5C PMIC@50C GPU@32.5C AO@41.5C thermal@33C POM_5V_IN 1851/1904 POM_5V_GPU 41/64 POM_5V_CPU 123/123
[ts: 1636412848.146214] RAM 1471/3956MB (lfb 192x4MB) SWAP 228/1978MB (cached 9MB) IRAM 0/252kB(lfb 252kB) CPU [12%@204,off,off,off] EMC_FREQ 2%@1600 GR3D_FREQ 0%@76 APE 25 PLL@31.5C CPU@33.5C PMIC@50C GPU@32.5C AO@41.5C thermal@33C POM_5V_IN 1851/1897 POM_5V_GPU 41/61 POM_5V_CPU 123/123
[ts: 1636412848.671029] RAM 1471/3956MB (lfb 192x4MB) SWAP 228/1978MB (cached 9MB) IRAM 0/252kB(lfb 252kB) CPU [15%@204,off,off,off] EMC_FREQ 2%@1600 GR3D_FREQ 0%@76 APE 25 PLL@31.5C CPU@33.5C PMIC@50C GPU@32.5C AO@41C thermal@33C POM_5V_IN 1851/1892 POM_5V_GPU 41/59 POM_5V_CPU 123/123
[ts: 1636412849.193773] RAM 1471/3956MB (lfb 192x4MB) SWAP 228/1978MB (cached 9MB) IRAM 0/252kB(lfb 252kB) CPU [12%@204,off,off,off] EMC_FREQ 2%@1600 GR3D_FREQ 0%@76 APE 25 PLL@31.5C CPU@33.5C PMIC@50C GPU@32.5C AO@41.5C thermal@33C POM_5V_IN 1892/1892 POM_5V_GPU 41/57 POM_5V_CPU 123/123
[ts: 1636412849.718422] RAM 1471/3956MB (lfb 192x4MB) SWAP 228/1978MB (cached 9MB) IRAM 0/252kB(lfb 252kB) CPU [12%@204,off,off,off] EMC_FREQ 2%@1600 GR3D_FREQ 0%@76 APE 25 PLL@31.5C CPU@33.5C PMIC@50C GPU@32.5C AO@41.5C thermal@33C POM_5V_IN 1892/1892 POM_5V_GPU 41/55 POM_5V_CPU 123/123
[ts: 1636412850.278914] RAM 1471/3956MB (lfb 192x4MB) SWAP 228/1978MB (cached 9MB) IRAM 0/252kB(lfb 252kB) CPU [13%@204,off,off,off] EMC_FREQ 2%@1600 GR3D_FREQ 0%@76 APE 25 PLL@31.5C CPU@33.5C PMIC@50C GPU@32.5C AO@41C thermal@33C POM_5V_IN 1851/1888 POM_5V_GPU 41/54 POM_5V_CPU 123/123
[ts: 1636412850.823473] RAM 1471/3956MB (lfb 192x4MB) SWAP 228/1978MB (cached 9MB) IRAM 0/252kB(lfb 252kB) CPU [11%@204,off,off,off] EMC_FREQ 2%@1600 GR3D_FREQ 0%@76 APE 25 PLL@31.5C CPU@33.5C PMIC@50C GPU@32.5C AO@41.5C thermal@33C POM_5V_IN 1892/1889 POM_5V_GPU 41/53 POM_5V_CPU 123/123
[ts: 1636412851.346770] RAM 1471/3956MB (lfb 192x4MB) SWAP 228/1978MB (cached 9MB) IRAM 0/252kB(lfb 252kB) CPU [12%@204,off,off,off] EMC_FREQ 2%@1600 GR3D_FREQ 0%@76 APE 25 PLL@31.5C CPU@33.5C PMIC@50C GPU@32.5C AO@41.5C thermal@33C POM_5V_IN 1892/1889 POM_5V_GPU 41/52 POM_5V_CPU 123/123
[ts: 1636412851.870532] RAM 1471/3956MB (lfb 192x4MB) SWAP 228/1978MB (cached 9MB) IRAM 0/252kB(lfb 252kB) CPU [10%@204,off,off,off] EMC_FREQ 2%@1600 GR3D_FREQ 0%@76 APE 25 PLL@31.5C CPU@33.5C PMIC@50C GPU@32.5C AO@41C thermal@33C POM_5V_IN 1851/1886 POM_5V_GPU 41/51 POM_5V_CPU 123/123
[ts: 1636412852.393947] RAM 1471/3956MB (lfb 192x4MB) SWAP 228/1978MB (cached 9MB) IRAM 0/252kB(lfb 252kB) CPU [10%@204,off,off,off] EMC_FREQ 2%@1600 GR3D_FREQ 0%@76 APE 25 PLL@31.5C CPU@33.5C PMIC@50C GPU@32.5C AO@41.5C thermal@33C POM_5V_IN 1851/1884 POM_5V_GPU 41/51 POM_5V_CPU 123/123
[ts: 1636412852.918242] RAM 1471/3956MB (lfb 192x4MB) SWAP 228/1978MB (cached 9MB) IRAM 0/252kB(lfb 252kB) CPU [6%@204,off,off,off] EMC_FREQ 2%@1600 GR3D_FREQ 0%@76 APE 25 PLL@31.5C CPU@33.5C PMIC@50C GPU@33.5C AO@41C thermal@33C POM_5V_IN 1851/1882 POM_5V_GPU 41/50 POM_5V_CPU 123/123
[ts: 1636412853.440644] RAM 1471/3956MB (lfb 192x4MB) SWAP 228/1978MB (cached 9MB) IRAM 0/252kB(lfb 252kB) CPU [8%@204,off,off,off] EMC_FREQ 2%@1600 GR3D_FREQ 0%@76 APE 25 PLL@31.5C CPU@33.5C PMIC@50C GPU@33.5C AO@41.5C thermal@33C POM_5V_IN 1810/1878 POM_5V_GPU 0/47 POM_5V_CPU 123/123
[ts: 1636412853.994041] RAM 1473/3956MB (lfb 192x4MB) SWAP 228/1978MB (cached 9MB) IRAM 0/252kB(lfb 252kB) CPU [52%@204,off,off,off] EMC_FREQ 2%@1600 GR3D_FREQ 0%@76 APE 25 PLL@31.5C CPU@33.5C PMIC@50C GPU@33.5C AO@41.5C thermal@33.5C POM_5V_IN 1892/1879 POM_5V_GPU 0/45 POM_5V_CPU 164/125
[ts: 1636412854.540206] RAM 1474/3956MB (lfb 192x4MB) SWAP 228/1978MB (cached 9MB) IRAM 0/252kB(lfb 252kB) CPU [100%@204,off,off,off] EMC_FREQ 2%@1600 GR3D_FREQ 0%@76 APE 25 PLL@31.5C CPU@33.5C PMIC@50C GPU@33.5C AO@41.5C thermal@33.5C POM_5V_IN 1892/1879 POM_5V_GPU 0/43 POM_5V_CPU 164/127
[ts: 1636412855.112076] RAM 1475/3956MB (lfb 192x4MB) SWAP 228/1978MB (cached 9MB) IRAM 0/252kB(lfb 252kB) CPU [100%@204,off,off,off] EMC_FREQ 2%@1600 GR3D_FREQ 5%@76 APE 25 PLL@31.5C CPU@33.5C PMIC@50C GPU@32.5C AO@41C thermal@33C POM_5V_IN 2013/1886 POM_5V_GPU 82/44 POM_5V_CPU 164/128
[ts: 1636412855.659277] RAM 1476/3956MB (lfb 192x4MB) SWAP 228/1978MB (cached 9MB) IRAM 0/252kB(lfb 252kB) CPU [100%@204,off,off,off] EMC_FREQ 2%@1600 GR3D_FREQ 0%@76 APE 25 PLL@31.5C CPU@33.5C PMIC@50C GPU@32.5C AO@41.5C thermal@33C POM_5V_IN 2013/1891 POM_5V_GPU 82/46 POM_5V_CPU 164/130
[ts: 1636412856.195174] RAM 1478/3956MB (lfb 192x4MB) SWAP 228/1978MB (cached 9MB) IRAM 0/252kB(lfb 252kB) CPU [98%@204,off,off,off] EMC_FREQ 2%@1600 GR3D_FREQ 0%@76 APE 25 PLL@31.5C CPU@33.5C PMIC@50C GPU@33.5C AO@41.5C thermal@33C POM_5V_IN 1934/1893 POM_5V_GPU 0/44 POM_5V_CPU 164/131
[ts: 1636412856.734585] RAM 1480/3956MB (lfb 192x4MB) SWAP 228/1978MB (cached 9MB) IRAM 0/252kB(lfb 252kB) CPU [98%@204,off,off,off] EMC_FREQ 2%@1600 GR3D_FREQ 0%@76 APE 25 PLL@31.5C CPU@33.5C PMIC@50C GPU@33.5C AO@41.5C thermal@33C POM_5V_IN 1892/1893 POM_5V_GPU 0/42 POM_5V_CPU 164/133
[ts: 1636412857.268348] RAM 1482/3956MB (lfb 192x4MB) SWAP 228/1978MB (cached 9MB) IRAM 0/252kB(lfb 252kB) CPU [96%@204,off,off,off] EMC_FREQ 2%@1600 GR3D_FREQ 0%@76 APE 25 PLL@31.5C CPU@33.5C PMIC@50C GPU@33.5C AO@41.5C thermal@33.5C POM_5V_IN 1892/1893 POM_5V_GPU 0/41 POM_5V_CPU 164/134
[ts: 1636412857.803293] RAM 1485/3956MB (lfb 192x4MB) SWAP 228/1978MB (cached 9MB) IRAM 0/252kB(lfb 252kB) CPU [96%@204,off,off,off] EMC_FREQ 2%@1600 GR3D_FREQ 0%@76 APE 25 PLL@31.5C CPU@33.5C PMIC@50C GPU@33.5C AO@41.5C thermal@33.5C POM_5V_IN 1892/1893 POM_5V_GPU 0/39 POM_5V_CPU 164/135
[ts: 1636412858.343568] RAM 1486/3956MB (lfb 192x4MB) SWAP 228/1978MB (cached 9MB) IRAM 0/252kB(lfb 252kB) CPU [100%@204,off,off,off] EMC_FREQ 2%@1600 GR3D_FREQ 0%@76 APE 25 PLL@32C CPU@33.5C PMIC@50C GPU@34C AO@41.5C thermal@33.5C POM_5V_IN 1851/1892 POM_5V_GPU 0/37 POM_5V_CPU 164/136
[ts: 1636412858.879475] RAM 1487/3956MB (lfb 192x4MB) SWAP 228/1978MB (cached 9MB) IRAM 0/252kB(lfb 252kB) CPU [98%@204,off,off,off] EMC_FREQ 2%@1600 GR3D_FREQ 0%@76 APE 25 PLL@31.5C CPU@33.5C PMIC@50C GPU@33.5C AO@42C thermal@33.5C POM_5V_IN 1892/1892 POM_5V_GPU 0/36 POM_5V_CPU 164/137
[ts: 1636412859.413113] RAM 1489/3956MB (lfb 192x4MB) SWAP 228/1978MB (cached 9MB) IRAM 0/252kB(lfb 252kB) CPU [98%@204,off,off,off] EMC_FREQ 2%@1600 GR3D_FREQ 0%@76 APE 25 PLL@31.5C CPU@33.5C PMIC@50C GPU@33.5C AO@41.5C thermal@33.5C POM_5V_IN 1892/1892 POM_5V_GPU 0/35 POM_5V_CPU 164/138
[ts: 1636412859.956117] RAM 1491/3956MB (lfb 192x4MB) SWAP 228/1978MB (cached 9MB) IRAM 0/252kB(lfb 252kB) CPU [96%@204,off,off,off] EMC_FREQ 2%@1600 GR3D_FREQ 0%@76 APE 25 PLL@31.5C CPU@33.5C PMIC@50C GPU@33.5C AO@41.5C thermal@33.5C POM_5V_IN 1892/1892 POM_5V_GPU 0/34 POM_5V_CPU 164/139
[ts: 1636412860.491017] RAM 1493/3956MB (lfb 192x4MB) SWAP 228/1978MB (cached 9MB) IRAM 0/252kB(lfb 252kB) CPU [100%@204,off,off,off] EMC_FREQ 2%@1600 GR3D_FREQ 0%@76 APE 25 PLL@32C CPU@33.5C PMIC@50C GPU@34C AO@41.5C thermal@33.5C POM_5V_IN 1892/1892 POM_5V_GPU 0/33 POM_5V_CPU 164/140
[ts: 1636412861.029684] RAM 1496/3956MB (lfb 192x4MB) SWAP 228/1978MB (cached 9MB) IRAM 0/252kB(lfb 252kB) CPU [96%@204,off,off,off] EMC_FREQ 2%@1600 GR3D_FREQ 0%@76 APE 25 PLL@31.5C CPU@33.5C PMIC@50C GPU@33.5C AO@42C thermal@33.5C POM_5V_IN 1892/1892 POM_5V_GPU 0/32 POM_5V_CPU 164/140
[ts: 1636412861.568420] RAM 1498/3956MB (lfb 192x4MB) SWAP 228/1978MB (cached 9MB) IRAM 0/252kB(lfb 252kB) CPU [100%@204,off,off,off] EMC_FREQ 2%@1600 GR3D_FREQ 0%@76 APE 25 PLL@31.5C CPU@33C PMIC@50C GPU@33.5C AO@41.5C thermal@33.5C POM_5V_IN 1851/1890 POM_5V_GPU 0/31 POM_5V_CPU 164/141
[ts: 1636412862.105706] RAM 1500/3956MB (lfb 192x4MB) SWAP 228/1978MB (cached 9MB) IRAM 0/252kB(lfb 252kB) CPU [98%@204,off,off,off] EMC_FREQ 2%@1600 GR3D_FREQ 0%@76 APE 25 PLL@31C CPU@33C PMIC@50C GPU@33C AO@41.5C thermal@33.5C POM_5V_IN 1934/1892 POM_5V_GPU 0/30 POM_5V_CPU 164/142
[ts: 1636412862.647929] RAM 1501/3956MB (lfb 192x4MB) SWAP 228/1978MB (cached 9MB) IRAM 0/252kB(lfb 252kB) CPU [100%@204,off,off,off] EMC_FREQ 2%@1600 GR3D_FREQ 0%@76 APE 25 PLL@31.5C CPU@33.5C PMIC@50C GPU@33.5C AO@42C thermal@33.25C POM_5V_IN 1851/1890 POM_5V_GPU 0/29 POM_5V_CPU 164/142
[ts: 1636412863.186240] RAM 1502/3956MB (lfb 192x4MB) SWAP 228/1978MB (cached 9MB) IRAM 0/252kB(lfb 252kB) CPU [98%@204,off,off,off] EMC_FREQ 2%@1600 GR3D_FREQ 0%@76 APE 25 PLL@31C CPU@33.5C PMIC@50C GPU@33C AO@41.5C thermal@33.25C POM_5V_IN 1892/1890 POM_5V_GPU 0/28 POM_5V_CPU 164/143
[ts: 1636412863.725875] RAM 1504/3956MB (lfb 192x4MB) SWAP 228/1978MB (cached 9MB) IRAM 0/252kB(lfb 252kB) CPU [96%@204,off,off,off] EMC_FREQ 2%@1600 GR3D_FREQ 0%@76 APE 25 PLL@31.5C CPU@33.5C PMIC@50C GPU@33.5C AO@41C thermal@33.5C POM_5V_IN 1892/1890 POM_5V_GPU 0/27 POM_5V_CPU 164/144
[ts: 1636412864.259153] RAM 1505/3956MB (lfb 192x4MB) SWAP 228/1978MB (cached 9MB) IRAM 0/252kB(lfb 252kB) CPU [98%@204,off,off,off] EMC_FREQ 2%@1600 GR3D_FREQ 0%@76 APE 25 PLL@31.5C CPU@33.5C PMIC@50C GPU@33.5C AO@41C thermal@33.5C POM_5V_IN 1851/1889 POM_5V_GPU 0/26 POM_5V_CPU 164/144
[ts: 1636412864.793419] RAM 1506/3956MB (lfb 192x4MB) SWAP 228/1978MB (cached 9MB) IRAM 0/252kB(lfb 252kB) CPU [98%@204,off,off,off] EMC_FREQ 2%@1600 GR3D_FREQ 0%@76 APE 25 PLL@31.5C CPU@33.5C PMIC@50C GPU@33.5C AO@41.5C thermal@33.5C POM_5V_IN 1851/1888 POM_5V_GPU 0/26 POM_5V_CPU 164/145
[ts: 1636412865.336001] RAM 1507/3956MB (lfb 192x4MB) SWAP 228/1978MB (cached 9MB) IRAM 0/252kB(lfb 252kB) CPU [100%@204,off,off,off] EMC_FREQ 2%@1600 GR3D_FREQ 0%@76 APE 25 PLL@31.5C CPU@33.5C PMIC@50C GPU@33.5C AO@41C thermal@33.5C POM_5V_IN 1851/1887 POM_5V_GPU 0/25 POM_5V_CPU 164/145
[ts: 1636412865.875600] RAM 1508/3956MB (lfb 192x4MB) SWAP 228/1978MB (cached 9MB) IRAM 0/252kB(lfb 252kB) CPU [100%@204,off,off,off] EMC_FREQ 2%@1600 GR3D_FREQ 0%@76 APE 25 PLL@31.5C CPU@33.5C PMIC@50C GPU@33.5C AO@41.5C thermal@33.5C POM_5V_IN 1851/1887 POM_5V_GPU 0/25 POM_5V_CPU 164/146
[ts: 1636412866.409459] RAM 1508/3956MB (lfb 192x4MB) SWAP 228/1978MB (cached 9MB) IRAM 0/252kB(lfb 252kB) CPU [100%@204,off,off,off] EMC_FREQ 2%@1600 GR3D_FREQ 0%@76 APE 25 PLL@31.5C CPU@33C PMIC@50C GPU@33.5C AO@41.5C thermal@33.5C POM_5V_IN 1892/1887 POM_5V_GPU 0/24 POM_5V_CPU 164/146
[ts: 1636412866.949192] RAM 1509/3956MB (lfb 192x4MB) SWAP 228/1978MB (cached 9MB) IRAM 0/252kB(lfb 252kB) CPU [94%@204,off,off,off] EMC_FREQ 2%@1600 GR3D_FREQ 0%@76 APE 25 PLL@31C CPU@33.5C PMIC@50C GPU@33C AO@42C thermal@33.5C POM_5V_IN 1892/1887 POM_5V_GPU 0/23 POM_5V_CPU 123/145
[ts: 1636412867.484295] RAM 1509/3956MB (lfb 192x4MB) SWAP 228/1978MB (cached 9MB) IRAM 0/252kB(lfb 252kB) CPU [98%@204,off,off,off] EMC_FREQ 2%@1600 GR3D_FREQ 0%@76 APE 25 PLL@31.5C CPU@33.5C PMIC@50C GPU@33.5C AO@41.5C thermal@33.5C POM_5V_IN 1851/1886 POM_5V_GPU 0/23 POM_5V_CPU 164/146
[ts: 1636412868.021459] RAM 1509/3956MB (lfb 192x4MB) SWAP 228/1978MB (cached 9MB) IRAM 0/252kB(lfb 252kB) CPU [100%@204,off,off,off] EMC_FREQ 2%@1600 GR3D_FREQ 0%@76 APE 25 PLL@31.5C CPU@33.5C PMIC@50C GPU@33.5C AO@42C thermal@33.5C POM_5V_IN 1851/1885 POM_5V_GPU 0/22 POM_5V_CPU 164/146
[ts: 1636412868.557318] RAM 1513/3956MB (lfb 192x4MB) SWAP 228/1978MB (cached 9MB) IRAM 0/252kB(lfb 252kB) CPU [96%@204,off,off,off] EMC_FREQ 2%@1600 GR3D_FREQ 0%@76 APE 25 PLL@31.5C CPU@33.5C PMIC@50C GPU@33.5C AO@41.5C thermal@33.5C POM_5V_IN 1851/1884 POM_5V_GPU 0/22 POM_5V_CPU 164/147
[ts: 1636412869.092565] RAM 1513/3956MB (lfb 192x4MB) SWAP 228/1978MB (cached 9MB) IRAM 0/252kB(lfb 252kB) CPU [100%@204,off,off,off] EMC_FREQ 2%@1600 GR3D_FREQ 0%@76 APE 25 PLL@31.5C CPU@33C PMIC@50C GPU@33.5C AO@41.5C thermal@33.5C POM_5V_IN 1851/1884 POM_5V_GPU 0/21 POM_5V_CPU 164/147
[ts: 1636412869.627457] RAM 1513/3956MB (lfb 192x4MB) SWAP 228/1978MB (cached 9MB) IRAM 0/252kB(lfb 252kB) CPU [100%@204,off,off,off] EMC_FREQ 2%@1600 GR3D_FREQ 0%@76 APE 25 PLL@31.5C CPU@33.5C PMIC@50C GPU@33.5C AO@41.5C thermal@33.25C POM_5V_IN 1851/1883 POM_5V_GPU 0/21 POM_5V_CPU 164/147
[ts: 1636412870.166318] RAM 1514/3956MB (lfb 192x4MB) SWAP 228/1978MB (cached 9MB) IRAM 0/252kB(lfb 252kB) CPU [100%@204,off,off,off] EMC_FREQ 2%@1600 GR3D_FREQ 0%@76 APE 25 PLL@31C CPU@33.5C PMIC@50C GPU@33C AO@41.5C thermal@33.25C POM_5V_IN 1851/1882 POM_5V_GPU 0/20 POM_5V_CPU 164/148
[ts: 1636412870.705479] RAM 1516/3956MB (lfb 192x4MB) SWAP 228/1978MB (cached 9MB) IRAM 0/252kB(lfb 252kB) CPU [100%@204,off,off,off] EMC_FREQ 2%@1600 GR3D_FREQ 0%@76 APE 25 PLL@31.5C CPU@33C PMIC@50C GPU@33.5C AO@41.5C thermal@33.25C POM_5V_IN 1851/1882 POM_5V_GPU 0/20 POM_5V_CPU 164/148
[ts: 1636412871.243835] RAM 1523/3956MB (lfb 192x4MB) SWAP 228/1978MB (cached 9MB) IRAM 0/252kB(lfb 252kB) CPU [100%@204,off,off,off] EMC_FREQ 2%@1600 GR3D_FREQ 0%@76 APE 25 PLL@31.5C CPU@33C PMIC@50C GPU@33.5C AO@41.5C thermal@33.25C POM_5V_IN 1851/1881 POM_5V_GPU 0/20 POM_5V_CPU 164/148
[ts: 1636412871.779821] RAM 1529/3956MB (lfb 192x4MB) SWAP 228/1978MB (cached 9MB) IRAM 0/252kB(lfb 252kB) CPU [100%@204,off,off,off] EMC_FREQ 2%@1600 GR3D_FREQ 0%@76 APE 25 PLL@31.5C CPU@33.5C PMIC@50C GPU@33.5C AO@41.5C thermal@33.25C POM_5V_IN 1851/1880 POM_5V_GPU 0/19 POM_5V_CPU 164/149
[ts: 1636412872.320399] RAM 1532/3956MB (lfb 192x4MB) SWAP 228/1978MB (cached 9MB) IRAM 0/252kB(lfb 252kB) CPU [100%@204,off,off,off] EMC_FREQ 2%@1600 GR3D_FREQ 0%@76 APE 25 PLL@31.5C CPU@33.5C PMIC@50C GPU@33.5C AO@41.5C thermal@33.25C POM_5V_IN 1851/1880 POM_5V_GPU 0/19 POM_5V_CPU 164/149
[ts: 1636412872.858016] RAM 1537/3956MB (lfb 192x4MB) SWAP 228/1978MB (cached 9MB) IRAM 0/252kB(lfb 252kB) CPU [100%@204,off,off,off] EMC_FREQ 2%@1600 GR3D_FREQ 0%@76 APE 25 PLL@31.5C CPU@33.5C PMIC@50C GPU@33.5C AO@42C thermal@33.25C POM_5V_IN 1851/1879 POM_5V_GPU 0/18 POM_5V_CPU 164/149
[ts: 1636412873.394108] RAM 1545/3956MB (lfb 192x4MB) SWAP 228/1978MB (cached 9MB) IRAM 0/252kB(lfb 252kB) CPU [100%@204,off,off,off] EMC_FREQ 2%@1600 GR3D_FREQ 0%@76 APE 25 PLL@31.5C CPU@33.5C PMIC@50C GPU@33.5C AO@41.5C thermal@33.25C POM_5V_IN 1851/1879 POM_5V_GPU 0/18 POM_5V_CPU 164/149
[ts: 1636412873.927239] RAM 1548/3956MB (lfb 192x4MB) SWAP 228/1978MB (cached 9MB) IRAM 0/252kB(lfb 252kB) CPU [100%@204,off,off,off] EMC_FREQ 2%@1600 GR3D_FREQ 0%@76 APE 25 PLL@31.5C CPU@33.5C PMIC@50C GPU@33.5C AO@41.5C thermal@33.25C POM_5V_IN 1892/1879 POM_5V_GPU 0/18 POM_5V_CPU 164/150
[ts: 1636412874.466618] RAM 1550/3956MB (lfb 192x4MB) SWAP 228/1978MB (cached 9MB) IRAM 0/252kB(lfb 252kB) CPU [98%@204,off,off,off] EMC_FREQ 2%@1600 GR3D_FREQ 0%@76 APE 25 PLL@31.5C CPU@33C PMIC@50C GPU@33.5C AO@41.5C thermal@33.25C POM_5V_IN 1892/1879 POM_5V_GPU 0/17 POM_5V_CPU 164/150
[ts: 1636412875.009366] RAM 1553/3956MB (lfb 192x4MB) SWAP 228/1978MB (cached 9MB) IRAM 0/252kB(lfb 252kB) CPU [98%@204,off,off,off] EMC_FREQ 2%@1600 GR3D_FREQ 0%@76 APE 25 PLL@31.5C CPU@33C PMIC@50C GPU@33.5C AO@41.5C thermal@33.25C POM_5V_IN 1851/1879 POM_5V_GPU 0/17 POM_5V_CPU 164/150
[ts: 1636412875.545439] RAM 1554/3956MB (lfb 192x4MB) SWAP 228/1978MB (cached 9MB) IRAM 0/252kB(lfb 252kB) CPU [100%@204,off,off,off] EMC_FREQ 2%@1600 GR3D_FREQ 0%@76 APE 25 PLL@31C CPU@33C PMIC@50C GPU@33C AO@41.5C thermal@33.25C POM_5V_IN 1851/1878 POM_5V_GPU 0/17 POM_5V_CPU 164/150
[ts: 1636412876.082526] RAM 1556/3956MB (lfb 192x4MB) SWAP 228/1978MB (cached 9MB) IRAM 0/252kB(lfb 252kB) CPU [100%@204,off,off,off] EMC_FREQ 2%@1600 GR3D_FREQ 0%@76 APE 25 PLL@31C CPU@33C PMIC@50C GPU@33C AO@42C thermal@33.25C POM_5V_IN 1851/1878 POM_5V_GPU 0/17 POM_5V_CPU 164/151
[ts: 1636412876.622130] RAM 1557/3956MB (lfb 192x4MB) SWAP 228/1978MB (cached 9MB) IRAM 0/252kB(lfb 252kB) CPU [100%@204,off,off,off] EMC_FREQ 2%@1600 GR3D_FREQ 0%@76 APE 25 PLL@31.5C CPU@33.5C PMIC@50C GPU@33.5C AO@41.5C thermal@33.25C POM_5V_IN 1851/1877 POM_5V_GPU 0/16 POM_5V_CPU 164/151
[ts: 1636412877.157467] RAM 1558/3956MB (lfb 192x4MB) SWAP 228/1978MB (cached 9MB) IRAM 0/252kB(lfb 252kB) CPU [100%@204,off,off,off] EMC_FREQ 2%@1600 GR3D_FREQ 0%@76 APE 25 PLL@31.5C CPU@33.5C PMIC@50C GPU@33.5C AO@41.5C thermal@33.5C POM_5V_IN 1851/1877 POM_5V_GPU 0/16 POM_5V_CPU 164/151
[ts: 1636412877.693470] RAM 1559/3956MB (lfb 192x4MB) SWAP 228/1978MB (cached 9MB) IRAM 0/252kB(lfb 252kB) CPU [100%@204,off,off,off] EMC_FREQ 2%@1600 GR3D_FREQ 0%@76 APE 25 PLL@31.5C CPU@33C PMIC@50C GPU@33.5C AO@41.5C thermal@33.5C POM_5V_IN 1851/1877 POM_5V_GPU 0/16 POM_5V_CPU 164/151
[ts: 1636412878.227437] RAM 1561/3956MB (lfb 192x4MB) SWAP 228/1978MB (cached 9MB) IRAM 0/252kB(lfb 252kB) CPU [100%@204,off,off,off] EMC_FREQ 2%@1600 GR3D_FREQ 0%@76 APE 25 PLL@31.5C CPU@33C PMIC@50C GPU@33.5C AO@41.5C thermal@33.5C POM_5V_IN 1851/1876 POM_5V_GPU 0/16 POM_5V_CPU 164/151
[ts: 1636412878.765428] RAM 1563/3956MB (lfb 192x4MB) SWAP 228/1978MB (cached 9MB) IRAM 0/252kB(lfb 252kB) CPU [100%@204,off,off,off] EMC_FREQ 2%@1600 GR3D_FREQ 0%@76 APE 25 PLL@31.5C CPU@33C PMIC@50C GPU@33.5C AO@41.5C thermal@33.5C POM_5V_IN 1975/1878 POM_5V_GPU 0/15 POM_5V_CPU 164/152
[ts: 1636412879.302393] RAM 1563/3956MB (lfb 192x4MB) SWAP 228/1978MB (cached 9MB) IRAM 0/252kB(lfb 252kB) CPU [100%@204,off,off,off] EMC_FREQ 2%@1600 GR3D_FREQ 0%@76 APE 25 PLL@31.5C CPU@33C PMIC@50C GPU@33.5C AO@41.5C thermal@33.25C POM_5V_IN 1892/1878 POM_5V_GPU 0/15 POM_5V_CPU 164/152
[ts: 1636412879.835972] RAM 1565/3956MB (lfb 192x4MB) SWAP 228/1978MB (cached 9MB) IRAM 0/252kB(lfb 252kB) CPU [100%@204,off,off,off] EMC_FREQ 2%@1600 GR3D_FREQ 0%@76 APE 25 PLL@31.5C CPU@33C PMIC@50C GPU@33.5C AO@41.5C thermal@33.25C POM_5V_IN 1851/1877 POM_5V_GPU 0/15 POM_5V_CPU 164/152
[ts: 1636412880.373471] RAM 1566/3956MB (lfb 192x4MB) SWAP 228/1978MB (cached 9MB) IRAM 0/252kB(lfb 252kB) CPU [100%@204,off,off,off] EMC_FREQ 2%@1600 GR3D_FREQ 0%@76 APE 25 PLL@31.5C CPU@33.5C PMIC@50C GPU@32.5C AO@42C thermal@33C POM_5V_IN 1972/1879 POM_5V_GPU 41/15 POM_5V_CPU 164/152
[ts: 1636412880.913465] RAM 1567/3956MB (lfb 192x4MB) SWAP 228/1978MB (cached 9MB) IRAM 0/252kB(lfb 252kB) CPU [98%@204,off,off,off] EMC_FREQ 2%@1600 GR3D_FREQ 0%@76 APE 25 PLL@31.5C CPU@33C PMIC@50C GPU@33.5C AO@41.5C thermal@33C POM_5V_IN 1934/1880 POM_5V_GPU 0/15 POM_5V_CPU 164/152
[ts: 1636412881.450663] RAM 1568/3956MB (lfb 192x4MB) SWAP 228/1978MB (cached 9MB) IRAM 0/252kB(lfb 252kB) CPU [100%@204,off,off,off] EMC_FREQ 2%@1600 GR3D_FREQ 0%@76 APE 25 PLL@31.5C CPU@33.5C PMIC@50C GPU@33.5C AO@41.5C thermal@33C POM_5V_IN 1851/1879 POM_5V_GPU 0/15 POM_5V_CPU 164/152
[ts: 1636412881.984790] RAM 1571/3956MB (lfb 192x4MB) SWAP 228/1978MB (cached 9MB) IRAM 0/252kB(lfb 252kB) CPU [100%@204,off,off,off] EMC_FREQ 2%@1600 GR3D_FREQ 0%@76 APE 25 PLL@31.5C CPU@33C PMIC@50C GPU@33.5C AO@42C thermal@33.5C POM_5V_IN 1851/1879 POM_5V_GPU 0/15 POM_5V_CPU 164/153
[ts: 1636412882.526013] RAM 1573/3956MB (lfb 192x4MB) SWAP 228/1978MB (cached 9MB) IRAM 0/252kB(lfb 252kB) CPU [100%@204,off,off,off] EMC_FREQ 2%@1600 GR3D_FREQ 0%@76 APE 25 PLL@31.5C CPU@33.5C PMIC@50C GPU@33.5C AO@41.5C thermal@33.5C POM_5V_IN 1892/1879 POM_5V_GPU 0/14 POM_5V_CPU 164/153
[ts: 1636412883.063214] RAM 1574/3956MB (lfb 192x4MB) SWAP 228/1978MB (cached 9MB) IRAM 0/252kB(lfb 252kB) CPU [100%@204,off,off,off] EMC_FREQ 2%@1600 GR3D_FREQ 0%@76 APE 25 PLL@31.5C CPU@33C PMIC@50C GPU@33.5C AO@41.5C thermal@33.5C POM_5V_IN 1851/1879 POM_5V_GPU 0/14 POM_5V_CPU 164/153
[ts: 1636412883.598491] RAM 1576/3956MB (lfb 192x4MB) SWAP 228/1978MB (cached 9MB) IRAM 0/252kB(lfb 252kB) CPU [100%@204,off,off,off] EMC_FREQ 2%@1600 GR3D_FREQ 0%@76 APE 25 PLL@31.5C CPU@33C PMIC@50C GPU@33.5C AO@42C thermal@33.5C POM_5V_IN 1851/1878 POM_5V_GPU 0/14 POM_5V_CPU 164/153
[ts: 1636412884.134608] RAM 1578/3956MB (lfb 192x4MB) SWAP 228/1978MB (cached 9MB) IRAM 0/252kB(lfb 252kB) CPU [100%@204,off,off,off] EMC_FREQ 2%@1600 GR3D_FREQ 0%@76 APE 25 PLL@31.5C CPU@33C PMIC@50C GPU@33.5C AO@41.5C thermal@33.25C POM_5V_IN 1851/1878 POM_5V_GPU 0/14 POM_5V_CPU 164/153
[ts: 1636412884.668204] RAM 1584/3956MB (lfb 192x4MB) SWAP 228/1978MB (cached 9MB) IRAM 0/252kB(lfb 252kB) CPU [100%@204,off,off,off] EMC_FREQ 2%@1600 GR3D_FREQ 0%@76 APE 25 PLL@31C CPU@33C PMIC@50C GPU@32.5C AO@41.5C thermal@33.25C POM_5V_IN 1934/1879 POM_5V_GPU 41/14 POM_5V_CPU 164/153
[ts: 1636412885.206258] RAM 1584/3956MB (lfb 192x4MB) SWAP 228/1978MB (cached 9MB) IRAM 0/252kB(lfb 252kB) CPU [100%@204,off,off,off] EMC_FREQ 2%@1600 GR3D_FREQ 0%@76 APE 25 PLL@31C CPU@33C PMIC@50C GPU@32.5C AO@42C thermal@32.75C POM_5V_IN 1892/1879 POM_5V_GPU 41/14 POM_5V_CPU 164/153
[ts: 1636412885.741420] RAM 1590/3956MB (lfb 192x4MB) SWAP 228/1978MB (cached 9MB) IRAM 0/252kB(lfb 252kB) CPU [100%@204,off,off,off] EMC_FREQ 2%@1600 GR3D_FREQ 0%@76 APE 25 PLL@31C CPU@33C PMIC@50C GPU@33C AO@41C thermal@32.75C POM_5V_IN 1851/1878 POM_5V_GPU 0/14 POM_5V_CPU 164/154
[ts: 1636412886.277411] RAM 1601/3956MB (lfb 192x4MB) SWAP 228/1978MB (cached 9MB) IRAM 0/252kB(lfb 252kB) CPU [100%@204,off,off,off] EMC_FREQ 2%@1600 GR3D_FREQ 0%@76 APE 25 PLL@31.5C CPU@33.5C PMIC@50C GPU@33.5C AO@42C thermal@33C POM_5V_IN 1851/1878 POM_5V_GPU 0/14 POM_5V_CPU 164/154
[ts: 1636412886.818378] RAM 1608/3956MB (lfb 192x4MB) SWAP 228/1978MB (cached 9MB) IRAM 0/252kB(lfb 252kB) CPU [100%@204,off,off,off] EMC_FREQ 2%@1600 GR3D_FREQ 0%@76 APE 25 PLL@31.5C CPU@33C PMIC@50C GPU@33.5C AO@41.5C thermal@33C POM_5V_IN 1851/1878 POM_5V_GPU 0/14 POM_5V_CPU 164/154
[ts: 1636412887.351797] RAM 1614/3956MB (lfb 192x4MB) SWAP 228/1978MB (cached 9MB) IRAM 0/252kB(lfb 252kB) CPU [100%@204,off,off,off] EMC_FREQ 2%@1600 GR3D_FREQ 0%@76 APE 25 PLL@31.5C CPU@33C PMIC@50C GPU@33.5C AO@41.5C thermal@33.25C POM_5V_IN 1851/1877 POM_5V_GPU 0/14 POM_5V_CPU 164/154
[ts: 1636412887.900591] RAM 1621/3956MB (lfb 192x4MB) SWAP 228/1978MB (cached 9MB) IRAM 0/252kB(lfb 252kB) CPU [100%@204,off,off,off] EMC_FREQ 2%@1600 GR3D_FREQ 5%@76 APE 25 PLL@31.5C CPU@33.5C PMIC@50C GPU@32.5C AO@42C thermal@33.25C POM_5V_IN 1975/1879 POM_5V_GPU 82/15 POM_5V_CPU 164/154
[ts: 1636412888.442169] RAM 1643/3956MB (lfb 192x4MB) SWAP 228/1978MB (cached 9MB) IRAM 0/252kB(lfb 252kB) CPU [100%@204,off,off,off] EMC_FREQ 2%@1600 GR3D_FREQ 0%@76 APE 25 PLL@31.5C CPU@33C PMIC@50C GPU@32.5C AO@41.5C thermal@33C POM_5V_IN 1975/1880 POM_5V_GPU 41/15 POM_5V_CPU 164/154
[ts: 1636412888.977728] RAM 1659/3956MB (lfb 192x4MB) SWAP 228/1978MB (cached 9MB) IRAM 0/252kB(lfb 252kB) CPU [100%@204,off,off,off] EMC_FREQ 2%@1600 GR3D_FREQ 0%@76 APE 25 PLL@31.5C CPU@33C PMIC@50C GPU@32.5C AO@42C thermal@33C POM_5V_IN 1975/1881 POM_5V_GPU 41/15 POM_5V_CPU 164/154
[ts: 1636412889.521388] RAM 1659/3956MB (lfb 192x4MB) SWAP 228/1978MB (cached 9MB) IRAM 0/252kB(lfb 252kB) CPU [100%@204,off,off,off] EMC_FREQ 2%@1600 GR3D_FREQ 3%@76 APE 25 PLL@31.5C CPU@33C PMIC@50C GPU@32.5C AO@41.5C thermal@33.25C POM_5V_IN 2013/1882 POM_5V_GPU 82/16 POM_5V_CPU 164/154
[ts: 1636412890.053793] RAM 1659/3956MB (lfb 192x4MB) SWAP 228/1978MB (cached 9MB) IRAM 0/252kB(lfb 252kB) CPU [100%@204,off,off,off] EMC_FREQ 2%@1600 GR3D_FREQ 0%@76 APE 25 PLL@31.5C CPU@33C PMIC@50C GPU@32.5C AO@41.5C thermal@33.25C POM_5V_IN 1975/1883 POM_5V_GPU 41/16 POM_5V_CPU 164/154
[ts: 1636412890.595115] RAM 1696/3956MB (lfb 192x4MB) SWAP 228/1978MB (cached 9MB) IRAM 0/252kB(lfb 252kB) CPU [100%@204,off,off,off] EMC_FREQ 2%@1600 GR3D_FREQ 0%@76 APE 25 PLL@31.5C CPU@33C PMIC@50C GPU@32.5C AO@41.5C thermal@33C POM_5V_IN 1975/1884 POM_5V_GPU 41/16 POM_5V_CPU 164/155
[ts: 1636412891.129836] RAM 1715/3956MB (lfb 192x4MB) SWAP 228/1978MB (cached 9MB) IRAM 0/252kB(lfb 252kB) CPU [100%@204,off,off,off] EMC_FREQ 2%@1600 GR3D_FREQ 0%@76 APE 25 PLL@31.5C CPU@33C PMIC@50C GPU@32.5C AO@41.5C thermal@33C POM_5V_IN 1934/1885 POM_5V_GPU 41/17 POM_5V_CPU 164/155
[ts: 1636412891.675468] RAM 1715/3956MB (lfb 192x4MB) SWAP 228/1978MB (cached 9MB) IRAM 0/252kB(lfb 252kB) CPU [88%@204,off,off,off] EMC_FREQ 2%@1600 GR3D_FREQ 32%@76 APE 25 PLL@31C CPU@33C PMIC@50C GPU@32.5C AO@41.5C thermal@32.75C POM_5V_IN 1975/1886 POM_5V_GPU 82/17 POM_5V_CPU 123/154
[ts: 1636412892.226644] RAM 1715/3956MB (lfb 192x4MB) SWAP 228/1978MB (cached 9MB) IRAM 0/252kB(lfb 252kB) CPU [80%@204,off,off,off] EMC_FREQ 2%@1600 GR3D_FREQ 32%@76 APE 25 PLL@31.5C CPU@33.5C PMIC@50C GPU@32.5C AO@41.5C thermal@32.75C POM_5V_IN 1975/1887 POM_5V_GPU 82/18 POM_5V_CPU 123/154
[ts: 1636412892.768153] RAM 1718/3956MB (lfb 192x4MB) SWAP 228/1978MB (cached 9MB) IRAM 0/252kB(lfb 252kB) CPU [98%@204,off,off,off] EMC_FREQ 2%@1600 GR3D_FREQ 0%@76 APE 25 PLL@31C CPU@33C PMIC@50C GPU@33C AO@41.5C thermal@32.75C POM_5V_IN 2054/1889 POM_5V_GPU 41/18 POM_5V_CPU 164/154
[ts: 1636412893.313077] RAM 1735/3956MB (lfb 192x4MB) SWAP 228/1978MB (cached 9MB) IRAM 0/252kB(lfb 252kB) CPU [100%@204,off,off,off] EMC_FREQ 2%@1600 GR3D_FREQ 1%@76 APE 25 PLL@31.5C CPU@33.5C PMIC@50C GPU@32.5C AO@41.5C thermal@32.75C POM_5V_IN 2013/1890 POM_5V_GPU 82/19 POM_5V_CPU 164/154
[ts: 1636412893.857816] RAM 1740/3956MB (lfb 192x4MB) SWAP 228/1978MB (cached 9MB) IRAM 0/252kB(lfb 252kB) CPU [100%@204,off,off,off] EMC_FREQ 2%@1600 GR3D_FREQ 3%@76 APE 25 PLL@31.5C CPU@33C PMIC@50C GPU@33C AO@41.5C thermal@33C POM_5V_IN 1975/1891 POM_5V_GPU 82/20 POM_5V_CPU 164/154
[ts: 1636412894.395065] RAM 1787/3956MB (lfb 192x4MB) SWAP 228/1978MB (cached 9MB) IRAM 0/252kB(lfb 252kB) CPU [100%@204,off,off,off] EMC_FREQ 2%@1600 GR3D_FREQ 0%@76 APE 25 PLL@31.5C CPU@33C PMIC@50C GPU@32.5C AO@41C thermal@33C POM_5V_IN 1975/1892 POM_5V_GPU 41/20 POM_5V_CPU 164/154
[ts: 1636412894.940349] RAM 1787/3956MB (lfb 192x4MB) SWAP 228/1978MB (cached 9MB) IRAM 0/252kB(lfb 252kB) CPU [100%@204,off,off,off] EMC_FREQ 2%@1600 GR3D_FREQ 3%@76 APE 25 PLL@32C CPU@33.5C PMIC@50C GPU@32.5C AO@41.5C thermal@32.75C POM_5V_IN 2013/1893 POM_5V_GPU 82/21 POM_5V_CPU 164/154
[ts: 1636412895.481456] RAM 1808/3956MB (lfb 192x4MB) SWAP 228/1978MB (cached 9MB) IRAM 0/252kB(lfb 252kB) CPU [100%@204,off,off,off] EMC_FREQ 2%@1600 GR3D_FREQ 0%@76 APE 25 PLL@31.5C CPU@33.5C PMIC@50C GPU@32.5C AO@41.5C thermal@32.75C POM_5V_IN 1975/1894 POM_5V_GPU 41/21 POM_5V_CPU 164/155
[ts: 1636412896.024043] RAM 1816/3956MB (lfb 192x4MB) SWAP 228/1978MB (cached 9MB) IRAM 0/252kB(lfb 252kB) CPU [100%@204,off,off,off] EMC_FREQ 2%@1600 GR3D_FREQ 4%@76 APE 25 PLL@31.5C CPU@33C PMIC@50C GPU@32.5C AO@41.5C thermal@32.75C POM_5V_IN 1975/1895 POM_5V_GPU 82/21 POM_5V_CPU 164/155
[ts: 1636412896.561869] RAM 1851/3956MB (lfb 188x4MB) SWAP 228/1978MB (cached 9MB) IRAM 0/252kB(lfb 252kB) CPU [100%@204,off,off,off] EMC_FREQ 2%@1600 GR3D_FREQ 0%@76 APE 25 PLL@32C CPU@33C PMIC@50C GPU@32.5C AO@42C thermal@32.75C POM_5V_IN 1975/1896 POM_5V_GPU 41/22 POM_5V_CPU 164/155
[ts: 1636412897.108884] RAM 1860/3956MB (lfb 188x4MB) SWAP 228/1978MB (cached 9MB) IRAM 0/252kB(lfb 252kB) CPU [100%@204,off,off,off] EMC_FREQ 2%@1600 GR3D_FREQ 4%@76 APE 25 PLL@31.5C CPU@33.5C PMIC@50C GPU@33C AO@41.5C thermal@32.75C POM_5V_IN 1975/1897 POM_5V_GPU 41/22 POM_5V_CPU 164/155
[ts: 1636412897.649468] RAM 1860/3956MB (lfb 188x4MB) SWAP 228/1978MB (cached 9MB) IRAM 0/252kB(lfb 252kB) CPU [100%@204,off,off,off] EMC_FREQ 2%@1600 GR3D_FREQ 8%@76 APE 25 PLL@31.5C CPU@33C PMIC@50C GPU@32.5C AO@41C thermal@33C POM_5V_IN 1975/1897 POM_5V_GPU 82/22 POM_5V_CPU 164/155
[ts: 1636412898.187007] RAM 1888/3956MB (lfb 181x4MB) SWAP 228/1978MB (cached 9MB) IRAM 0/252kB(lfb 252kB) CPU [100%@204,off,off,off] EMC_FREQ 2%@1600 GR3D_FREQ 0%@76 APE 25 PLL@31.5C CPU@33C PMIC@50C GPU@32.5C AO@41.5C thermal@33C POM_5V_IN 2054/1899 POM_5V_GPU 41/23 POM_5V_CPU 164/155
[ts: 1636412898.726239] RAM 1919/3956MB (lfb 180x4MB) SWAP 228/1978MB (cached 9MB) IRAM 0/252kB(lfb 252kB) CPU [100%@204,off,off,off] EMC_FREQ 2%@1600 GR3D_FREQ 0%@76 APE 25 PLL@31.5C CPU@33C PMIC@50C GPU@32.5C AO@42C thermal@33C POM_5V_IN 1975/1900 POM_5V_GPU 41/23 POM_5V_CPU 205/155
[ts: 1636412899.268840] RAM 1919/3956MB (lfb 180x4MB) SWAP 228/1978MB (cached 9MB) IRAM 0/252kB(lfb 252kB) CPU [100%@204,off,off,off] EMC_FREQ 2%@1600 GR3D_FREQ 2%@76 APE 25 PLL@31C CPU@33C PMIC@50C GPU@32.5C AO@42C thermal@33C POM_5V_IN 2013/1901 POM_5V_GPU 82/23 POM_5V_CPU 164/156
[ts: 1636412899.803594] RAM 1937/3956MB (lfb 177x4MB) SWAP 228/1978MB (cached 9MB) IRAM 0/252kB(lfb 252kB) CPU [100%@204,off,off,off] EMC_FREQ 2%@1600 GR3D_FREQ 0%@76 APE 25 PLL@31.5C CPU@33C PMIC@50C GPU@32.5C AO@41.5C thermal@33C POM_5V_IN 2013/1902 POM_5V_GPU 41/24 POM_5V_CPU 164/156
[ts: 1636412900.345851] RAM 1969/3956MB (lfb 177x4MB) SWAP 228/1978MB (cached 9MB) IRAM 0/252kB(lfb 252kB) CPU [100%@204,off,off,off] EMC_FREQ 2%@1600 GR3D_FREQ 0%@76 APE 25 PLL@31C CPU@33C PMIC@50C GPU@32.5C AO@41.5C thermal@33C POM_5V_IN 1934/1902 POM_5V_GPU 41/24 POM_5V_CPU 164/156
[ts: 1636412900.903349] RAM 1969/3956MB (lfb 177x4MB) SWAP 228/1978MB (cached 9MB) IRAM 0/252kB(lfb 252kB) CPU [100%@204,off,off,off] EMC_FREQ 2%@1600 GR3D_FREQ 3%@76 APE 25 PLL@31.5C CPU@33C PMIC@50C GPU@32.5C AO@41.5C thermal@32.75C POM_5V_IN 1975/1903 POM_5V_GPU 82/24 POM_5V_CPU 164/156
[ts: 1636412901.449958] RAM 1969/3956MB (lfb 177x4MB) SWAP 228/1978MB (cached 9MB) IRAM 0/252kB(lfb 252kB) CPU [100%@204,off,off,off] EMC_FREQ 2%@1600 GR3D_FREQ 5%@76 APE 25 PLL@31.5C CPU@33C PMIC@50C GPU@32.5C AO@42C thermal@32.75C POM_5V_IN 1975/1903 POM_5V_GPU 82/25 POM_5V_CPU 164/156
[ts: 1636412901.984686] RAM 1973/3956MB (lfb 177x4MB) SWAP 228/1978MB (cached 9MB) IRAM 0/252kB(lfb 252kB) CPU [100%@204,off,off,off] EMC_FREQ 2%@1600 GR3D_FREQ 0%@76 APE 25 PLL@31.5C CPU@33C PMIC@50C GPU@32.5C AO@41.5C thermal@32.75C POM_5V_IN 1975/1904 POM_5V_GPU 41/25 POM_5V_CPU 164/156
[ts: 1636412902.526145] RAM 1986/3956MB (lfb 175x4MB) SWAP 228/1978MB (cached 9MB) IRAM 0/252kB(lfb 252kB) CPU [98%@204,off,off,off] EMC_FREQ 2%@1600 GR3D_FREQ 0%@76 APE 25 PLL@31.5C CPU@33C PMIC@50C GPU@32.5C AO@41.5C thermal@32.75C POM_5V_IN 2013/1905 POM_5V_GPU 41/25 POM_5V_CPU 164/156
[ts: 1636412903.073770] RAM 1997/3956MB (lfb 175x4MB) SWAP 228/1978MB (cached 9MB) IRAM 0/252kB(lfb 252kB) CPU [100%@204,off,off,off] EMC_FREQ 2%@1600 GR3D_FREQ 4%@76 APE 25 PLL@31.5C CPU@33C PMIC@50C GPU@32.5C AO@41.5C thermal@33C POM_5V_IN 1975/1906 POM_5V_GPU 82/26 POM_5V_CPU 164/156
[ts: 1636412903.621415] RAM 2005/3956MB (lfb 174x4MB) SWAP 228/1978MB (cached 9MB) IRAM 0/252kB(lfb 252kB) CPU [100%@204,off,off,off] EMC_FREQ 2%@1600 GR3D_FREQ 0%@76 APE 25 PLL@31.5C CPU@33C PMIC@50C GPU@32.5C AO@41.5C thermal@33C POM_5V_IN 1975/1906 POM_5V_GPU 41/26 POM_5V_CPU 164/156
[ts: 1636412904.159297] RAM 2029/3956MB (lfb 169x4MB) SWAP 228/1978MB (cached 9MB) IRAM 0/252kB(lfb 252kB) CPU [100%@204,off,off,off] EMC_FREQ 2%@1600 GR3D_FREQ 0%@76 APE 25 PLL@31.5C CPU@33.5C PMIC@50C GPU@32.5C AO@41.5C thermal@33C POM_5V_IN 2054/1908 POM_5V_GPU 41/26 POM_5V_CPU 164/156
[ts: 1636412904.695351] RAM 2053/3956MB (lfb 169x4MB) SWAP 228/1978MB (cached 9MB) IRAM 0/252kB(lfb 252kB) CPU [100%@204,off,off,off] EMC_FREQ 2%@1600 GR3D_FREQ 0%@76 APE 25 PLL@31.5C CPU@33.5C PMIC@50C GPU@32.5C AO@41.5C thermal@33C POM_5V_IN 1934/1908 POM_5V_GPU 41/26 POM_5V_CPU 164/156
[ts: 1636412905.245734] RAM 2053/3956MB (lfb 169x4MB) SWAP 228/1978MB (cached 9MB) IRAM 0/252kB(lfb 252kB) CPU [100%@204,off,off,off] EMC_FREQ 2%@1600 GR3D_FREQ 15%@76 APE 25 PLL@31.5C CPU@33.5C PMIC@50C GPU@32.5C AO@42C thermal@33C POM_5V_IN 2013/1909 POM_5V_GPU 82/26 POM_5V_CPU 164/156
[ts: 1636412905.791601] RAM 2058/3956MB (lfb 169x4MB) SWAP 228/1978MB (cached 9MB) IRAM 0/252kB(lfb 252kB) CPU [98%@204,off,off,off] EMC_FREQ 2%@1600 GR3D_FREQ 8%@76 APE 25 PLL@31.5C CPU@33C PMIC@50C GPU@32.5C AO@41.5C thermal@33C POM_5V_IN 1975/1909 POM_5V_GPU 82/27 POM_5V_CPU 164/156
[ts: 1636412906.327372] RAM 2075/3956MB (lfb 168x4MB) SWAP 228/1978MB (cached 9MB) IRAM 0/252kB(lfb 252kB) CPU [100%@204,off,off,off] EMC_FREQ 2%@1600 GR3D_FREQ 0%@76 APE 25 PLL@31.5C CPU@33C PMIC@50C GPU@32.5C AO@41.5C thermal@32.75C POM_5V_IN 1934/1910 POM_5V_GPU 41/27 POM_5V_CPU 164/156
[ts: 1636412906.863504] RAM 2105/3956MB (lfb 162x4MB) SWAP 228/1978MB (cached 9MB) IRAM 0/252kB(lfb 252kB) CPU [100%@204,off,off,off] EMC_FREQ 2%@1600 GR3D_FREQ 1%@76 APE 25 PLL@31.5C CPU@33.5C PMIC@50C GPU@32.5C AO@41.5C thermal@32.75C POM_5V_IN 1975/1910 POM_5V_GPU 41/27 POM_5V_CPU 164/156
[ts: 1636412907.398774] RAM 2131/3956MB (lfb 162x4MB) SWAP 228/1978MB (cached 9MB) IRAM 0/252kB(lfb 252kB) CPU [100%@204,off,off,off] EMC_FREQ 2%@1600 GR3D_FREQ 0%@76 APE 25 PLL@31.5C CPU@33.5C PMIC@50C GPU@32.5C AO@41.5C thermal@32.5C POM_5V_IN 1975/1911 POM_5V_GPU 41/27 POM_5V_CPU 164/157
[ts: 1636412907.945213] RAM 2131/3956MB (lfb 162x4MB) SWAP 228/1978MB (cached 9MB) IRAM 0/252kB(lfb 252kB) CPU [100%@204,off,off,off] EMC_FREQ 2%@1600 GR3D_FREQ 4%@76 APE 25 PLL@31.5C CPU@33C PMIC@50C GPU@32.5C AO@42C thermal@32.5C POM_5V_IN 1975/1911 POM_5V_GPU 82/28 POM_5V_CPU 164/157
[ts: 1636412908.481360] RAM 2131/3956MB (lfb 162x4MB) SWAP 228/1978MB (cached 9MB) IRAM 0/252kB(lfb 252kB) CPU [100%@204,off,off,off] EMC_FREQ 2%@1600 GR3D_FREQ 0%@76 APE 25 PLL@31.5C CPU@33C PMIC@50C GPU@32.5C AO@41.5C thermal@33C POM_5V_IN 1892/1911 POM_5V_GPU 41/28 POM_5V_CPU 164/157
[ts: 1636412909.024839] RAM 2134/3956MB (lfb 162x4MB) SWAP 228/1978MB (cached 9MB) IRAM 0/252kB(lfb 252kB) CPU [100%@204,off,off,off] EMC_FREQ 2%@1600 GR3D_FREQ 4%@76 APE 25 PLL@31.5C CPU@33C PMIC@50C GPU@32.5C AO@42C thermal@33C POM_5V_IN 1975/1912 POM_5V_GPU 82/28 POM_5V_CPU 164/157
[ts: 1636412909.564170] RAM 2160/3956MB (lfb 159x4MB) SWAP 228/1978MB (cached 9MB) IRAM 0/252kB(lfb 252kB) CPU [100%@204,off,off,off] EMC_FREQ 2%@1600 GR3D_FREQ 0%@76 APE 25 PLL@31.5C CPU@33.5C PMIC@50C GPU@32.5C AO@41.5C thermal@32.75C POM_5V_IN 1934/1912 POM_5V_GPU 41/28 POM_5V_CPU 164/157
[ts: 1636412910.100625] RAM 2164/3956MB (lfb 158x4MB) SWAP 228/1978MB (cached 9MB) IRAM 0/252kB(lfb 252kB) CPU [100%@204,off,off,off] EMC_FREQ 2%@1600 GR3D_FREQ 0%@76 APE 25 PLL@31.5C CPU@33.5C PMIC@50C GPU@32.5C AO@42C thermal@32.75C POM_5V_IN 1934/1912 POM_5V_GPU 41/29 POM_5V_CPU 164/157
[ts: 1636412910.636440] RAM 2203/3956MB (lfb 154x4MB) SWAP 228/1978MB (cached 9MB) IRAM 0/252kB(lfb 252kB) CPU [100%@204,off,off,off] EMC_FREQ 2%@1600 GR3D_FREQ 0%@76 APE 25 PLL@31.5C CPU@33C PMIC@50C GPU@32.5C AO@41.5C thermal@32.75C POM_5V_IN 1934/1912 POM_5V_GPU 41/29 POM_5V_CPU 164/157
[ts: 1636412911.186838] RAM 2203/3956MB (lfb 154x4MB) SWAP 228/1978MB (cached 9MB) IRAM 0/252kB(lfb 252kB) CPU [100%@204,off,off,off] EMC_FREQ 2%@1600 GR3D_FREQ 4%@76 APE 25 PLL@31.5C CPU@33C PMIC@50C GPU@32.5C AO@41.5C thermal@32.75C POM_5V_IN 1975/1913 POM_5V_GPU 82/29 POM_5V_CPU 164/157
[ts: 1636412911.723484] RAM 2212/3956MB (lfb 152x4MB) SWAP 228/1978MB (cached 9MB) IRAM 0/252kB(lfb 252kB) CPU [100%@204,off,off,off] EMC_FREQ 2%@1600 GR3D_FREQ 0%@76 APE 25 PLL@31.5C CPU@33C PMIC@50C GPU@32.5C AO@41.5C thermal@32.75C POM_5V_IN 2016/1913 POM_5V_GPU 41/29 POM_5V_CPU 164/157
[ts: 1636412912.262560] RAM 2228/3956MB (lfb 152x4MB) SWAP 228/1978MB (cached 9MB) IRAM 0/252kB(lfb 252kB) CPU [100%@204,off,off,off] EMC_FREQ 2%@1600 GR3D_FREQ 0%@76 APE 25 PLL@31.5C CPU@33C PMIC@50C GPU@33C AO@41.5C thermal@32.75C POM_5V_IN 1975/1914 POM_5V_GPU 41/29 POM_5V_CPU 164/157
[ts: 1636412912.808940] RAM 2228/3956MB (lfb 152x4MB) SWAP 228/1978MB (cached 9MB) IRAM 0/252kB(lfb 252kB) CPU [100%@204,off,off,off] EMC_FREQ 2%@1600 GR3D_FREQ 4%@76 APE 25 PLL@31.5C CPU@33C PMIC@50C GPU@32.5C AO@42C thermal@32.75C POM_5V_IN 1975/1914 POM_5V_GPU 82/30 POM_5V_CPU 164/157
[ts: 1636412913.343651] RAM 2228/3956MB (lfb 152x4MB) SWAP 228/1978MB (cached 9MB) IRAM 0/252kB(lfb 252kB) CPU [100%@204,off,off,off] EMC_FREQ 2%@1600 GR3D_FREQ 0%@76 APE 25 PLL@31C CPU@33C PMIC@50C GPU@32.5C AO@41.5C thermal@32.75C POM_5V_IN 1892/1914 POM_5V_GPU 41/30 POM_5V_CPU 123/157
[ts: 1636412913.882717] RAM 2233/3956MB (lfb 152x4MB) SWAP 228/1978MB (cached 9MB) IRAM 0/252kB(lfb 252kB) CPU [100%@204,off,off,off] EMC_FREQ 2%@1600 GR3D_FREQ 7%@76 APE 25 PLL@31.5C CPU@33.5C PMIC@50C GPU@32.5C AO@42C thermal@32.75C POM_5V_IN 1975/1915 POM_5V_GPU 82/30 POM_5V_CPU 164/157
[ts: 1636412914.421101] RAM 2250/3956MB (lfb 150x4MB) SWAP 228/1978MB (cached 9MB) IRAM 0/252kB(lfb 252kB) CPU [100%@204,off,off,off] EMC_FREQ 2%@1600 GR3D_FREQ 0%@76 APE 25 PLL@31.5C CPU@33.5C PMIC@50C GPU@32.5C AO@41.5C thermal@32.75C POM_5V_IN 1972/1915 POM_5V_GPU 41/30 POM_5V_CPU 164/157
[ts: 1636412914.961958] RAM 2283/3956MB (lfb 147x4MB) SWAP 228/1978MB (cached 9MB) IRAM 0/252kB(lfb 252kB) CPU [100%@204,off,off,off] EMC_FREQ 2%@1600 GR3D_FREQ 0%@76 APE 25 PLL@31C CPU@33C PMIC@50C GPU@32C AO@41.5C thermal@32.75C POM_5V_IN 1934/1915 POM_5V_GPU 41/30 POM_5V_CPU 164/157
[ts: 1636412915.503283] RAM 2283/3956MB (lfb 147x4MB) SWAP 228/1978MB (cached 9MB) IRAM 0/252kB(lfb 252kB) CPU [100%@204,off,off,off] EMC_FREQ 2%@1600 GR3D_FREQ 4%@76 APE 25 PLL@31.5C CPU@33.5C PMIC@50C GPU@32.5C AO@41.5C thermal@33C POM_5V_IN 1975/1916 POM_5V_GPU 82/31 POM_5V_CPU 164/157
[ts: 1636412916.042002] RAM 2283/3956MB (lfb 147x4MB) SWAP 228/1978MB (cached 9MB) IRAM 0/252kB(lfb 252kB) CPU [100%@204,off,off,off] EMC_FREQ 2%@1600 GR3D_FREQ 0%@76 APE 25 PLL@31.5C CPU@33.5C PMIC@50C GPU@32.5C AO@41.5C thermal@33C POM_5V_IN 1975/1916 POM_5V_GPU 41/31 POM_5V_CPU 164/157
[ts: 1636412916.592558] RAM 2297/3956MB (lfb 147x4MB) SWAP 228/1978MB (cached 9MB) IRAM 0/252kB(lfb 252kB) CPU [100%@204,off,off,off] EMC_FREQ 2%@1600 GR3D_FREQ 0%@76 APE 25 PLL@31.5C CPU@33.5C PMIC@50C GPU@32.5C AO@41.5C thermal@33C POM_5V_IN 1934/1916 POM_5V_GPU 41/31 POM_5V_CPU 164/157
[ts: 1636412917.141150] RAM 2297/3956MB (lfb 147x4MB) SWAP 228/1978MB (cached 9MB) IRAM 0/252kB(lfb 252kB) CPU [100%@204,off,off,off] EMC_FREQ 2%@1600 GR3D_FREQ 4%@76 APE 25 PLL@31.5C CPU@33.5C PMIC@50C GPU@32.5C AO@42C thermal@33C POM_5V_IN 1975/1917 POM_5V_GPU 82/31 POM_5V_CPU 123/157
[ts: 1636412917.678092] RAM 2297/3956MB (lfb 147x4MB) SWAP 228/1978MB (cached 9MB) IRAM 0/252kB(lfb 252kB) CPU [100%@204,off,off,off] EMC_FREQ 2%@1600 GR3D_FREQ 0%@76 APE 25 PLL@31.5C CPU@33C PMIC@50C GPU@32.5C AO@41.5C thermal@33C POM_5V_IN 1892/1917 POM_5V_GPU 41/31 POM_5V_CPU 164/157
[ts: 1636412918.211800] RAM 2310/3956MB (lfb 146x4MB) SWAP 228/1978MB (cached 9MB) IRAM 0/252kB(lfb 252kB) CPU [98%@204,off,off,off] EMC_FREQ 2%@1600 GR3D_FREQ 7%@76 APE 25 PLL@31.5C CPU@33C PMIC@50C GPU@32.5C AO@41.5C thermal@33C POM_5V_IN 1975/1917 POM_5V_GPU 82/32 POM_5V_CPU 164/157
[ts: 1636412918.754331] RAM 2329/3956MB (lfb 145x4MB) SWAP 228/1978MB (cached 9MB) IRAM 0/252kB(lfb 252kB) CPU [100%@204,off,off,off] EMC_FREQ 2%@1600 GR3D_FREQ 0%@76 APE 25 PLL@31.5C CPU@33C PMIC@50C GPU@32.5C AO@41C thermal@33C POM_5V_IN 1975/1917 POM_5V_GPU 41/32 POM_5V_CPU 164/157
[ts: 1636412919.293977] RAM 2348/3956MB (lfb 143x4MB) SWAP 228/1978MB (cached 9MB) IRAM 0/252kB(lfb 252kB) CPU [100%@204,off,off,off] EMC_FREQ 2%@1600 GR3D_FREQ 0%@76 APE 25 PLL@31.5C CPU@33.5C PMIC@50C GPU@32.5C AO@41.5C thermal@33C POM_5V_IN 1975/1918 POM_5V_GPU 41/32 POM_5V_CPU 164/157
[ts: 1636412919.831411] RAM 2358/3956MB (lfb 143x4MB) SWAP 228/1978MB (cached 9MB) IRAM 0/252kB(lfb 252kB) CPU [100%@204,off,off,off] EMC_FREQ 2%@1600 GR3D_FREQ 0%@76 APE 25 PLL@31.5C CPU@33.5C PMIC@50C GPU@32C AO@41.5C thermal@33C POM_5V_IN 1934/1918 POM_5V_GPU 41/32 POM_5V_CPU 164/157
[ts: 1636412920.370151] RAM 2375/3956MB (lfb 142x4MB) SWAP 228/1978MB (cached 9MB) IRAM 0/252kB(lfb 252kB) CPU [100%@204,off,off,off] EMC_FREQ 2%@1600 GR3D_FREQ 0%@76 APE 25 PLL@31.5C CPU@33C PMIC@50C GPU@32.5C AO@42C thermal@33C POM_5V_IN 1975/1918 POM_5V_GPU 41/32 POM_5V_CPU 164/157
[ts: 1636412920.907736] RAM 2377/3956MB (lfb 142x4MB) SWAP 228/1978MB (cached 9MB) IRAM 0/252kB(lfb 252kB) CPU [100%@204,off,off,off] EMC_FREQ 2%@1600 GR3D_FREQ 12%@76 APE 25 PLL@31.5C CPU@33C PMIC@50C GPU@32.5C AO@41.5C thermal@33C POM_5V_IN 1975/1919 POM_5V_GPU 82/32 POM_5V_CPU 164/157
[ts: 1636412921.453042] RAM 2393/3956MB (lfb 141x4MB) SWAP 228/1978MB (cached 9MB) IRAM 0/252kB(lfb 252kB) CPU [100%@204,off,off,off] EMC_FREQ 2%@1600 GR3D_FREQ 4%@76 APE 25 PLL@31.5C CPU@33.5C PMIC@50C GPU@32C AO@41.5C thermal@33C POM_5V_IN 1975/1919 POM_5V_GPU 82/33 POM_5V_CPU 164/157
[ts: 1636412921.994086] RAM 2410/3956MB (lfb 140x4MB) SWAP 228/1978MB (cached 9MB) IRAM 0/252kB(lfb 252kB) CPU [100%@204,off,off,off] EMC_FREQ 2%@1600 GR3D_FREQ 0%@76 APE 25 PLL@31.5C CPU@33.5C PMIC@50C GPU@32.5C AO@41.5C thermal@33C POM_5V_IN 1975/1919 POM_5V_GPU 41/33 POM_5V_CPU 164/157
[ts: 1636412922.533984] RAM 2416/3956MB (lfb 140x4MB) SWAP 228/1978MB (cached 9MB) IRAM 0/252kB(lfb 252kB) CPU [100%@204,off,off,off] EMC_FREQ 2%@1600 GR3D_FREQ 4%@76 APE 25 PLL@31.5C CPU@33.5C PMIC@50C GPU@32.5C AO@41.5C thermal@33C POM_5V_IN 1975/1920 POM_5V_GPU 82/33 POM_5V_CPU 164/157
[ts: 1636412923.082775] RAM 2440/3956MB (lfb 138x4MB) SWAP 228/1978MB (cached 9MB) IRAM 0/252kB(lfb 252kB) CPU [100%@204,off,off,off] EMC_FREQ 2%@1600 GR3D_FREQ 6%@76 APE 25 PLL@31.5C CPU@33.5C PMIC@50C GPU@32.5C AO@41.5C thermal@32.75C POM_5V_IN 1975/1920 POM_5V_GPU 82/33 POM_5V_CPU 164/157
[ts: 1636412923.630961] RAM 2442/3956MB (lfb 138x4MB) SWAP 228/1978MB (cached 9MB) IRAM 0/252kB(lfb 252kB) CPU [100%@204,off,off,off] EMC_FREQ 2%@1600 GR3D_FREQ 5%@76 APE 25 PLL@32C CPU@33.5C PMIC@50C GPU@32.5C AO@41.5C thermal@32.75C POM_5V_IN 1975/1921 POM_5V_GPU 82/34 POM_5V_CPU 164/157
[ts: 1636412924.166923] RAM 2481/3956MB (lfb 134x4MB) SWAP 228/1978MB (cached 9MB) IRAM 0/252kB(lfb 252kB) CPU [100%@204,off,off,off] EMC_FREQ 2%@1600 GR3D_FREQ 0%@76 APE 25 PLL@31.5C CPU@33.5C PMIC@50C GPU@32.5C AO@42C thermal@33C POM_5V_IN 1934/1921 POM_5V_GPU 41/34 POM_5V_CPU 164/157
[ts: 1636412924.704252] RAM 2481/3956MB (lfb 134x4MB) SWAP 228/1978MB (cached 9MB) IRAM 0/252kB(lfb 252kB) CPU [100%@204,off,off,off] EMC_FREQ 2%@1600 GR3D_FREQ 6%@76 APE 25 PLL@31.5C CPU@33.5C PMIC@50C GPU@32.5C AO@41.5C thermal@33C POM_5V_IN 1975/1921 POM_5V_GPU 82/34 POM_5V_CPU 164/157
[ts: 1636412925.255445] RAM 2486/3956MB (lfb 134x4MB) SWAP 228/1978MB (cached 9MB) IRAM 0/252kB(lfb 252kB) CPU [98%@204,off,off,off] EMC_FREQ 2%@1600 GR3D_FREQ 4%@76 APE 25 PLL@31.5C CPU@33C PMIC@50C GPU@32.5C AO@41.5C thermal@33C POM_5V_IN 1975/1921 POM_5V_GPU 82/34 POM_5V_CPU 164/158
[ts: 1636412925.794341] RAM 2507/3956MB (lfb 133x4MB) SWAP 228/1978MB (cached 9MB) IRAM 0/252kB(lfb 252kB) CPU [100%@204,off,off,off] EMC_FREQ 2%@1600 GR3D_FREQ 0%@76 APE 25 PLL@31.5C CPU@33C PMIC@50C GPU@32.5C AO@42C thermal@33C POM_5V_IN 1934/1921 POM_5V_GPU 41/34 POM_5V_CPU 164/158
[ts: 1636412926.331794] RAM 2519/3956MB (lfb 132x4MB) SWAP 228/1978MB (cached 9MB) IRAM 0/252kB(lfb 252kB) CPU [100%@204,off,off,off] EMC_FREQ 2%@1600 GR3D_FREQ 0%@76 APE 25 PLL@31.5C CPU@33C PMIC@50C GPU@32.5C AO@42C thermal@32.75C POM_5V_IN 1934/1921 POM_5V_GPU 41/34 POM_5V_CPU 164/158
[ts: 1636412926.868922] RAM 2554/3956MB (lfb 125x4MB) SWAP 228/1978MB (cached 9MB) IRAM 0/252kB(lfb 252kB) CPU [100%@204,off,off,off] EMC_FREQ 2%@1600 GR3D_FREQ 0%@76 APE 25 PLL@31.5C CPU@33C PMIC@50C GPU@32.5C AO@41.5C thermal@32.75C POM_5V_IN 2054/1922 POM_5V_GPU 41/34 POM_5V_CPU 164/158
[ts: 1636412927.410599] RAM 2589/3956MB (lfb 124x4MB) SWAP 228/1978MB (cached 9MB) IRAM 0/252kB(lfb 252kB) CPU [100%@204,off,off,off] EMC_FREQ 2%@1600 GR3D_FREQ 0%@76 APE 25 PLL@31.5C CPU@33.5C PMIC@50C GPU@32.5C AO@42C thermal@32.75C POM_5V_IN 1975/1923 POM_5V_GPU 41/34 POM_5V_CPU 164/158
[ts: 1636412927.978025] RAM 2590/3956MB (lfb 124x4MB) SWAP 228/1978MB (cached 9MB) IRAM 0/252kB(lfb 252kB) CPU [100%@204,off,off,off] EMC_FREQ 2%@1600 GR3D_FREQ 0%@76 APE 25 PLL@31.5C CPU@33C PMIC@50C GPU@32.5C AO@41.5C thermal@32.75C POM_5V_IN 1975/1923 POM_5V_GPU 41/34 POM_5V_CPU 164/158
[ts: 1636412928.527767] RAM 2590/3956MB (lfb 124x4MB) SWAP 228/1978MB (cached 9MB) IRAM 0/252kB(lfb 252kB) CPU [100%@204,off,off,off] EMC_FREQ 2%@1600 GR3D_FREQ 7%@76 APE 25 PLL@31.5C CPU@33C PMIC@50C GPU@32.5C AO@41.5C thermal@32.75C POM_5V_IN 1975/1923 POM_5V_GPU 82/35 POM_5V_CPU 164/158
[ts: 1636412929.072834] RAM 2591/3956MB (lfb 127x4MB) SWAP 228/1978MB (cached 9MB) IRAM 0/252kB(lfb 252kB) CPU [100%@204,off,off,off] EMC_FREQ 2%@1600 GR3D_FREQ 0%@76 APE 25 PLL@31.5C CPU@33C PMIC@50C GPU@32.5C AO@41.5C thermal@32.75C POM_5V_IN 1975/1924 POM_5V_GPU 82/35 POM_5V_CPU 164/158
[ts: 1636412929.611709] RAM 2596/3956MB (lfb 127x4MB) SWAP 228/1978MB (cached 9MB) IRAM 0/252kB(lfb 252kB) CPU [100%@204,off,off,off] EMC_FREQ 2%@1600 GR3D_FREQ 0%@76 APE 25 PLL@31.5C CPU@33C PMIC@50C GPU@32C AO@42C thermal@32.75C POM_5V_IN 2013/1924 POM_5V_GPU 82/35 POM_5V_CPU 164/158
[ts: 1636412930.148374] RAM 2625/3956MB (lfb 124x4MB) SWAP 228/1978MB (cached 9MB) IRAM 0/252kB(lfb 252kB) CPU [100%@204,off,off,off] EMC_FREQ 2%@1600 GR3D_FREQ 0%@76 APE 25 PLL@31.5C CPU@33C PMIC@50C GPU@32C AO@41.5C thermal@32.5C POM_5V_IN 1975/1925 POM_5V_GPU 41/35 POM_5V_CPU 164/158
[ts: 1636412930.687142] RAM 2644/3956MB (lfb 120x4MB) SWAP 228/1978MB (cached 9MB) IRAM 0/252kB(lfb 252kB) CPU [100%@204,off,off,off] EMC_FREQ 2%@1600 GR3D_FREQ 0%@76 APE 25 PLL@31.5C CPU@33C PMIC@50C GPU@32.5C AO@41.5C thermal@32.5C POM_5V_IN 2013/1925 POM_5V_GPU 41/35 POM_5V_CPU 164/158
[ts: 1636412931.226185] RAM 2658/3956MB (lfb 120x4MB) SWAP 228/1978MB (cached 9MB) IRAM 0/252kB(lfb 252kB) CPU [100%@204,off,off,off] EMC_FREQ 2%@1600 GR3D_FREQ 0%@76 APE 25 PLL@31.5C CPU@33C PMIC@50C GPU@32.5C AO@41.5C thermal@32.5C POM_5V_IN 1975/1925 POM_5V_GPU 41/35 POM_5V_CPU 164/158
[ts: 1636412931.765142] RAM 2658/3956MB (lfb 120x4MB) SWAP 228/1978MB (cached 9MB) IRAM 0/252kB(lfb 252kB) CPU [100%@204,off,off,off] EMC_FREQ 2%@1600 GR3D_FREQ 0%@76 APE 25 PLL@31.5C CPU@33.5C PMIC@50C GPU@32C AO@41.5C thermal@32.5C POM_5V_IN 1934/1925 POM_5V_GPU 41/35 POM_5V_CPU 164/158
[ts: 1636412932.300769] RAM 2669/3956MB (lfb 120x4MB) SWAP 228/1978MB (cached 9MB) IRAM 0/252kB(lfb 252kB) CPU [100%@204,off,off,off] EMC_FREQ 2%@1600 GR3D_FREQ 0%@76 APE 25 PLL@31.5C CPU@33C PMIC@50C GPU@32.5C AO@41.5C thermal@32.75C POM_5V_IN 1975/1926 POM_5V_GPU 41/36 POM_5V_CPU 164/158
[ts: 1636412932.837280] RAM 2698/3956MB (lfb 117x4MB) SWAP 228/1978MB (cached 9MB) IRAM 0/252kB(lfb 252kB) CPU [100%@204,off,off,off] EMC_FREQ 2%@1600 GR3D_FREQ 0%@76 APE 25 PLL@31.5C CPU@33C PMIC@50C GPU@32.5C AO@41.5C thermal@32.75C POM_5V_IN 1934/1926 POM_5V_GPU 41/36 POM_5V_CPU 164/158
[ts: 1636412933.372248] RAM 2698/3956MB (lfb 117x4MB) SWAP 228/1978MB (cached 9MB) IRAM 0/252kB(lfb 252kB) CPU [100%@204,off,off,off] EMC_FREQ 2%@1600 GR3D_FREQ 0%@76 APE 25 PLL@31.5C CPU@33C PMIC@50C GPU@32.5C AO@41.5C thermal@32.75C POM_5V_IN 1975/1926 POM_5V_GPU 41/36 POM_5V_CPU 164/158
[ts: 1636412933.912201] RAM 2725/3956MB (lfb 114x4MB) SWAP 228/1978MB (cached 9MB) IRAM 0/252kB(lfb 252kB) CPU [100%@204,off,off,off] EMC_FREQ 2%@1600 GR3D_FREQ 0%@76 APE 25 PLL@31.5C CPU@33C PMIC@50C GPU@32.5C AO@41.5C thermal@32.75C POM_5V_IN 1934/1926 POM_5V_GPU 41/36 POM_5V_CPU 164/158
[ts: 1636412934.454911] RAM 2725/3956MB (lfb 114x4MB) SWAP 228/1978MB (cached 9MB) IRAM 0/252kB(lfb 252kB) CPU [100%@204,off,off,off] EMC_FREQ 2%@1600 GR3D_FREQ 5%@76 APE 25 PLL@31C CPU@33C PMIC@50C GPU@32.5C AO@41.5C thermal@33C POM_5V_IN 1975/1926 POM_5V_GPU 82/36 POM_5V_CPU 164/158
[ts: 1636412934.995082] RAM 2732/3956MB (lfb 114x4MB) SWAP 228/1978MB (cached 9MB) IRAM 0/252kB(lfb 252kB) CPU [100%@204,off,off,off] EMC_FREQ 2%@1600 GR3D_FREQ 7%@76 APE 25 PLL@31.5C CPU@33C PMIC@50C GPU@32.5C AO@41.5C thermal@33C POM_5V_IN 1975/1927 POM_5V_GPU 82/36 POM_5V_CPU 164/158
[ts: 1636412935.540307] RAM 2740/3956MB (lfb 114x4MB) SWAP 228/1978MB (cached 9MB) IRAM 0/252kB(lfb 252kB) CPU [100%@204,off,off,off] EMC_FREQ 2%@1600 GR3D_FREQ 9%@76 APE 25 PLL@31.5C CPU@33C PMIC@50C GPU@32.5C AO@42C thermal@32.75C POM_5V_IN 1975/1927 POM_5V_GPU 82/36 POM_5V_CPU 164/158
[ts: 1636412936.081967] RAM 2760/3956MB (lfb 113x4MB) SWAP 228/1978MB (cached 9MB) IRAM 0/252kB(lfb 252kB) CPU [98%@204,off,off,off] EMC_FREQ 2%@1600 GR3D_FREQ 0%@76 APE 25 PLL@31.5C CPU@33C PMIC@50C GPU@32.5C AO@41.5C thermal@32.75C POM_5V_IN 1975/1927 POM_5V_GPU 41/36 POM_5V_CPU 164/158
[ts: 1636412936.625378] RAM 2770/3956MB (lfb 113x4MB) SWAP 228/1978MB (cached 9MB) IRAM 0/252kB(lfb 252kB) CPU [100%@204,off,off,off] EMC_FREQ 2%@1600 GR3D_FREQ 4%@76 APE 25 PLL@31.5C CPU@33C PMIC@50C GPU@32C AO@41.5C thermal@32.75C POM_5V_IN 1975/1928 POM_5V_GPU 82/37 POM_5V_CPU 164/158
[ts: 1636412937.164969] RAM 2806/3956MB (lfb 108x4MB) SWAP 228/1978MB (cached 9MB) IRAM 0/252kB(lfb 252kB) CPU [100%@204,off,off,off] EMC_FREQ 2%@1600 GR3D_FREQ 0%@76 APE 25 PLL@31.5C CPU@33C PMIC@50C GPU@32C AO@41.5C thermal@32.75C POM_5V_IN 1975/1928 POM_5V_GPU 41/37 POM_5V_CPU 164/158
[ts: 1636412937.716184] RAM 2815/3956MB (lfb 108x4MB) SWAP 228/1978MB (cached 9MB) IRAM 0/252kB(lfb 252kB) CPU [100%@204,off,off,off] EMC_FREQ 2%@1600 GR3D_FREQ 4%@76 APE 25 PLL@31.5C CPU@33C PMIC@50C GPU@32C AO@41.5C thermal@33C POM_5V_IN 1975/1928 POM_5V_GPU 82/37 POM_5V_CPU 164/158
[ts: 1636412938.291960] RAM 2815/3956MB (lfb 108x4MB) SWAP 228/1978MB (cached 9MB) IRAM 0/252kB(lfb 252kB) CPU [100%@204,off,off,off] EMC_FREQ 2%@1600 GR3D_FREQ 8%@76 APE 25 PLL@31.5C CPU@33C PMIC@50C GPU@32.5C AO@41.5C thermal@33C POM_5V_IN 1975/1928 POM_5V_GPU 82/37 POM_5V_CPU 164/158
[ts: 1636412938.842477] RAM 2819/3956MB (lfb 108x4MB) SWAP 228/1978MB (cached 9MB) IRAM 0/252kB(lfb 252kB) CPU [100%@204,off,off,off] EMC_FREQ 2%@1600 GR3D_FREQ 0%@76 APE 25 PLL@31.5C CPU@33C PMIC@50C GPU@32.5C AO@41.5C thermal@32.75C POM_5V_IN 1975/1929 POM_5V_GPU 41/37 POM_5V_CPU 164/158
[ts: 1636412939.390050] RAM 2822/3956MB (lfb 108x4MB) SWAP 228/1978MB (cached 9MB) IRAM 0/252kB(lfb 252kB) CPU [100%@204,off,off,off] EMC_FREQ 2%@1600 GR3D_FREQ 8%@76 APE 25 PLL@31.5C CPU@33C PMIC@50C GPU@32C AO@41C thermal@32.75C POM_5V_IN 1975/1929 POM_5V_GPU 82/37 POM_5V_CPU 164/158
[ts: 1636412939.926189] RAM 2852/3956MB (lfb 106x4MB) SWAP 228/1978MB (cached 9MB) IRAM 0/252kB(lfb 252kB) CPU [100%@204,off,off,off] EMC_FREQ 2%@1600 GR3D_FREQ 0%@76 APE 25 PLL@31.5C CPU@33.5C PMIC@50C GPU@32.5C AO@41.5C thermal@32.5C POM_5V_IN 1975/1929 POM_5V_GPU 41/38 POM_5V_CPU 164/158
[ts: 1636412940.466078] RAM 2852/3956MB (lfb 106x4MB) SWAP 228/1978MB (cached 9MB) IRAM 0/252kB(lfb 252kB) CPU [100%@204,off,off,off] EMC_FREQ 2%@1600 GR3D_FREQ 8%@76 APE 25 PLL@31.5C CPU@33C PMIC@50C GPU@32.5C AO@41.5C thermal@32.5C POM_5V_IN 1975/1929 POM_5V_GPU 82/38 POM_5V_CPU 164/158
[ts: 1636412941.000588] RAM 2860/3956MB (lfb 105x4MB) SWAP 228/1978MB (cached 9MB) IRAM 0/252kB(lfb 252kB) CPU [100%@204,off,off,off] EMC_FREQ 2%@1600 GR3D_FREQ 0%@76 APE 25 PLL@31.5C CPU@33.5C PMIC@50C GPU@32C AO@41.5C thermal@33C POM_5V_IN 1975/1930 POM_5V_GPU 41/38 POM_5V_CPU 164/158
[ts: 1636412941.542806] RAM 2885/3956MB (lfb 103x4MB) SWAP 228/1978MB (cached 9MB) IRAM 0/252kB(lfb 252kB) CPU [100%@204,off,off,off] EMC_FREQ 2%@1600 GR3D_FREQ 0%@76 APE 25 PLL@31.5C CPU@33C PMIC@50C GPU@32.5C AO@41.5C thermal@33C POM_5V_IN 1934/1930 POM_5V_GPU 41/38 POM_5V_CPU 164/159
[ts: 1636412942.088003] RAM 2886/3956MB (lfb 103x4MB) SWAP 228/1978MB (cached 9MB) IRAM 0/252kB(lfb 252kB) CPU [100%@204,off,off,off] EMC_FREQ 2%@1600 GR3D_FREQ 0%@76 APE 25 PLL@31C CPU@33C PMIC@50C GPU@32.5C AO@41.5C thermal@32.75C POM_5V_IN 1975/1930 POM_5V_GPU 41/38 POM_5V_CPU 164/159
[ts: 1636412942.638346] RAM 2898/3956MB (lfb 103x4MB) SWAP 228/1978MB (cached 9MB) IRAM 0/252kB(lfb 252kB) CPU [100%@204,off,off,off] EMC_FREQ 2%@1600 GR3D_FREQ 0%@76 APE 25 PLL@32C CPU@33.5C PMIC@50C GPU@32C AO@41.5C thermal@32.75C POM_5V_IN 1975/1930 POM_5V_GPU 82/38 POM_5V_CPU 164/159
[ts: 1636412943.181788] RAM 2919/3956MB (lfb 101x4MB) SWAP 228/1978MB (cached 9MB) IRAM 0/252kB(lfb 252kB) CPU [98%@204,off,off,off] EMC_FREQ 2%@1600 GR3D_FREQ 0%@76 APE 25 PLL@31.5C CPU@33C PMIC@50C GPU@32C AO@41.5C thermal@32.5C POM_5V_IN 1934/1930 POM_5V_GPU 41/38 POM_5V_CPU 164/159
[ts: 1636412943.719647] RAM 2920/3956MB (lfb 101x4MB) SWAP 228/1978MB (cached 9MB) IRAM 0/252kB(lfb 252kB) CPU [100%@204,off,off,off] EMC_FREQ 2%@1600 GR3D_FREQ 5%@76 APE 25 PLL@31.5C CPU@33C PMIC@50C GPU@32C AO@41.5C thermal@32.5C POM_5V_IN 1975/1930 POM_5V_GPU 82/38 POM_5V_CPU 164/159
[ts: 1636412944.252728] RAM 2943/3956MB (lfb 100x4MB) SWAP 228/1978MB (cached 9MB) IRAM 0/252kB(lfb 252kB) CPU [100%@204,off,off,off] EMC_FREQ 2%@1600 GR3D_FREQ 0%@76 APE 25 PLL@31.5C CPU@33.5C PMIC@50C GPU@32.5C AO@41.5C thermal@33C POM_5V_IN 1975/1931 POM_5V_GPU 41/38 POM_5V_CPU 164/159
[ts: 1636412944.791773] RAM 2948/3956MB (lfb 100x4MB) SWAP 228/1978MB (cached 9MB) IRAM 0/252kB(lfb 252kB) CPU [100%@204,off,off,off] EMC_FREQ 2%@1600 GR3D_FREQ 22%@76 APE 25 PLL@31.5C CPU@33C PMIC@50C GPU@32.5C AO@41.5C thermal@33C POM_5V_IN 2013/1931 POM_5V_GPU 41/38 POM_5V_CPU 164/159
[ts: 1636412945.331868] RAM 2949/3956MB (lfb 100x4MB) SWAP 228/1978MB (cached 9MB) IRAM 0/252kB(lfb 252kB) CPU [100%@204,off,off,off] EMC_FREQ 2%@1600 GR3D_FREQ 0%@76 APE 25 PLL@31.5C CPU@33.5C PMIC@50C GPU@33C AO@42C thermal@33C POM_5V_IN 1934/1931 POM_5V_GPU 41/38 POM_5V_CPU 164/159
[ts: 1636412945.871197] RAM 2949/3956MB (lfb 100x4MB) SWAP 228/1978MB (cached 9MB) IRAM 0/252kB(lfb 252kB) CPU [100%@204,off,off,off] EMC_FREQ 2%@1600 GR3D_FREQ 0%@76 APE 25 PLL@31.5C CPU@33C PMIC@50C GPU@33.5C AO@41.5C thermal@33C POM_5V_IN 1934/1931 POM_5V_GPU 0/38 POM_5V_CPU 164/159
[ts: 1636412946.410798] RAM 2949/3956MB (lfb 100x4MB) SWAP 228/1978MB (cached 9MB) IRAM 0/252kB(lfb 252kB) CPU [100%@204,off,off,off] EMC_FREQ 2%@1600 GR3D_FREQ 0%@76 APE 25 PLL@31.5C CPU@33.5C PMIC@50C GPU@33.5C AO@41.5C thermal@33C POM_5V_IN 1851/1931 POM_5V_GPU 0/38 POM_5V_CPU 164/159
[ts: 1636412947.003058] RAM 2952/3956MB (lfb 100x4MB) SWAP 228/1978MB (cached 9MB) IRAM 0/252kB(lfb 252kB) CPU [100%@204,off,off,off] EMC_FREQ 2%@1600 GR3D_FREQ 0%@76 APE 25 PLL@31.5C CPU@33.5C PMIC@50C GPU@33.5C AO@41C thermal@33.5C POM_5V_IN 1892/1930 POM_5V_GPU 0/38 POM_5V_CPU 164/159
[ts: 1636412947.603374] RAM 2954/3956MB (lfb 100x4MB) SWAP 228/1978MB (cached 9MB) IRAM 0/252kB(lfb 252kB) CPU [100%@204,off,off,off] EMC_FREQ 2%@1600 GR3D_FREQ 0%@76 APE 25 PLL@31.5C CPU@33.5C PMIC@50C GPU@33.5C AO@41.5C thermal@33.5C POM_5V_IN 1892/1930 POM_5V_GPU 0/38 POM_5V_CPU 164/159
[ts: 1636412948.211151] RAM 2952/3956MB (lfb 100x4MB) SWAP 228/1978MB (cached 9MB) IRAM 0/252kB(lfb 252kB) CPU [100%@204,off,off,off] EMC_FREQ 2%@1600 GR3D_FREQ 0%@76 APE 25 PLL@31C CPU@33C PMIC@50C GPU@33C AO@41.5C thermal@33.5C POM_5V_IN 1892/1930 POM_5V_GPU 0/37 POM_5V_CPU 164/159
[ts: 1636412948.783394] RAM 2952/3956MB (lfb 100x4MB) SWAP 228/1978MB (cached 9MB) IRAM 0/252kB(lfb 252kB) CPU [100%@204,off,off,off] EMC_FREQ 2%@1600 GR3D_FREQ 0%@76 APE 25 PLL@31.5C CPU@33.5C PMIC@50C GPU@33.5C AO@41.5C thermal@33.5C POM_5V_IN 1892/1930 POM_5V_GPU 0/37 POM_5V_CPU 164/159
[ts: 1636412949.381801] RAM 2953/3956MB (lfb 100x4MB) SWAP 228/1978MB (cached 9MB) IRAM 0/252kB(lfb 252kB) CPU [100%@204,off,off,off] EMC_FREQ 2%@1600 GR3D_FREQ 0%@76 APE 25 PLL@31.5C CPU@33.5C PMIC@50C GPU@33.5C AO@41.5C thermal@33.5C POM_5V_IN 1851/1929 POM_5V_GPU 0/37 POM_5V_CPU 164/159
[ts: 1636412949.956609] RAM 2953/3956MB (lfb 100x4MB) SWAP 228/1978MB (cached 9MB) IRAM 0/252kB(lfb 252kB) CPU [100%@204,off,off,off] EMC_FREQ 2%@1600 GR3D_FREQ 0%@76 APE 25 PLL@31.5C CPU@33.5C PMIC@50C GPU@33.5C AO@41.5C thermal@33.5C POM_5V_IN 1892/1929 POM_5V_GPU 0/37 POM_5V_CPU 164/159
[ts: 1636412950.535847] RAM 2954/3956MB (lfb 100x4MB) SWAP 228/1978MB (cached 9MB) IRAM 0/252kB(lfb 252kB) CPU [100%@204,off,off,off] EMC_FREQ 2%@1600 GR3D_FREQ 0%@76 APE 25 PLL@31.5C CPU@33.5C PMIC@50C GPU@33.5C AO@41.5C thermal@33.5C POM_5V_IN 1892/1929 POM_5V_GPU 0/37 POM_5V_CPU 164/159
[ts: 1636412951.180222] RAM 2953/3956MB (lfb 100x4MB) SWAP 228/1978MB (cached 9MB) IRAM 0/252kB(lfb 252kB) CPU [100%@204,off,off,off] EMC_FREQ 2%@1600 GR3D_FREQ 0%@76 APE 25 PLL@31.5C CPU@33C PMIC@50C GPU@33.5C AO@41.5C thermal@33.5C POM_5V_IN 2054/1930 POM_5V_GPU 0/36 POM_5V_CPU 164/159
[ts: 1636412951.838357] RAM 2949/3956MB (lfb 100x4MB) SWAP 232/1978MB (cached 9MB) IRAM 0/252kB(lfb 252kB) CPU [100%@204,off,off,off] EMC_FREQ 2%@1600 GR3D_FREQ 0%@76 APE 25 PLL@31.5C CPU@33.5C PMIC@50C GPU@33.5C AO@41.5C thermal@33.5C POM_5V_IN 2054/1930 POM_5V_GPU 0/36 POM_5V_CPU 164/159
[ts: 1636412952.482850] RAM 2950/3956MB (lfb 100x4MB) SWAP 235/1978MB (cached 9MB) IRAM 0/252kB(lfb 252kB) CPU [100%@204,off,off,off] EMC_FREQ 2%@1600 GR3D_FREQ 0%@76 APE 25 PLL@31.5C CPU@33.5C PMIC@50C GPU@33.5C AO@41.5C thermal@33.25C POM_5V_IN 1851/1930 POM_5V_GPU 0/36 POM_5V_CPU 164/159
[ts: 1636412953.108203] RAM 2957/3956MB (lfb 100x4MB) SWAP 238/1978MB (cached 9MB) IRAM 0/252kB(lfb 252kB) CPU [100%@204,off,off,off] EMC_FREQ 2%@1600 GR3D_FREQ 0%@76 APE 25 PLL@31.5C CPU@33.5C PMIC@50C GPU@33.5C AO@41C thermal@33.25C POM_5V_IN 1892/1930 POM_5V_GPU 0/36 POM_5V_CPU 164/159
[ts: 1636412953.758443] RAM 2956/3956MB (lfb 100x4MB) SWAP 241/1978MB (cached 9MB) IRAM 0/252kB(lfb 252kB) CPU [100%@204,off,off,off] EMC_FREQ 2%@1600 GR3D_FREQ 0%@76 APE 25 PLL@31.5C CPU@33.5C PMIC@50C GPU@33C AO@41.5C thermal@33.25C POM_5V_IN 1892/1930 POM_5V_GPU 0/36 POM_5V_CPU 164/159
[ts: 1636412954.388355] RAM 2952/3956MB (lfb 100x4MB) SWAP 245/1978MB (cached 9MB) IRAM 0/252kB(lfb 252kB) CPU [100%@204,off,off,off] EMC_FREQ 2%@1600 GR3D_FREQ 0%@76 APE 25 PLL@31.5C CPU@33C PMIC@50C GPU@33.5C AO@41C thermal@33.5C POM_5V_IN 1892/1929 POM_5V_GPU 0/35 POM_5V_CPU 164/159
[ts: 1636412955.038502] RAM 2950/3956MB (lfb 100x4MB) SWAP 248/1978MB (cached 9MB) IRAM 0/252kB(lfb 252kB) CPU [100%@204,off,off,off] EMC_FREQ 2%@1600 GR3D_FREQ 0%@76 APE 25 PLL@31C CPU@33C PMIC@50C GPU@33.5C AO@41C thermal@33.5C POM_5V_IN 1892/1929 POM_5V_GPU 0/35 POM_5V_CPU 164/159
[ts: 1636412955.664329] RAM 2948/3956MB (lfb 100x4MB) SWAP 249/1978MB (cached 9MB) IRAM 0/252kB(lfb 252kB) CPU [100%@204,off,off,off] EMC_FREQ 2%@1600 GR3D_FREQ 0%@76 APE 25 PLL@31.5C CPU@33.5C PMIC@50C GPU@33.5C AO@41.5C thermal@33.25C POM_5V_IN 1892/1929 POM_5V_GPU 0/35 POM_5V_CPU 164/159
[ts: 1636412956.290531] RAM 2947/3956MB (lfb 100x4MB) SWAP 251/1978MB (cached 9MB) IRAM 0/252kB(lfb 252kB) CPU [100%@204,off,off,off] EMC_FREQ 2%@1600 GR3D_FREQ 0%@76 APE 25 PLL@31.5C CPU@33.5C PMIC@50C GPU@33.5C AO@41C thermal@33.25C POM_5V_IN 1892/1929 POM_5V_GPU 0/35 POM_5V_CPU 164/159
[ts: 1636412956.915318] RAM 2947/3956MB (lfb 100x4MB) SWAP 254/1978MB (cached 9MB) IRAM 0/252kB(lfb 252kB) CPU [100%@204,off,off,off] EMC_FREQ 2%@1600 GR3D_FREQ 0%@76 APE 25 PLL@31C CPU@33C PMIC@50C GPU@33C AO@41C thermal@33.25C POM_5V_IN 1892/1929 POM_5V_GPU 0/35 POM_5V_CPU 164/159
[ts: 1636412957.546785] RAM 2946/3956MB (lfb 100x4MB) SWAP 257/1978MB (cached 9MB) IRAM 0/252kB(lfb 252kB) CPU [100%@204,off,off,off] EMC_FREQ 2%@1600 GR3D_FREQ 0%@76 APE 25 PLL@31.5C CPU@33.5C PMIC@50C GPU@33.5C AO@41C thermal@33.25C POM_5V_IN 1851/1928 POM_5V_GPU 0/35 POM_5V_CPU 164/159
[ts: 1636412958.178786] RAM 2943/3956MB (lfb 100x4MB) SWAP 259/1978MB (cached 9MB) IRAM 0/252kB(lfb 252kB) CPU [100%@204,off,off,off] EMC_FREQ 2%@1600 GR3D_FREQ 0%@76 APE 25 PLL@31.5C CPU@33.5C PMIC@50C GPU@33.5C AO@41C thermal@33.5C POM_5V_IN 1851/1928 POM_5V_GPU 0/34 POM_5V_CPU 164/159
[ts: 1636412958.819461] RAM 2943/3956MB (lfb 100x4MB) SWAP 262/1978MB (cached 9MB) IRAM 0/252kB(lfb 252kB) CPU [100%@204,off,off,off] EMC_FREQ 2%@1600 GR3D_FREQ 0%@76 APE 25 PLL@31.5C CPU@33C PMIC@50C GPU@33.5C AO@41C thermal@33C POM_5V_IN 1851/1928 POM_5V_GPU 0/34 POM_5V_CPU 164/159
[ts: 1636412959.467745] RAM 2942/3956MB (lfb 100x4MB) SWAP 265/1978MB (cached 9MB) IRAM 0/252kB(lfb 252kB) CPU [100%@204,off,off,off] EMC_FREQ 2%@1600 GR3D_FREQ 0%@76 APE 25 PLL@31.5C CPU@33.5C PMIC@50C GPU@33.5C AO@41C thermal@33C POM_5V_IN 1851/1927 POM_5V_GPU 0/34 POM_5V_CPU 164/159
[ts: 1636412960.119830] RAM 2940/3956MB (lfb 100x4MB) SWAP 267/1978MB (cached 9MB) IRAM 0/252kB(lfb 252kB) CPU [100%@204,off,off,off] EMC_FREQ 2%@1600 GR3D_FREQ 0%@76 APE 25 PLL@31.5C CPU@33.5C PMIC@50C GPU@33.5C AO@41.5C thermal@33C POM_5V_IN 1851/1927 POM_5V_GPU 0/34 POM_5V_CPU 164/159
[ts: 1636412960.726129] RAM 2939/3956MB (lfb 100x4MB) SWAP 269/1978MB (cached 9MB) IRAM 0/252kB(lfb 252kB) CPU [100%@204,off,off,off] EMC_FREQ 2%@1600 GR3D_FREQ 0%@76 APE 25 PLL@31.5C CPU@33C PMIC@50C GPU@33.5C AO@41.5C thermal@33C POM_5V_IN 1892/1927 POM_5V_GPU 0/34 POM_5V_CPU 164/159
[ts: 1636412961.387278] RAM 2939/3956MB (lfb 100x4MB) SWAP 272/1978MB (cached 9MB) IRAM 0/252kB(lfb 252kB) CPU [100%@204,off,off,off] EMC_FREQ 2%@1600 GR3D_FREQ 0%@76 APE 25 PLL@31.5C CPU@33C PMIC@50C GPU@33.5C AO@41.5C thermal@33.5C POM_5V_IN 1851/1926 POM_5V_GPU 0/34 POM_5V_CPU 164/159
[ts: 1636412962.011854] RAM 2938/3956MB (lfb 100x4MB) SWAP 274/1978MB (cached 9MB) IRAM 0/252kB(lfb 252kB) CPU [100%@204,off,off,off] EMC_FREQ 2%@1600 GR3D_FREQ 0%@76 APE 25 PLL@31.5C CPU@33C PMIC@50C GPU@33.5C AO@41C thermal@33.5C POM_5V_IN 1851/1926 POM_5V_GPU 0/33 POM_5V_CPU 164/159
[ts: 1636412962.661802] RAM 2936/3956MB (lfb 100x4MB) SWAP 277/1978MB (cached 9MB) IRAM 0/252kB(lfb 252kB) CPU [100%@204,off,off,off] EMC_FREQ 2%@1600 GR3D_FREQ 0%@76 APE 25 PLL@31C CPU@33C PMIC@50C GPU@33C AO@41C thermal@33.25C POM_5V_IN 1892/1926 POM_5V_GPU 0/33 POM_5V_CPU 164/159
[ts: 1636412963.302871] RAM 2936/3956MB (lfb 100x4MB) SWAP 279/1978MB (cached 9MB) IRAM 0/252kB(lfb 252kB) CPU [100%@204,off,off,off] EMC_FREQ 2%@1600 GR3D_FREQ 0%@76 APE 25 PLL@31C CPU@33C PMIC@50C GPU@33C AO@41C thermal@33.25C POM_5V_IN 1892/1926 POM_5V_GPU 0/33 POM_5V_CPU 164/159
[ts: 1636412963.956756] RAM 2921/3956MB (lfb 100x4MB) SWAP 283/1978MB (cached 9MB) IRAM 0/252kB(lfb 252kB) CPU [100%@204,off,off,off] EMC_FREQ 2%@1600 GR3D_FREQ 0%@76 APE 25 PLL@31.5C CPU@33.5C PMIC@50C GPU@33.5C AO@41C thermal@33.25C POM_5V_IN 1892/1925 POM_5V_GPU 0/33 POM_5V_CPU 164/159
[ts: 1636412964.567490] RAM 2921/3956MB (lfb 100x4MB) SWAP 285/1978MB (cached 9MB) IRAM 0/252kB(lfb 252kB) CPU [100%@204,off,off,off] EMC_FREQ 2%@1600 GR3D_FREQ 0%@76 APE 25 PLL@31C CPU@33C PMIC@50C GPU@33C AO@41.5C thermal@33.25C POM_5V_IN 1851/1925 POM_5V_GPU 0/33 POM_5V_CPU 164/159
[ts: 1636412965.152679] RAM 2918/3956MB (lfb 100x4MB) SWAP 285/1978MB (cached 9MB) IRAM 0/252kB(lfb 252kB) CPU [100%@204,off,off,off] EMC_FREQ 2%@1600 GR3D_FREQ 0%@76 APE 25 PLL@31.5C CPU@33.5C PMIC@50C GPU@33.5C AO@41.5C thermal@33.25C POM_5V_IN 1892/1925 POM_5V_GPU 0/33 POM_5V_CPU 164/159
[ts: 1636412965.736844] RAM 2918/3956MB (lfb 100x4MB) SWAP 285/1978MB (cached 9MB) IRAM 0/252kB(lfb 252kB) CPU [100%@204,off,off,off] EMC_FREQ 2%@1600 GR3D_FREQ 0%@76 APE 25 PLL@31.5C CPU@33.5C PMIC@50C GPU@33.5C AO@41.5C thermal@33.25C POM_5V_IN 1851/1925 POM_5V_GPU 0/33 POM_5V_CPU 164/159
[ts: 1636412966.333798] RAM 2919/3956MB (lfb 100x4MB) SWAP 285/1978MB (cached 9MB) IRAM 0/252kB(lfb 252kB) CPU [100%@204,off,off,off] EMC_FREQ 2%@1600 GR3D_FREQ 0%@76 APE 25 PLL@31C CPU@33C PMIC@50C GPU@33C AO@41.5C thermal@33.25C POM_5V_IN 1892/1924 POM_5V_GPU 0/32 POM_5V_CPU 164/159
[ts: 1636412966.912158] RAM 2919/3956MB (lfb 100x4MB) SWAP 285/1978MB (cached 9MB) IRAM 0/252kB(lfb 252kB) CPU [100%@204,off,off,off] EMC_FREQ 2%@1600 GR3D_FREQ 0%@76 APE 25 PLL@31.5C CPU@33C PMIC@50C GPU@33.5C AO@41C thermal@33.25C POM_5V_IN 1851/1924 POM_5V_GPU 0/32 POM_5V_CPU 164/159
[ts: 1636412967.549794] RAM 2918/3956MB (lfb 100x4MB) SWAP 285/1978MB (cached 9MB) IRAM 0/252kB(lfb 252kB) CPU [100%@204,off,off,off] EMC_FREQ 2%@1600 GR3D_FREQ 0%@76 APE 25 PLL@31C CPU@33C PMIC@50C GPU@33C AO@41C thermal@33.25C POM_5V_IN 1892/1924 POM_5V_GPU 0/32 POM_5V_CPU 164/159
[ts: 1636412968.087381] RAM 2918/3956MB (lfb 100x4MB) SWAP 285/1978MB (cached 9MB) IRAM 0/252kB(lfb 252kB) CPU [100%@204,off,off,off] EMC_FREQ 2%@1600 GR3D_FREQ 0%@76 APE 25 PLL@31.5C CPU@33C PMIC@50C GPU@33.5C AO@41C thermal@33.25C POM_5V_IN 1892/1924 POM_5V_GPU 0/32 POM_5V_CPU 164/159
[ts: 1636412968.628051] RAM 2918/3956MB (lfb 100x4MB) SWAP 285/1978MB (cached 9MB) IRAM 0/252kB(lfb 252kB) CPU [100%@204,off,off,off] EMC_FREQ 2%@1600 GR3D_FREQ 0%@76 APE 25 PLL@31.5C CPU@33.5C PMIC@50C GPU@33.5C AO@41.5C thermal@33.25C POM_5V_IN 1851/1924 POM_5V_GPU 0/32 POM_5V_CPU 164/160
[ts: 1636412969.167435] RAM 2918/3956MB (lfb 100x4MB) SWAP 285/1978MB (cached 9MB) IRAM 0/252kB(lfb 252kB) CPU [100%@204,off,off,off] EMC_FREQ 2%@1600 GR3D_FREQ 0%@76 APE 25 PLL@31.5C CPU@33C PMIC@50C GPU@33.5C AO@41.5C thermal@33.5C POM_5V_IN 1892/1923 POM_5V_GPU 0/32 POM_5V_CPU 164/160
[ts: 1636412969.705771] RAM 2918/3956MB (lfb 100x4MB) SWAP 285/1978MB (cached 9MB) IRAM 0/252kB(lfb 252kB) CPU [100%@204,off,off,off] EMC_FREQ 2%@1600 GR3D_FREQ 0%@76 APE 25 PLL@31C CPU@33.5C PMIC@50C GPU@33C AO@41C thermal@33.5C POM_5V_IN 1851/1923 POM_5V_GPU 0/32 POM_5V_CPU 164/160
[ts: 1636412970.246593] RAM 2918/3956MB (lfb 100x4MB) SWAP 285/1978MB (cached 9MB) IRAM 0/252kB(lfb 252kB) CPU [100%@204,off,off,off] EMC_FREQ 2%@1600 GR3D_FREQ 0%@76 APE 25 PLL@31.5C CPU@33C PMIC@50C GPU@33.5C AO@41.5C thermal@33.25C POM_5V_IN 1892/1923 POM_5V_GPU 0/31 POM_5V_CPU 164/160
[ts: 1636412970.783198] RAM 2918/3956MB (lfb 100x4MB) SWAP 285/1978MB (cached 9MB) IRAM 0/252kB(lfb 252kB) CPU [100%@204,off,off,off] EMC_FREQ 2%@1600 GR3D_FREQ 0%@76 APE 25 PLL@31.5C CPU@33C PMIC@50C GPU@33.5C AO@41C thermal@33.25C POM_5V_IN 1851/1923 POM_5V_GPU 0/31 POM_5V_CPU 164/160
[ts: 1636412971.326403] RAM 2918/3956MB (lfb 100x4MB) SWAP 285/1978MB (cached 9MB) IRAM 0/252kB(lfb 252kB) CPU [100%@204,off,off,off] EMC_FREQ 2%@1600 GR3D_FREQ 0%@76 APE 25 PLL@31.5C CPU@33C PMIC@50C GPU@33.5C AO@41.5C thermal@33.25C POM_5V_IN 1851/1922 POM_5V_GPU 0/31 POM_5V_CPU 164/160
[ts: 1636412971.862283] RAM 2918/3956MB (lfb 100x4MB) SWAP 285/1978MB (cached 9MB) IRAM 0/252kB(lfb 252kB) CPU [100%@204,off,off,off] EMC_FREQ 2%@1600 GR3D_FREQ 0%@76 APE 25 PLL@31.5C CPU@33C PMIC@50C GPU@33.5C AO@41C thermal@33.25C POM_5V_IN 1892/1922 POM_5V_GPU 0/31 POM_5V_CPU 164/160
[ts: 1636412972.395728] RAM 2918/3956MB (lfb 100x4MB) SWAP 285/1978MB (cached 9MB) IRAM 0/252kB(lfb 252kB) CPU [100%@204,off,off,off] EMC_FREQ 2%@1600 GR3D_FREQ 0%@76 APE 25 PLL@31.5C CPU@33C PMIC@50C GPU@33.5C AO@41C thermal@33.25C POM_5V_IN 1851/1922 POM_5V_GPU 0/31 POM_5V_CPU 164/160
[ts: 1636412972.935510] RAM 2918/3956MB (lfb 100x4MB) SWAP 285/1978MB (cached 9MB) IRAM 0/252kB(lfb 252kB) CPU [100%@204,off,off,off] EMC_FREQ 2%@1600 GR3D_FREQ 0%@76 APE 25 PLL@31.5C CPU@33.5C PMIC@50C GPU@33.5C AO@41.5C thermal@33.25C POM_5V_IN 1892/1922 POM_5V_GPU 0/31 POM_5V_CPU 164/160
[ts: 1636412973.471855] RAM 2918/3956MB (lfb 100x4MB) SWAP 285/1978MB (cached 9MB) IRAM 0/252kB(lfb 252kB) CPU [100%@204,off,off,off] EMC_FREQ 2%@1600 GR3D_FREQ 0%@76 APE 25 PLL@31.5C CPU@33C PMIC@50C GPU@33.5C AO@41C thermal@33.5C POM_5V_IN 1851/1921 POM_5V_GPU 0/31 POM_5V_CPU 164/160
[ts: 1636412974.008070] RAM 2918/3956MB (lfb 100x4MB) SWAP 285/1978MB (cached 9MB) IRAM 0/252kB(lfb 252kB) CPU [100%@204,off,off,off] EMC_FREQ 2%@1600 GR3D_FREQ 0%@76 APE 25 PLL@31.5C CPU@33C PMIC@50C GPU@33.5C AO@41.5C thermal@33.5C POM_5V_IN 1892/1921 POM_5V_GPU 0/30 POM_5V_CPU 164/160
[ts: 1636412974.548188] RAM 2918/3956MB (lfb 100x4MB) SWAP 285/1978MB (cached 9MB) IRAM 0/252kB(lfb 252kB) CPU [100%@204,off,off,off] EMC_FREQ 2%@1600 GR3D_FREQ 0%@76 APE 25 PLL@31.5C CPU@33.5C PMIC@50C GPU@33.5C AO@41C thermal@33.25C POM_5V_IN 1851/1921 POM_5V_GPU 0/30 POM_5V_CPU 164/160
[ts: 1636412975.090093] RAM 2918/3956MB (lfb 100x4MB) SWAP 285/1978MB (cached 9MB) IRAM 0/252kB(lfb 252kB) CPU [100%@204,off,off,off] EMC_FREQ 2%@1600 GR3D_FREQ 0%@76 APE 25 PLL@31.5C CPU@33C PMIC@50C GPU@33.5C AO@41C thermal@33.25C POM_5V_IN 1892/1921 POM_5V_GPU 0/30 POM_5V_CPU 164/160
[ts: 1636412975.626414] RAM 2918/3956MB (lfb 100x4MB) SWAP 285/1978MB (cached 9MB) IRAM 0/252kB(lfb 252kB) CPU [100%@204,off,off,off] EMC_FREQ 2%@1600 GR3D_FREQ 0%@76 APE 25 PLL@31.5C CPU@33.5C PMIC@50C GPU@33.5C AO@41C thermal@33.25C POM_5V_IN 1934/1921 POM_5V_GPU 0/30 POM_5V_CPU 164/160
[ts: 1636412976.164248] RAM 2918/3956MB (lfb 100x4MB) SWAP 285/1978MB (cached 9MB) IRAM 0/252kB(lfb 252kB) CPU [100%@204,off,off,off] EMC_FREQ 2%@1600 GR3D_FREQ 0%@76 APE 25 PLL@31.5C CPU@33C PMIC@50C GPU@33.5C AO@41C thermal@33.25C POM_5V_IN 1934/1921 POM_5V_GPU 0/30 POM_5V_CPU 164/160
[ts: 1636412976.706777] RAM 2918/3956MB (lfb 100x4MB) SWAP 285/1978MB (cached 9MB) IRAM 0/252kB(lfb 252kB) CPU [100%@204,off,off,off] EMC_FREQ 2%@1600 GR3D_FREQ 0%@76 APE 25 PLL@31.5C CPU@33C PMIC@50C GPU@33.5C AO@41C thermal@33.25C POM_5V_IN 1892/1921 POM_5V_GPU 0/30 POM_5V_CPU 164/160
[ts: 1636412977.255137] RAM 2916/3956MB (lfb 100x4MB) SWAP 285/1978MB (cached 9MB) IRAM 0/252kB(lfb 252kB) CPU [100%@204,off,off,off] EMC_FREQ 2%@1600 GR3D_FREQ 0%@76 APE 25 PLL@31.5C CPU@33.5C PMIC@50C GPU@33.5C AO@41C thermal@33.25C POM_5V_IN 1892/1921 POM_5V_GPU 0/30 POM_5V_CPU 164/160
[ts: 1636412977.856347] RAM 2916/3956MB (lfb 100x4MB) SWAP 285/1978MB (cached 9MB) IRAM 0/252kB(lfb 252kB) CPU [100%@204,off,off,off] EMC_FREQ 2%@1600 GR3D_FREQ 0%@76 APE 25 PLL@31.5C CPU@33.5C PMIC@50C GPU@32C AO@41.5C thermal@33C POM_5V_IN 1934/1921 POM_5V_GPU 41/30 POM_5V_CPU 123/160
[ts: 1636412978.392175] RAM 2766/3956MB (lfb 100x4MB) SWAP 269/1978MB (cached 9MB) IRAM 0/252kB(lfb 252kB) CPU [100%@204,off,off,off] EMC_FREQ 2%@1600 GR3D_FREQ 0%@76 APE 25 PLL@31.5C CPU@33C PMIC@50C GPU@32.5C AO@41C thermal@33C POM_5V_IN 1934/1921 POM_5V_GPU 41/30 POM_5V_CPU 164/160
[ts: 1636412978.930054] RAM 2065/3956MB (lfb 150x4MB) SWAP 269/1978MB (cached 9MB) IRAM 0/252kB(lfb 252kB) CPU [100%@204,off,off,off] EMC_FREQ 2%@1600 GR3D_FREQ 0%@76 APE 25 PLL@31.5C CPU@33C PMIC@50C GPU@32.5C AO@41C thermal@32.75C POM_5V_IN 1934/1921 POM_5V_GPU 41/30 POM_5V_CPU 164/160
[ts: 1636412979.468329] RAM 1538/3956MB (lfb 194x4MB) SWAP 269/1978MB (cached 9MB) IRAM 0/252kB(lfb 252kB) CPU [100%@204,off,off,off] EMC_FREQ 2%@1600 GR3D_FREQ 0%@76 APE 25 PLL@31C CPU@33.5C PMIC@50C GPU@33C AO@41.5C thermal@32.75C POM_5V_IN 1892/1921 POM_5V_GPU 0/30 POM_5V_CPU 164/160
[ts: 1636412980.004834] RAM 1455/3956MB (lfb 194x4MB) SWAP 251/1978MB (cached 9MB) IRAM 0/252kB(lfb 252kB) CPU [100%@204,off,off,off] EMC_FREQ 2%@1600 GR3D_FREQ 0%@76 APE 25 PLL@31.5C CPU@33C PMIC@50C GPU@32.5C AO@41.5C thermal@32.75C POM_5V_IN 1934/1921 POM_5V_GPU 41/30 POM_5V_CPU 164/160
[ts: 1636412980.530393] RAM 1455/3956MB (lfb 194x4MB) SWAP 251/1978MB (cached 9MB) IRAM 0/252kB(lfb 252kB) CPU [100%@204,off,off,off] EMC_FREQ 3%@1600 GR3D_FREQ 0%@76 APE 25 PLL@31C CPU@33C PMIC@50C GPU@33C AO@41C thermal@32.75C POM_5V_IN 1975/1921 POM_5V_GPU 0/30 POM_5V_CPU 164/160
[ts: 1636412981.057075] RAM 1455/3956MB (lfb 194x4MB) SWAP 251/1978MB (cached 9MB) IRAM 0/252kB(lfb 252kB) CPU [54%@204,off,off,off] EMC_FREQ 3%@1600 GR3D_FREQ 0%@76 APE 25 PLL@31C CPU@33C PMIC@50C GPU@33C AO@41C thermal@32.75C POM_5V_IN 1810/1921 POM_5V_GPU 0/29 POM_5V_CPU 123/160
[ts: 1636412981.579627] RAM 1455/3956MB (lfb 194x4MB) SWAP 251/1978MB (cached 9MB) IRAM 0/252kB(lfb 252kB) CPU [9%@204,off,off,off] EMC_FREQ 2%@1600 GR3D_FREQ 0%@76 APE 25 PLL@31.5C CPU@33C PMIC@50C GPU@33.5C AO@41C thermal@33.5C POM_5V_IN 1810/1920 POM_5V_GPU 0/29 POM_5V_CPU 123/159
[ts: 1636412982.118067] RAM 1455/3956MB (lfb 194x4MB) SWAP 251/1978MB (cached 9MB) IRAM 0/252kB(lfb 252kB) CPU [29%@204,off,off,off] EMC_FREQ 2%@1600 GR3D_FREQ 0%@76 APE 25 PLL@31.5C CPU@33.5C PMIC@50C GPU@33.5C AO@41C thermal@33.5C POM_5V_IN 1851/1920 POM_5V_GPU 0/29 POM_5V_CPU 123/159
