SOC family:tegra210  Machine:NVIDIA Jetson Nano Developer Kit
Online CPUs: 0
cpu0: Online=1 Governor=schedutil MinFreq=710400 MaxFreq=710400 CurrentFreq=710400 IdleStates: WFI=1 c7=1 
cpu1: Online=0 Governor=schedutil MinFreq=710400 MaxFreq=710400 CurrentFreq=710400 IdleStates: WFI=1 c7=1 
cpu2: Online=0 Governor=schedutil MinFreq=710400 MaxFreq=710400 CurrentFreq=710400 IdleStates: WFI=1 c7=1 
cpu3: Online=0 Governor=schedutil MinFreq=710400 MaxFreq=710400 CurrentFreq=710400 IdleStates: WFI=1 c7=1 
GPU MinFreq=76800000 MaxFreq=614400000 CurrentFreq=76800000
EMC MinFreq=204000000 MaxFreq=1600000000 CurrentFreq=1600000000 FreqOverride=0
Fan: PWM=0
NV Power Mode: 5W
[ts: 1636413500.153979] RAM 1455/3956MB (lfb 198x4MB) SWAP 238/1978MB (cached 12MB) IRAM 0/252kB(lfb 252kB) CPU [51%@710,off,off,off] EMC_FREQ 3%@1600 GR3D_FREQ 0%@76 APE 25 PLL@32C CPU@34C PMIC@50C GPU@33.5C AO@42C thermal@33.75C POM_5V_IN 1934/1934 POM_5V_GPU 41/41 POM_5V_CPU 164/164
[ts: 1636413500.662051] RAM 1455/3956MB (lfb 198x4MB) SWAP 238/1978MB (cached 12MB) IRAM 0/252kB(lfb 252kB) CPU [4%@710,off,off,off] EMC_FREQ 3%@1600 GR3D_FREQ 0%@76 APE 25 PLL@32C CPU@34C PMIC@50C GPU@33.5C AO@42C thermal@33.75C POM_5V_IN 1892/1913 POM_5V_GPU 41/41 POM_5V_CPU 164/164
[ts: 1636413501.171016] RAM 1455/3956MB (lfb 198x4MB) SWAP 238/1978MB (cached 12MB) IRAM 0/252kB(lfb 252kB) CPU [4%@710,off,off,off] EMC_FREQ 2%@1600 GR3D_FREQ 0%@76 APE 25 PLL@32C CPU@34C PMIC@50C GPU@33.5C AO@42C thermal@33.5C POM_5V_IN 1892/1906 POM_5V_GPU 41/41 POM_5V_CPU 123/150
[ts: 1636413501.679937] RAM 1455/3956MB (lfb 198x4MB) SWAP 238/1978MB (cached 12MB) IRAM 0/252kB(lfb 252kB) CPU [7%@710,off,off,off] EMC_FREQ 2%@1600 GR3D_FREQ 0%@76 APE 25 PLL@32C CPU@34C PMIC@50C GPU@33C AO@42C thermal@33.5C POM_5V_IN 1892/1902 POM_5V_GPU 41/41 POM_5V_CPU 123/143
[ts: 1636413502.188897] RAM 1455/3956MB (lfb 198x4MB) SWAP 238/1978MB (cached 12MB) IRAM 0/252kB(lfb 252kB) CPU [5%@710,off,off,off] EMC_FREQ 2%@1600 GR3D_FREQ 0%@76 APE 25 PLL@32C CPU@34C PMIC@50C GPU@33.5C AO@42C thermal@33.5C POM_5V_IN 1851/1892 POM_5V_GPU 41/41 POM_5V_CPU 123/139
[ts: 1636413502.698290] RAM 1455/3956MB (lfb 198x4MB) SWAP 238/1978MB (cached 12MB) IRAM 0/252kB(lfb 252kB) CPU [4%@710,off,off,off] EMC_FREQ 2%@1600 GR3D_FREQ 0%@76 APE 25 PLL@32C CPU@34C PMIC@50C GPU@33.5C AO@42C thermal@33.5C POM_5V_IN 1892/1892 POM_5V_GPU 41/41 POM_5V_CPU 123/136
[ts: 1636413503.207349] RAM 1455/3956MB (lfb 198x4MB) SWAP 238/1978MB (cached 12MB) IRAM 0/252kB(lfb 252kB) CPU [2%@710,off,off,off] EMC_FREQ 2%@1600 GR3D_FREQ 0%@76 APE 25 PLL@32C CPU@34C PMIC@50C GPU@33C AO@42C thermal@33.5C POM_5V_IN 1892/1892 POM_5V_GPU 41/41 POM_5V_CPU 123/134
[ts: 1636413503.716471] RAM 1455/3956MB (lfb 198x4MB) SWAP 238/1978MB (cached 12MB) IRAM 0/252kB(lfb 252kB) CPU [7%@710,off,off,off] EMC_FREQ 2%@1600 GR3D_FREQ 13%@76 APE 25 PLL@32C CPU@34C PMIC@50C GPU@33.5C AO@42.5C thermal@33.5C POM_5V_IN 1934/1897 POM_5V_GPU 41/41 POM_5V_CPU 164/138
[ts: 1636413504.226674] RAM 1455/3956MB (lfb 198x4MB) SWAP 238/1978MB (cached 12MB) IRAM 0/252kB(lfb 252kB) CPU [2%@710,off,off,off] EMC_FREQ 2%@1600 GR3D_FREQ 0%@76 APE 25 PLL@32C CPU@34C PMIC@50C GPU@33.5C AO@42C thermal@33.5C POM_5V_IN 1892/1896 POM_5V_GPU 41/41 POM_5V_CPU 123/136
[ts: 1636413504.735892] RAM 1455/3956MB (lfb 198x4MB) SWAP 238/1978MB (cached 12MB) IRAM 0/252kB(lfb 252kB) CPU [5%@710,off,off,off] EMC_FREQ 2%@1600 GR3D_FREQ 0%@76 APE 25 PLL@32C CPU@34.5C PMIC@50C GPU@33C AO@42C thermal@33.5C POM_5V_IN 1892/1896 POM_5V_GPU 41/41 POM_5V_CPU 164/139
[ts: 1636413505.244762] RAM 1455/3956MB (lfb 198x4MB) SWAP 238/1978MB (cached 12MB) IRAM 0/252kB(lfb 252kB) CPU [4%@710,off,off,off] EMC_FREQ 2%@1600 GR3D_FREQ 0%@76 APE 25 PLL@32C CPU@34C PMIC@50C GPU@33C AO@42C thermal@33.5C POM_5V_IN 1892/1895 POM_5V_GPU 41/41 POM_5V_CPU 123/137
[ts: 1636413505.753958] RAM 1455/3956MB (lfb 198x4MB) SWAP 238/1978MB (cached 12MB) IRAM 0/252kB(lfb 252kB) CPU [4%@710,off,off,off] EMC_FREQ 2%@1600 GR3D_FREQ 0%@76 APE 25 PLL@32C CPU@34C PMIC@50C GPU@33.5C AO@42C thermal@33.5C POM_5V_IN 1892/1895 POM_5V_GPU 41/41 POM_5V_CPU 123/136
[ts: 1636413506.262714] RAM 1455/3956MB (lfb 198x4MB) SWAP 238/1978MB (cached 12MB) IRAM 0/252kB(lfb 252kB) CPU [5%@710,off,off,off] EMC_FREQ 2%@1600 GR3D_FREQ 0%@76 APE 25 PLL@32C CPU@34C PMIC@50C GPU@33.5C AO@42C thermal@33.5C POM_5V_IN 1892/1895 POM_5V_GPU 41/41 POM_5V_CPU 123/135
[ts: 1636413506.772085] RAM 1455/3956MB (lfb 198x4MB) SWAP 238/1978MB (cached 12MB) IRAM 0/252kB(lfb 252kB) CPU [7%@710,off,off,off] EMC_FREQ 2%@1600 GR3D_FREQ 0%@76 APE 25 PLL@32C CPU@34C PMIC@50C GPU@33.5C AO@42.5C thermal@33.5C POM_5V_IN 1892/1895 POM_5V_GPU 41/41 POM_5V_CPU 164/137
[ts: 1636413507.283776] RAM 1455/3956MB (lfb 198x4MB) SWAP 238/1978MB (cached 12MB) IRAM 0/252kB(lfb 252kB) CPU [5%@710,off,off,off] EMC_FREQ 2%@1600 GR3D_FREQ 0%@76 APE 25 PLL@32C CPU@34C PMIC@50C GPU@34C AO@42C thermal@33.5C POM_5V_IN 1892/1894 POM_5V_GPU 41/41 POM_5V_CPU 123/136
[ts: 1636413507.792589] RAM 1455/3956MB (lfb 198x4MB) SWAP 238/1978MB (cached 12MB) IRAM 0/252kB(lfb 252kB) CPU [6%@710,off,off,off] EMC_FREQ 2%@1600 GR3D_FREQ 0%@76 APE 25 PLL@32C CPU@33.5C PMIC@50C GPU@33C AO@42C thermal@33.75C POM_5V_IN 1892/1894 POM_5V_GPU 41/41 POM_5V_CPU 123/135
[ts: 1636413508.301866] RAM 1455/3956MB (lfb 198x4MB) SWAP 238/1978MB (cached 12MB) IRAM 0/252kB(lfb 252kB) CPU [4%@710,off,off,off] EMC_FREQ 2%@1600 GR3D_FREQ 0%@76 APE 25 PLL@31.5C CPU@34C PMIC@50C GPU@33C AO@42C thermal@33.75C POM_5V_IN 1892/1894 POM_5V_GPU 41/41 POM_5V_CPU 123/135
[ts: 1636413508.810813] RAM 1455/3956MB (lfb 198x4MB) SWAP 238/1978MB (cached 12MB) IRAM 0/252kB(lfb 252kB) CPU [4%@710,off,off,off] EMC_FREQ 2%@1600 GR3D_FREQ 0%@76 APE 25 PLL@32C CPU@34C PMIC@50C GPU@33.5C AO@41.5C thermal@34C POM_5V_IN 1892/1894 POM_5V_GPU 41/41 POM_5V_CPU 123/134
[ts: 1636413509.320974] RAM 1455/3956MB (lfb 198x4MB) SWAP 238/1978MB (cached 12MB) IRAM 0/252kB(lfb 252kB) CPU [5%@710,off,off,off] EMC_FREQ 2%@1600 GR3D_FREQ 0%@76 APE 25 PLL@32C CPU@33.5C PMIC@50C GPU@33.5C AO@42C thermal@34C POM_5V_IN 1892/1894 POM_5V_GPU 41/41 POM_5V_CPU 123/133
[ts: 1636413509.835068] RAM 1458/3956MB (lfb 198x4MB) SWAP 238/1978MB (cached 12MB) IRAM 0/252kB(lfb 252kB) CPU [42%@710,off,off,off] EMC_FREQ 2%@1600 GR3D_FREQ 0%@76 APE 25 PLL@32C CPU@34C PMIC@50C GPU@33.5C AO@42C thermal@33.5C POM_5V_IN 2256/1912 POM_5V_GPU 41/41 POM_5V_CPU 369/145
[ts: 1636413510.344669] RAM 1463/3956MB (lfb 198x4MB) SWAP 238/1978MB (cached 12MB) IRAM 0/252kB(lfb 252kB) CPU [94%@710,off,off,off] EMC_FREQ 2%@1600 GR3D_FREQ 0%@76 APE 25 PLL@32C CPU@34C PMIC@50C GPU@33.5C AO@42C thermal@33.5C POM_5V_IN 2256/1928 POM_5V_GPU 41/41 POM_5V_CPU 369/156
[ts: 1636413510.856514] RAM 1470/3956MB (lfb 198x4MB) SWAP 238/1978MB (cached 12MB) IRAM 0/252kB(lfb 252kB) CPU [89%@710,off,off,off] EMC_FREQ 2%@1600 GR3D_FREQ 0%@76 APE 25 PLL@32C CPU@34C PMIC@50C GPU@33.5C AO@42.5C thermal@33.5C POM_5V_IN 2218/1941 POM_5V_GPU 41/41 POM_5V_CPU 410/167
[ts: 1636413511.367984] RAM 1476/3956MB (lfb 198x4MB) SWAP 238/1978MB (cached 12MB) IRAM 0/252kB(lfb 252kB) CPU [100%@710,off,off,off] EMC_FREQ 2%@1600 GR3D_FREQ 0%@76 APE 25 PLL@32C CPU@34C PMIC@50C GPU@33.5C AO@42C thermal@33.75C POM_5V_IN 2177/1952 POM_5V_GPU 41/41 POM_5V_CPU 410/178
[ts: 1636413511.880502] RAM 1484/3956MB (lfb 198x4MB) SWAP 238/1978MB (cached 12MB) IRAM 0/252kB(lfb 252kB) CPU [100%@710,off,off,off] EMC_FREQ 2%@1600 GR3D_FREQ 0%@76 APE 25 PLL@32C CPU@34.5C PMIC@50C GPU@33.5C AO@42C thermal@33.75C POM_5V_IN 2215/1963 POM_5V_GPU 41/41 POM_5V_CPU 369/186
[ts: 1636413512.392431] RAM 1490/3956MB (lfb 198x4MB) SWAP 238/1978MB (cached 12MB) IRAM 0/252kB(lfb 252kB) CPU [100%@710,off,off,off] EMC_FREQ 2%@1600 GR3D_FREQ 0%@76 APE 25 PLL@32C CPU@34C PMIC@50C GPU@33.5C AO@42C thermal@34C POM_5V_IN 2177/1971 POM_5V_GPU 41/41 POM_5V_CPU 410/195
[ts: 1636413512.904463] RAM 1493/3956MB (lfb 198x4MB) SWAP 238/1978MB (cached 12MB) IRAM 0/252kB(lfb 252kB) CPU [100%@710,off,off,off] EMC_FREQ 2%@1600 GR3D_FREQ 0%@76 APE 25 PLL@32C CPU@34C PMIC@50C GPU@33.5C AO@42C thermal@34C POM_5V_IN 2177/1979 POM_5V_GPU 41/41 POM_5V_CPU 410/203
[ts: 1636413513.416669] RAM 1497/3956MB (lfb 198x4MB) SWAP 238/1978MB (cached 12MB) IRAM 0/252kB(lfb 252kB) CPU [100%@710,off,off,off] EMC_FREQ 2%@1600 GR3D_FREQ 0%@76 APE 25 PLL@32C CPU@34C PMIC@50C GPU@33.5C AO@42.5C thermal@34C POM_5V_IN 2218/1988 POM_5V_GPU 41/41 POM_5V_CPU 410/211
[ts: 1636413513.928403] RAM 1498/3956MB (lfb 198x4MB) SWAP 238/1978MB (cached 12MB) IRAM 0/252kB(lfb 252kB) CPU [100%@710,off,off,off] EMC_FREQ 2%@1600 GR3D_FREQ 0%@76 APE 25 PLL@32C CPU@34.5C PMIC@50C GPU@33.5C AO@42.5C thermal@34C POM_5V_IN 2177/1995 POM_5V_GPU 41/41 POM_5V_CPU 410/218
[ts: 1636413514.440432] RAM 1517/3956MB (lfb 198x4MB) SWAP 238/1978MB (cached 12MB) IRAM 0/252kB(lfb 252kB) CPU [100%@710,off,off,off] EMC_FREQ 2%@1600 GR3D_FREQ 0%@76 APE 25 PLL@32C CPU@34C PMIC@50C GPU@33C AO@42.5C thermal@33.5C POM_5V_IN 2177/2001 POM_5V_GPU 41/41 POM_5V_CPU 410/224
[ts: 1636413514.954802] RAM 1534/3956MB (lfb 198x4MB) SWAP 238/1978MB (cached 12MB) IRAM 0/252kB(lfb 252kB) CPU [100%@710,off,off,off] EMC_FREQ 2%@1600 GR3D_FREQ 0%@76 APE 25 PLL@32C CPU@34.5C PMIC@50C GPU@33.5C AO@42.5C thermal@33.5C POM_5V_IN 2177/2007 POM_5V_GPU 41/41 POM_5V_CPU 410/230
[ts: 1636413515.467222] RAM 1540/3956MB (lfb 198x4MB) SWAP 238/1978MB (cached 12MB) IRAM 0/252kB(lfb 252kB) CPU [100%@710,off,off,off] EMC_FREQ 2%@1600 GR3D_FREQ 0%@76 APE 25 PLL@32C CPU@34C PMIC@50C GPU@33.5C AO@42C thermal@33.75C POM_5V_IN 2177/2012 POM_5V_GPU 41/41 POM_5V_CPU 410/236
[ts: 1636413515.979497] RAM 1545/3956MB (lfb 198x4MB) SWAP 238/1978MB (cached 12MB) IRAM 0/252kB(lfb 252kB) CPU [100%@710,off,off,off] EMC_FREQ 2%@1600 GR3D_FREQ 0%@76 APE 25 PLL@32C CPU@34C PMIC@50C GPU@33.5C AO@42.5C thermal@33.75C POM_5V_IN 2177/2017 POM_5V_GPU 41/41 POM_5V_CPU 369/240
[ts: 1636413516.492470] RAM 1550/3956MB (lfb 198x4MB) SWAP 238/1978MB (cached 12MB) IRAM 0/252kB(lfb 252kB) CPU [100%@710,off,off,off] EMC_FREQ 2%@1600 GR3D_FREQ 0%@76 APE 25 PLL@32C CPU@34C PMIC@50C GPU@33.5C AO@42C thermal@33.75C POM_5V_IN 2177/2022 POM_5V_GPU 41/41 POM_5V_CPU 410/246
[ts: 1636413517.004458] RAM 1556/3956MB (lfb 198x4MB) SWAP 238/1978MB (cached 12MB) IRAM 0/252kB(lfb 252kB) CPU [100%@710,off,off,off] EMC_FREQ 2%@1600 GR3D_FREQ 0%@76 APE 25 PLL@32C CPU@34C PMIC@50C GPU@33.5C AO@42C thermal@33.75C POM_5V_IN 2218/2028 POM_5V_GPU 41/41 POM_5V_CPU 369/249
[ts: 1636413517.515677] RAM 1561/3956MB (lfb 198x4MB) SWAP 238/1978MB (cached 12MB) IRAM 0/252kB(lfb 252kB) CPU [92%@710,off,off,off] EMC_FREQ 2%@1600 GR3D_FREQ 0%@76 APE 25 PLL@32C CPU@34.5C PMIC@50C GPU@33.5C AO@42.5C thermal@33.75C POM_5V_IN 2215/2033 POM_5V_GPU 41/41 POM_5V_CPU 369/253
[ts: 1636413518.028466] RAM 1574/3956MB (lfb 198x4MB) SWAP 238/1978MB (cached 12MB) IRAM 0/252kB(lfb 252kB) CPU [98%@710,off,off,off] EMC_FREQ 2%@1600 GR3D_FREQ 0%@76 APE 25 PLL@32C CPU@34C PMIC@50C GPU@33.5C AO@42C thermal@34C POM_5V_IN 2218/2038 POM_5V_GPU 41/41 POM_5V_CPU 410/257
[ts: 1636413518.540430] RAM 1583/3956MB (lfb 198x4MB) SWAP 238/1978MB (cached 12MB) IRAM 0/252kB(lfb 252kB) CPU [100%@710,off,off,off] EMC_FREQ 2%@1600 GR3D_FREQ 0%@76 APE 25 PLL@32C CPU@34C PMIC@50C GPU@33.5C AO@42.5C thermal@34C POM_5V_IN 2338/2046 POM_5V_GPU 41/41 POM_5V_CPU 451/262
[ts: 1636413519.051650] RAM 1619/3956MB (lfb 198x4MB) SWAP 238/1978MB (cached 12MB) IRAM 0/252kB(lfb 252kB) CPU [100%@710,off,off,off] EMC_FREQ 3%@1600 GR3D_FREQ 14%@76 APE 25 PLL@32C CPU@34C PMIC@50C GPU@33.5C AO@42.5C thermal@33.75C POM_5V_IN 2297/2053 POM_5V_GPU 82/42 POM_5V_CPU 410/266
[ts: 1636413519.562797] RAM 1700/3956MB (lfb 198x4MB) SWAP 238/1978MB (cached 12MB) IRAM 0/252kB(lfb 252kB) CPU [100%@710,off,off,off] EMC_FREQ 3%@1600 GR3D_FREQ 0%@76 APE 25 PLL@32C CPU@34.5C PMIC@50C GPU@33.5C AO@42.5C thermal@33.75C POM_5V_IN 2338/2060 POM_5V_GPU 41/42 POM_5V_CPU 533/273
[ts: 1636413520.073203] RAM 1709/3956MB (lfb 198x4MB) SWAP 238/1978MB (cached 12MB) IRAM 0/252kB(lfb 252kB) CPU [98%@710,off,off,off] EMC_FREQ 3%@1600 GR3D_FREQ 4%@76 APE 25 PLL@32C CPU@34C PMIC@50C GPU@33.5C AO@42.5C thermal@33.75C POM_5V_IN 2297/2066 POM_5V_GPU 82/43 POM_5V_CPU 410/276
[ts: 1636413520.584817] RAM 1787/3956MB (lfb 198x4MB) SWAP 238/1978MB (cached 12MB) IRAM 0/252kB(lfb 252kB) CPU [100%@710,off,off,off] EMC_FREQ 3%@1600 GR3D_FREQ 0%@76 APE 25 PLL@32C CPU@34C PMIC@50C GPU@33.5C AO@42.5C thermal@33.75C POM_5V_IN 2297/2072 POM_5V_GPU 41/43 POM_5V_CPU 451/281
[ts: 1636413521.095042] RAM 1790/3956MB (lfb 198x4MB) SWAP 238/1978MB (cached 12MB) IRAM 0/252kB(lfb 252kB) CPU [98%@710,off,off,off] EMC_FREQ 3%@1600 GR3D_FREQ 14%@76 APE 25 PLL@32C CPU@34.5C PMIC@50C GPU@33.5C AO@42.5C thermal@33.75C POM_5V_IN 2256/2076 POM_5V_GPU 82/43 POM_5V_CPU 410/284
[ts: 1636413521.608663] RAM 1851/3956MB (lfb 196x4MB) SWAP 238/1978MB (cached 12MB) IRAM 0/252kB(lfb 252kB) CPU [100%@710,off,off,off] EMC_FREQ 3%@1600 GR3D_FREQ 1%@76 APE 25 PLL@32.5C CPU@34C PMIC@50C GPU@33.5C AO@42C thermal@33.75C POM_5V_IN 2297/2081 POM_5V_GPU 41/43 POM_5V_CPU 410/287
[ts: 1636413522.118850] RAM 1891/3956MB (lfb 193x4MB) SWAP 238/1978MB (cached 12MB) IRAM 0/252kB(lfb 252kB) CPU [100%@710,off,off,off] EMC_FREQ 3%@1600 GR3D_FREQ 1%@76 APE 25 PLL@32.5C CPU@34.5C PMIC@50C GPU@33.5C AO@42.5C thermal@34C POM_5V_IN 2297/2086 POM_5V_GPU 41/43 POM_5V_CPU 451/290
[ts: 1636413522.631790] RAM 1936/3956MB (lfb 191x4MB) SWAP 238/1978MB (cached 12MB) IRAM 0/252kB(lfb 252kB) CPU [98%@710,off,off,off] EMC_FREQ 3%@1600 GR3D_FREQ 25%@76 APE 25 PLL@32C CPU@34.5C PMIC@50C GPU@33.5C AO@42C thermal@34C POM_5V_IN 2256/2090 POM_5V_GPU 82/44 POM_5V_CPU 410/293
[ts: 1636413523.142911] RAM 2000/3956MB (lfb 183x4MB) SWAP 238/1978MB (cached 12MB) IRAM 0/252kB(lfb 252kB) CPU [100%@710,off,off,off] EMC_FREQ 3%@1600 GR3D_FREQ 31%@76 APE 25 PLL@32C CPU@34.5C PMIC@50C GPU@33.5C AO@42.5C thermal@34C POM_5V_IN 2256/2094 POM_5V_GPU 82/45 POM_5V_CPU 369/295
[ts: 1636413523.657424] RAM 2023/3956MB (lfb 182x4MB) SWAP 238/1978MB (cached 12MB) IRAM 0/252kB(lfb 252kB) CPU [98%@710,off,off,off] EMC_FREQ 3%@1600 GR3D_FREQ 19%@76 APE 25 PLL@32C CPU@34C PMIC@50C GPU@33.5C AO@42C thermal@33.75C POM_5V_IN 2256/2097 POM_5V_GPU 82/46 POM_5V_CPU 410/297
[ts: 1636413524.170980] RAM 2105/3956MB (lfb 173x4MB) SWAP 238/1978MB (cached 12MB) IRAM 0/252kB(lfb 252kB) CPU [100%@710,off,off,off] EMC_FREQ 4%@1600 GR3D_FREQ 0%@76 APE 25 PLL@32C CPU@34.5C PMIC@50C GPU@33.5C AO@42.5C thermal@33.75C POM_5V_IN 2256/2100 POM_5V_GPU 41/46 POM_5V_CPU 410/299
[ts: 1636413524.684869] RAM 2116/3956MB (lfb 173x4MB) SWAP 238/1978MB (cached 12MB) IRAM 0/252kB(lfb 252kB) CPU [100%@710,off,off,off] EMC_FREQ 3%@1600 GR3D_FREQ 0%@76 APE 25 PLL@32C CPU@34C PMIC@50C GPU@33.5C AO@42C thermal@34.25C POM_5V_IN 2256/2103 POM_5V_GPU 41/46 POM_5V_CPU 410/302
[ts: 1636413525.196524] RAM 2161/3956MB (lfb 168x4MB) SWAP 238/1978MB (cached 12MB) IRAM 0/252kB(lfb 252kB) CPU [100%@710,off,off,off] EMC_FREQ 3%@1600 GR3D_FREQ 10%@76 APE 25 PLL@32C CPU@34C PMIC@50C GPU@33.5C AO@42.5C thermal@34.25C POM_5V_IN 2297/2107 POM_5V_GPU 82/46 POM_5V_CPU 410/304
[ts: 1636413525.711013] RAM 2181/3956MB (lfb 167x4MB) SWAP 238/1978MB (cached 12MB) IRAM 0/252kB(lfb 252kB) CPU [98%@710,off,off,off] EMC_FREQ 3%@1600 GR3D_FREQ 23%@76 APE 25 PLL@32C CPU@34.5C PMIC@50C GPU@33.5C AO@42C thermal@33.75C POM_5V_IN 2256/2110 POM_5V_GPU 82/47 POM_5V_CPU 410/306
[ts: 1636413526.221363] RAM 2234/3956MB (lfb 162x4MB) SWAP 238/1978MB (cached 12MB) IRAM 0/252kB(lfb 252kB) CPU [100%@710,off,off,off] EMC_FREQ 3%@1600 GR3D_FREQ 1%@76 APE 25 PLL@32C CPU@34.5C PMIC@50C GPU@33.5C AO@42C thermal@33.75C POM_5V_IN 2297/2114 POM_5V_GPU 82/48 POM_5V_CPU 410/308
[ts: 1636413526.732878] RAM 2292/3956MB (lfb 156x4MB) SWAP 238/1978MB (cached 12MB) IRAM 0/252kB(lfb 252kB) CPU [100%@710,off,off,off] EMC_FREQ 4%@1600 GR3D_FREQ 2%@76 APE 25 PLL@32C CPU@34.5C PMIC@50C GPU@33.5C AO@42C thermal@34C POM_5V_IN 2338/2118 POM_5V_GPU 41/47 POM_5V_CPU 410/310
[ts: 1636413527.244529] RAM 2323/3956MB (lfb 156x4MB) SWAP 238/1978MB (cached 12MB) IRAM 0/252kB(lfb 252kB) CPU [100%@710,off,off,off] EMC_FREQ 3%@1600 GR3D_FREQ 1%@76 APE 25 PLL@32C CPU@34.5C PMIC@50C GPU@33.5C AO@42C thermal@34C POM_5V_IN 2256/2121 POM_5V_GPU 41/47 POM_5V_CPU 410/312
[ts: 1636413527.755860] RAM 2357/3956MB (lfb 153x4MB) SWAP 238/1978MB (cached 12MB) IRAM 0/252kB(lfb 252kB) CPU [98%@710,off,off,off] EMC_FREQ 3%@1600 GR3D_FREQ 14%@76 APE 25 PLL@32C CPU@34.5C PMIC@50C GPU@33.5C AO@42C thermal@34C POM_5V_IN 2256/2123 POM_5V_GPU 82/48 POM_5V_CPU 410/313
[ts: 1636413528.267530] RAM 2423/3956MB (lfb 145x4MB) SWAP 238/1978MB (cached 12MB) IRAM 0/252kB(lfb 252kB) CPU [98%@710,off,off,off] EMC_FREQ 4%@1600 GR3D_FREQ 0%@76 APE 25 PLL@32C CPU@34.5C PMIC@50C GPU@33.5C AO@42C thermal@34C POM_5V_IN 2457/2129 POM_5V_GPU 40/48 POM_5V_CPU 451/316
[ts: 1636413528.780643] RAM 2480/3956MB (lfb 143x4MB) SWAP 238/1978MB (cached 12MB) IRAM 0/252kB(lfb 252kB) CPU [100%@710,off,off,off] EMC_FREQ 4%@1600 GR3D_FREQ 0%@76 APE 25 PLL@32C CPU@34C PMIC@50C GPU@33.5C AO@42C thermal@34C POM_5V_IN 2297/2132 POM_5V_GPU 41/48 POM_5V_CPU 451/318
[ts: 1636413529.292595] RAM 2536/3956MB (lfb 137x4MB) SWAP 238/1978MB (cached 12MB) IRAM 0/252kB(lfb 252kB) CPU [100%@710,off,off,off] EMC_FREQ 4%@1600 GR3D_FREQ 0%@76 APE 25 PLL@32C CPU@34C PMIC@50C GPU@33C AO@42C thermal@34C POM_5V_IN 2256/2134 POM_5V_GPU 41/48 POM_5V_CPU 410/320
[ts: 1636413529.804676] RAM 2585/3956MB (lfb 131x4MB) SWAP 238/1978MB (cached 12MB) IRAM 0/252kB(lfb 252kB) CPU [100%@710,off,off,off] EMC_FREQ 4%@1600 GR3D_FREQ 0%@76 APE 25 PLL@32C CPU@34.5C PMIC@50C GPU@33.5C AO@42.5C thermal@34C POM_5V_IN 2297/2137 POM_5V_GPU 41/47 POM_5V_CPU 451/322
[ts: 1636413530.316161] RAM 2594/3956MB (lfb 131x4MB) SWAP 238/1978MB (cached 12MB) IRAM 0/252kB(lfb 252kB) CPU [100%@710,off,off,off] EMC_FREQ 4%@1600 GR3D_FREQ 14%@76 APE 25 PLL@32C CPU@34C PMIC@50C GPU@33.5C AO@42C thermal@34C POM_5V_IN 2256/2139 POM_5V_GPU 82/48 POM_5V_CPU 410/323
[ts: 1636413530.828623] RAM 2667/3956MB (lfb 122x4MB) SWAP 238/1978MB (cached 12MB) IRAM 0/252kB(lfb 252kB) CPU [100%@710,off,off,off] EMC_FREQ 4%@1600 GR3D_FREQ 0%@76 APE 25 PLL@32C CPU@34.5C PMIC@50C GPU@33.5C AO@42C thermal@34C POM_5V_IN 2297/2141 POM_5V_GPU 41/48 POM_5V_CPU 492/326
[ts: 1636413531.339480] RAM 2700/3956MB (lfb 119x4MB) SWAP 238/1978MB (cached 12MB) IRAM 0/252kB(lfb 252kB) CPU [100%@710,off,off,off] EMC_FREQ 4%@1600 GR3D_FREQ 11%@76 APE 25 PLL@32C CPU@34C PMIC@50C GPU@33.5C AO@42C thermal@33.75C POM_5V_IN 2297/2144 POM_5V_GPU 82/48 POM_5V_CPU 451/328
[ts: 1636413531.850209] RAM 2744/3956MB (lfb 116x4MB) SWAP 238/1978MB (cached 12MB) IRAM 0/252kB(lfb 252kB) CPU [98%@710,off,off,off] EMC_FREQ 4%@1600 GR3D_FREQ 3%@76 APE 25 PLL@32C CPU@34C PMIC@50C GPU@33.5C AO@42.5C thermal@33.75C POM_5V_IN 2256/2146 POM_5V_GPU 41/48 POM_5V_CPU 451/330
[ts: 1636413532.364656] RAM 2789/3956MB (lfb 111x4MB) SWAP 238/1978MB (cached 12MB) IRAM 0/252kB(lfb 252kB) CPU [100%@710,off,off,off] EMC_FREQ 4%@1600 GR3D_FREQ 0%@76 APE 25 PLL@32C CPU@34.5C PMIC@50C GPU@33.5C AO@42.5C thermal@33.5C POM_5V_IN 2297/2148 POM_5V_GPU 41/48 POM_5V_CPU 451/332
[ts: 1636413532.876613] RAM 2827/3956MB (lfb 107x4MB) SWAP 238/1978MB (cached 12MB) IRAM 0/252kB(lfb 252kB) CPU [100%@710,off,off,off] EMC_FREQ 4%@1600 GR3D_FREQ 0%@76 APE 25 PLL@32C CPU@34C PMIC@50C GPU@33.5C AO@42C thermal@33.5C POM_5V_IN 2338/2151 POM_5V_GPU 41/48 POM_5V_CPU 451/334
[ts: 1636413533.387938] RAM 2876/3956MB (lfb 102x4MB) SWAP 238/1978MB (cached 12MB) IRAM 0/252kB(lfb 252kB) CPU [98%@710,off,off,off] EMC_FREQ 4%@1600 GR3D_FREQ 0%@76 APE 25 PLL@32.5C CPU@34C PMIC@50C GPU@33.5C AO@42C thermal@33.75C POM_5V_IN 2338/2154 POM_5V_GPU 41/48 POM_5V_CPU 410/335
[ts: 1636413533.900017] RAM 2896/3956MB (lfb 102x4MB) SWAP 238/1978MB (cached 12MB) IRAM 0/252kB(lfb 252kB) CPU [100%@710,off,off,off] EMC_FREQ 3%@1600 GR3D_FREQ 15%@76 APE 25 PLL@32C CPU@34C PMIC@50C GPU@34C AO@42C thermal@33.75C POM_5V_IN 2256/2155 POM_5V_GPU 82/48 POM_5V_CPU 410/336
[ts: 1636413534.412769] RAM 2929/3956MB (lfb 102x4MB) SWAP 238/1978MB (cached 12MB) IRAM 0/252kB(lfb 252kB) CPU [96%@710,off,off,off] EMC_FREQ 4%@1600 GR3D_FREQ 0%@76 APE 25 PLL@32C CPU@34C PMIC@50C GPU@33.5C AO@42C thermal@33.75C POM_5V_IN 2297/2157 POM_5V_GPU 41/48 POM_5V_CPU 369/337
[ts: 1636413534.927078] RAM 2929/3956MB (lfb 102x4MB) SWAP 238/1978MB (cached 12MB) IRAM 0/252kB(lfb 252kB) CPU [100%@710,off,off,off] EMC_FREQ 3%@1600 GR3D_FREQ 0%@76 APE 25 PLL@32C CPU@34C PMIC@50C GPU@33.5C AO@42C thermal@33.75C POM_5V_IN 2256/2159 POM_5V_GPU 41/48 POM_5V_CPU 451/338
[ts: 1636413535.440789] RAM 2929/3956MB (lfb 102x4MB) SWAP 238/1978MB (cached 12MB) IRAM 0/252kB(lfb 252kB) CPU [100%@710,off,off,off] EMC_FREQ 3%@1600 GR3D_FREQ 0%@76 APE 25 PLL@32C CPU@34C PMIC@50C GPU@33.5C AO@42C thermal@33.75C POM_5V_IN 2297/2161 POM_5V_GPU 41/48 POM_5V_CPU 451/340
[ts: 1636413535.951023] RAM 2929/3956MB (lfb 102x4MB) SWAP 238/1978MB (cached 12MB) IRAM 0/252kB(lfb 252kB) CPU [100%@710,off,off,off] EMC_FREQ 3%@1600 GR3D_FREQ 0%@76 APE 25 PLL@32C CPU@34C PMIC@50C GPU@33.5C AO@42.5C thermal@33.75C POM_5V_IN 2215/2162 POM_5V_GPU 41/48 POM_5V_CPU 451/341
[ts: 1636413536.463749] RAM 2929/3956MB (lfb 102x4MB) SWAP 238/1978MB (cached 12MB) IRAM 0/252kB(lfb 252kB) CPU [100%@710,off,off,off] EMC_FREQ 3%@1600 GR3D_FREQ 0%@76 APE 25 PLL@32.5C CPU@34C PMIC@50C GPU@33.5C AO@42C thermal@33.75C POM_5V_IN 2256/2163 POM_5V_GPU 41/48 POM_5V_CPU 451/343
[ts: 1636413536.977352] RAM 2929/3956MB (lfb 102x4MB) SWAP 238/1978MB (cached 12MB) IRAM 0/252kB(lfb 252kB) CPU [100%@710,off,off,off] EMC_FREQ 3%@1600 GR3D_FREQ 0%@76 APE 25 PLL@32.5C CPU@34.5C PMIC@50C GPU@33.5C AO@42C thermal@33.75C POM_5V_IN 2256/2164 POM_5V_GPU 41/48 POM_5V_CPU 451/344
[ts: 1636413537.488717] RAM 2929/3956MB (lfb 102x4MB) SWAP 238/1978MB (cached 12MB) IRAM 0/252kB(lfb 252kB) CPU [100%@710,off,off,off] EMC_FREQ 3%@1600 GR3D_FREQ 0%@76 APE 25 PLL@32C CPU@34C PMIC@50C GPU@33.5C AO@42.5C thermal@33.75C POM_5V_IN 2256/2165 POM_5V_GPU 41/48 POM_5V_CPU 451/346
[ts: 1636413538.000298] RAM 2929/3956MB (lfb 102x4MB) SWAP 238/1978MB (cached 12MB) IRAM 0/252kB(lfb 252kB) CPU [100%@710,off,off,off] EMC_FREQ 3%@1600 GR3D_FREQ 0%@76 APE 25 PLL@32.5C CPU@34C PMIC@50C GPU@33.5C AO@42C thermal@33.75C POM_5V_IN 2256/2167 POM_5V_GPU 41/48 POM_5V_CPU 410/347
[ts: 1636413538.512779] RAM 2929/3956MB (lfb 102x4MB) SWAP 238/1978MB (cached 12MB) IRAM 0/252kB(lfb 252kB) CPU [100%@710,off,off,off] EMC_FREQ 3%@1600 GR3D_FREQ 0%@76 APE 25 PLL@32.5C CPU@34C PMIC@50C GPU@33.5C AO@42C thermal@33.75C POM_5V_IN 2297/2168 POM_5V_GPU 41/48 POM_5V_CPU 410/347
[ts: 1636413539.024706] RAM 2929/3956MB (lfb 102x4MB) SWAP 238/1978MB (cached 12MB) IRAM 0/252kB(lfb 252kB) CPU [100%@710,off,off,off] EMC_FREQ 3%@1600 GR3D_FREQ 0%@76 APE 25 PLL@32C CPU@34C PMIC@50C GPU@33.5C AO@42C thermal@33.5C POM_5V_IN 2256/2169 POM_5V_GPU 41/47 POM_5V_CPU 369/348
[ts: 1636413539.535756] RAM 1945/3956MB (lfb 163x4MB) SWAP 238/1978MB (cached 12MB) IRAM 0/252kB(lfb 252kB) CPU [100%@710,off,off,off] EMC_FREQ 3%@1600 GR3D_FREQ 0%@76 APE 25 PLL@32C CPU@34C PMIC@50C GPU@33.5C AO@42.5C thermal@33.5C POM_5V_IN 2256/2170 POM_5V_GPU 41/47 POM_5V_CPU 451/349
[ts: 1636413540.045644] RAM 1456/3956MB (lfb 199x4MB) SWAP 238/1978MB (cached 12MB) IRAM 0/252kB(lfb 252kB) CPU [100%@710,off,off,off] EMC_FREQ 4%@1600 GR3D_FREQ 0%@76 APE 25 PLL@32.5C CPU@34C PMIC@50C GPU@33.5C AO@42.5C thermal@33.75C POM_5V_IN 2338/2173 POM_5V_GPU 41/47 POM_5V_CPU 369/349
[ts: 1636413540.554860] RAM 1456/3956MB (lfb 199x4MB) SWAP 238/1978MB (cached 12MB) IRAM 0/252kB(lfb 252kB) CPU [26%@710,off,off,off] EMC_FREQ 4%@1600 GR3D_FREQ 0%@76 APE 25 PLL@32C CPU@33.5C PMIC@50C GPU@33.5C AO@42C thermal@33.75C POM_5V_IN 1892/2169 POM_5V_GPU 41/47 POM_5V_CPU 164/347
[ts: 1636413541.063702] RAM 1456/3956MB (lfb 199x4MB) SWAP 238/1978MB (cached 12MB) IRAM 0/252kB(lfb 252kB) CPU [0%@710,off,off,off] EMC_FREQ 3%@1600 GR3D_FREQ 0%@76 APE 25 PLL@32C CPU@33.5C PMIC@50C GPU@33.5C AO@42C thermal@33.75C POM_5V_IN 1892/2166 POM_5V_GPU 41/47 POM_5V_CPU 123/344
[ts: 1636413541.572730] RAM 1456/3956MB (lfb 199x4MB) SWAP 238/1978MB (cached 12MB) IRAM 0/252kB(lfb 252kB) CPU [2%@710,off,off,off] EMC_FREQ 3%@1600 GR3D_FREQ 0%@76 APE 25 PLL@32C CPU@34C PMIC@50C GPU@33.5C AO@42.5C thermal@33.75C POM_5V_IN 1892/2162 POM_5V_GPU 41/47 POM_5V_CPU 123/342
